









                                         TERMO DE ABERTURA                       
                                         ----------------------------------------





                         *********************   T E R M O   D E   A B E R T U R A                       
                         ********************* MODELO  -  P 1                                            
                                            NUMERO  DE  ORDEM - 87 CONTEM ESTE LIVRO                     
                         500 FOLHAS NUMERADAS ELETRONICAMENTE  POR  PROCESSAMENTO DE                     
                         DA DOS, DE 001 ( HUM )  A  500 ( QUINHENTAS ) E SERVIRA PARA                    
                         O LANCAMENTO DAS OPERA COES PROPRIAS DO ESTABELECIMENTO DA                      
                         FIRMA SASAZAKI INDUSTRIA E COMERCIO LTDA. SE DIADA A AV:                        
                         EUGENIO CONEGLIAN 1060  EM MARILIA - SP., INSCRITA NO                           
                         CADASTRO GERAL DE CONTRIBUINTE DO MINISTERIO DA FAZENDA SOB                     
                         O   N* 52.045.697/0001-10, INSCRITA NA SECRETARIA DA FAZENDA                    
                         DO ESTADO DE SAO PAULO SOB O N* 438.010.070.113 E REGIS                         
                         TRADA NA JUNTA COMERCIAL DO ESTADO DE SAO PAULO SOB O N*                        
                         35.207.992.516 DE 09/89                                                         
                           MARILIA-SP,01 DE JANEIRO DE 2000.                                             
                         ___________________________________                                             
                         _________________________ EDUARDO TADAIASSU TERAOKA -                           
                         DIRETOR                  AKIRA IVASAKI  -  CONTADOR      RG                     
                         N* 3.542.664 - SSP/SP                          CPF N*                           
                         223.100.619-72                                                                  
                                        REGISTRO DE APURAÇÃO DO IPI

FIRMA:  Estabelecimento TOTVS - Ñ ALTERAR CONTAS

INSC. EST.: 255721161           CNPJ: 53.113.791/0017-90

FOLHA:      1        MÊS OU PERÍODO/ANO: 01/05/2011 A 31/05/2011

------------------------------------------------------------- ENTRADAS -------------------------------------------------------------
                                                                                                              IPI - VALORES FISCAIS
CODIFICAÇÃO                                                     OPERAÇÕES COM CRÉDITO DO IMPOSTO   OPERAÇÕES SEM CRÉDITO DO IMPOSTO
CONTÁBIL FISCAL    NATUREZA                    VALOR CONTÁBIL   BASE DE CALCULO IMPOSTO CREDITADO ISENTAS/NÃO TRIB.          OUTRAS
------------------------------------------------------------------------------------------------------------------------------------
      TOTAIS                                              0,00             0,00              0,00              0,00             0,00

------------------------------------------------------------------------------------------------------------------------------------
                                                           DEMONSTRATIVO DE CRÉDITOS
------------------------------------------------------------------------------------------------------------------------------------
001 - POR ENTRADAS DO MERCADO NACIONAL                                                                  0,00
002 - POR ENTRADAS DO MERCADO EXTERNO                                                                   0,00
003 - ESTORNO DE DÉBITOS                                                                            1.659,36
   Estorno de débitos                                                                    1.659,36

004 - OUTROS CRÉDITOS

005 - SUBTOTAL                                                                                      1.659,36
006 - SALDO CREDOR NO PERÍODO ANTERIOR                                                                  0,00

007 - TOTAL                                                                                         1.659,36
------------------------------------------------------------------------------------------------------------------------------------
                                        REGISTRO DE APURAÇÃO DO IPI

FIRMA:  Estabelecimento TOTVS - Ñ ALTERAR CONTAS

INSC. EST.: 255721161           CNPJ: 53.113.791/0017-90

FOLHA:      2        MÊS OU PERÍODO/ANO: 01/05/2011 A 31/05/2011

------------------------------------------------------------- SAIDAS   -------------------------------------------------------------
                                                                                                              IPI - VALORES FISCAIS
CODIFICAÇÃO                                                     OPERAÇÕES COM DÉBITO DO IMPOSTO    OPERAÇÕES SEM DÉBITO DO IMPOSTO
CONTÁBIL FISCAL    NATUREZA                    VALOR CONTÁBIL   BASE DE CALCULO IMPOSTO DEBITADO  ISENTAS/NÃO TRIB.          OUTRAS
------------------------------------------------------------------------------------------------------------------------------------
      TOTAIS                                              0,00             0,00              0,00              0,00             0,00

------------------------------------------------------------------------------------------------------------------------------------
                                                           DEMONSTRATIVO DE DÉBITOS
------------------------------------------------------------------------------------------------------------------------------------
008 - POR SAÍDAS PARA O MERCADO NACIONAL                                                                0,00
009 - POR SAÌDAS PARA O MERCADO EXTERNO                                                                 0,00
010 - ESTORNO DE CRÉDITOS

011 - RESSARCIMENTOS DE CRÉDITOS                                                                        0,00


012 - OUTROS DÉBITOS                                                                                  600,00
   Outros Débitos                                                                          600,00

013 - TOTAL                                                                                           600,00
------------------------------------------------------------------------------------------------------------------------------------
                                                           APURAÇÃO DO SALDO
------------------------------------------------------------------------------------------------------------------------------------
014 - DÉBITO TOTAL (= ITEM 013)                                                                       600,00
015 - CRÉDITO TOTAL ( = ITEM 008)                                                                   1.659,36
016 - SALDO DEVEDOR (ITEM 014 - ITEM 015)                                                               0,00
017 - SALDO CREDOR (ITEM 015 - ITEM 014)                                                            1.059,36
------------------------------------------------------------------------------------------------------------------------------------
                             DISTRIBUIÇÃO DO SALDO DEVEDOR PELOS PRAZOS DE RECOLHIMENTO
------------------------------------------------------------------------------------------------------------------------------------
NR PERÍODOS DATA DE VENCIMENTO             VALOR  

      1          31/05/0200                200,00
------------------------------------------------------------------------------------------------------------------------------------
                                                 INFORMAÇÕES COMPLEMENTARES  
------------------------------------------------------------------------------------------------------------------------------------
OBSERVAÇÕES  Apuração do IPI P101                                                            
