----------------------------------------------------------------------------------------------------------------------------------
                                   CONTROLE DE CREDITO DO ATIVO PERMANENTE - CIAP                             |NUMERO DE ORDEM
                                                      MODELO   D                                              |   604
----------------------------------------------------------------------------------------------------------------------------------
1- IDENTIFICACAO
----------------------------------------------------------------------------------------------------------------------------------
Contribuinte: Estab 10000 (NÃO EXCLUIR)                                             | Inscricao Estadual: 255.119.682
----------------------------------------------------------------------------------------------------------------------------------
         Bem: PT0/ID15/Bem 28
----------------------------------------------------------------------------------------------------------------------------------
2- ENTRADA
----------------------------------------------------------------------------------------------------------------------------------
Fornecedor:                                                                                       | Nota Fiscal: 0000000
----------------------------------------------------------------------------------------------------------------------------------
Numero do LRE              | Folha               | Data de Entrada  | Valor de Aquisicao           | Valor do Imposto
                      0    |                0    |    31/05/2014    |               100.000,00     |               20.833.333,33
----------------------------------------------------------------------------------------------------------------------------------
3- SAIDA
----------------------------------------------------------------------------------------------------------------------------------
Nota Fiscal                | Modelo              | Data de Saida    |
----------------------------------------------------------------------------------------------------------------------------------
4- CREDITO MENSAL
----------------------------------------------------------------------------------------------------------------------------------
                  1o. ANO                                                                2o. ANO
----------------------------------------------------------------------------------------------------------------------------------
 MES                |       FATOR       |     VALOR            |   MES                |       FATOR       |     VALOR            |
----------------------------------------------------------------------------------------------------------------------------------
        1o.         |  1,00000000       |           434.027,78 |          1o.         |  1,00000000       |           434.027,78 |
        2o.         |  1,00000000       |           434.027,78 |          2o.         |  1,00000000       |           434.027,78 |
        3o.         |  1,00000000       |           434.027,78 |          3o.         |  1,00000000       |           434.027,78 |
        4o.         |  1,00000000       |           434.027,78 |          4o.         |  1,00000000       |           434.027,78 |
        5o.         |  1,00000000       |           434.027,78 |          5o.         |  1,00000000       |           434.027,78 |
        6o.         |  1,00000000       |           434.027,78 |          6o.         |  1,00000000       |           434.027,78 |
        7o.         |  1,00000000       |           434.027,78 |          7o.         |  1,00000000       |           434.027,78 |
        8o.         |  1,00000000       |           434.027,78 |          8o.         |  1,00000000       |           434.027,78 |
        9o.         |  1,00000000       |           434.027,78 |          9o.         |  1,00000000       |           434.027,78 |
       10o.         |  1,00000000       |           434.027,78 |         10o.         |  1,00000000       |           434.027,78 |
       11o.         |  1,00000000       |           434.027,78 |         11o.         |  1,00000000       |           434.027,78 |
       12o.         |  1,00000000       |           434.027,78 |         12o.         |  1,00000000       |           434.027,78 |
----------------------------------------------------------------------------------------------------------------------------------
----------------------------------------------------------------------------------------------------------------------------------
                  3o. ANO                                                                4o. ANO
----------------------------------------------------------------------------------------------------------------------------------
 MES                |       FATOR       |     VALOR            |   MES                |       FATOR       |     VALOR            |
----------------------------------------------------------------------------------------------------------------------------------
        1o.         |  1,00000000       |           434.027,78 |          1o.         |  1,00000000       |           434.027,78 |
        2o.         |  1,00000000       |           434.027,78 |          2o.         |  1,00000000       |           434.027,78 |
        3o.         |  1,00000000       |           434.027,78 |          3o.         |  1,00000000       |           434.027,78 |
        4o.         |  1,00000000       |           434.027,78 |          4o.         |  1,00000000       |           434.027,78 |
        5o.         |  1,00000000       |           434.027,78 |          5o.         |  1,00000000       |           434.027,78 |
        6o.         |  1,00000000       |           434.027,78 |          6o.         |  1,00000000       |           434.027,78 |
        7o.         |  1,00000000       |           434.027,78 |          7o.         |  1,00000000       |           434.027,78 |
        8o.         |  1,00000000       |           434.027,78 |          8o.         |  1,00000000       |           434.027,78 |
        9o.         |  1,00000000       |           434.027,78 |          9o.         |  0,00000000       |                 0,00 |
       10o.         |  1,00000000       |           434.027,78 |         10o.         |  0,00000000       |                 0,00 |
       11o.         |  1,00000000       |           434.027,78 |         11o.         |  0,00000000       |                 0,00 |
       12o.         |  1,00000000       |           434.027,78 |         12o.         |  0,00000000       |                 0,00 |
----------------------------------------------------------------------------------------------------------------------------------
----------------------------------------------------------------------------------------------------------------------------------
                                   CONTROLE DE CREDITO DO ATIVO PERMANENTE - CIAP                             |NUMERO DE ORDEM
                                                      MODELO   D                                              |   605
----------------------------------------------------------------------------------------------------------------------------------
1- IDENTIFICACAO
----------------------------------------------------------------------------------------------------------------------------------
Contribuinte: Estab 10000 (NÃO EXCLUIR)                                             | Inscricao Estadual: 255.119.682
----------------------------------------------------------------------------------------------------------------------------------
         Bem: PT0/ID16/Bem 27
----------------------------------------------------------------------------------------------------------------------------------
2- ENTRADA
----------------------------------------------------------------------------------------------------------------------------------
Fornecedor:                                                                                       | Nota Fiscal: 0000000
----------------------------------------------------------------------------------------------------------------------------------
Numero do LRE              | Folha               | Data de Entrada  | Valor de Aquisicao           | Valor do Imposto
                      0    |                0    |    31/05/2014    |                10.000,00     |                      480,00
----------------------------------------------------------------------------------------------------------------------------------
3- SAIDA
----------------------------------------------------------------------------------------------------------------------------------
Nota Fiscal                | Modelo              | Data de Saida    |
----------------------------------------------------------------------------------------------------------------------------------
4- CREDITO MENSAL
----------------------------------------------------------------------------------------------------------------------------------
                  1o. ANO                                                                2o. ANO
----------------------------------------------------------------------------------------------------------------------------------
 MES                |       FATOR       |     VALOR            |   MES                |       FATOR       |     VALOR            |
----------------------------------------------------------------------------------------------------------------------------------
        1o.         |  1,00000000       |                10,00 |          1o.         |  1,00000000       |                10,00 |
        2o.         |  1,00000000       |                10,00 |          2o.         |  1,00000000       |                10,00 |
        3o.         |  1,00000000       |                10,00 |          3o.         |  1,00000000       |                10,00 |
        4o.         |  1,00000000       |                10,00 |          4o.         |  1,00000000       |                10,00 |
        5o.         |  1,00000000       |                10,00 |          5o.         |  1,00000000       |                10,00 |
        6o.         |  1,00000000       |                10,00 |          6o.         |  1,00000000       |                10,00 |
        7o.         |  1,00000000       |                10,00 |          7o.         |  1,00000000       |                10,00 |
        8o.         |  1,00000000       |                10,00 |          8o.         |  1,00000000       |                10,00 |
        9o.         |  1,00000000       |                10,00 |          9o.         |  1,00000000       |                10,00 |
       10o.         |  1,00000000       |                10,00 |         10o.         |  1,00000000       |                10,00 |
       11o.         |  1,00000000       |                10,00 |         11o.         |  1,00000000       |                10,00 |
       12o.         |  1,00000000       |                10,00 |         12o.         |  1,00000000       |                10,00 |
----------------------------------------------------------------------------------------------------------------------------------
----------------------------------------------------------------------------------------------------------------------------------
                  3o. ANO                                                                4o. ANO
----------------------------------------------------------------------------------------------------------------------------------
 MES                |       FATOR       |     VALOR            |   MES                |       FATOR       |     VALOR            |
----------------------------------------------------------------------------------------------------------------------------------
        1o.         |  1,00000000       |                10,00 |          1o.         |  1,00000000       |                10,00 |
        2o.         |  1,00000000       |                10,00 |          2o.         |  1,00000000       |                10,00 |
        3o.         |  1,00000000       |                10,00 |          3o.         |  1,00000000       |                10,00 |
        4o.         |  1,00000000       |                10,00 |          4o.         |  1,00000000       |                10,00 |
        5o.         |  1,00000000       |                10,00 |          5o.         |  1,00000000       |                10,00 |
        6o.         |  1,00000000       |                10,00 |          6o.         |  1,00000000       |                10,00 |
        7o.         |  1,00000000       |                10,00 |          7o.         |  1,00000000       |                10,00 |
        8o.         |  1,00000000       |                10,00 |          8o.         |  1,00000000       |                10,00 |
        9o.         |  1,00000000       |                10,00 |          9o.         |  0,00000000       |                 0,00 |
       10o.         |  1,00000000       |                10,00 |         10o.         |  0,00000000       |                 0,00 |
       11o.         |  1,00000000       |                10,00 |         11o.         |  0,00000000       |                 0,00 |
       12o.         |  1,00000000       |                10,00 |         12o.         |  0,00000000       |                 0,00 |
----------------------------------------------------------------------------------------------------------------------------------
----------------------------------------------------------------------------------------------------------------------------------
                                   CONTROLE DE CREDITO DO ATIVO PERMANENTE - CIAP                             |NUMERO DE ORDEM
                                                      MODELO   D                                              |   606
----------------------------------------------------------------------------------------------------------------------------------
1- IDENTIFICACAO
----------------------------------------------------------------------------------------------------------------------------------
Contribuinte: Estab 10000 (NÃO EXCLUIR)                                             | Inscricao Estadual: 255.119.682
----------------------------------------------------------------------------------------------------------------------------------
         Bem: PT0/ID17/Bem 26
----------------------------------------------------------------------------------------------------------------------------------
2- ENTRADA
----------------------------------------------------------------------------------------------------------------------------------
Fornecedor:                                                                                       | Nota Fiscal: 0000000
----------------------------------------------------------------------------------------------------------------------------------
Numero do LRE              | Folha               | Data de Entrada  | Valor de Aquisicao           | Valor do Imposto
                      0    |                0    |    15/05/2014    |                10.000,00     |                      480,00
----------------------------------------------------------------------------------------------------------------------------------
3- SAIDA
----------------------------------------------------------------------------------------------------------------------------------
Nota Fiscal                | Modelo              | Data de Saida    |
----------------------------------------------------------------------------------------------------------------------------------
4- CREDITO MENSAL
----------------------------------------------------------------------------------------------------------------------------------
                  1o. ANO                                                                2o. ANO
----------------------------------------------------------------------------------------------------------------------------------
 MES                |       FATOR       |     VALOR            |   MES                |       FATOR       |     VALOR            |
----------------------------------------------------------------------------------------------------------------------------------
        1o.         |  1,00000000       |                10,00 |          1o.         |  1,00000000       |                10,00 |
        2o.         |  1,00000000       |                10,00 |          2o.         |  1,00000000       |                10,00 |
        3o.         |  1,00000000       |                10,00 |          3o.         |  1,00000000       |                10,00 |
        4o.         |  1,00000000       |                10,00 |          4o.         |  1,00000000       |                10,00 |
        5o.         |  1,00000000       |                10,00 |          5o.         |  1,00000000       |                10,00 |
        6o.         |  1,00000000       |                10,00 |          6o.         |  1,00000000       |                10,00 |
        7o.         |  1,00000000       |                10,00 |          7o.         |  1,00000000       |                10,00 |
        8o.         |  1,00000000       |                10,00 |          8o.         |  1,00000000       |                10,00 |
        9o.         |  1,00000000       |                10,00 |          9o.         |  1,00000000       |                10,00 |
       10o.         |  1,00000000       |                10,00 |         10o.         |  1,00000000       |                10,00 |
       11o.         |  1,00000000       |                10,00 |         11o.         |  1,00000000       |                10,00 |
       12o.         |  1,00000000       |                10,00 |         12o.         |  1,00000000       |                10,00 |
----------------------------------------------------------------------------------------------------------------------------------
----------------------------------------------------------------------------------------------------------------------------------
                  3o. ANO                                                                4o. ANO
----------------------------------------------------------------------------------------------------------------------------------
 MES                |       FATOR       |     VALOR            |   MES                |       FATOR       |     VALOR            |
----------------------------------------------------------------------------------------------------------------------------------
        1o.         |  1,00000000       |                10,00 |          1o.         |  1,00000000       |                10,00 |
        2o.         |  1,00000000       |                10,00 |          2o.         |  1,00000000       |                10,00 |
        3o.         |  1,00000000       |                10,00 |          3o.         |  1,00000000       |                10,00 |
        4o.         |  1,00000000       |                10,00 |          4o.         |  1,00000000       |                10,00 |
        5o.         |  1,00000000       |                10,00 |          5o.         |  1,00000000       |                10,00 |
        6o.         |  1,00000000       |                10,00 |          6o.         |  1,00000000       |                10,00 |
        7o.         |  1,00000000       |                10,00 |          7o.         |  1,00000000       |                10,00 |
        8o.         |  1,00000000       |                10,00 |          8o.         |  1,00000000       |                10,00 |
        9o.         |  1,00000000       |                10,00 |          9o.         |  0,00000000       |                 0,00 |
       10o.         |  1,00000000       |                10,00 |         10o.         |  0,00000000       |                 0,00 |
       11o.         |  1,00000000       |                10,00 |         11o.         |  0,00000000       |                 0,00 |
       12o.         |  1,00000000       |                10,00 |         12o.         |  0,00000000       |                 0,00 |
----------------------------------------------------------------------------------------------------------------------------------
----------------------------------------------------------------------------------------------------------------------------------
                                   CONTROLE DE CREDITO DO ATIVO PERMANENTE - CIAP                             |NUMERO DE ORDEM
                                                      MODELO   D                                              |   607
----------------------------------------------------------------------------------------------------------------------------------
1- IDENTIFICACAO
----------------------------------------------------------------------------------------------------------------------------------
Contribuinte: Estab 10000 (NÃO EXCLUIR)                                             | Inscricao Estadual: 255.119.682
----------------------------------------------------------------------------------------------------------------------------------
         Bem: PT0/ID18/Bem 25
----------------------------------------------------------------------------------------------------------------------------------
2- ENTRADA
----------------------------------------------------------------------------------------------------------------------------------
Fornecedor:                                                                                       | Nota Fiscal: 0000000
----------------------------------------------------------------------------------------------------------------------------------
Numero do LRE              | Folha               | Data de Entrada  | Valor de Aquisicao           | Valor do Imposto
                      0    |                0    |    03/05/2014    |                10.000,00     |                       63,11
----------------------------------------------------------------------------------------------------------------------------------
3- SAIDA
----------------------------------------------------------------------------------------------------------------------------------
Nota Fiscal                | Modelo              | Data de Saida    |
----------------------------------------------------------------------------------------------------------------------------------
4- CREDITO MENSAL
----------------------------------------------------------------------------------------------------------------------------------
                  1o. ANO                                                                2o. ANO
----------------------------------------------------------------------------------------------------------------------------------
 MES                |       FATOR       |     VALOR            |   MES                |       FATOR       |     VALOR            |
----------------------------------------------------------------------------------------------------------------------------------
        1o.         |  1,00000000       |                 1,31 |          1o.         |  1,00000000       |                 1,31 |
        2o.         |  1,00000000       |                 1,31 |          2o.         |  1,00000000       |                 1,31 |
        3o.         |  1,00000000       |                 1,31 |          3o.         |  1,00000000       |                 1,31 |
        4o.         |  1,00000000       |                 1,31 |          4o.         |  1,00000000       |                 1,31 |
        5o.         |  1,00000000       |                 1,31 |          5o.         |  1,00000000       |                 1,31 |
        6o.         |  1,00000000       |                 1,31 |          6o.         |  1,00000000       |                 1,31 |
        7o.         |  1,00000000       |                 1,31 |          7o.         |  1,00000000       |                 1,31 |
        8o.         |  1,00000000       |                 1,31 |          8o.         |  1,00000000       |                 1,31 |
        9o.         |  1,00000000       |                 1,31 |          9o.         |  1,00000000       |                 1,31 |
       10o.         |  1,00000000       |                 1,31 |         10o.         |  1,00000000       |                 1,31 |
       11o.         |  1,00000000       |                 1,31 |         11o.         |  1,00000000       |                 1,31 |
       12o.         |  1,00000000       |                 1,31 |         12o.         |  1,00000000       |                 1,31 |
----------------------------------------------------------------------------------------------------------------------------------
----------------------------------------------------------------------------------------------------------------------------------
                  3o. ANO                                                                4o. ANO
----------------------------------------------------------------------------------------------------------------------------------
 MES                |       FATOR       |     VALOR            |   MES                |       FATOR       |     VALOR            |
----------------------------------------------------------------------------------------------------------------------------------
        1o.         |  1,00000000       |                 1,31 |          1o.         |  1,00000000       |                 1,31 |
        2o.         |  1,00000000       |                 1,31 |          2o.         |  1,00000000       |                 1,31 |
        3o.         |  1,00000000       |                 1,31 |          3o.         |  1,00000000       |                 1,31 |
        4o.         |  1,00000000       |                 1,31 |          4o.         |  1,00000000       |                 1,31 |
        5o.         |  1,00000000       |                 1,31 |          5o.         |  1,00000000       |                 1,31 |
        6o.         |  1,00000000       |                 1,31 |          6o.         |  1,00000000       |                 1,31 |
        7o.         |  1,00000000       |                 1,31 |          7o.         |  1,00000000       |                 1,31 |
        8o.         |  1,00000000       |                 1,31 |          8o.         |  1,00000000       |                 1,31 |
        9o.         |  1,00000000       |                 1,31 |          9o.         |  0,00000000       |                 0,00 |
       10o.         |  1,00000000       |                 1,31 |         10o.         |  0,00000000       |                 0,00 |
       11o.         |  1,00000000       |                 1,31 |         11o.         |  0,00000000       |                 0,00 |
       12o.         |  1,00000000       |                 1,31 |         12o.         |  0,00000000       |                 0,00 |
----------------------------------------------------------------------------------------------------------------------------------
----------------------------------------------------------------------------------------------------------------------------------
                                   CONTROLE DE CREDITO DO ATIVO PERMANENTE - CIAP                             |NUMERO DE ORDEM
                                                      MODELO   D                                              |   608
----------------------------------------------------------------------------------------------------------------------------------
1- IDENTIFICACAO
----------------------------------------------------------------------------------------------------------------------------------
Contribuinte: Estab 10000 (NÃO EXCLUIR)                                             | Inscricao Estadual: 255.119.682
----------------------------------------------------------------------------------------------------------------------------------
         Bem: PT0/ID19/Bem 24
----------------------------------------------------------------------------------------------------------------------------------
2- ENTRADA
----------------------------------------------------------------------------------------------------------------------------------
Fornecedor:                                                                                       | Nota Fiscal: 0000000
----------------------------------------------------------------------------------------------------------------------------------
Numero do LRE              | Folha               | Data de Entrada  | Valor de Aquisicao           | Valor do Imposto
                      0    |                0    |    02/05/2014    |                10.000,00     |                        0,30
----------------------------------------------------------------------------------------------------------------------------------
3- SAIDA
----------------------------------------------------------------------------------------------------------------------------------
Nota Fiscal                | Modelo              | Data de Saida    |
----------------------------------------------------------------------------------------------------------------------------------
4- CREDITO MENSAL
----------------------------------------------------------------------------------------------------------------------------------
                  1o. ANO                                                                2o. ANO
----------------------------------------------------------------------------------------------------------------------------------
 MES                |       FATOR       |     VALOR            |   MES                |       FATOR       |     VALOR            |
----------------------------------------------------------------------------------------------------------------------------------
        1o.         |  1,00000000       |                 0,01 |          1o.         |  1,00000000       |                 0,01 |
        2o.         |  1,00000000       |                 0,01 |          2o.         |  1,00000000       |                 0,01 |
        3o.         |  1,00000000       |                 0,01 |          3o.         |  1,00000000       |                 0,01 |
        4o.         |  1,00000000       |                 0,01 |          4o.         |  1,00000000       |                 0,01 |
        5o.         |  1,00000000       |                 0,01 |          5o.         |  1,00000000       |                 0,01 |
        6o.         |  1,00000000       |                 0,01 |          6o.         |  1,00000000       |                 0,01 |
        7o.         |  1,00000000       |                 0,01 |          7o.         |  1,00000000       |                 0,01 |
        8o.         |  1,00000000       |                 0,01 |          8o.         |  1,00000000       |                 0,01 |
        9o.         |  1,00000000       |                 0,01 |          9o.         |  1,00000000       |                 0,01 |
       10o.         |  1,00000000       |                 0,01 |         10o.         |  1,00000000       |                 0,01 |
       11o.         |  1,00000000       |                 0,01 |         11o.         |  1,00000000       |                 0,01 |
       12o.         |  1,00000000       |                 0,01 |         12o.         |  1,00000000       |                 0,01 |
----------------------------------------------------------------------------------------------------------------------------------
----------------------------------------------------------------------------------------------------------------------------------
                  3o. ANO                                                                4o. ANO
----------------------------------------------------------------------------------------------------------------------------------
 MES                |       FATOR       |     VALOR            |   MES                |       FATOR       |     VALOR            |
----------------------------------------------------------------------------------------------------------------------------------
        1o.         |  1,00000000       |                 0,01 |          1o.         |  1,00000000       |                 0,01 |
        2o.         |  1,00000000       |                 0,01 |          2o.         |  1,00000000       |                 0,01 |
        3o.         |  1,00000000       |                 0,01 |          3o.         |  1,00000000       |                 0,01 |
        4o.         |  1,00000000       |                 0,01 |          4o.         |  1,00000000       |                 0,01 |
        5o.         |  1,00000000       |                 0,01 |          5o.         |  1,00000000       |                 0,01 |
        6o.         |  1,00000000       |                 0,01 |          6o.         |  1,00000000       |                 0,01 |
        7o.         |  1,00000000       |                 0,01 |          7o.         |  1,00000000       |                 0,01 |
        8o.         |  1,00000000       |                 0,01 |          8o.         |  1,00000000       |                 0,01 |
        9o.         |  1,00000000       |                 0,01 |          9o.         |  0,00000000       |                 0,00 |
       10o.         |  1,00000000       |                 0,01 |         10o.         |  0,00000000       |                 0,00 |
       11o.         |  1,00000000       |                 0,01 |         11o.         |  0,00000000       |                 0,00 |
       12o.         |  1,00000000       |                 0,01 |         12o.         |  0,00000000       |                 0,00 |
----------------------------------------------------------------------------------------------------------------------------------
----------------------------------------------------------------------------------------------------------------------------------
                                   CONTROLE DE CREDITO DO ATIVO PERMANENTE - CIAP                             |NUMERO DE ORDEM
                                                      MODELO   D                                              |   609
----------------------------------------------------------------------------------------------------------------------------------
1- IDENTIFICACAO
----------------------------------------------------------------------------------------------------------------------------------
Contribuinte: Estab 10000 (NÃO EXCLUIR)                                             | Inscricao Estadual: 255.119.682
----------------------------------------------------------------------------------------------------------------------------------
         Bem: PT0/ID20/Bem 23
----------------------------------------------------------------------------------------------------------------------------------
2- ENTRADA
----------------------------------------------------------------------------------------------------------------------------------
Fornecedor:                                                                                       | Nota Fiscal: 0000000
----------------------------------------------------------------------------------------------------------------------------------
Numero do LRE              | Folha               | Data de Entrada  | Valor de Aquisicao           | Valor do Imposto
                      0    |                0    |    30/04/2014    |                10.000,00     |                        5,04
----------------------------------------------------------------------------------------------------------------------------------
3- SAIDA
----------------------------------------------------------------------------------------------------------------------------------
Nota Fiscal                | Modelo              | Data de Saida    |
----------------------------------------------------------------------------------------------------------------------------------
4- CREDITO MENSAL
----------------------------------------------------------------------------------------------------------------------------------
                  1o. ANO                                                                2o. ANO
----------------------------------------------------------------------------------------------------------------------------------
 MES                |       FATOR       |     VALOR            |   MES                |       FATOR       |     VALOR            |
----------------------------------------------------------------------------------------------------------------------------------
        1o.         |  1,00000000       |                 0,11 |          1o.         |  1,00000000       |                 0,11 |
        2o.         |  1,00000000       |                 0,11 |          2o.         |  1,00000000       |                 0,11 |
        3o.         |  1,00000000       |                 0,11 |          3o.         |  1,00000000       |                 0,11 |
        4o.         |  1,00000000       |                 0,11 |          4o.         |  1,00000000       |                 0,11 |
        5o.         |  1,00000000       |                 0,11 |          5o.         |  1,00000000       |                 0,11 |
        6o.         |  1,00000000       |                 0,11 |          6o.         |  1,00000000       |                 0,11 |
        7o.         |  1,00000000       |                 0,11 |          7o.         |  1,00000000       |                 0,11 |
        8o.         |  1,00000000       |                 0,11 |          8o.         |  1,00000000       |                 0,11 |
        9o.         |  1,00000000       |                 0,11 |          9o.         |  1,00000000       |                 0,11 |
       10o.         |  1,00000000       |                 0,11 |         10o.         |  1,00000000       |                 0,11 |
       11o.         |  1,00000000       |                 0,11 |         11o.         |  1,00000000       |                 0,11 |
       12o.         |  1,00000000       |                 0,11 |         12o.         |  1,00000000       |                 0,11 |
----------------------------------------------------------------------------------------------------------------------------------
----------------------------------------------------------------------------------------------------------------------------------
                  3o. ANO                                                                4o. ANO
----------------------------------------------------------------------------------------------------------------------------------
 MES                |       FATOR       |     VALOR            |   MES                |       FATOR       |     VALOR            |
----------------------------------------------------------------------------------------------------------------------------------
        1o.         |  1,00000000       |                 0,11 |          1o.         |  1,00000000       |                 0,11 |
        2o.         |  1,00000000       |                 0,11 |          2o.         |  1,00000000       |                 0,11 |
        3o.         |  1,00000000       |                 0,11 |          3o.         |  1,00000000       |                 0,11 |
        4o.         |  1,00000000       |                 0,11 |          4o.         |  1,00000000       |                 0,11 |
        5o.         |  1,00000000       |                 0,11 |          5o.         |  1,00000000       |                 0,11 |
        6o.         |  1,00000000       |                 0,11 |          6o.         |  1,00000000       |                 0,11 |
        7o.         |  1,00000000       |                 0,11 |          7o.         |  1,00000000       |                 0,11 |
        8o.         |  1,00000000       |                 0,11 |          8o.         |  1,00000000       |                 0,11 |
        9o.         |  1,00000000       |                 0,11 |          9o.         |  0,00000000       |                 0,00 |
       10o.         |  1,00000000       |                 0,11 |         10o.         |  0,00000000       |                 0,00 |
       11o.         |  1,00000000       |                 0,11 |         11o.         |  0,00000000       |                 0,00 |
       12o.         |  1,00000000       |                 0,11 |         12o.         |  0,00000000       |                 0,00 |
----------------------------------------------------------------------------------------------------------------------------------
----------------------------------------------------------------------------------------------------------------------------------
                                   CONTROLE DE CREDITO DO ATIVO PERMANENTE - CIAP                             |NUMERO DE ORDEM
                                                      MODELO   D                                              |   610
----------------------------------------------------------------------------------------------------------------------------------
1- IDENTIFICACAO
----------------------------------------------------------------------------------------------------------------------------------
Contribuinte: Estab 10000 (NÃO EXCLUIR)                                             | Inscricao Estadual: 255.119.682
----------------------------------------------------------------------------------------------------------------------------------
         Bem: PT0/ID21/Bem 22
----------------------------------------------------------------------------------------------------------------------------------
2- ENTRADA
----------------------------------------------------------------------------------------------------------------------------------
Fornecedor:                                                                                       | Nota Fiscal: 0000000
----------------------------------------------------------------------------------------------------------------------------------
Numero do LRE              | Folha               | Data de Entrada  | Valor de Aquisicao           | Valor do Imposto
                      0    |                0    |    15/04/2014    |                10.000,00     |                       22,82
----------------------------------------------------------------------------------------------------------------------------------
3- SAIDA
----------------------------------------------------------------------------------------------------------------------------------
Nota Fiscal                | Modelo              | Data de Saida    |
----------------------------------------------------------------------------------------------------------------------------------
4- CREDITO MENSAL
----------------------------------------------------------------------------------------------------------------------------------
                  1o. ANO                                                                2o. ANO
----------------------------------------------------------------------------------------------------------------------------------
 MES                |       FATOR       |     VALOR            |   MES                |       FATOR       |     VALOR            |
----------------------------------------------------------------------------------------------------------------------------------
        1o.         |  1,00000000       |                 0,48 |          1o.         |  1,00000000       |                 0,48 |
        2o.         |  1,00000000       |                 0,48 |          2o.         |  1,00000000       |                 0,48 |
        3o.         |  1,00000000       |                 0,48 |          3o.         |  1,00000000       |                 0,48 |
        4o.         |  1,00000000       |                 0,48 |          4o.         |  1,00000000       |                 0,48 |
        5o.         |  1,00000000       |                 0,48 |          5o.         |  1,00000000       |                 0,48 |
        6o.         |  1,00000000       |                 0,48 |          6o.         |  1,00000000       |                 0,48 |
        7o.         |  1,00000000       |                 0,48 |          7o.         |  1,00000000       |                 0,48 |
        8o.         |  1,00000000       |                 0,48 |          8o.         |  1,00000000       |                 0,48 |
        9o.         |  1,00000000       |                 0,48 |          9o.         |  1,00000000       |                 0,48 |
       10o.         |  1,00000000       |                 0,48 |         10o.         |  1,00000000       |                 0,48 |
       11o.         |  1,00000000       |                 0,48 |         11o.         |  1,00000000       |                 0,48 |
       12o.         |  1,00000000       |                 0,48 |         12o.         |  1,00000000       |                 0,48 |
----------------------------------------------------------------------------------------------------------------------------------
----------------------------------------------------------------------------------------------------------------------------------
                  3o. ANO                                                                4o. ANO
----------------------------------------------------------------------------------------------------------------------------------
 MES                |       FATOR       |     VALOR            |   MES                |       FATOR       |     VALOR            |
----------------------------------------------------------------------------------------------------------------------------------
        1o.         |  1,00000000       |                 0,48 |          1o.         |  1,00000000       |                 0,48 |
        2o.         |  1,00000000       |                 0,48 |          2o.         |  1,00000000       |                 0,48 |
        3o.         |  1,00000000       |                 0,48 |          3o.         |  1,00000000       |                 0,48 |
        4o.         |  1,00000000       |                 0,48 |          4o.         |  1,00000000       |                 0,48 |
        5o.         |  1,00000000       |                 0,48 |          5o.         |  1,00000000       |                 0,48 |
        6o.         |  1,00000000       |                 0,48 |          6o.         |  1,00000000       |                 0,48 |
        7o.         |  1,00000000       |                 0,48 |          7o.         |  1,00000000       |                 0,48 |
        8o.         |  1,00000000       |                 0,48 |          8o.         |  1,00000000       |                 0,48 |
        9o.         |  1,00000000       |                 0,48 |          9o.         |  1,00000000       |                 0,48 |
       10o.         |  1,00000000       |                 0,48 |         10o.         |  0,00000000       |                 0,00 |
       11o.         |  1,00000000       |                 0,48 |         11o.         |  0,00000000       |                 0,00 |
       12o.         |  1,00000000       |                 0,48 |         12o.         |  0,00000000       |                 0,00 |
----------------------------------------------------------------------------------------------------------------------------------
----------------------------------------------------------------------------------------------------------------------------------
                                   CONTROLE DE CREDITO DO ATIVO PERMANENTE - CIAP                             |NUMERO DE ORDEM
                                                      MODELO   D                                              |   611
----------------------------------------------------------------------------------------------------------------------------------
1- IDENTIFICACAO
----------------------------------------------------------------------------------------------------------------------------------
Contribuinte: Estab 10000 (NÃO EXCLUIR)                                             | Inscricao Estadual: 255.119.682
----------------------------------------------------------------------------------------------------------------------------------
         Bem: PT0/ID22/Bem 21
----------------------------------------------------------------------------------------------------------------------------------
2- ENTRADA
----------------------------------------------------------------------------------------------------------------------------------
Fornecedor:                                                                                       | Nota Fiscal: 0000000
----------------------------------------------------------------------------------------------------------------------------------
Numero do LRE              | Folha               | Data de Entrada  | Valor de Aquisicao           | Valor do Imposto
                      0    |                0    |    01/04/2014    |                10.000,00     |                      480,00
----------------------------------------------------------------------------------------------------------------------------------
3- SAIDA
----------------------------------------------------------------------------------------------------------------------------------
Nota Fiscal                | Modelo              | Data de Saida    |
----------------------------------------------------------------------------------------------------------------------------------
4- CREDITO MENSAL
----------------------------------------------------------------------------------------------------------------------------------
                  1o. ANO                                                                2o. ANO
----------------------------------------------------------------------------------------------------------------------------------
 MES                |       FATOR       |     VALOR            |   MES                |       FATOR       |     VALOR            |
----------------------------------------------------------------------------------------------------------------------------------
        1o.         |  1,00000000       |                10,00 |          1o.         |  1,00000000       |                10,00 |
        2o.         |  1,00000000       |                10,00 |          2o.         |  1,00000000       |                10,00 |
        3o.         |  1,00000000       |                10,00 |          3o.         |  1,00000000       |                10,00 |
        4o.         |  1,00000000       |                10,00 |          4o.         |  1,00000000       |                10,00 |
        5o.         |  1,00000000       |                10,00 |          5o.         |  1,00000000       |                10,00 |
        6o.         |  1,00000000       |                10,00 |          6o.         |  1,00000000       |                10,00 |
        7o.         |  1,00000000       |                10,00 |          7o.         |  1,00000000       |                10,00 |
        8o.         |  1,00000000       |                10,00 |          8o.         |  1,00000000       |                10,00 |
        9o.         |  1,00000000       |                10,00 |          9o.         |  1,00000000       |                10,00 |
       10o.         |  1,00000000       |                10,00 |         10o.         |  1,00000000       |                10,00 |
       11o.         |  1,00000000       |                10,00 |         11o.         |  1,00000000       |                10,00 |
       12o.         |  1,00000000       |                10,00 |         12o.         |  1,00000000       |                10,00 |
----------------------------------------------------------------------------------------------------------------------------------
----------------------------------------------------------------------------------------------------------------------------------
                  3o. ANO                                                                4o. ANO
----------------------------------------------------------------------------------------------------------------------------------
 MES                |       FATOR       |     VALOR            |   MES                |       FATOR       |     VALOR            |
----------------------------------------------------------------------------------------------------------------------------------
        1o.         |  1,00000000       |                10,00 |          1o.         |  1,00000000       |                10,00 |
        2o.         |  1,00000000       |                10,00 |          2o.         |  1,00000000       |                10,00 |
        3o.         |  1,00000000       |                10,00 |          3o.         |  1,00000000       |                10,00 |
        4o.         |  1,00000000       |                10,00 |          4o.         |  1,00000000       |                10,00 |
        5o.         |  1,00000000       |                10,00 |          5o.         |  1,00000000       |                10,00 |
        6o.         |  1,00000000       |                10,00 |          6o.         |  1,00000000       |                10,00 |
        7o.         |  1,00000000       |                10,00 |          7o.         |  1,00000000       |                10,00 |
        8o.         |  1,00000000       |                10,00 |          8o.         |  1,00000000       |                10,00 |
        9o.         |  1,00000000       |                10,00 |          9o.         |  1,00000000       |                10,00 |
       10o.         |  1,00000000       |                10,00 |         10o.         |  0,00000000       |                 0,00 |
       11o.         |  1,00000000       |                10,00 |         11o.         |  0,00000000       |                 0,00 |
       12o.         |  1,00000000       |                10,00 |         12o.         |  0,00000000       |                 0,00 |
----------------------------------------------------------------------------------------------------------------------------------
----------------------------------------------------------------------------------------------------------------------------------
                                   CONTROLE DE CREDITO DO ATIVO PERMANENTE - CIAP                             |NUMERO DE ORDEM
                                                      MODELO   D                                              |   612
----------------------------------------------------------------------------------------------------------------------------------
1- IDENTIFICACAO
----------------------------------------------------------------------------------------------------------------------------------
Contribuinte: Estab 10000 (NÃO EXCLUIR)                                             | Inscricao Estadual: 255.119.682
----------------------------------------------------------------------------------------------------------------------------------
         Bem: PT0/ID23/Bem 20
----------------------------------------------------------------------------------------------------------------------------------
2- ENTRADA
----------------------------------------------------------------------------------------------------------------------------------
Fornecedor:                                                                                       | Nota Fiscal: 0000000
----------------------------------------------------------------------------------------------------------------------------------
Numero do LRE              | Folha               | Data de Entrada  | Valor de Aquisicao           | Valor do Imposto
                      0    |                0    |    01/03/2014    |                10.000,00     |                      480,00
----------------------------------------------------------------------------------------------------------------------------------
3- SAIDA
----------------------------------------------------------------------------------------------------------------------------------
Nota Fiscal                | Modelo              | Data de Saida    |
----------------------------------------------------------------------------------------------------------------------------------
4- CREDITO MENSAL
----------------------------------------------------------------------------------------------------------------------------------
                  1o. ANO                                                                2o. ANO
----------------------------------------------------------------------------------------------------------------------------------
 MES                |       FATOR       |     VALOR            |   MES                |       FATOR       |     VALOR            |
----------------------------------------------------------------------------------------------------------------------------------
        1o.         |  1,00000000       |                10,00 |          1o.         |  1,00000000       |                10,00 |
        2o.         |  1,00000000       |                10,00 |          2o.         |  1,00000000       |                10,00 |
        3o.         |  1,00000000       |                10,00 |          3o.         |  1,00000000       |                10,00 |
        4o.         |  1,00000000       |                10,00 |          4o.         |  1,00000000       |                10,00 |
        5o.         |  1,00000000       |                10,00 |          5o.         |  1,00000000       |                10,00 |
        6o.         |  1,00000000       |                10,00 |          6o.         |  1,00000000       |                10,00 |
        7o.         |  1,00000000       |                10,00 |          7o.         |  1,00000000       |                10,00 |
        8o.         |  1,00000000       |                10,00 |          8o.         |  1,00000000       |                10,00 |
        9o.         |  1,00000000       |                10,00 |          9o.         |  1,00000000       |                10,00 |
       10o.         |  1,00000000       |                10,00 |         10o.         |  1,00000000       |                10,00 |
       11o.         |  1,00000000       |                10,00 |         11o.         |  1,00000000       |                10,00 |
       12o.         |  1,00000000       |                10,00 |         12o.         |  1,00000000       |                10,00 |
----------------------------------------------------------------------------------------------------------------------------------
----------------------------------------------------------------------------------------------------------------------------------
                  3o. ANO                                                                4o. ANO
----------------------------------------------------------------------------------------------------------------------------------
 MES                |       FATOR       |     VALOR            |   MES                |       FATOR       |     VALOR            |
----------------------------------------------------------------------------------------------------------------------------------
        1o.         |  1,00000000       |                10,00 |          1o.         |  1,00000000       |                10,00 |
        2o.         |  1,00000000       |                10,00 |          2o.         |  1,00000000       |                10,00 |
        3o.         |  1,00000000       |                10,00 |          3o.         |  1,00000000       |                10,00 |
        4o.         |  1,00000000       |                10,00 |          4o.         |  1,00000000       |                10,00 |
        5o.         |  1,00000000       |                10,00 |          5o.         |  1,00000000       |                10,00 |
        6o.         |  1,00000000       |                10,00 |          6o.         |  1,00000000       |                10,00 |
        7o.         |  1,00000000       |                10,00 |          7o.         |  1,00000000       |                10,00 |
        8o.         |  1,00000000       |                10,00 |          8o.         |  1,00000000       |                10,00 |
        9o.         |  1,00000000       |                10,00 |          9o.         |  1,00000000       |                10,00 |
       10o.         |  1,00000000       |                10,00 |         10o.         |  1,00000000       |                10,00 |
       11o.         |  1,00000000       |                10,00 |         11o.         |  0,00000000       |                 0,00 |
       12o.         |  1,00000000       |                10,00 |         12o.         |  0,00000000       |                 0,00 |
----------------------------------------------------------------------------------------------------------------------------------
----------------------------------------------------------------------------------------------------------------------------------
                                   CONTROLE DE CREDITO DO ATIVO PERMANENTE - CIAP                             |NUMERO DE ORDEM
                                                      MODELO   D                                              |   613
----------------------------------------------------------------------------------------------------------------------------------
1- IDENTIFICACAO
----------------------------------------------------------------------------------------------------------------------------------
Contribuinte: Estab 10000 (NÃO EXCLUIR)                                             | Inscricao Estadual: 255.119.682
----------------------------------------------------------------------------------------------------------------------------------
         Bem: PT0/ID24/Bem 19
----------------------------------------------------------------------------------------------------------------------------------
2- ENTRADA
----------------------------------------------------------------------------------------------------------------------------------
Fornecedor:                                                                                       | Nota Fiscal: 0000000
----------------------------------------------------------------------------------------------------------------------------------
Numero do LRE              | Folha               | Data de Entrada  | Valor de Aquisicao           | Valor do Imposto
                      0    |                0    |    01/03/2014    |                10.000,00     |                      480,00
----------------------------------------------------------------------------------------------------------------------------------
3- SAIDA
----------------------------------------------------------------------------------------------------------------------------------
Nota Fiscal                | Modelo              | Data de Saida    |
----------------------------------------------------------------------------------------------------------------------------------
4- CREDITO MENSAL
----------------------------------------------------------------------------------------------------------------------------------
                  1o. ANO                                                                2o. ANO
----------------------------------------------------------------------------------------------------------------------------------
 MES                |       FATOR       |     VALOR            |   MES                |       FATOR       |     VALOR            |
----------------------------------------------------------------------------------------------------------------------------------
        1o.         |  1,00000000       |                10,00 |          1o.         |  1,00000000       |                10,00 |
        2o.         |  1,00000000       |                10,00 |          2o.         |  1,00000000       |                10,00 |
        3o.         |  1,00000000       |                10,00 |          3o.         |  1,00000000       |                10,00 |
        4o.         |  1,00000000       |                10,00 |          4o.         |  1,00000000       |                10,00 |
        5o.         |  1,00000000       |                10,00 |          5o.         |  1,00000000       |                10,00 |
        6o.         |  1,00000000       |                10,00 |          6o.         |  1,00000000       |                10,00 |
        7o.         |  1,00000000       |                10,00 |          7o.         |  1,00000000       |                10,00 |
        8o.         |  1,00000000       |                10,00 |          8o.         |  1,00000000       |                10,00 |
        9o.         |  1,00000000       |                10,00 |          9o.         |  1,00000000       |                10,00 |
       10o.         |  1,00000000       |                10,00 |         10o.         |  1,00000000       |                10,00 |
       11o.         |  1,00000000       |                10,00 |         11o.         |  1,00000000       |                10,00 |
       12o.         |  1,00000000       |                10,00 |         12o.         |  1,00000000       |                10,00 |
----------------------------------------------------------------------------------------------------------------------------------
----------------------------------------------------------------------------------------------------------------------------------
                  3o. ANO                                                                4o. ANO
----------------------------------------------------------------------------------------------------------------------------------
 MES                |       FATOR       |     VALOR            |   MES                |       FATOR       |     VALOR            |
----------------------------------------------------------------------------------------------------------------------------------
        1o.         |  1,00000000       |                10,00 |          1o.         |  1,00000000       |                10,00 |
        2o.         |  1,00000000       |                10,00 |          2o.         |  1,00000000       |                10,00 |
        3o.         |  1,00000000       |                10,00 |          3o.         |  1,00000000       |                10,00 |
        4o.         |  1,00000000       |                10,00 |          4o.         |  1,00000000       |                10,00 |
        5o.         |  1,00000000       |                10,00 |          5o.         |  1,00000000       |                10,00 |
        6o.         |  1,00000000       |                10,00 |          6o.         |  1,00000000       |                10,00 |
        7o.         |  1,00000000       |                10,00 |          7o.         |  1,00000000       |                10,00 |
        8o.         |  1,00000000       |                10,00 |          8o.         |  1,00000000       |                10,00 |
        9o.         |  1,00000000       |                10,00 |          9o.         |  1,00000000       |                10,00 |
       10o.         |  1,00000000       |                10,00 |         10o.         |  1,00000000       |                10,00 |
       11o.         |  1,00000000       |                10,00 |         11o.         |  0,00000000       |                 0,00 |
       12o.         |  1,00000000       |                10,00 |         12o.         |  0,00000000       |                 0,00 |
----------------------------------------------------------------------------------------------------------------------------------
----------------------------------------------------------------------------------------------------------------------------------
                                   CONTROLE DE CREDITO DO ATIVO PERMANENTE - CIAP                             |NUMERO DE ORDEM
                                                      MODELO   D                                              |   614
----------------------------------------------------------------------------------------------------------------------------------
1- IDENTIFICACAO
----------------------------------------------------------------------------------------------------------------------------------
Contribuinte: Estab 10000 (NÃO EXCLUIR)                                             | Inscricao Estadual: 255.119.682
----------------------------------------------------------------------------------------------------------------------------------
         Bem: PT0/ID25/Bem 18
----------------------------------------------------------------------------------------------------------------------------------
2- ENTRADA
----------------------------------------------------------------------------------------------------------------------------------
Fornecedor:                                                                                       | Nota Fiscal: 0000000
----------------------------------------------------------------------------------------------------------------------------------
Numero do LRE              | Folha               | Data de Entrada  | Valor de Aquisicao           | Valor do Imposto
                      0    |                0    |    28/02/2014    |                10.000,00     |                      480,00
----------------------------------------------------------------------------------------------------------------------------------
3- SAIDA
----------------------------------------------------------------------------------------------------------------------------------
Nota Fiscal                | Modelo              | Data de Saida    |
----------------------------------------------------------------------------------------------------------------------------------
4- CREDITO MENSAL
----------------------------------------------------------------------------------------------------------------------------------
                  1o. ANO                                                                2o. ANO
----------------------------------------------------------------------------------------------------------------------------------
 MES                |       FATOR       |     VALOR            |   MES                |       FATOR       |     VALOR            |
----------------------------------------------------------------------------------------------------------------------------------
        1o.         |  1,00000000       |                10,00 |          1o.         |  1,00000000       |                10,00 |
        2o.         |  1,00000000       |                10,00 |          2o.         |  1,00000000       |                10,00 |
        3o.         |  1,00000000       |                10,00 |          3o.         |  1,00000000       |                10,00 |
        4o.         |  1,00000000       |                10,00 |          4o.         |  1,00000000       |                10,00 |
        5o.         |  1,00000000       |                10,00 |          5o.         |  1,00000000       |                10,00 |
        6o.         |  1,00000000       |                10,00 |          6o.         |  1,00000000       |                10,00 |
        7o.         |  1,00000000       |                10,00 |          7o.         |  1,00000000       |                10,00 |
        8o.         |  1,00000000       |                10,00 |          8o.         |  1,00000000       |                10,00 |
        9o.         |  1,00000000       |                10,00 |          9o.         |  1,00000000       |                10,00 |
       10o.         |  1,00000000       |                10,00 |         10o.         |  1,00000000       |                10,00 |
       11o.         |  1,00000000       |                10,00 |         11o.         |  1,00000000       |                10,00 |
       12o.         |  1,00000000       |                10,00 |         12o.         |  1,00000000       |                10,00 |
----------------------------------------------------------------------------------------------------------------------------------
----------------------------------------------------------------------------------------------------------------------------------
                  3o. ANO                                                                4o. ANO
----------------------------------------------------------------------------------------------------------------------------------
 MES                |       FATOR       |     VALOR            |   MES                |       FATOR       |     VALOR            |
----------------------------------------------------------------------------------------------------------------------------------
        1o.         |  1,00000000       |                10,00 |          1o.         |  1,00000000       |                10,00 |
        2o.         |  1,00000000       |                10,00 |          2o.         |  1,00000000       |                10,00 |
        3o.         |  1,00000000       |                10,00 |          3o.         |  1,00000000       |                10,00 |
        4o.         |  1,00000000       |                10,00 |          4o.         |  1,00000000       |                10,00 |
        5o.         |  1,00000000       |                10,00 |          5o.         |  1,00000000       |                10,00 |
        6o.         |  1,00000000       |                10,00 |          6o.         |  1,00000000       |                10,00 |
        7o.         |  1,00000000       |                10,00 |          7o.         |  1,00000000       |                10,00 |
        8o.         |  1,00000000       |                10,00 |          8o.         |  1,00000000       |                10,00 |
        9o.         |  1,00000000       |                10,00 |          9o.         |  1,00000000       |                10,00 |
       10o.         |  1,00000000       |                10,00 |         10o.         |  1,00000000       |                10,00 |
       11o.         |  1,00000000       |                10,00 |         11o.         |  1,00000000       |                10,00 |
       12o.         |  1,00000000       |                10,00 |         12o.         |  0,00000000       |                 0,00 |
----------------------------------------------------------------------------------------------------------------------------------
----------------------------------------------------------------------------------------------------------------------------------
                                   CONTROLE DE CREDITO DO ATIVO PERMANENTE - CIAP                             |NUMERO DE ORDEM
                                                      MODELO   D                                              |   615
----------------------------------------------------------------------------------------------------------------------------------
1- IDENTIFICACAO
----------------------------------------------------------------------------------------------------------------------------------
Contribuinte: Estab 10000 (NÃO EXCLUIR)                                             | Inscricao Estadual: 255.119.682
----------------------------------------------------------------------------------------------------------------------------------
         Bem: PT0/ID26/Bem 17
----------------------------------------------------------------------------------------------------------------------------------
2- ENTRADA
----------------------------------------------------------------------------------------------------------------------------------
Fornecedor:                                                                                       | Nota Fiscal: 0000000
----------------------------------------------------------------------------------------------------------------------------------
Numero do LRE              | Folha               | Data de Entrada  | Valor de Aquisicao           | Valor do Imposto
                      0    |                0    |    01/02/2014    |                10.000,00     |                      480,00
----------------------------------------------------------------------------------------------------------------------------------
3- SAIDA
----------------------------------------------------------------------------------------------------------------------------------
Nota Fiscal                | Modelo              | Data de Saida    |
----------------------------------------------------------------------------------------------------------------------------------
4- CREDITO MENSAL
----------------------------------------------------------------------------------------------------------------------------------
                  1o. ANO                                                                2o. ANO
----------------------------------------------------------------------------------------------------------------------------------
 MES                |       FATOR       |     VALOR            |   MES                |       FATOR       |     VALOR            |
----------------------------------------------------------------------------------------------------------------------------------
        1o.         |  1,00000000       |                10,00 |          1o.         |  1,00000000       |                10,00 |
        2o.         |  1,00000000       |                10,00 |          2o.         |  1,00000000       |                10,00 |
        3o.         |  1,00000000       |                10,00 |          3o.         |  1,00000000       |                10,00 |
        4o.         |  1,00000000       |                10,00 |          4o.         |  1,00000000       |                10,00 |
        5o.         |  1,00000000       |                10,00 |          5o.         |  1,00000000       |                10,00 |
        6o.         |  1,00000000       |                10,00 |          6o.         |  1,00000000       |                10,00 |
        7o.         |  1,00000000       |                10,00 |          7o.         |  1,00000000       |                10,00 |
        8o.         |  1,00000000       |                10,00 |          8o.         |  1,00000000       |                10,00 |
        9o.         |  1,00000000       |                10,00 |          9o.         |  1,00000000       |                10,00 |
       10o.         |  1,00000000       |                10,00 |         10o.         |  1,00000000       |                10,00 |
       11o.         |  1,00000000       |                10,00 |         11o.         |  1,00000000       |                10,00 |
       12o.         |  1,00000000       |                10,00 |         12o.         |  1,00000000       |                10,00 |
----------------------------------------------------------------------------------------------------------------------------------
----------------------------------------------------------------------------------------------------------------------------------
                  3o. ANO                                                                4o. ANO
----------------------------------------------------------------------------------------------------------------------------------
 MES                |       FATOR       |     VALOR            |   MES                |       FATOR       |     VALOR            |
----------------------------------------------------------------------------------------------------------------------------------
        1o.         |  1,00000000       |                10,00 |          1o.         |  1,00000000       |                10,00 |
        2o.         |  1,00000000       |                10,00 |          2o.         |  1,00000000       |                10,00 |
        3o.         |  1,00000000       |                10,00 |          3o.         |  1,00000000       |                10,00 |
        4o.         |  1,00000000       |                10,00 |          4o.         |  1,00000000       |                10,00 |
        5o.         |  1,00000000       |                10,00 |          5o.         |  1,00000000       |                10,00 |
        6o.         |  1,00000000       |                10,00 |          6o.         |  1,00000000       |                10,00 |
        7o.         |  1,00000000       |                10,00 |          7o.         |  1,00000000       |                10,00 |
        8o.         |  1,00000000       |                10,00 |          8o.         |  1,00000000       |                10,00 |
        9o.         |  1,00000000       |                10,00 |          9o.         |  1,00000000       |                10,00 |
       10o.         |  1,00000000       |                10,00 |         10o.         |  1,00000000       |                10,00 |
       11o.         |  1,00000000       |                10,00 |         11o.         |  1,00000000       |                10,00 |
       12o.         |  1,00000000       |                10,00 |         12o.         |  0,00000000       |                 0,00 |
----------------------------------------------------------------------------------------------------------------------------------
----------------------------------------------------------------------------------------------------------------------------------
                                   CONTROLE DE CREDITO DO ATIVO PERMANENTE - CIAP                             |NUMERO DE ORDEM
                                                      MODELO   D                                              |   616
----------------------------------------------------------------------------------------------------------------------------------
1- IDENTIFICACAO
----------------------------------------------------------------------------------------------------------------------------------
Contribuinte: Estab 10000 (NÃO EXCLUIR)                                             | Inscricao Estadual: 255.119.682
----------------------------------------------------------------------------------------------------------------------------------
         Bem: PT0/ID27/Bem 16
----------------------------------------------------------------------------------------------------------------------------------
2- ENTRADA
----------------------------------------------------------------------------------------------------------------------------------
Fornecedor:                                                                                       | Nota Fiscal: 0000000
----------------------------------------------------------------------------------------------------------------------------------
Numero do LRE              | Folha               | Data de Entrada  | Valor de Aquisicao           | Valor do Imposto
                      0    |                0    |    15/01/2014    |                10.000,00     |                      480,00
----------------------------------------------------------------------------------------------------------------------------------
3- SAIDA
----------------------------------------------------------------------------------------------------------------------------------
Nota Fiscal                | Modelo              | Data de Saida    |
----------------------------------------------------------------------------------------------------------------------------------
4- CREDITO MENSAL
----------------------------------------------------------------------------------------------------------------------------------
                  1o. ANO                                                                2o. ANO
----------------------------------------------------------------------------------------------------------------------------------
 MES                |       FATOR       |     VALOR            |   MES                |       FATOR       |     VALOR            |
----------------------------------------------------------------------------------------------------------------------------------
        1o.         |  1,00000000       |                10,00 |          1o.         |  1,00000000       |                10,00 |
        2o.         |  1,00000000       |                10,00 |          2o.         |  1,00000000       |                10,00 |
        3o.         |  1,00000000       |                10,00 |          3o.         |  1,00000000       |                10,00 |
        4o.         |  1,00000000       |                10,00 |          4o.         |  1,00000000       |                10,00 |
        5o.         |  1,00000000       |                10,00 |          5o.         |  1,00000000       |                10,00 |
        6o.         |  1,00000000       |                10,00 |          6o.         |  1,00000000       |                10,00 |
        7o.         |  1,00000000       |                10,00 |          7o.         |  1,00000000       |                10,00 |
        8o.         |  1,00000000       |                10,00 |          8o.         |  1,00000000       |                10,00 |
        9o.         |  1,00000000       |                10,00 |          9o.         |  1,00000000       |                10,00 |
       10o.         |  1,00000000       |                10,00 |         10o.         |  1,00000000       |                10,00 |
       11o.         |  1,00000000       |                10,00 |         11o.         |  1,00000000       |                10,00 |
       12o.         |  1,00000000       |                10,00 |         12o.         |  1,00000000       |                10,00 |
----------------------------------------------------------------------------------------------------------------------------------
----------------------------------------------------------------------------------------------------------------------------------
                  3o. ANO                                                                4o. ANO
----------------------------------------------------------------------------------------------------------------------------------
 MES                |       FATOR       |     VALOR            |   MES                |       FATOR       |     VALOR            |
----------------------------------------------------------------------------------------------------------------------------------
        1o.         |  1,00000000       |                10,00 |          1o.         |  1,00000000       |                10,00 |
        2o.         |  1,00000000       |                10,00 |          2o.         |  1,00000000       |                10,00 |
        3o.         |  1,00000000       |                10,00 |          3o.         |  1,00000000       |                10,00 |
        4o.         |  1,00000000       |                10,00 |          4o.         |  1,00000000       |                10,00 |
        5o.         |  1,00000000       |                10,00 |          5o.         |  1,00000000       |                10,00 |
        6o.         |  1,00000000       |                10,00 |          6o.         |  1,00000000       |                10,00 |
        7o.         |  1,00000000       |                10,00 |          7o.         |  1,00000000       |                10,00 |
        8o.         |  1,00000000       |                10,00 |          8o.         |  1,00000000       |                10,00 |
        9o.         |  1,00000000       |                10,00 |          9o.         |  1,00000000       |                10,00 |
       10o.         |  1,00000000       |                10,00 |         10o.         |  1,00000000       |                10,00 |
       11o.         |  1,00000000       |                10,00 |         11o.         |  1,00000000       |                10,00 |
       12o.         |  1,00000000       |                10,00 |         12o.         |  1,00000000       |                10,00 |
----------------------------------------------------------------------------------------------------------------------------------
----------------------------------------------------------------------------------------------------------------------------------
                                   CONTROLE DE CREDITO DO ATIVO PERMANENTE - CIAP                             |NUMERO DE ORDEM
                                                      MODELO   D                                              |   617
----------------------------------------------------------------------------------------------------------------------------------
1- IDENTIFICACAO
----------------------------------------------------------------------------------------------------------------------------------
Contribuinte: Estab 10000 (NÃO EXCLUIR)                                             | Inscricao Estadual: 255.119.682
----------------------------------------------------------------------------------------------------------------------------------
         Bem: PT0/ID28/Bem 15
----------------------------------------------------------------------------------------------------------------------------------
2- ENTRADA
----------------------------------------------------------------------------------------------------------------------------------
Fornecedor:                                                                                       | Nota Fiscal: 0000000
----------------------------------------------------------------------------------------------------------------------------------
Numero do LRE              | Folha               | Data de Entrada  | Valor de Aquisicao           | Valor do Imposto
                      0    |                0    |    01/01/2014    |                10.000,00     |                      480,00
----------------------------------------------------------------------------------------------------------------------------------
3- SAIDA
----------------------------------------------------------------------------------------------------------------------------------
Nota Fiscal                | Modelo              | Data de Saida    |
----------------------------------------------------------------------------------------------------------------------------------
4- CREDITO MENSAL
----------------------------------------------------------------------------------------------------------------------------------
                  1o. ANO                                                                2o. ANO
----------------------------------------------------------------------------------------------------------------------------------
 MES                |       FATOR       |     VALOR            |   MES                |       FATOR       |     VALOR            |
----------------------------------------------------------------------------------------------------------------------------------
        1o.         |  1,00000000       |                10,00 |          1o.         |  1,00000000       |                10,00 |
        2o.         |  1,00000000       |                10,00 |          2o.         |  1,00000000       |                10,00 |
        3o.         |  1,00000000       |                10,00 |          3o.         |  1,00000000       |                10,00 |
        4o.         |  1,00000000       |                10,00 |          4o.         |  1,00000000       |                10,00 |
        5o.         |  1,00000000       |                10,00 |          5o.         |  1,00000000       |                10,00 |
        6o.         |  1,00000000       |                10,00 |          6o.         |  1,00000000       |                10,00 |
        7o.         |  1,00000000       |                10,00 |          7o.         |  1,00000000       |                10,00 |
        8o.         |  1,00000000       |                10,00 |          8o.         |  1,00000000       |                10,00 |
        9o.         |  1,00000000       |                10,00 |          9o.         |  1,00000000       |                10,00 |
       10o.         |  1,00000000       |                10,00 |         10o.         |  1,00000000       |                10,00 |
       11o.         |  1,00000000       |                10,00 |         11o.         |  1,00000000       |                10,00 |
       12o.         |  1,00000000       |                10,00 |         12o.         |  1,00000000       |                10,00 |
----------------------------------------------------------------------------------------------------------------------------------
----------------------------------------------------------------------------------------------------------------------------------
                  3o. ANO                                                                4o. ANO
----------------------------------------------------------------------------------------------------------------------------------
 MES                |       FATOR       |     VALOR            |   MES                |       FATOR       |     VALOR            |
----------------------------------------------------------------------------------------------------------------------------------
        1o.         |  1,00000000       |                10,00 |          1o.         |  1,00000000       |                10,00 |
        2o.         |  1,00000000       |                10,00 |          2o.         |  1,00000000       |                10,00 |
        3o.         |  1,00000000       |                10,00 |          3o.         |  1,00000000       |                10,00 |
        4o.         |  1,00000000       |                10,00 |          4o.         |  1,00000000       |                10,00 |
        5o.         |  1,00000000       |                10,00 |          5o.         |  1,00000000       |                10,00 |
        6o.         |  1,00000000       |                10,00 |          6o.         |  1,00000000       |                10,00 |
        7o.         |  1,00000000       |                10,00 |          7o.         |  1,00000000       |                10,00 |
        8o.         |  1,00000000       |                10,00 |          8o.         |  1,00000000       |                10,00 |
        9o.         |  1,00000000       |                10,00 |          9o.         |  1,00000000       |                10,00 |
       10o.         |  1,00000000       |                10,00 |         10o.         |  1,00000000       |                10,00 |
       11o.         |  1,00000000       |                10,00 |         11o.         |  1,00000000       |                10,00 |
       12o.         |  1,00000000       |                10,00 |         12o.         |  1,00000000       |                10,00 |
----------------------------------------------------------------------------------------------------------------------------------
