----------------------------------------------------------------------------------------------------------------------------------
                                   CONTROLE DE CREDITO DO ATIVO PERMANENTE - CIAP                             |NUMERO DE ORDEM
                                                      MODELO   D                                              |   37
----------------------------------------------------------------------------------------------------------------------------------
1- IDENTIFICACAO
----------------------------------------------------------------------------------------------------------------------------------
Contribuinte: SASAZAKI INDÚSTRIA E COMÉRCIO LTDA                                    | Inscricao Estadual: 438.010.070.113
----------------------------------------------------------------------------------------------------------------------------------
         Bem: PT0/ID37/Material D.Direto - TRIBUTADO
----------------------------------------------------------------------------------------------------------------------------------
2- ENTRADA
----------------------------------------------------------------------------------------------------------------------------------
Fornecedor: NICOM COMERC MATS PARA CONSTRUCOES LTDA                                               | Nota Fiscal: 9362016
----------------------------------------------------------------------------------------------------------------------------------
Numero do LRE              | Folha               | Data de Entrada  | Valor de Aquisicao           | Valor do Imposto
                      0    |                0    |    07/11/2011    |               111.111,11     |                   18.888,89
----------------------------------------------------------------------------------------------------------------------------------
3- SAIDA
----------------------------------------------------------------------------------------------------------------------------------
Nota Fiscal                | Modelo              | Data de Saida    |
----------------------------------------------------------------------------------------------------------------------------------
4- CREDITO MENSAL
----------------------------------------------------------------------------------------------------------------------------------
                  1o. ANO                                                                2o. ANO
----------------------------------------------------------------------------------------------------------------------------------
 MES                |       FATOR       |     VALOR            |   MES                |       FATOR       |     VALOR            |
----------------------------------------------------------------------------------------------------------------------------------
    1o. 11/2011     |  1,00000000       |               393,52 |      1o. 11/2012     |  1,00000000       |               393,52 |
    2o. 12/2011     |  1,00000000       |               393,52 |      2o. 12/2012     |  1,00000000       |               393,52 |
    3o. 01/2012     |  1,00000000       |               393,52 |      3o. 01/2013     |  1,00000000       |               393,52 |
    4o. 02/2012     |  1,00000000       |               393,52 |      4o. 02/2013     |  1,00000000       |               393,52 |
    5o. 03/2012     |  1,00000000       |               393,52 |      5o. 03/2013     |  1,00000000       |               393,52 |
    6o. 04/2012     |  1,00000000       |               393,52 |      6o. 04/2013     |  1,00000000       |               393,52 |
    7o. 05/2012     |  1,00000000       |               393,52 |      7o. 05/2013     |  1,00000000       |               393,52 |
    8o. 06/2012     |  1,00000000       |               393,52 |      8o. 06/2013     |  1,00000000       |               393,52 |
    9o. 07/2012     |  1,00000000       |               393,52 |      9o. 07/2013     |  1,00000000       |               393,52 |
   10o. 08/2012     |  1,00000000       |               393,52 |     10o. 08/2013     |  1,00000000       |               393,52 |
   11o. 09/2012     |  1,00000000       |               393,52 |     11o. 09/2013     |  1,00000000       |               393,52 |
   12o. 10/2012     |  1,00000000       |               393,52 |     12o. 10/2013     |  1,00000000       |               393,52 |
----------------------------------------------------------------------------------------------------------------------------------
----------------------------------------------------------------------------------------------------------------------------------
                  3o. ANO                                                                4o. ANO
----------------------------------------------------------------------------------------------------------------------------------
 MES                |       FATOR       |     VALOR            |   MES                |       FATOR       |     VALOR            |
----------------------------------------------------------------------------------------------------------------------------------
    1o. 11/2013     |  1,00000000       |               393,52 |      1o. 11/2014     |  1,00000000       |               393,52 |
    2o. 12/2013     |  1,00000000       |               393,52 |      2o. 12/2014     |  1,00000000       |               393,52 |
    3o. 01/2014     |  1,00000000       |               393,52 |      3o. 01/2015     |  1,00000000       |               393,52 |
    4o. 02/2014     |  1,00000000       |               393,52 |      4o. 02/2015     |  1,00000000       |               393,52 |
    5o. 03/2014     |  1,00000000       |               393,52 |      5o. 03/2015     |  1,00000000       |               393,52 |
    6o. 04/2014     |  1,00000000       |               393,52 |      6o. 04/2015     |  1,00000000       |               393,52 |
    7o. 05/2014     |  1,00000000       |               393,52 |      7o. 05/2015     |  1,00000000       |               393,52 |
    8o. 06/2014     |  1,00000000       |               393,52 |      8o. 06/2015     |  1,00000000       |               393,52 |
    9o. 07/2014     |  1,00000000       |               393,52 |      9o. 07/2015     |  1,00000000       |               393,52 |
   10o. 08/2014     |  1,00000000       |               393,52 |     10o. 08/2015     |  1,00000000       |               393,52 |
   11o. 09/2014     |  1,00000000       |               393,52 |     11o. 09/2015     |  1,00000000       |               393,52 |
   12o. 10/2014     |  1,00000000       |               393,52 |     12o. 10/2015     |  1,00000000       |               393,52 |
----------------------------------------------------------------------------------------------------------------------------------
----------------------------------------------------------------------------------------------------------------------------------
5- OBSERVAÇÕES: 
----------------------------------------------------------------------------------------------------------------------------------
----------------------------------------------------------------------------------------------------------------------------------
                                   CONTROLE DE CREDITO DO ATIVO PERMANENTE - CIAP                             |NUMERO DE ORDEM
                                                      MODELO   D                                              |   38
----------------------------------------------------------------------------------------------------------------------------------
1- IDENTIFICACAO
----------------------------------------------------------------------------------------------------------------------------------
Contribuinte: SASAZAKI INDÚSTRIA E COMÉRCIO LTDA                                    | Inscricao Estadual: 438.010.070.113
----------------------------------------------------------------------------------------------------------------------------------
         Bem: PT0/ID38/Material D.Direto - TRIBUTADO
----------------------------------------------------------------------------------------------------------------------------------
2- ENTRADA
----------------------------------------------------------------------------------------------------------------------------------
Fornecedor: NICOM COMERC MATS PARA CONSTRUCOES LTDA                                               | Nota Fiscal: 9372016
----------------------------------------------------------------------------------------------------------------------------------
Numero do LRE              | Folha               | Data de Entrada  | Valor de Aquisicao           | Valor do Imposto
                      0    |                0    |    07/11/2011    |                10.000,22     |                    1.700,04
----------------------------------------------------------------------------------------------------------------------------------
3- SAIDA
----------------------------------------------------------------------------------------------------------------------------------
Nota Fiscal                | Modelo              | Data de Saida    |
----------------------------------------------------------------------------------------------------------------------------------
4- CREDITO MENSAL
----------------------------------------------------------------------------------------------------------------------------------
                  1o. ANO                                                                2o. ANO
----------------------------------------------------------------------------------------------------------------------------------
 MES                |       FATOR       |     VALOR            |   MES                |       FATOR       |     VALOR            |
----------------------------------------------------------------------------------------------------------------------------------
    1o. 11/2011     |  1,00000000       |                35,42 |      1o. 11/2012     |  1,00000000       |                35,42 |
    2o. 12/2011     |  1,00000000       |                35,42 |      2o. 12/2012     |  1,00000000       |                35,42 |
    3o. 01/2012     |  1,00000000       |                35,42 |      3o. 01/2013     |  1,00000000       |                35,42 |
    4o. 02/2012     |  1,00000000       |                35,42 |      4o. 02/2013     |  1,00000000       |                35,42 |
    5o. 03/2012     |  1,00000000       |                35,42 |      5o. 03/2013     |  1,00000000       |                35,42 |
    6o. 04/2012     |  1,00000000       |                35,42 |      6o. 04/2013     |  1,00000000       |                35,42 |
    7o. 05/2012     |  1,00000000       |                35,42 |      7o. 05/2013     |  1,00000000       |                35,42 |
    8o. 06/2012     |  1,00000000       |                35,42 |      8o. 06/2013     |  1,00000000       |                35,42 |
    9o. 07/2012     |  1,00000000       |                35,42 |      9o. 07/2013     |  1,00000000       |                35,42 |
   10o. 08/2012     |  1,00000000       |                35,42 |     10o. 08/2013     |  1,00000000       |                35,42 |
   11o. 09/2012     |  1,00000000       |                35,42 |     11o. 09/2013     |  1,00000000       |                35,42 |
   12o. 10/2012     |  1,00000000       |                35,42 |     12o. 10/2013     |  1,00000000       |                35,42 |
----------------------------------------------------------------------------------------------------------------------------------
----------------------------------------------------------------------------------------------------------------------------------
                  3o. ANO                                                                4o. ANO
----------------------------------------------------------------------------------------------------------------------------------
 MES                |       FATOR       |     VALOR            |   MES                |       FATOR       |     VALOR            |
----------------------------------------------------------------------------------------------------------------------------------
    1o. 11/2013     |  1,00000000       |                35,42 |      1o. 11/2014     |  1,00000000       |                35,42 |
    2o. 12/2013     |  1,00000000       |                35,42 |      2o. 12/2014     |  1,00000000       |                35,42 |
    3o. 01/2014     |  1,00000000       |                35,42 |      3o. 01/2015     |  1,00000000       |                35,42 |
    4o. 02/2014     |  1,00000000       |                35,42 |      4o. 02/2015     |  1,00000000       |                35,42 |
    5o. 03/2014     |  1,00000000       |                35,42 |      5o. 03/2015     |  1,00000000       |                35,42 |
    6o. 04/2014     |  1,00000000       |                35,42 |      6o. 04/2015     |  1,00000000       |                35,42 |
    7o. 05/2014     |  1,00000000       |                35,42 |      7o. 05/2015     |  1,00000000       |                35,42 |
    8o. 06/2014     |  1,00000000       |                35,42 |      8o. 06/2015     |  1,00000000       |                35,42 |
    9o. 07/2014     |  1,00000000       |                35,42 |      9o. 07/2015     |  1,00000000       |                35,42 |
   10o. 08/2014     |  1,00000000       |                35,42 |     10o. 08/2015     |  1,00000000       |                35,42 |
   11o. 09/2014     |  1,00000000       |                35,42 |     11o. 09/2015     |  1,00000000       |                35,42 |
   12o. 10/2014     |  1,00000000       |                35,42 |     12o. 10/2015     |  1,00000000       |                35,42 |
----------------------------------------------------------------------------------------------------------------------------------
----------------------------------------------------------------------------------------------------------------------------------
5- OBSERVAÇÕES: 
----------------------------------------------------------------------------------------------------------------------------------
----------------------------------------------------------------------------------------------------------------------------------
                                   CONTROLE DE CREDITO DO ATIVO PERMANENTE - CIAP                             |NUMERO DE ORDEM
                                                      MODELO   D                                              |   39
----------------------------------------------------------------------------------------------------------------------------------
1- IDENTIFICACAO
----------------------------------------------------------------------------------------------------------------------------------
Contribuinte: SASAZAKI INDÚSTRIA E COMÉRCIO LTDA                                    | Inscricao Estadual: 438.010.070.113
----------------------------------------------------------------------------------------------------------------------------------
         Bem: PT0/ID39/Material D.Direto - TRIBUTADO
----------------------------------------------------------------------------------------------------------------------------------
2- ENTRADA
----------------------------------------------------------------------------------------------------------------------------------
Fornecedor: NICOM COMERC MATS PARA CONSTRUCOES LTDA                                               | Nota Fiscal: 9382016
----------------------------------------------------------------------------------------------------------------------------------
Numero do LRE              | Folha               | Data de Entrada  | Valor de Aquisicao           | Valor do Imposto
                      0    |                0    |    07/11/2011    |                   333,11     |                       56,63
----------------------------------------------------------------------------------------------------------------------------------
3- SAIDA
----------------------------------------------------------------------------------------------------------------------------------
Nota Fiscal                | Modelo              | Data de Saida    |
----------------------------------------------------------------------------------------------------------------------------------
4- CREDITO MENSAL
----------------------------------------------------------------------------------------------------------------------------------
                  1o. ANO                                                                2o. ANO
----------------------------------------------------------------------------------------------------------------------------------
 MES                |       FATOR       |     VALOR            |   MES                |       FATOR       |     VALOR            |
----------------------------------------------------------------------------------------------------------------------------------
    1o. 11/2011     |  1,00000000       |                 1,18 |      1o. 11/2012     |  1,00000000       |                 1,18 |
    2o. 12/2011     |  1,00000000       |                 1,18 |      2o. 12/2012     |  1,00000000       |                 1,18 |
    3o. 01/2012     |  1,00000000       |                 1,18 |      3o. 01/2013     |  1,00000000       |                 1,18 |
    4o. 02/2012     |  1,00000000       |                 1,18 |      4o. 02/2013     |  1,00000000       |                 1,18 |
    5o. 03/2012     |  1,00000000       |                 1,18 |      5o. 03/2013     |  1,00000000       |                 1,18 |
    6o. 04/2012     |  1,00000000       |                 1,18 |      6o. 04/2013     |  1,00000000       |                 1,18 |
    7o. 05/2012     |  1,00000000       |                 1,18 |      7o. 05/2013     |  1,00000000       |                 1,18 |
    8o. 06/2012     |  1,00000000       |                 1,18 |      8o. 06/2013     |  1,00000000       |                 1,18 |
    9o. 07/2012     |  1,00000000       |                 1,18 |      9o. 07/2013     |  1,00000000       |                 1,18 |
   10o. 08/2012     |  1,00000000       |                 1,18 |     10o. 08/2013     |  1,00000000       |                 1,18 |
   11o. 09/2012     |  1,00000000       |                 1,18 |     11o. 09/2013     |  1,00000000       |                 1,18 |
   12o. 10/2012     |  1,00000000       |                 1,18 |     12o. 10/2013     |  1,00000000       |                 1,18 |
----------------------------------------------------------------------------------------------------------------------------------
----------------------------------------------------------------------------------------------------------------------------------
                  3o. ANO                                                                4o. ANO
----------------------------------------------------------------------------------------------------------------------------------
 MES                |       FATOR       |     VALOR            |   MES                |       FATOR       |     VALOR            |
----------------------------------------------------------------------------------------------------------------------------------
    1o. 11/2013     |  1,00000000       |                 1,18 |      1o. 11/2014     |  1,00000000       |                 1,18 |
    2o. 12/2013     |  1,00000000       |                 1,18 |      2o. 12/2014     |  1,00000000       |                 1,18 |
    3o. 01/2014     |  1,00000000       |                 1,18 |      3o. 01/2015     |  1,00000000       |                 1,18 |
    4o. 02/2014     |  1,00000000       |                 1,18 |      4o. 02/2015     |  1,00000000       |                 1,18 |
    5o. 03/2014     |  1,00000000       |                 1,18 |      5o. 03/2015     |  1,00000000       |                 1,18 |
    6o. 04/2014     |  1,00000000       |                 1,18 |      6o. 04/2015     |  1,00000000       |                 1,18 |
    7o. 05/2014     |  1,00000000       |                 1,18 |      7o. 05/2015     |  1,00000000       |                 1,18 |
    8o. 06/2014     |  1,00000000       |                 1,18 |      8o. 06/2015     |  1,00000000       |                 1,18 |
    9o. 07/2014     |  1,00000000       |                 1,18 |      9o. 07/2015     |  1,00000000       |                 1,18 |
   10o. 08/2014     |  1,00000000       |                 1,18 |     10o. 08/2015     |  1,00000000       |                 1,18 |
   11o. 09/2014     |  1,00000000       |                 1,18 |     11o. 09/2015     |  1,00000000       |                 1,18 |
   12o. 10/2014     |  1,00000000       |                 1,18 |     12o. 10/2015     |  1,00000000       |                 1,18 |
----------------------------------------------------------------------------------------------------------------------------------
----------------------------------------------------------------------------------------------------------------------------------
5- OBSERVAÇÕES: 
----------------------------------------------------------------------------------------------------------------------------------
----------------------------------------------------------------------------------------------------------------------------------
                                   CONTROLE DE CREDITO DO ATIVO PERMANENTE - CIAP                             |NUMERO DE ORDEM
                                                      MODELO   D                                              |   40
----------------------------------------------------------------------------------------------------------------------------------
1- IDENTIFICACAO
----------------------------------------------------------------------------------------------------------------------------------
Contribuinte: SASAZAKI INDÚSTRIA E COMÉRCIO LTDA                                    | Inscricao Estadual: 438.010.070.113
----------------------------------------------------------------------------------------------------------------------------------
         Bem: PT0/ID40/Material D.Direto - TRIBUTADO
----------------------------------------------------------------------------------------------------------------------------------
2- ENTRADA
----------------------------------------------------------------------------------------------------------------------------------
Fornecedor: NICOM COMERC MATS PARA CONSTRUCOES LTDA                                               | Nota Fiscal: 9392016
----------------------------------------------------------------------------------------------------------------------------------
Numero do LRE              | Folha               | Data de Entrada  | Valor de Aquisicao           | Valor do Imposto
                      0    |                0    |    07/11/2011    |                   123,46     |                       20,99
----------------------------------------------------------------------------------------------------------------------------------
3- SAIDA
----------------------------------------------------------------------------------------------------------------------------------
Nota Fiscal                | Modelo              | Data de Saida    |
----------------------------------------------------------------------------------------------------------------------------------
4- CREDITO MENSAL
----------------------------------------------------------------------------------------------------------------------------------
                  1o. ANO                                                                2o. ANO
----------------------------------------------------------------------------------------------------------------------------------
 MES                |       FATOR       |     VALOR            |   MES                |       FATOR       |     VALOR            |
----------------------------------------------------------------------------------------------------------------------------------
    1o. 11/2011     |  1,00000000       |                 0,44 |      1o. 11/2012     |  1,00000000       |                 0,44 |
    2o. 12/2011     |  1,00000000       |                 0,44 |      2o. 12/2012     |  1,00000000       |                 0,44 |
    3o. 01/2012     |  1,00000000       |                 0,44 |      3o. 01/2013     |  1,00000000       |                 0,44 |
    4o. 02/2012     |  1,00000000       |                 0,44 |      4o. 02/2013     |  1,00000000       |                 0,44 |
    5o. 03/2012     |  1,00000000       |                 0,44 |      5o. 03/2013     |  1,00000000       |                 0,44 |
    6o. 04/2012     |  1,00000000       |                 0,44 |      6o. 04/2013     |  1,00000000       |                 0,44 |
    7o. 05/2012     |  1,00000000       |                 0,44 |      7o. 05/2013     |  1,00000000       |                 0,44 |
    8o. 06/2012     |  1,00000000       |                 0,44 |      8o. 06/2013     |  1,00000000       |                 0,44 |
    9o. 07/2012     |  1,00000000       |                 0,44 |      9o. 07/2013     |  1,00000000       |                 0,44 |
   10o. 08/2012     |  1,00000000       |                 0,44 |     10o. 08/2013     |  1,00000000       |                 0,44 |
   11o. 09/2012     |  1,00000000       |                 0,44 |     11o. 09/2013     |  1,00000000       |                 0,44 |
   12o. 10/2012     |  1,00000000       |                 0,44 |     12o. 10/2013     |  1,00000000       |                 0,44 |
----------------------------------------------------------------------------------------------------------------------------------
----------------------------------------------------------------------------------------------------------------------------------
                  3o. ANO                                                                4o. ANO
----------------------------------------------------------------------------------------------------------------------------------
 MES                |       FATOR       |     VALOR            |   MES                |       FATOR       |     VALOR            |
----------------------------------------------------------------------------------------------------------------------------------
    1o. 11/2013     |  1,00000000       |                 0,44 |      1o. 11/2014     |  1,00000000       |                 0,44 |
    2o. 12/2013     |  1,00000000       |                 0,44 |      2o. 12/2014     |  1,00000000       |                 0,44 |
    3o. 01/2014     |  1,00000000       |                 0,44 |      3o. 01/2015     |  1,00000000       |                 0,44 |
    4o. 02/2014     |  1,00000000       |                 0,44 |      4o. 02/2015     |  1,00000000       |                 0,44 |
    5o. 03/2014     |  1,00000000       |                 0,44 |      5o. 03/2015     |  1,00000000       |                 0,44 |
    6o. 04/2014     |  1,00000000       |                 0,44 |      6o. 04/2015     |  1,00000000       |                 0,44 |
    7o. 05/2014     |  1,00000000       |                 0,44 |      7o. 05/2015     |  1,00000000       |                 0,44 |
    8o. 06/2014     |  1,00000000       |                 0,44 |      8o. 06/2015     |  1,00000000       |                 0,44 |
    9o. 07/2014     |  1,00000000       |                 0,44 |      9o. 07/2015     |  1,00000000       |                 0,44 |
   10o. 08/2014     |  1,00000000       |                 0,44 |     10o. 08/2015     |  1,00000000       |                 0,44 |
   11o. 09/2014     |  1,00000000       |                 0,44 |     11o. 09/2015     |  1,00000000       |                 0,44 |
   12o. 10/2014     |  1,00000000       |                 0,44 |     12o. 10/2015     |  1,00000000       |                 0,44 |
----------------------------------------------------------------------------------------------------------------------------------
----------------------------------------------------------------------------------------------------------------------------------
5- OBSERVAÇÕES: 
----------------------------------------------------------------------------------------------------------------------------------
