FIRMA : Estabelecimento TOTVS - Ñ ALTERAR CONTAS      INSCR. EST. - 255721161           C.N.P.J. - 53113791001790       FOLHA      1


PERÍODO  - 01/05 A 31/05/2011                      APURAÇÃO DE PIS/COFINS NAS ENTRADAS - NORMAL

CÓDIGO                                    VALOR             BASE DE             BASE DE     VALOR PIS/PASEP        VALOR COFINS
FISCAL                                 CONTÁBIL         CÁLCULO PIS      CÁLCULO COFINS

1101                                          367,50                0,00                0,00                0,00                0,00
Compra materia prima

1101a                                         560,00                0,00                0,00                0,00                0,00
Compra materia prima

1112                                    1.106.347,64          833.093,04          833.093,04           17.509,96           80.651,59
COMPRA DE INSUMOS

1113                                       19.224,21           19.224,21           19.224,21              317,23            1.461,06
COMPRA DE INSUMOS

1115                                       18.899,00           18.899,00           18.899,00              311,90            1.436,33
COMPRA DE INSUMOS

111FAF                                        110,00              110,00              110,00                1,82                8,36
Faturamento Antecipado - Fatura

1.101      TOTAL                        1.145.508,35          871.326,25          871.326,25           18.140,91           83.557,34
COMPRA DE INSUMOS

11314                                       3.125,00            3.125,00            3.125,00               51,57              237,50
INDUSTR.EFET. P/TERCEIROS

1.124      TOTAL                            3.125,00            3.125,00            3.125,00               51,57              237,50
INDUST. EFEF.  OUTRA EMPRESA

1322                                          160,00              160,00              160,00                2,64               12,16
DEVOLUCAO

1.202      TOTAL                              160,00              160,00              160,00                2,64               12,16
DEVOLUCAO DE MERCADORIAS

1621os                                        171,78                0,00                0,00                0,00                0,00
FRETE ATIVO

16230                                       2.467,76            2.467,76            2.467,76               40,73              187,54
FRETE DE INSUMOS

16231                                       2.204,54            2.204,54            2.204,54               36,37              167,55
AQUIS. SERV. DE TRANSPORTE

16235                                       7.930,00            7.930,00            7.930,00              130,85              602,68
AQUIS. SERV. DE TRANSPORTE

1626                                        1.050,00            1.050,00            1.050,00               17,33               79,80
FRETE DE INSUMOS

162950                                        391,00                0,00                0,00                0,00                0,00
FRETE DESPESA

162953                                      4.705,56                0,00                0,00                0,00                0,00
FRETE ATIVO


-------------------------------------------------------------------------------------DATASUL - OBRIGAÇÕES - OF0770RP - V:0.00.00.000
FIRMA : Estabelecimento TOTVS - Ñ ALTERAR CONTAS      INSCR. EST. - 255721161           C.N.P.J. - 53113791001790       FOLHA      2


PERÍODO  - 01/05 A 31/05/2011                      APURAÇÃO DE PIS/COFINS NAS ENTRADAS - NORMAL

CÓDIGO                                    VALOR             BASE DE             BASE DE     VALOR PIS/PASEP        VALOR COFINS
FISCAL                                 CONTÁBIL         CÁLCULO PIS      CÁLCULO COFINS

1.352      TOTAL                           18.920,64           13.652,30           13.652,30              225,28            1.037,57
AQUISICAO  SERV. TRANSP.

1114                                          609,00              609,00              609,00               10,05               46,28
COMPRA DE INSUMOS

1.401      TOTAL                              609,00              609,00              609,00               10,05               46,28
COMPRA DE INSUMOS

1932os                                      6.663,60            6.663,60            6.663,60                0,00                0,00
COMPRA P/ATIVO IMOBILIZADO

1.406      TOTAL                            6.663,60            6.663,60            6.663,60                0,00                0,00
COMPRA P/ ATIVO - ST

19713                                       6.559,72                0,00                0,00                0,00                0,00
COMPRA MAT DE CONSUMO

1.407      TOTAL                            6.559,72                0,00                0,00                0,00                0,00
COMPRA MAT/ USO OU CONSUMO - ST

131ste                                      1.805,84            1.701,70            1.701,70               28,08              129,33
DEVOL. DE PROD DO ESTABEL-ST

1.410      TOTAL                            1.805,84            1.701,70            1.701,70               28,08              129,33
DEVOLUÇÃO DE PRODUTOS

1551R1                                        140,00                0,00                0,00                0,00                0,00
Compra Ativo 01

1911os                                      3.197,88            3.045,60            3.045,60                0,00                0,00
COMPRA P/ATIVO IMOBILIZADO

1914os                                      5.440,00            5.440,00            5.440,00               89,76              413,44
COMPRA P/ATIVO IMOBILIZADO

1918os                                        404,23              351,50              351,50                5,80               26,72
COMPRA P/ATIVO IMOBILIZADO

1929os                                        473,00              473,00              473,00                7,84               35,94
COMPRA P/ATIVO IMOBILIZADO

193os                                      16.467,85           15.622,19           15.622,19                0,00                0,00
COMPRA P/ATIVO IMOBILIZADO

1.551      TOTAL                           26.122,96           24.932,29           24.932,29              103,40              476,10
COMPRA PARA ATIVO IMOBILIZADO

1032                                          275,00              275,00              275,00                4,54               20,90
COMPRAS DE INSUMOS

1971                                        3.780,50                0,00                0,00                0,00                0,00
COMPRA MAT DE CONSUMO


-------------------------------------------------------------------------------------DATASUL - OBRIGAÇÕES - OF0770RP - V:0.00.00.000
FIRMA : Estabelecimento TOTVS - Ñ ALTERAR CONTAS      INSCR. EST. - 255721161           C.N.P.J. - 53113791001790       FOLHA      3


PERÍODO  - 01/05 A 31/05/2011                      APURAÇÃO DE PIS/COFINS NAS ENTRADAS - NORMAL

CÓDIGO                                    VALOR             BASE DE             BASE DE     VALOR PIS/PASEP        VALOR COFINS
FISCAL                                 CONTÁBIL         CÁLCULO PIS      CÁLCULO COFINS

19710                                      11.845,28                0,00                0,00                0,00                0,00
COMPRA MAT DE CONSUMO

19712                                       8.727,70                0,00                0,00                0,00                0,00
COMPRA MAT DE CONSUMO

19730                                         350,85                0,00                0,00                0,00                0,00
COMPRA MAT DE CONSUMO

1.556      TOTAL                           24.979,33              275,00              275,00                4,54               20,90
COMPRA MAT/ USO OU CONSUMO

165421                                      5.546,00            5.546,00            5.546,00               91,51              421,50
COMPRA DE COMBUSTIVEL - MP

1.651      TOTAL                            5.546,00            5.546,00            5.546,00               91,51              421,50
COMPRA DE COMBUSTIVEL

165122                                      2.210,90                0,00                0,00                0,00                0,00
COMPRA OLEO DIESEL-ABASTECIMENTO

16553                                       1.151,74                0,00                0,00                0,00                0,00
COMPRA DE COMB. OU LUBR. - DESPESAS

1.653      TOTAL                            3.362,64                0,00                0,00                0,00                0,00
COMPRA DE COMBUSTIVEL

19421                                       1.517,68                0,00                0,00                0,00                0,00
RET / BENEF INDUST

1.902      TOTAL                            1.517,68                0,00                0,00                0,00                0,00
RETORNO DE MERC. INDUST.

199110                                         38,49                0,00                0,00                0,00                0,00
BONIFICACAO, DOACAO OU BRINDE

199161                                      5.900,00                0,00                0,00                0,00                0,00
COMPRA PARA BRINDE

1.910      TOTAL                            5.938,49                0,00                0,00                0,00                0,00
ENTRADA DE BONIFICACAO

199982                                     13.000,00                0,00                0,00                0,00                0,00
RETORNO DE CONSERTO

1.916      TOTAL                           13.000,00                0,00                0,00                0,00                0,00
RETORNO DE CONSERTO

199941                                     40.079,00                0,00                0,00                0,00                0,00
ENTRADA DE EMBALAGENS

1.920      TOTAL                           40.079,00                0,00                0,00                0,00                0,00
ENTRADAS DE EMBALAGENS


-------------------------------------------------------------------------------------DATASUL - OBRIGAÇÕES - OF0770RP - V:0.00.00.000
FIRMA : Estabelecimento TOTVS - Ñ ALTERAR CONTAS      INSCR. EST. - 255721161           C.N.P.J. - 53113791001790       FOLHA      4


PERÍODO  - 01/05 A 31/05/2011                      APURAÇÃO DE PIS/COFINS NAS ENTRADAS - NORMAL

CÓDIGO                                    VALOR             BASE DE             BASE DE     VALOR PIS/PASEP        VALOR COFINS
FISCAL                                 CONTÁBIL         CÁLCULO PIS      CÁLCULO COFINS

1802                                        1.144,00                0,00                0,00                0,00                0,00
SERVICO TRIB PELO ISS

1.933      TOTAL                            1.144,00                0,00                0,00                0,00                0,00
AQUISIÇÃO SERV. TRIB. ISS

1991                                       22.796,28                0,00                0,00                0,00                0,00
OUTRAS ENTRADAS

199991                                     10.000,00                0,00                0,00                0,00                0,00
RETORNO EMPRESTIMO

1.949      TOTAL                           32.796,28                0,00                0,00                0,00                0,00
OUTRAS ENTRADAS

1.000         TOTAL                     1.337.838,53          927.991,14          927.991,14           18.657,98           85.938,68


2112                                    1.454.716,61        1.433.361,61        1.433.361,61           23.701,96          109.172,63
COMPRA DE INSUMOS

2.101      TOTAL                        1.454.716,61        1.433.361,61        1.433.361,61           23.701,96          109.172,63
COMPRA DE INSUMOS

2121                                          120,00              120,00              120,00                1,98                9,12
COMPRA P/COMERCIALIZACAO

2.102      TOTAL                              120,00              120,00              120,00                1,98                9,12
COMPRA PARA COMERCIALIZACAO

29713                                          28,99                0,00                0,00                0,00                0,00
COMPRA MAT DE CONSUMO

29715                                          43,34                0,00                0,00                0,00                0,00
COMPRA MAT DE CONSUMO

2.407      TOTAL                               72,33                0,00                0,00                0,00                0,00
COMPRA MAT/ USO OU CONSUMO - ST

2971                                        1.500,00                0,00                0,00                0,00                0,00
COMPRA MAT DE CONSUMO

29710                                       1.424,00                0,00                0,00                0,00                0,00
COMPRA MAT DE CONSUMO

29714                                         153,56                0,00                0,00                0,00                0,00
COMPRA MAT DE CONSUMO

2.556      TOTAL                            3.077,56                0,00                0,00                0,00                0,00
COMPRA MAT/ USO OU CONSUMO

265122                                      2.393,22                0,00                0,00                0,00                0,00
COMPRA OLEO DIESEL-ABASTECIMENTO


-------------------------------------------------------------------------------------DATASUL - OBRIGAÇÕES - OF0770RP - V:0.00.00.000
FIRMA : Estabelecimento TOTVS - Ñ ALTERAR CONTAS      INSCR. EST. - 255721161           C.N.P.J. - 53113791001790       FOLHA      5


PERÍODO  - 01/05 A 31/05/2011                      APURAÇÃO DE PIS/COFINS NAS ENTRADAS - NORMAL

CÓDIGO                                    VALOR             BASE DE             BASE DE     VALOR PIS/PASEP        VALOR COFINS
FISCAL                                 CONTÁBIL         CÁLCULO PIS      CÁLCULO COFINS

26553                                         908,18                0,00                0,00                0,00                0,00
COMPRA DE COMB. OU LUBR. - DESPESAS

2.653      TOTAL                            3.301,40                0,00                0,00                0,00                0,00
COMPRA DE COMBUSTIVEL

299111                                          2,39                0,00                0,00                0,00                0,00
AMOSTRA GRATIS

2.911      TOTAL                                2,39                0,00                0,00                0,00                0,00
AMOSTRA GRATIS

299941                                      2.940,00                0,00                0,00                0,00                0,00
ENTRADA DE EMBALAGENS

2.920      TOTAL                            2.940,00                0,00                0,00                0,00                0,00
ENTRADA DE EMBALAGENS

2.000         TOTAL                     1.464.230,29        1.433.481,61        1.433.481,61           23.703,94          109.181,75


311a                                        3.100,00                0,00                0,00                0,00                0,00
COMPRA DE INSUMO - IMPORTADO

3.101      TOTAL                            3.100,00                0,00                0,00                0,00                0,00
COMPRA DE INSUMOS

3911                                          195,00                0,00                0,00                0,00                0,00
COMPRA P/ ATIVO FIXO

3911OS                                        220,00                0,00                0,00                0,00                0,00
COMPRA  ATIVO IMOBILIZADO

3.551      TOTAL                              415,00                0,00                0,00                0,00                0,00
Compra ativo

3.000         TOTAL                         3.515,00                0,00                0,00                0,00                0,00


Total Entradas                          2.805.583,82        2.361.472,75        2.361.472,75           42.361,92          195.120,43



                                                   APURAÇÃO DE PIS/COFINS NAS SAÍDAS - NORMAL  


51111                                       3.794,53            3.794,53            3.794,53               62,61              288,39
VENDA DE PRODUTOS

511118                                     26.112,45           26.112,45           26.112,45              430,86            1.984,55
VENDA DE PRODUTOS

5111ST                                    683.343,75          643.544,39          643.544,39           10.618,60           48.909,22
VENDA DE PRODUTOS-ST

-------------------------------------------------------------------------------------DATASUL - OBRIGAÇÕES - OF0770RP - V:0.00.00.000
FIRMA : Estabelecimento TOTVS - Ñ ALTERAR CONTAS      INSCR. EST. - 255721161           C.N.P.J. - 53113791001790       FOLHA      6


PERÍODO  - 01/05 A 31/05/2011                      APURAÇÃO DE PIS/COFINS NAS SAÍDAS - NORMAL

CÓDIGO                                    VALOR             BASE DE             BASE DE     VALOR PIS/PASEP        VALOR COFINS
FISCAL                                 CONTÁBIL         CÁLCULO PIS      CÁLCULO COFINS

5.101      TOTAL                          713.250,73          673.451,37          673.451,37           11.112,07           51.182,16
VENDA DE PRODUTOS

51212                                         100,00              100,00              100,00                1,65                7,60
VENDA DE MERCADORIAS

5123                                          360,00              360,00              360,00                5,94               27,36
VENDA DE SUCATAS

5124                                           83,77               83,77               83,77                1,38                6,37
VENDA DE MATERIA PRIMA

5.102      TOTAL                              543,77              543,77              543,77                8,97               41,33
VENDA DE MERCADORIA

5311                                        1.590,11            1.590,11            1.590,11               26,24              120,85
DEVOL MATERIA PRIMA

5.201      TOTAL                            1.590,11            1.590,11            1.590,11               26,24              120,85
DEVOLUCAO DE MATERIA PRIMA

5118ST                                    893.118,21          844.476,35          844.476,35           13.933,92           64.180,24
VENDA DE PRODUTOS-ST

5.401      TOTAL                          893.118,21          844.476,35          844.476,35           13.933,92           64.180,24
VENDA DE PRODUTOS-ST

5911                                        6.138,00                0,00                0,00                0,00                0,00
VENDA ATIVO IMOBILIZADO

5912                                          250,00                0,00                0,00                0,00                0,00
VENDA ATIVO IMOBILIZADO

5.551      TOTAL                            6.388,00                0,00                0,00                0,00                0,00
VENDA DE ATIVO IMOBILIZADO

595401                                        220,00                0,00                0,00                0,00                0,00
DEVOLUCAO ATIVO

5.553      TOTAL                              220,00                0,00                0,00                0,00                0,00
DEVOLUCAO DE ATIVO IMOBILIZADO

5931                                      310.439,74                0,00                0,00                0,00                0,00
REMESSA INDUSTRIALIZACAO

5.901      TOTAL                          310.439,74                0,00                0,00                0,00                0,00
REMESSA P/ INDUST.

599901                                        607,06                0,00                0,00                0,00                0,00
COMODATO

5.908      TOTAL                              607,06                0,00                0,00                0,00                0,00
REMESSA POR COMODATO


-------------------------------------------------------------------------------------DATASUL - OBRIGAÇÕES - OF0770RP - V:0.00.00.000
FIRMA : Estabelecimento TOTVS - Ñ ALTERAR CONTAS      INSCR. EST. - 255721161           C.N.P.J. - 53113791001790       FOLHA      7


PERÍODO  - 01/05 A 31/05/2011                      APURAÇÃO DE PIS/COFINS NAS SAÍDAS - NORMAL

CÓDIGO                                    VALOR             BASE DE             BASE DE     VALOR PIS/PASEP        VALOR COFINS
FISCAL                                 CONTÁBIL         CÁLCULO PIS      CÁLCULO COFINS

599ST                                      11.062,47                0,00                0,00                0,00                0,00
BONIFICACAO DE PRODUTOS

5.910      TOTAL                           11.062,47                0,00                0,00                0,00                0,00
REMESSA  BONIFICAÇÃO

599915                                        100,00                0,00                0,00                0,00                0,00
REMESSA CONSERTO

5.915      TOTAL                              100,00                0,00                0,00                0,00                0,00
REMESSA P/ CONSERTO

599972                                     25.836,00                0,00                0,00                0,00                0,00
RETORNO DE EMBALAGEM

5.921      TOTAL                           25.836,00                0,00                0,00                0,00                0,00
RETORNO DE EMBALAGEM

599113                                         70,61                0,00                0,00                0,00                0,00
REM PECAS PROD ASSIS TECNICA

59916                                       5.900,00                0,00                0,00                0,00                0,00
BRINDE

5.949      TOTAL                            5.970,61                0,00                0,00                0,00                0,00
OUTRAS SAIDAS

5.000         TOTAL                     1.969.126,70        1.520.061,60        1.520.061,60           25.081,20          115.524,58


6111                                      204.359,28          204.283,28          204.283,28            3.370,75           15.525,51
VENDA DE PRODUTOS

61118                                      73.426,51           73.426,51           73.426,51            1.211,56            5.580,42
VENDA DE PRODUTOS

6112                                      157.302,90          157.250,34          157.250,34            2.594,60           11.951,07
VENDA DE PRODUTOS

61128                                      85.169,37           85.169,37           85.169,37            1.405,27            6.472,86
VENDA DE PRODUTOS

6116                                          190,00              190,00              190,00                3,13               14,44
VENDA

611OUT                                        125,00              125,00              125,00                2,06                9,50
VENDA - ICMS OUTROS

611RB                                         500,00              500,00              500,00                8,25               38,00
VENDA - Redução Base Calc ICMS

6.101      TOTAL                          521.073,06          520.944,50          520.944,50            8.595,62           39.591,80
Venda Mercadoria


-------------------------------------------------------------------------------------DATASUL - OBRIGAÇÕES - OF0770RP - V:0.00.00.000
FIRMA : Estabelecimento TOTVS - Ñ ALTERAR CONTAS      INSCR. EST. - 255721161           C.N.P.J. - 53113791001790       FOLHA      8


PERÍODO  - 01/05 A 31/05/2011                      APURAÇÃO DE PIS/COFINS NAS SAÍDAS - NORMAL

CÓDIGO                                    VALOR             BASE DE             BASE DE     VALOR PIS/PASEP        VALOR COFINS
FISCAL                                 CONTÁBIL         CÁLCULO PIS      CÁLCULO COFINS

6126                                           61,67               61,67               61,67                1,02                4,69
VENDA MAT. PRIMA

6.102      TOTAL                               61,67               61,67               61,67                1,02                4,69
VENDA DE MERCADORIAS

6181                                          668,00              668,00              668,00               11,02               50,77
VENDA DE PRODUTOS

61818                                       2.908,43            2.908,43            2.908,43               48,00              221,04
VENDA DE PRODUTOS

6.107      TOTAL                            3.576,43            3.576,43            3.576,43               59,02              271,81
VENDA DE PRODUTOS

611-13                                      1.650,00            1.500,00            1.500,00               24,75              114,00
VENDA DE PRODUTOS Favor nao alterar

611ZFM                                     99.367,43                0,00                0,00                0,00                0,00
VENDA DE PRODUTOS / Z F M

6.109      TOTAL                          101.017,43            1.500,00            1.500,00               24,75              114,00
VENDA DE PRODUTOS ZFM/ALC

611FA                                         175,00              175,00              175,00                2,88               13,30
Faturamento Antecipado

6.118      TOTAL                              175,00              175,00              175,00                2,88               13,30
VENDA POR CONTA E ORDEM

61120                                      81.591,10           71.985,62           71.985,62            1.187,74            5.470,90
VENDA DE PRODUTOS-ST

611208                                        573,21              520,39              520,39                8,59               39,55
VENDA DE PRODUTOS-ST

6118MG                                     86.733,96           76.419,77           76.419,77            1.260,92            5.807,93
VENDA DE PRODUTOS-ST

6118RJ                                     26.298,63           22.861,40           22.861,40              377,16            1.737,48
VENDA DE PRODUTOS-ST

6118RS                                        595,36              532,56              532,56                8,78               40,47
VENDA DE PRODUTOS-ST

611MG                                     260.156,34          228.420,34          228.420,34            3.768,93           17.359,98
VENDA DE PRODUTOS-ST

611RJ                                      85.687,53           74.638,55           74.638,55            1.231,56            5.672,49
VENDA DE PRODUTOS-ST

611RS                                      67.822,69           60.473,96           60.473,96              997,82            4.596,00
VENDA DE PRODUTOS-ST


-------------------------------------------------------------------------------------DATASUL - OBRIGAÇÕES - OF0770RP - V:0.00.00.000
FIRMA : Estabelecimento TOTVS - Ñ ALTERAR CONTAS      INSCR. EST. - 255721161           C.N.P.J. - 53113791001790       FOLHA      9


PERÍODO  - 01/05 A 31/05/2011                      APURAÇÃO DE PIS/COFINS NAS SAÍDAS - NORMAL

CÓDIGO                                    VALOR             BASE DE             BASE DE     VALOR PIS/PASEP        VALOR COFINS
FISCAL                                 CONTÁBIL         CÁLCULO PIS      CÁLCULO COFINS

611SC                                       4.185,73            4.046,78            4.046,78               66,77              307,55
VENDA DE PRODUTOS-ST

6.401      TOTAL                          613.644,55          539.899,37          539.899,37            8.908,27           41.032,35
VENDA DE PRODUTOS-ST

611st                                       1.650,00                0,00                0,00                0,00                0,00
VENDA - ICMS ST

6.403      TOTAL                            1.650,00                0,00                0,00                0,00                0,00
VENDA DE MERCADORIAS-ST

686131                                      2.510,60                0,00                0,00                0,00                0,00
VENDA DE PRODUTOS  EXPORTACAO

6.501      TOTAL                            2.510,60                0,00                0,00                0,00                0,00
REMESSA  PROD EST FINS EXPORT.

6912                                          135,00                0,00                0,00                0,00                0,00
VENDA DE ATIVO IMOBILIZADO

6.551      TOTAL                              135,00                0,00                0,00                0,00                0,00
VENDA DE ATIVO IMOBILIZADO

699901                                      1.821,18                0,00                0,00                0,00                0,00
COMODATO

6.908      TOTAL                            1.821,18                0,00                0,00                0,00                0,00
REMESSA POR COMODATO

69910                                       7.630,82                0,00                0,00                0,00                0,00
BONIFICACAO DE PRODUTOS

69911                                       1.030,37                0,00                0,00                0,00                0,00
BONIFICACAO DE PRODUTOS

699131                                      2.298,45                0,00                0,00                0,00                0,00
DOACAO DE EXPOSITOR

699132                                        577,50                0,00                0,00                0,00                0,00
DOACAO DE EXPOSITOR

699MS                                       4.556,85                0,00                0,00                0,00                0,00
BONIFICACAO DE PRODUTOS

699MT                                      85.935,07                0,00                0,00                0,00                0,00
BONIFICACAO DE PRODUTOS

6.910      TOTAL                          102.029,06                0,00                0,00                0,00                0,00
REMESSA EM BONIFICAÇÃO

699925                                      4.500,00                0,00                0,00                0,00                0,00
REMESSA CONSERTO


-------------------------------------------------------------------------------------DATASUL - OBRIGAÇÕES - OF0770RP - V:0.00.00.000
FIRMA : Estabelecimento TOTVS - Ñ ALTERAR CONTAS      INSCR. EST. - 255721161           C.N.P.J. - 53113791001790       FOLHA     10


PERÍODO  - 01/05 A 31/05/2011                      APURAÇÃO DE PIS/COFINS NAS SAÍDAS - NORMAL

CÓDIGO                                    VALOR             BASE DE             BASE DE     VALOR PIS/PASEP        VALOR COFINS
FISCAL                                 CONTÁBIL         CÁLCULO PIS      CÁLCULO COFINS

6.915      TOTAL                            4.500,00                0,00                0,00                0,00                0,00
REMESSA P/CONSERTO

699943                                      4.200,00                0,00                0,00                0,00                0,00
RETORNO DE EMBALAGEM

6.921      TOTAL                            4.200,00                0,00                0,00                0,00                0,00
RETORNO DE EMBALAGEM

699117                                        253,07                0,00                0,00                0,00                0,00
MATERIAL UTILIZADO NA ASSIST TECN

699171                                        603,50                0,00                0,00                0,00                0,00
REMESSA MATL PROPAGANDA PUBLICIDADE

6.949      TOTAL                              856,57                0,00                0,00                0,00                0,00
OUTRAS SAIDAS

6.000         TOTAL                     1.357.250,55        1.066.156,97        1.066.156,97           17.591,56           81.027,95


7111                                        1.800,00                0,00                0,00                0,00                0,00
VENDAS EXTERIOR

711a                                        3.400,00                0,00                0,00                0,00                0,00
VENDA - EXPORTAÇÃO

7.101      TOTAL                            5.200,00                0,00                0,00                0,00                0,00
VENDA DE PRODUTOS

7.000         TOTAL                         5.200,00                0,00                0,00                0,00                0,00


Total Saídas                            3.331.577,25        2.586.218,57        2.586.218,57           42.672,76          196.552,53


                                                                             RESUMO FINAL            

                                                                                         PIS             COFINS    
                                                   Total das Entradas...:          42.361,92         195.120,43
                                                   Total das Saídas.....:          42.672,76         196.552,53
                                                   Saldo Credor.........:               0,00               0,00
                                                   Saldo Devedor........:             310,84           1.432,10












-------------------------------------------------------------------------------------DATASUL - OBRIGAÇÕES - OF0770RP - V:0.00.00.000
FIRMA : Estabelecimento TOTVS - Ñ ALTERAR CONTAS      INSCR. EST. - 255721161           C.N.P.J. - 53113791001790       FOLHA     11






         SELEÇÃO

                             Período.: 01/05/2011|<    >|     31/05/2011

         PARÂMETROS

                  Estabelecimento: 1
                    Modo Execução: Por Natureza de Operação
                     TP Relatório: PIS/COFINS Normal

         IMPRESSÃO

                          Destino: Arquivo   -   c:/automacao/relatorios/OF
                          Usuário: super










































-------------------------------------------------------------------------------------DATASUL - OBRIGAÇÕES - OF0770RP - V:0.00.00.000
