FIRMA : Estabelecimento TOTVS - Ñ ALTERAR CONTAS      INSCR. EST. - 255721161           C.N.P.J. - 53113791001790       FOLHA      1


PERÍODO  - 01/05 A 31/05/2011                      APURAÇÃO DE PIS/COFINS NAS ENTRADAS - NORMAL

CÓDIGO                                    VALOR             BASE DE             BASE DE     VALOR PIS/PASEP        VALOR COFINS
FISCAL                                 CONTÁBIL         CÁLCULO PIS      CÁLCULO COFINS

1.101   TOTAL                           1.145.508,35          871.326,25          871.326,25           18.140,91           83.557,34
COMPRA DE INSUMOS

1.124   TOTAL                               3.125,00            3.125,00            3.125,00               51,57              237,50
INDUST. EFEF.  OUTRA EMPRESA

1.202   TOTAL                                 160,00              160,00              160,00                2,64               12,16
DEVOLUCAO DE MERCADORIAS

1.352   TOTAL                              18.920,64           13.652,30           13.652,30              225,28            1.037,57
AQUISICAO  SERV. TRANSP.

1.401   TOTAL                                 609,00              609,00              609,00               10,05               46,28
COMPRA DE INSUMOS

1.406   TOTAL                               6.663,60            6.663,60            6.663,60                0,00                0,00
COMPRA P/ ATIVO - ST

1.407   TOTAL                               6.559,72                0,00                0,00                0,00                0,00
COMPRA MAT/ USO OU CONSUMO - ST

1.410   TOTAL                               1.805,84            1.701,70            1.701,70               28,08              129,33
DEVOLUÇÃO DE PRODUTOS

1.551   TOTAL                              26.122,96           24.932,29           24.932,29              103,40              476,10
COMPRA PARA ATIVO IMOBILIZADO

1.556   TOTAL                              24.979,33              275,00              275,00                4,54               20,90
COMPRA MAT/ USO OU CONSUMO

1.651   TOTAL                               5.546,00            5.546,00            5.546,00               91,51              421,50
COMPRA DE COMBUSTIVEL

1.653   TOTAL                               3.362,64                0,00                0,00                0,00                0,00
COMPRA DE COMBUSTIVEL

1.902   TOTAL                               1.517,68                0,00                0,00                0,00                0,00
RETORNO DE MERC. INDUST.

1.910   TOTAL                               5.938,49                0,00                0,00                0,00                0,00
ENTRADA DE BONIFICACAO

1.916   TOTAL                              13.000,00                0,00                0,00                0,00                0,00
RETORNO DE CONSERTO

1.920   TOTAL                              40.079,00                0,00                0,00                0,00                0,00
ENTRADAS DE EMBALAGENS

1.933   TOTAL                               1.144,00                0,00                0,00                0,00                0,00
AQUISIÇÃO SERV. TRIB. ISS

1.949   TOTAL                              32.796,28                0,00                0,00                0,00                0,00
OUTRAS ENTRADAS


-------------------------------------------------------------------------------------DATASUL - OBRIGAÇÕES - OF0770RP - V:0.00.00.000
FIRMA : Estabelecimento TOTVS - Ñ ALTERAR CONTAS      INSCR. EST. - 255721161           C.N.P.J. - 53113791001790       FOLHA      2


PERÍODO  - 01/05 A 31/05/2011                      APURAÇÃO DE PIS/COFINS NAS ENTRADAS - NORMAL

CÓDIGO                                    VALOR             BASE DE             BASE DE     VALOR PIS/PASEP        VALOR COFINS
FISCAL                                 CONTÁBIL         CÁLCULO PIS      CÁLCULO COFINS

1.000         TOTAL                     1.337.838,53          927.991,14          927.991,14           18.657,98           85.938,68


2.101   TOTAL                           1.454.716,61        1.433.361,61        1.433.361,61           23.701,96          109.172,63
COMPRA DE INSUMOS

2.102   TOTAL                                 120,00              120,00              120,00                1,98                9,12
COMPRA PARA COMERCIALIZACAO

2.407   TOTAL                                  72,33                0,00                0,00                0,00                0,00
COMPRA MAT/ USO OU CONSUMO - ST

2.556   TOTAL                               3.077,56                0,00                0,00                0,00                0,00
COMPRA MAT/ USO OU CONSUMO

2.653   TOTAL                               3.301,40                0,00                0,00                0,00                0,00
COMPRA DE COMBUSTIVEL

2.911   TOTAL                                   2,39                0,00                0,00                0,00                0,00
AMOSTRA GRATIS

2.920   TOTAL                               2.940,00                0,00                0,00                0,00                0,00
ENTRADA DE EMBALAGENS

2.000         TOTAL                     1.464.230,29        1.433.481,61        1.433.481,61           23.703,94          109.181,75


3.101   TOTAL                               3.100,00                0,00                0,00                0,00                0,00
COMPRA DE INSUMOS

3.551   TOTAL                                 415,00                0,00                0,00                0,00                0,00
Compra ativo

3.000         TOTAL                         3.515,00                0,00                0,00                0,00                0,00


Total Entradas                          2.805.583,82        2.361.472,75        2.361.472,75           42.361,92          195.120,43



                                                   APURAÇÃO DE PIS/COFINS NAS SAÍDAS - NORMAL  


5.101   TOTAL                             713.250,73          673.451,37          673.451,37           11.112,07           51.182,16
VENDA DE PRODUTOS

5.102   TOTAL                                 543,77              543,77              543,77                8,97               41,33
VENDA DE MERCADORIA

5.201   TOTAL                               1.590,11            1.590,11            1.590,11               26,24              120,85
DEVOLUCAO DE MATERIA PRIMA

5.401   TOTAL                             893.118,21          844.476,35          844.476,35           13.933,92           64.180,24
VENDA DE PRODUTOS-ST

-------------------------------------------------------------------------------------DATASUL - OBRIGAÇÕES - OF0770RP - V:0.00.00.000
FIRMA : Estabelecimento TOTVS - Ñ ALTERAR CONTAS      INSCR. EST. - 255721161           C.N.P.J. - 53113791001790       FOLHA      3


PERÍODO  - 01/05 A 31/05/2011                      APURAÇÃO DE PIS/COFINS NAS SAÍDAS - NORMAL

CÓDIGO                                    VALOR             BASE DE             BASE DE     VALOR PIS/PASEP        VALOR COFINS
FISCAL                                 CONTÁBIL         CÁLCULO PIS      CÁLCULO COFINS

5.551   TOTAL                               6.388,00                0,00                0,00                0,00                0,00
VENDA DE ATIVO IMOBILIZADO

5.553   TOTAL                                 220,00                0,00                0,00                0,00                0,00
DEVOLUCAO DE ATIVO IMOBILIZADO

5.901   TOTAL                             310.439,74                0,00                0,00                0,00                0,00
REMESSA P/ INDUST.

5.908   TOTAL                                 607,06                0,00                0,00                0,00                0,00
REMESSA POR COMODATO

5.910   TOTAL                              11.062,47                0,00                0,00                0,00                0,00
REMESSA  BONIFICAÇÃO

5.915   TOTAL                                 100,00                0,00                0,00                0,00                0,00
REMESSA P/ CONSERTO

5.921   TOTAL                              25.836,00                0,00                0,00                0,00                0,00
RETORNO DE EMBALAGEM

5.949   TOTAL                               5.970,61                0,00                0,00                0,00                0,00
OUTRAS SAIDAS

5.000         TOTAL                     1.969.126,70        1.520.061,60        1.520.061,60           25.081,20          115.524,58


6.101   TOTAL                             521.073,06          520.944,50          520.944,50            8.595,62           39.591,80
Venda Mercadoria

6.102   TOTAL                                  61,67               61,67               61,67                1,02                4,69
VENDA DE MERCADORIAS

6.107   TOTAL                               3.576,43            3.576,43            3.576,43               59,02              271,81
VENDA DE PRODUTOS

6.109   TOTAL                             101.017,43            1.500,00            1.500,00               24,75              114,00
VENDA DE PRODUTOS ZFM/ALC

6.118   TOTAL                                 175,00              175,00              175,00                2,88               13,30
VENDA POR CONTA E ORDEM

6.401   TOTAL                             613.644,55          539.899,37          539.899,37            8.908,27           41.032,35
VENDA DE PRODUTOS-ST

6.403   TOTAL                               1.650,00                0,00                0,00                0,00                0,00
VENDA DE MERCADORIAS-ST

6.501   TOTAL                               2.510,60                0,00                0,00                0,00                0,00
REMESSA  PROD EST FINS EXPORT.

6.551   TOTAL                                 135,00                0,00                0,00                0,00                0,00
VENDA DE ATIVO IMOBILIZADO


-------------------------------------------------------------------------------------DATASUL - OBRIGAÇÕES - OF0770RP - V:0.00.00.000
FIRMA : Estabelecimento TOTVS - Ñ ALTERAR CONTAS      INSCR. EST. - 255721161           C.N.P.J. - 53113791001790       FOLHA      4


PERÍODO  - 01/05 A 31/05/2011                      APURAÇÃO DE PIS/COFINS NAS SAÍDAS - NORMAL

CÓDIGO                                    VALOR             BASE DE             BASE DE     VALOR PIS/PASEP        VALOR COFINS
FISCAL                                 CONTÁBIL         CÁLCULO PIS      CÁLCULO COFINS

6.908   TOTAL                               1.821,18                0,00                0,00                0,00                0,00
REMESSA POR COMODATO

6.910   TOTAL                             102.029,06                0,00                0,00                0,00                0,00
REMESSA EM BONIFICAÇÃO

6.915   TOTAL                               4.500,00                0,00                0,00                0,00                0,00
REMESSA P/CONSERTO

6.921   TOTAL                               4.200,00                0,00                0,00                0,00                0,00
RETORNO DE EMBALAGEM

6.949   TOTAL                                 856,57                0,00                0,00                0,00                0,00
OUTRAS SAIDAS

6.000         TOTAL                     1.357.250,55        1.066.156,97        1.066.156,97           17.591,56           81.027,95


7.101   TOTAL                               5.200,00                0,00                0,00                0,00                0,00
VENDA DE PRODUTOS

7.000         TOTAL                         5.200,00                0,00                0,00                0,00                0,00


Total Saídas                            3.331.577,25        2.586.218,57        2.586.218,57           42.672,76          196.552,53


                                                                             RESUMO FINAL            

                                                                                         PIS             COFINS    
                                                   Total das Entradas...:          42.361,92         195.120,43
                                                   Total das Saídas.....:          42.672,76         196.552,53
                                                   Saldo Credor.........:               0,00               0,00
                                                   Saldo Devedor........:             310,84           1.432,10





















-------------------------------------------------------------------------------------DATASUL - OBRIGAÇÕES - OF0770RP - V:0.00.00.000
FIRMA : Estabelecimento TOTVS - Ñ ALTERAR CONTAS      INSCR. EST. - 255721161           C.N.P.J. - 53113791001790       FOLHA      5






         SELEÇÃO

                             Período.: 01/05/2011|<    >|     31/05/2011

         PARÂMETROS

                  Estabelecimento: 1
                    Modo Execução: Por CFOP
                     TP Relatório: PIS/COFINS Normal

         IMPRESSÃO

                          Destino: Arquivo   -   c:/automacao/relatorios/OF
                          Usuário: super










































-------------------------------------------------------------------------------------DATASUL - OBRIGAÇÕES - OF0770RP - V:0.00.00.000
