                                        REGISTRO DE APURAÇÃO DO IPI

FIRMA:  Estabelecimento TOTVS - Ñ ALTERAR CONTAS

INSC. EST.: 255721161           CNPJ: 53.113.791/0017-90

FOLHA:     11        MÊS OU PERÍODO/ANO: 01/05/2011 A 31/05/2011

------------------------------------------------------------- ENTRADAS -------------------------------------------------------------
                                                                                                              IPI - VALORES FISCAIS
CODIFICAÇÃO                                                     OPERAÇÕES COM CRÉDITO DO IMPOSTO   OPERAÇÕES SEM CRÉDITO DO IMPOSTO
CONTÁBIL FISCAL    NATUREZA                    VALOR CONTÁBIL   BASE DE CALCULO IMPOSTO CREDITADO ISENTAS/NÃO TRIB.          OUTRAS
------------------------------------------------------------------------------------------------------------------------------------
         1.101     COMPRA DE INSUMOS              1.145.508,35       695.383,99         45.160,75         38.123,21       366.840,40
         1.124     INDUST. EFEF.  OUTRA EMPRE         3.125,00             0,00              0,00              0,00         3.125,00
         1.202     DEVOLUCAO DE MERCADORIAS             160,00           160,00              0,00              0,00             0,00
         1.352     AQUISICAO  SERV. TRANSP.          18.920,64             0,00              0,00         18.920,64             0,00
         1.401     COMPRA DE INSUMOS                    609,00             0,00              0,00              0,00           609,00
         1.406     COMPRA P/ ATIVO - ST               6.663,60             0,00              0,00          6.663,60             0,00
         1.407     COMPRA MAT/ USO OU CONSUMO         6.559,72             0,00              0,00          6.559,72             0,00
         1.410     DEVOLUÇÃO DE PRODUTOS              1.805,84             0,00              0,00              0,00         1.701,70
         1.551     COMPRA PARA ATIVO IMOBILIZ        26.122,96           140,00              0,00          5.913,00        19.019,29
         1.556     COMPRA MAT/ USO OU CONSUMO        24.979,33             0,00              0,00         21.198,83         3.503,89
         1.651     COMPRA DE COMBUSTIVEL              5.546,00             0,00              0,00          5.546,00             0,00
         1.653     COMPRA DE COMBUSTIVEL              3.362,64             0,00              0,00          3.362,64             0,00
         1.902     RETORNO DE MERC. INDUST.           1.517,68             0,00              0,00              0,00         1.517,68
         1.910     ENTRADA DE BONIFICACAO             5.938,49             0,00              0,00          5.900,00            38,49
         1.916     RETORNO DE CONSERTO               13.000,00             0,00              0,00         13.000,00             0,00
         1.920     ENTRADAS DE EMBALAGENS            40.079,00             0,00              0,00         40.079,00             0,00
         1.933     AQUISIÇÃO SERV. TRIB. ISS          2.144,00         1.000,00              0,00          1.144,00             0,00
         1.949     OUTRAS ENTRADAS                   32.796,28             0,00              0,00         32.796,28             0,00
SUBTOTAL ENTRADAS DO ESTADO                       1.338.838,53       696.683,99         45.160,75        199.206,92       396.355,45

         2.101     COMPRA DE INSUMOS              1.454.716,61       355.632,46         18.235,00              0,00     1.080.849,15
         2.102     COMPRA PARA COMERCIALIZACA           120,00             0,00              0,00              0,00           120,00
         2.407     COMPRA MAT/ USO OU CONSUMO            72,33             0,00              0,00             72,33             0,00
         2.556     COMPRA MAT/ USO OU CONSUMO         3.077,56             0,00              0,00          1.577,56         1.500,00
         2.653     COMPRA DE COMBUSTIVEL              3.301,40             0,00              0,00          3.301,40             0,00
         2.911     AMOSTRA GRATIS                         2,39             0,00              0,00              0,00             2,08
         2.920     ENTRADA DE EMBALAGENS              2.940,00             0,00              0,00          2.940,00             0,00
         2.933     AQUISICAO SERV. TRIB. ISS          1.000,00         1.000,00              0,00              0,00             0,00
SUBTOTAL ENTRADAS DE OUTROS ESTADOS               1.465.230,29       356.632,46         18.235,00          7.891,29     1.082.471,23

         3.101     COMPRA DE INSUMOS                  3.100,00         1.000,00            100,00          1.000,00         1.000,00
         3.551     Compra ativo                         415,00             0,00              0,00              0,00           415,00
SUBTOTAL ENTRADAS DO EXTERIOR                         3.515,00         1.000,00            100,00          1.000,00         1.415,00

      TOTAIS                                      2.807.583,82     1.054.316,45         63.495,75        208.098,21     1.480.241,68

                                        REGISTRO DE APURAÇÃO DO IPI

FIRMA:  Estabelecimento TOTVS - Ñ ALTERAR CONTAS

INSC. EST.: 255721161           CNPJ: 53.113.791/0017-90

FOLHA:     12        MÊS OU PERÍODO/ANO: 01/05/2011 A 31/05/2011

------------------------------------------------------------------------------------------------------------------------------------
                                                           DEMONSTRATIVO DE CRÉDITOS
------------------------------------------------------------------------------------------------------------------------------------
001 - POR ENTRADAS DO MERCADO NACIONAL                                                             63.395,75
002 - POR ENTRADAS DO MERCADO EXTERNO                                                                 100,00
003 - ESTORNO DE DÉBITOS                                                                          156.338,00
   notas fiscais                                                                       156.338,00

004 - OUTROS CRÉDITOS

005 - SUBTOTAL                                                                                    219.833,75
006 - SALDO CREDOR NO PERÍODO ANTERIOR                                                            146.054,75

007 - TOTAL                                                                                       365.888,50
------------------------------------------------------------------------------------------------------------------------------------
                                        REGISTRO DE APURAÇÃO DO IPI

FIRMA:  Estabelecimento TOTVS - Ñ ALTERAR CONTAS

INSC. EST.: 255721161           CNPJ: 53.113.791/0017-90

FOLHA:     13        MÊS OU PERÍODO/ANO: 01/05/2011 A 31/05/2011

------------------------------------------------------------- SAIDAS   -------------------------------------------------------------
                                                                                                              IPI - VALORES FISCAIS
CODIFICAÇÃO                                                     OPERAÇÕES COM DÉBITO DO IMPOSTO    OPERAÇÕES SEM DÉBITO DO IMPOSTO
CONTÁBIL FISCAL    NATUREZA                    VALOR CONTÁBIL   BASE DE CALCULO IMPOSTO DEBITADO  ISENTAS/NÃO TRIB.          OUTRAS
------------------------------------------------------------------------------------------------------------------------------------
         5.101     VENDA DE PRODUTOS                713.250,73         5.793,13            289,70              0,00       667.658,24
         5.102     VENDA DE MERCADORIA                  543,77           100,00              0,00            360,00            83,77
         5.201     DEVOLUCAO DE MATERIA PRIMA         1.590,11             0,00              0,00              0,00         1.590,11
         5.401     VENDA DE PRODUTOS-ST             893.118,21             0,00              0,00              0,00       844.476,35
         5.551     VENDA DE ATIVO IMOBILIZADO         6.388,00             0,00              0,00          6.388,00             0,00
         5.553     DEVOLUCAO DE ATIVO IMOBILI           220,00             0,00              0,00              0,00           220,00
         5.901     REMESSA P/ INDUST.               310.439,74             0,00              0,00              0,00       310.439,74
         5.908     REMESSA POR COMODATO                 607,06             0,00              0,00            607,06             0,00
         5.910     REMESSA  BONIFICAÇÃO              11.062,47             0,00              0,00              0,00        10.441,45
         5.915     REMESSA P/ CONSERTO                  100,00             0,00              0,00            100,00             0,00
         5.921     RETORNO DE EMBALAGEM              25.836,00             0,00              0,00         25.836,00             0,00
         5.933     PRESTAÇÃO DE SERVIÇOS              1.000,00         1.000,00              0,00              0,00             0,00
         5.949     OUTRAS SAIDAS                      5.970,61            67,25              3,36          5.900,00             0,00
SUBTOTAL SAÍDAS PARA O ESTADO                     1.970.126,70         6.960,38            293,06         39.191,06     1.834.909,66

         6.101     Venda Mercadoria                 521.073,06         3.386,13            128,56              0,00       517.558,37
         6.102     VENDA DE MERCADORIAS                  61,67             0,00              0,00              0,00            61,67
         6.107     VENDA DE PRODUTOS                  3.576,43             0,00              0,00              0,00         3.576,43
         6.109     VENDA DE PRODUTOS ZFM/ALC        101.017,43         1.500,00            150,00              0,00        99.367,43
         6.118     VENDA POR CONTA E ORDEM              175,00           175,00              0,00              0,00             0,00
         6.401     VENDA DE PRODUTOS-ST             613.644,55           561,90             28,09              0,00       539.337,47
         6.403     VENDA DE MERCADORIAS-ST            1.650,00             0,00              0,00          1.500,00             0,00
         6.501     REMESSA  PROD EST FINS EXP         2.510,60             0,00              0,00              0,00         2.510,60
         6.551     VENDA DE ATIVO IMOBILIZADO           135,00             0,00              0,00            135,00             0,00
         6.908     REMESSA POR COMODATO               1.821,18             0,00              0,00          1.821,18             0,00
         6.910     REMESSA EM BONIFICAÇÃO           102.029,06         2.739,00            136,95              0,00        90.590,41
         6.915     REMESSA P/CONSERTO                 4.500,00             0,00              0,00          4.500,00             0,00
         6.921     RETORNO DE EMBALAGEM               4.200,00             0,00              0,00          4.200,00             0,00
         6.933     PRESTAÇÃO DE SERVIÇOS              1.000,00         1.000,00              0,00              0,00             0,00
         6.949     OUTRAS SAIDAS                        856,57             0,00              0,00            603,50           253,07
SUBTOTAL SAÍDAS PARA OUTROS ESTADOS               1.358.250,55         9.362,03            443,60         12.759,68     1.253.255,45

         7.101     VENDA DE PRODUTOS                  5.200,00         1.300,00            100,00          1.000,00         1.000,00
SUBTOTAL SAÍDAS PARA O EXTERIOR                       5.200,00         1.300,00            100,00          1.000,00         1.000,00

      TOTAIS                                      3.333.577,25        17.622,41            836,66         52.950,74     3.089.165,11

------------------------------------------------------------------------------------------------------------------------------------
                                                           DEMONSTRATIVO DE DÉBITOS
------------------------------------------------------------------------------------------------------------------------------------
008 - POR SAÍDAS PARA O MERCADO NACIONAL                                                              736,66
009 - POR SAÌDAS PARA O MERCADO EXTERNO                                                               100,00
010 - ESTORNO DE CRÉDITOS

011 - RESSARCIMENTOS DE CRÉDITOS                                                                  146.054,75

                                        REGISTRO DE APURAÇÃO DO IPI

FIRMA:  Estabelecimento TOTVS - Ñ ALTERAR CONTAS

INSC. EST.: 255721161           CNPJ: 53.113.791/0017-90

FOLHA:     14        MÊS OU PERÍODO/ANO: 01/05/2011 A 31/05/2011

   ressarcimento                                                                       146.054,75

012 - OUTROS DÉBITOS                                                                              114.604,02
   notas fiscais                                                                       114.604,02

013 - TOTAL                                                                                       261.495,43
------------------------------------------------------------------------------------------------------------------------------------
                                                           APURAÇÃO DO SALDO
------------------------------------------------------------------------------------------------------------------------------------
014 - DÉBITO TOTAL (= ITEM 013)                                                                   261.495,43
015 - CRÉDITO TOTAL ( = ITEM 008)                                                                 365.888,50
016 - SALDO DEVEDOR (ITEM 014 - ITEM 015)                                                               0,00
017 - SALDO CREDOR (ITEM 015 - ITEM 014)                                                          104.393,07
------------------------------------------------------------------------------------------------------------------------------------
                             DISTRIBUIÇÃO DO SALDO DEVEDOR PELOS PRAZOS DE RECOLHIMENTO
------------------------------------------------------------------------------------------------------------------------------------
NR PERÍODOS DATA DE VENCIMENTO             VALOR  

------------------------------------------------------------------------------------------------------------------------------------
                                                 INFORMAÇÕES COMPLEMENTARES  
------------------------------------------------------------------------------------------------------------------------------------
OBSERVAÇÕES 
