+------------------------------------------------------------------------------+
| CNPJ....53113791001790                                                       |
| Nome EmpEstabelecimento TOTVS - Ñ ALTERAR CONTAS                             |
+------------------------------------------------------------------------------+
+------------------------------------------------------------------------------+
| Nome do A05111                                   Data da TODAY          |
| ConteudoArquivo mestre de Mercadorias/Serviços                               |
|                                                                              |
| Meio Fís                                                                     |
| ( ) CD                                                                       |
| ( ) Disque                                                                   |
| ( ) Conexã                                                                   |
| ( ) Transm                                                                   |
| (X)                                            (Outro m                      |
|                                                                              |
| Dump dos 30 Primeiros Registros: 1 página(s)                                 |
| Dump dos 30 últimos Registros..: 1 página(s)                                 |
| Descricao Detalhada do Arquivo.: 11 página(s)                                |
| Quantida                                           1                         |
| Quantida                                         868                         |
| Tamanho                                      304.668                         |
| Outros P                                                                     |
|                                                                              |
|                                                                              |
| Data e LTODAY -       Av. Santos Dumont, 831/100, Santo Antônio, Joinvi |
|               lle, SC, Brasil, CEP(89218900).                                |
|                                                                              |
| Contribu                                                                     |
|                                                                              |
| Nome..: Teste Automacao Fiscal          Assinatu                             |
| CPF...: 71754872239                                                          |
| Fone..: 04738017213                            F04738017213                  |
| E-Mail: totvs@totvs.com.br                                                   |
|                                                                              |
| Responsá                                                                     |
|                                                                              |
| Nome..: Teste Automacao Fiscal          Assinatu                             |
| CPF...: 71754872239                                                          |
| Fone..: 04738017213                            F04738017213                  |
| E-Mail: totvs@totvs.com.br                                                   |
|                                                                              |
+------------------------------------------------------------------------------+
+------------------------------------------------------------------------------+
| CNPJ....53113791001790                                                       |
| Nome EmpEstabelecimento TOTVS - Ñ ALTERAR CONTAS                             |
+------------------------------------------------------------------------------+
+------------------------------------------------------------------------------+
| Nome do B05111                                   Data da TODAY          |
| ConteudoArquivo de itens de Mercadorias/Serviços                             |
|                                                                              |
| Meio Fís                                                                     |
| ( ) CD                                                                       |
| ( ) Disque                                                                   |
| ( ) Conexã                                                                   |
| ( ) Transm                                                                   |
| (X)                                            (Outro m                      |
|                                                                              |
| Dump dos 30 Primeiros Registros: 1 página(s)                                 |
| Dump dos 30 últimos Registros..: 1 página(s)                                 |
| Descricao Detalhada do Arquivo.: 11 página(s)                                |
| Quantida                                           1                         |
| Quantida                                       3.319                         |
| Tamanho                                    1.002.338                         |
| Outros P                                                                     |
|                                                                              |
|                                                                              |
| Data e LTODAY -       Av. Santos Dumont, 831/100, Santo Antônio, Joinvi |
|               lle, SC, Brasil, CEP(89218900).                                |
|                                                                              |
| Contribu                                                                     |
|                                                                              |
| Nome..: Teste Automacao Fiscal          Assinatu                             |
| CPF...: 71754872239                                                          |
| Fone..: 04738017213                            F04738017213                  |
| E-Mail: totvs@totvs.com.br                                                   |
|                                                                              |
| Responsá                                                                     |
|                                                                              |
| Nome..: Teste Automacao Fiscal          Assinatu                             |
| CPF...: 71754872239                                                          |
| Fone..: 04738017213                            F04738017213                  |
| E-Mail: totvs@totvs.com.br                                                   |
|                                                                              |
+------------------------------------------------------------------------------+
+------------------------------------------------------------------------------+
| CNPJ....53113791001790                                                       |
| Nome EmpEstabelecimento TOTVS - Ñ ALTERAR CONTAS                             |
+------------------------------------------------------------------------------+
+------------------------------------------------------------------------------+
| Nome do C05111                                   Data da TODAY          |
| ConteudoArquivo mestre de Mercadorias/Serviços - Terceiros                   |
|                                                                              |
| Meio Fís                                                                     |
| ( ) CD                                                                       |
| ( ) Disque                                                                   |
| ( ) Conexã                                                                   |
| ( ) Transm                                                                   |
| (X)                                            (Outro m                      |
|                                                                              |
| Dump dos 30 Primeiros Registros: 1 página(s)                                 |
| Dump dos 30 últimos Registros..: 1 página(s)                                 |
| Descricao Detalhada do Arquivo.: 11 página(s)                                |
| Quantida                                           1                         |
| Quantida                                         329                         |
| Tamanho                                       79.289                         |
| Outros P                                                                     |
|                                                                              |
|                                                                              |
| Data e LTODAY -       Av. Santos Dumont, 831/100, Santo Antônio, Joinvi |
|               lle, SC, Brasil, CEP(89218900).                                |
|                                                                              |
| Contribu                                                                     |
|                                                                              |
| Nome..: Teste Automacao Fiscal          Assinatu                             |
| CPF...: 71754872239                                                          |
| Fone..: 04738017213                            F04738017213                  |
| E-Mail: totvs@totvs.com.br                                                   |
|                                                                              |
| Responsá                                                                     |
|                                                                              |
| Nome..: Teste Automacao Fiscal          Assinatu                             |
| CPF...: 71754872239                                                          |
| Fone..: 04738017213                            F04738017213                  |
| E-Mail: totvs@totvs.com.br                                                   |
|                                                                              |
+------------------------------------------------------------------------------+
+------------------------------------------------------------------------------+
| CNPJ....53113791001790                                                       |
| Nome EmpEstabelecimento TOTVS - Ñ ALTERAR CONTAS                             |
+------------------------------------------------------------------------------+
+------------------------------------------------------------------------------+
| Nome do D05111                                   Data da TODAY          |
| ConteudoArquivo de itens de Mercadorias/Serviços - Terceiros                 |
|                                                                              |
| Meio Fís                                                                     |
| ( ) CD                                                                       |
| ( ) Disque                                                                   |
| ( ) Conexã                                                                   |
| ( ) Transm                                                                   |
| (X)                                            (Outro m                      |
|                                                                              |
| Dump dos 30 Primeiros Registros: 1 página(s)                                 |
| Dump dos 30 últimos Registros..: 1 página(s)                                 |
| Descricao Detalhada do Arquivo.: 11 página(s)                                |
| Quantida                                           1                         |
| Quantida                                         983                         |
| Tamanho                                      305.713                         |
| Outros P                                                                     |
|                                                                              |
|                                                                              |
| Data e LTODAY -       Av. Santos Dumont, 831/100, Santo Antônio, Joinvi |
|               lle, SC, Brasil, CEP(89218900).                                |
|                                                                              |
| Contribu                                                                     |
|                                                                              |
| Nome..: Teste Automacao Fiscal          Assinatu                             |
| CPF...: 71754872239                                                          |
| Fone..: 04738017213                            F04738017213                  |
| E-Mail: totvs@totvs.com.br                                                   |
|                                                                              |
| Responsá                                                                     |
|                                                                              |
| Nome..: Teste Automacao Fiscal          Assinatu                             |
| CPF...: 71754872239                                                          |
| Fone..: 04738017213                            F04738017213                  |
| E-Mail: totvs@totvs.com.br                                                   |
|                                                                              |
+------------------------------------------------------------------------------+
+------------------------------------------------------------------------------+
| CNPJ....53113791001790                                                       |
| Nome EmpEstabelecimento TOTVS - Ñ ALTERAR CONTAS                             |
+------------------------------------------------------------------------------+
+------------------------------------------------------------------------------+
| Nome do E05111                                   Data da TODAY          |
| ConteudoArquivo mestre de Serviços - Pessoa Jurídica                         |
|                                                                              |
| Meio Fís                                                                     |
| ( ) CD                                                                       |
| ( ) Disque                                                                   |
| ( ) Conexã                                                                   |
| ( ) Transm                                                                   |
| (X)                                            (Outro m                      |
|                                                                              |
| Dump dos 30 Primeiros Registros: 1 página(s)                                 |
| Dump dos 30 últimos Registros..: 1 página(s)                                 |
| Descricao Detalhada do Arquivo.: 11 página(s)                                |
| Quantida                                           1                         |
| Quantida                                           4                         |
| Tamanho                                          436                         |
| Outros P                                                                     |
|                                                                              |
|                                                                              |
| Data e LTODAY -       Av. Santos Dumont, 831/100, Santo Antônio, Joinvi |
|               lle, SC, Brasil, CEP(89218900).                                |
|                                                                              |
| Contribu                                                                     |
|                                                                              |
| Nome..: Teste Automacao Fiscal          Assinatu                             |
| CPF...: 71754872239                                                          |
| Fone..: 04738017213                            F04738017213                  |
| E-Mail: totvs@totvs.com.br                                                   |
|                                                                              |
| Responsá                                                                     |
|                                                                              |
| Nome..: Teste Automacao Fiscal          Assinatu                             |
| CPF...: 71754872239                                                          |
| Fone..: 04738017213                            F04738017213                  |
| E-Mail: totvs@totvs.com.br                                                   |
|                                                                              |
+------------------------------------------------------------------------------+
+------------------------------------------------------------------------------+
| CNPJ....53113791001790                                                       |
| Nome EmpEstabelecimento TOTVS - Ñ ALTERAR CONTAS                             |
+------------------------------------------------------------------------------+
+------------------------------------------------------------------------------+
| Nome do F05111                                   Data da TODAY          |
| ConteudoArquivo de itens de Serviços - Pessoa Jurídica                       |
|                                                                              |
| Meio Fís                                                                     |
| ( ) CD                                                                       |
| ( ) Disque                                                                   |
| ( ) Conexã                                                                   |
| ( ) Transm                                                                   |
| (X)                                            (Outro m                      |
|                                                                              |
| Dump dos 30 Primeiros Registros: 1 página(s)                                 |
| Dump dos 30 últimos Registros..: 1 página(s)                                 |
| Descricao Detalhada do Arquivo.: 11 página(s)                                |
| Quantida                                           1                         |
| Quantida                                           4                         |
| Tamanho                                          648                         |
| Outros P                                                                     |
|                                                                              |
|                                                                              |
| Data e LTODAY -       Av. Santos Dumont, 831/100, Santo Antônio, Joinvi |
|               lle, SC, Brasil, CEP(89218900).                                |
|                                                                              |
| Contribu                                                                     |
|                                                                              |
| Nome..: Teste Automacao Fiscal          Assinatu                             |
| CPF...: 71754872239                                                          |
| Fone..: 04738017213                            F04738017213                  |
| E-Mail: totvs@totvs.com.br                                                   |
|                                                                              |
| Responsá                                                                     |
|                                                                              |
| Nome..: Teste Automacao Fiscal          Assinatu                             |
| CPF...: 71754872239                                                          |
| Fone..: 04738017213                            F04738017213                  |
| E-Mail: totvs@totvs.com.br                                                   |
|                                                                              |
+------------------------------------------------------------------------------+
+------------------------------------------------------------------------------+
| CNPJ....53113791001790                                                       |
| Nome EmpEstabelecimento TOTVS - Ñ ALTERAR CONTAS                             |
+------------------------------------------------------------------------------+
+------------------------------------------------------------------------------+
| Nome do G05111                                   Data da TODAY          |
| ConteudoArquivo de documentos referente a Exportações                        |
|                                                                              |
| Meio Fís                                                                     |
| ( ) CD                                                                       |
| ( ) Disque                                                                   |
| ( ) Conexã                                                                   |
| ( ) Transm                                                                   |
| (X)                                            (Outro m                      |
|                                                                              |
| Dump dos 30 Primeiros Registros: 1 página(s)                                 |
| Dump dos 30 últimos Registros..: 1 página(s)                                 |
| Descricao Detalhada do Arquivo.: 11 página(s)                                |
| Quantida                                           1                         |
| Quantida                                           5                         |
| Tamanho                                          220                         |
| Outros P                                                                     |
|                                                                              |
|                                                                              |
| Data e LTODAY -       Av. Santos Dumont, 831/100, Santo Antônio, Joinvi |
|               lle, SC, Brasil, CEP(89218900).                                |
|                                                                              |
| Contribu                                                                     |
|                                                                              |
| Nome..: Teste Automacao Fiscal          Assinatu                             |
| CPF...: 71754872239                                                          |
| Fone..: 04738017213                            F04738017213                  |
| E-Mail: totvs@totvs.com.br                                                   |
|                                                                              |
| Responsá                                                                     |
|                                                                              |
| Nome..: Teste Automacao Fiscal          Assinatu                             |
| CPF...: 71754872239                                                          |
| Fone..: 04738017213                            F04738017213                  |
| E-Mail: totvs@totvs.com.br                                                   |
|                                                                              |
+------------------------------------------------------------------------------+
+------------------------------------------------------------------------------+
| CNPJ....53113791001790                                                       |
| Nome EmpEstabelecimento TOTVS - Ñ ALTERAR CONTAS                             |
+------------------------------------------------------------------------------+
+------------------------------------------------------------------------------+
| Nome do H05111                                   Data da TODAY          |
| ConteudoArquivo de documentos referente a Importações                        |
|                                                                              |
| Meio Fís                                                                     |
| ( ) CD                                                                       |
| ( ) Disque                                                                   |
| ( ) Conexã                                                                   |
| ( ) Transm                                                                   |
| (X)                                            (Outro m                      |
|                                                                              |
| Dump dos 30 Primeiros Registros: 1 página(s)                                 |
| Dump dos 30 últimos Registros..: 1 página(s)                                 |
| Descricao Detalhada do Arquivo.: 11 página(s)                                |
| Quantida                                           1                         |
| Quantida                                           5                         |
| Tamanho                                          155                         |
| Outros P                                                                     |
|                                                                              |
|                                                                              |
| Data e LTODAY -       Av. Santos Dumont, 831/100, Santo Antônio, Joinvi |
|               lle, SC, Brasil, CEP(89218900).                                |
|                                                                              |
| Contribu                                                                     |
|                                                                              |
| Nome..: Teste Automacao Fiscal          Assinatu                             |
| CPF...: 71754872239                                                          |
| Fone..: 04738017213                            F04738017213                  |
| E-Mail: totvs@totvs.com.br                                                   |
|                                                                              |
| Responsá                                                                     |
|                                                                              |
| Nome..: Teste Automacao Fiscal          Assinatu                             |
| CPF...: 71754872239                                                          |
| Fone..: 04738017213                            F04738017213                  |
| E-Mail: totvs@totvs.com.br                                                   |
|                                                                              |
+------------------------------------------------------------------------------+
+------------------------------------------------------------------------------+
| CNPJ....53113791001790                                                       |
| Nome EmpEstabelecimento TOTVS - Ñ ALTERAR CONTAS                             |
+------------------------------------------------------------------------------+
+------------------------------------------------------------------------------+
| Nome do I05111                                   Data da TODAY          |
| ConteudoArquivo de pessoes Jurídicas e Físicas - Emitentes                   |
|                                                                              |
| Meio Fís                                                                     |
| ( ) CD                                                                       |
| ( ) Disque                                                                   |
| ( ) Conexã                                                                   |
| ( ) Transm                                                                   |
| (X)                                            (Outro m                      |
|                                                                              |
| Dump dos 30 Primeiros Registros: 1 página(s)                                 |
| Dump dos 30 últimos Registros..: 1 página(s)                                 |
| Descricao Detalhada do Arquivo.: 11 página(s)                                |
| Quantida                                           1                         |
| Quantida                                         475                         |
| Tamanho                                      126.350                         |
| Outros P                                                                     |
|                                                                              |
|                                                                              |
| Data e LTODAY -       Av. Santos Dumont, 831/100, Santo Antônio, Joinvi |
|               lle, SC, Brasil, CEP(89218900).                                |
|                                                                              |
| Contribu                                                                     |
|                                                                              |
| Nome..: Teste Automacao Fiscal          Assinatu                             |
| CPF...: 71754872239                                                          |
| Fone..: 04738017213                            F04738017213                  |
| E-Mail: totvs@totvs.com.br                                                   |
|                                                                              |
| Responsá                                                                     |
|                                                                              |
| Nome..: Teste Automacao Fiscal          Assinatu                             |
| CPF...: 71754872239                                                          |
| Fone..: 04738017213                            F04738017213                  |
| E-Mail: totvs@totvs.com.br                                                   |
|                                                                              |
+------------------------------------------------------------------------------+
+------------------------------------------------------------------------------+
| CNPJ....53113791001790                                                       |
| Nome EmpEstabelecimento TOTVS - Ñ ALTERAR CONTAS                             |
+------------------------------------------------------------------------------+
+------------------------------------------------------------------------------+
| Nome do J05111                                   Data da TODAY          |
| ConteudoArquivo de Naturezas de Operação                                     |
|                                                                              |
| Meio Fís                                                                     |
| ( ) CD                                                                       |
| ( ) Disque                                                                   |
| ( ) Conexã                                                                   |
| ( ) Transm                                                                   |
| (X)                                            (Outro m                      |
|                                                                              |
| Dump dos 30 Primeiros Registros: 1 página(s)                                 |
| Dump dos 30 últimos Registros..: 1 página(s)                                 |
| Descricao Detalhada do Arquivo.: 11 página(s)                                |
| Quantida                                           1                         |
| Quantida                                         118                         |
| Tamanho                                        7.198                         |
| Outros P                                                                     |
|                                                                              |
|                                                                              |
| Data e LTODAY -       Av. Santos Dumont, 831/100, Santo Antônio, Joinvi |
|               lle, SC, Brasil, CEP(89218900).                                |
|                                                                              |
| Contribu                                                                     |
|                                                                              |
| Nome..: Teste Automacao Fiscal          Assinatu                             |
| CPF...: 71754872239                                                          |
| Fone..: 04738017213                            F04738017213                  |
| E-Mail: totvs@totvs.com.br                                                   |
|                                                                              |
| Responsá                                                                     |
|                                                                              |
| Nome..: Teste Automacao Fiscal          Assinatu                             |
| CPF...: 71754872239                                                          |
| Fone..: 04738017213                            F04738017213                  |
| E-Mail: totvs@totvs.com.br                                                   |
|                                                                              |
+------------------------------------------------------------------------------+
+------------------------------------------------------------------------------+
| CNPJ....53113791001790                                                       |
| Nome EmpEstabelecimento TOTVS - Ñ ALTERAR CONTAS                             |
+------------------------------------------------------------------------------+
+------------------------------------------------------------------------------+
| Nome do K05111                                   Data da TODAY          |
| ConteudoArquivo de Mercadorias/Serviços (Itens)                              |
|                                                                              |
| Meio Fís                                                                     |
| ( ) CD                                                                       |
| ( ) Disque                                                                   |
| ( ) Conexã                                                                   |
| ( ) Transm                                                                   |
| (X)                                            (Outro m                      |
|                                                                              |
| Dump dos 30 Primeiros Registros: 1 página(s)                                 |
| Dump dos 30 últimos Registros..: 1 página(s)                                 |
| Descricao Detalhada do Arquivo.: 11 página(s)                                |
| Quantida                                           1                         |
| Quantida                                       1.507                         |
| Tamanho                                      113.025                         |
| Outros P                                                                     |
|                                                                              |
|                                                                              |
| Data e LTODAY -       Av. Santos Dumont, 831/100, Santo Antônio, Joinvi |
|               lle, SC, Brasil, CEP(89218900).                                |
|                                                                              |
| Contribu                                                                     |
|                                                                              |
| Nome..: Teste Automacao Fiscal          Assinatu                             |
| CPF...: 71754872239                                                          |
| Fone..: 04738017213                            F04738017213                  |
| E-Mail: totvs@totvs.com.br                                                   |
|                                                                              |
| Responsá                                                                     |
|                                                                              |
| Nome..: Teste Automacao Fiscal          Assinatu                             |
| CPF...: 71754872239                                                          |
| Fone..: 04738017213                            F04738017213                  |
| E-Mail: totvs@totvs.com.br                                                   |
|                                                                              |
+------------------------------------------------------------------------------+
