------------------------------------------------------------------------------------------------------------------------------------
                                                 Dump 30 primeiros reg. Transporte(Compl Nota Saida                    Página:     1
-------------------------------------------------------------------------------------------------------------- TODAY - 00:00:00

SEQUENCIA POS. ++++.++++1++++.++++2++++.++++3++++.++++4++++.++++5++++.++++6++++.++++7++++.++++8++++.++++9++++.+++10

 0000001    1  S0011    0000111     01052011A 52045697000110   0000000000000000000000000000000   000000000000000000
          101  000000000000CIF000000000000000000000000000000000000000000000000000                                  
 0000002    1  S0011    3456789     01052011A 52045697000110   0000000000000000000000000000000   000000000000000000
          101  000000000000CIF000000000000000000000000000000000000000000000000000                                  
 0000003    1  E0015    1052011     01052011A 07491528786340   0000000000000000000000000000000   000000000000000000
          101  000000000000CIF000000000000000000000000000000000000000000000000000                                  
 0000004    1  E0015    2052011     01052011A 07491528786340   0000000000000000000000000000000   000000000000000000
          101  000000000000CIF000000000000000000000000000000000000000000000000000                                  
 0000005    1  E0015    3052011     01052011A 07491528786340   0000000000000000000000000000000   000000000000000000
          101  000000000000CIF000000000000000000000000000000000000000000000000000                                  
 0000006    1  S0015    4052011     01052011A 07491528786340   0000000000000000000000000000000   000000000000000000
          101  000000000000CIF000000000000000000000000000000000000000000000000000                                  
 0000007    1  S0015    5052011     01052011A 07491528786340   0000000000000000000000000000000   000000000000000000
          101  000000000000CIF000000000000000000000000000000000000000000000000000                                  
 0000008    1  S0015    6052011     01052011A 07491528786340   0000000000000000000000000000000   000000000000000000
          101  000000000000CIF000000000000000000000000000000000000000000000000000                                  
 0000009    1  S0015    0075096     03052011A 01438784000520   0000000000000000000000000000000   000000000000000000
          101  000000000000CIF000000000000000000000000000000000000000000000000000                                  
 0000010    1  S0015    0075097     03052011A 01438784000520   0000000000000000000000000000000   000000000000000000
          101  000000000000CIF000000000000000000000000000000000000000000000000000                                  
 0000011    1  S0015    0075098     03052011A 01438784000520   0000000000000000000000000000000   000000000000000000
          101  000000000000CIF000000000000000000000000000000000000000000000000000                                  
 0000012    1  S0015    0075099     03052011A 01438784000520   0000000000000000000000000000000   000000000000000000
          101  000000000000CIF000000000000000000000000000000000000000000000000000                                  
 0000013    1  S0015    0075100     03052011A 01438784000520   0000000000000000000000000000000   000000000000000000
          101  000000000000CIF000000000000000000000000000000000000000000000000000                                  
 0000014    1  S0015    0075101     03052011A 01438784000520   0000000000000000000000000000000   000000000000000000
          101  000000000000CIF000000000000000000000000000000000000000000000000000                                  
 0000015    1  S0015    0075102     03052011A 01438784000520   0000000000000000000000000000000   000000000000000000
          101  000000000000CIF000000000000000000000000000000000000000000000000000                                  
 0000016    1  S0015    0075103     03052011A 01438784000520   0000000000000000000000000000000   000000000000000000
          101  000000000000CIF000000000000000000000000000000000000000000000000000                                  
 0000017    1  S0015    0075104     03052011A 01438784000520   0000000000000000000000000000000   000000000000000000
          101  000000000000CIF000000000000000000000000000000000000000000000000000                                  
 0000018    1  S0015    0075105     03052011A 01438784000520   0000000000000000000000000000000   000000000000000000
          101  000000000000CIF000000000000000000000000000000000000000000000000000                                  
 0000019    1  S0015    0075106     03052011A 01438784000520   0000000000000000000000000000000   000000000000000000
          101  000000000000CIF000000000000000000000000000000000000000000000000000                                  
 0000020    1  S0015    0075107     03052011A 01438784000520   0000000000000000000000000000000   000000000000000000
          101  000000000000CIF000000000000000000000000000000000000000000000000000                                  
 0000021    1  S0015    0075108     03052011A 01438784000520   0000000000000000000000000000000   000000000000000000
          101  000000000000CIF000000000000000000000000000000000000000000000000000                                  
 0000022    1  S0015    0075109     03052011A 01438784000520   0000000000000000000000000000000   000000000000000000
          101  000000000000CIF000000000000000000000000000000000000000000000000000                                  
 0000023    1  S0015    0075110     03052011C 25682303000162   0000000000000000000000000000000   000000000000000000
          101  000000000000CIF000000000000000000000000000000000000000000000000000                                  
 0000024    1  S0015    0075111     03052011C 25618174000143   0000000000000000000000000000000   000000000000000000
          101  000000000000CIF000000000000000000000000000000000000000000000000000                                  
 0000025    1  S0015    0075112     03052011C 25618174000143   0000000000000000000000000000000   000000000000000000
          101  000000000000CIF000000000000000000000000000000000000000000000000000                                  
 0000026    1  S0015    0075113     03052011C 23196397000134   0000000000000000000000000000000   000000000000000000
          101  000000000000CIF000000000000000000000000000000000000000000000000000                                  
 0000027    1  S0015    0075114     03052011C 01617025000100   0000000000000000000000000000000   000000000000000000
          101  000000000000CIF000000000000000000000000000000000000000000000000000                                  
 0000028    1  S0015    0075115     03052011C 65229668000150   0000000000000000000000000000000   000000000000000000
          101  000000000000CIF000000000000000000000000000000000000000000000000000                                  
 0000029    1  S0015    0075116     03052011C 38510483000147   0000000000000000000000000000000   000000000000000000
------------------------------------------------------------------------------DATASUL - OBRIGAÇÕES FISCAIS - OF0739A - V:0.00.00.000
------------------------------------------------------------------------------------------------------------------------------------
                                                 Dump 30 primeiros reg. Transporte(Compl Nota Saida                    Página:     2
-------------------------------------------------------------------------------------------------------------- TODAY - 00:00:00

SEQUENCIA POS. ++++.++++1++++.++++2++++.++++3++++.++++4++++.++++5++++.++++6++++.++++7++++.++++8++++.++++9++++.+++10

          101  000000000000CIF000000000000000000000000000000000000000000000000000                                  
 0000030    1  S0015    0075117     03052011C 02072184000120   0000000000000000000000000000000   000000000000000000
          101  000000000000CIF000000000000000000000000000000000000000000000000000                                  






















































------------------------------------------------------------------------------DATASUL - OBRIGAÇÕES FISCAIS - OF0739A - V:0.00.00.000
------------------------------------------------------------------------------------------------------------------------------------
                                                 Dump 30 ultimos reg. Transporte(Compl Nota Saida)                     Página:     1
-------------------------------------------------------------------------------------------------------------- TODAY - 00:00:00

SEQUENCIA POS. ++++.++++1++++.++++2++++.++++3++++.++++4++++.++++5++++.++++6++++.++++7++++.++++8++++.++++9++++.+++10

 0000839    1  S0015    0075926     06052011C 23290133000145   0000000000000000000000000000000   000000000000000000
          101  000000000000CIF000000000000000000000000000000000000000000000000000                                  
 0000840    1  S0015    0075927     06052011A 25832809000100   0000000000000000000000000000000   000000000000000000
          101  000000000000CIF000000000000000000000000000000000000000000000000000                                  
 0000841    1  S0015    0075928     06052011A 25832809000100   0000000000000000000000000000000   000000000000000000
          101  000000000000CIF000000000000000000000000000000000000000000000000000                                  
 0000842    1  S0015    0075929     06052011C 23196397000134   0000000000000000000000000000000   000000000000000000
          101  000000000000CIF000000000000000000000000000000000000000000000000000                                  
 0000843    1  S0015    0075930     06052011C 23196397000134   0000000000000000000000000000000   000000000000000000
          101  000000000000CIF000000000000000000000000000000000000000000000000000                                  
 0000844    1  S0015    0075931     06052011C 02381891000107   0000000000000000000000000000000   000000000000000000
          101  000000000000CIF000000000000000000000000000000000000000000000000000                                  
 0000845    1  S0015    0075932     06052011C 00093786476691   0000000000000000000000000000000   000000000000000000
          101  000000000000CIF000000000000000000000000000000000000000000000000000                                  
 0000846    1  S0015    0075933     06052011A 01521598000208   0000000000000000000000000000000   000000000000000000
          101  000000000000FOB000000000000000000000000000000000000000000000000000                                  
 0000847    1  S0015    0075934     06052011A 01521598000208   0000000000000000000000000000000   000000000000000000
          101  000000000000FOB000000000000000000000000000000000000000000000000000                                  
 0000848    1  S0015    0075935     06052011A 01521598000208   0000000000000000000000000000000   000000000000000000
          101  000000000000FOB000000000000000000000000000000000000000000000000000                                  
 0000849    1  S0015    0075936     06052011A 01438784001845   0000000000000000000000000000000   000000000000000000
          101  000000000000CIF000000000000000000000000000000000000000000000000000                                  
 0000850    1  S0015    0075937     06052011A 01438784001845   0000000000000000000000000000000   000000000000000000
          101  000000000000CIF000000000000000000000000000000000000000000000000000                                  
 0000851    1  S0015    0075938     06052011A 29911559000155   0000000000000000000000000000000   000000000000000000
          101  000000000000CIF000000000000000000000000000000000000000000000000000                                  
 0000852    1  S0015    0075939     06052011A 29911559000155   0000000000000000000000000000000   000000000000000000
          101  000000000000CIF000000000000000000000000000000000000000000000000000                                  
 0000853    1  S0015    0075940     06052011A 01438784001250   0000000000000000000000000000000   000000000000000000
          101  000000000000CIF000000000000000000000000000000000000000000000000000                                  
 0000854    1  S0015    0075941     06052011C 00008538696777   0000000000000000000000000000000   000000000000000000
          101  000000000000CIF000000000000000000000000000000000000000000000000000                                  
 0000855    1  S0015    0075942     06052011C 10918072000176   0000000000000000000000000000000   000000000000000000
          101  000000000000CIF000000000000000000000000000000000000000000000000000                                  
 0000856    1  S0015    0075943     06052011C 28200947001137   0000000000000000000000000000000   000000000000000000
          101  000000000000CIF000000000000000000000000000000000000000000000000000                                  
 0000857    1  S0015    0075944     06052011C 28200947000750   0000000000000000000000000000000   000000000000000000
          101  000000000000CIF000000000000000000000000000000000000000000000000000                                  
 0000858    1  S0015    0075945     06052011C 28200947001056   0000000000000000000000000000000   000000000000000000
          101  000000000000CIF000000000000000000000000000000000000000000000000000                                  
 0000859    1  S0011    0000827     20052011A 52045697000110   0000000000000000000000000000000   000000000000000000
          101  000000000000CIF000000000000000000000000000000000000000000000000000                                  
 0000860    1  S0011    0000852     20052011A 52045697000110   0000000000000000000000000000000   000000000000000000
          101  000000000000CIF000000000000000000000000000000000000000000000000000                                  
 0000861    1  S0011    0000904     20052011A 52045697000110   0000000000000000000000000000000   000000000000000000
          101  000000000000CIF000000000000000000000000000000000000000000000000000                                  
 0000862    1  S0011    0000907     20052011A 07491528786340   0000000000000000000000000000000   000000000000000000
          101  000000000000CIF000000000000000000000000000000000000000000000000000                                  
 0000863    1  S0011    0000950     20052011A 52045697000110   0000000000000000000000000000000   000000000000000000
          101  000000000000CIF000000000000000000000000000000000000000000000000000                                  
 0000864    1  S0011    0000957     20052011A 52045697000110   0000000000000000000000000000000   000000000000000000
          101  000000000000CIF000000000000000000000000000000000000000000000000000                                  
 0000865    1  S0011    0001035     20052011A 52045697000110   0000000000000000000000000000000   000000000000000000
          101  000000000000CIF000000000000000000000000000000000000000000000000000                                  
 0000866    1  S0011    0001338     20052011A 52045697000110   0000000000000000000000000000000   000000000000000000
          101  000000000000CIF000000000000000000000000000000000000000000000000000                                  
 0000867    1  S0011    0001502     20052011A 52045697000110   0000000000000000000000000000000   000000000000000000
------------------------------------------------------------------------------DATASUL - OBRIGAÇÕES FISCAIS - OF0739A - V:0.00.00.000
------------------------------------------------------------------------------------------------------------------------------------
                                                 Dump 30 ultimos reg. Transporte(Compl Nota Saida)                     Página:     2
-------------------------------------------------------------------------------------------------------------- TODAY - 00:00:00

SEQUENCIA POS. ++++.++++1++++.++++2++++.++++3++++.++++4++++.++++5++++.++++6++++.++++7++++.++++8++++.++++9++++.+++10

          101  000000000000CIF000000000000000000000000000000000000000000000000000                                  
 0000868    1  S0011    0001600     20052011A 52045697000110   0000000000000000000000000000000   000000000000000000
          101  000000000000CIF000000000000000000000000000000000000000000000000000                                  






















































------------------------------------------------------------------------------DATASUL - OBRIGAÇÕES FISCAIS - OF0739A - V:0.00.00.000
