+-------------------------------------------------------+
| CNPJ....53113791001790            Volume: 1/1         |
| Razão SoEstabelecimento TOTVS - Ñ ALTERAR CONTAS      |
| Nome ArqA05111                                        |
+-------------------------------------------------------+
+-------------------------------------------------------+
| CNPJ....53113791001790            Volume: 1/1         |
| Razão SoEstabelecimento TOTVS - Ñ ALTERAR CONTAS      |
| Nome ArqB05111                                        |
+-------------------------------------------------------+
+-------------------------------------------------------+
| CNPJ....53113791001790            Volume: 1/1         |
| Razão SoEstabelecimento TOTVS - Ñ ALTERAR CONTAS      |
| Nome ArqC05111                                        |
+-------------------------------------------------------+
+-------------------------------------------------------+
| CNPJ....53113791001790            Volume: 1/1         |
| Razão SoEstabelecimento TOTVS - Ñ ALTERAR CONTAS      |
| Nome ArqD05111                                        |
+-------------------------------------------------------+
+-------------------------------------------------------+
| CNPJ....53113791001790            Volume: 1/1         |
| Razão SoEstabelecimento TOTVS - Ñ ALTERAR CONTAS      |
| Nome ArqE05111                                        |
+-------------------------------------------------------+
+-------------------------------------------------------+
| CNPJ....53113791001790            Volume: 1/1         |
| Razão SoEstabelecimento TOTVS - Ñ ALTERAR CONTAS      |
| Nome ArqF05111                                        |
+-------------------------------------------------------+
+-------------------------------------------------------+
| CNPJ....53113791001790            Volume: 1/1         |
| Razão SoEstabelecimento TOTVS - Ñ ALTERAR CONTAS      |
| Nome ArqG05111                                        |
+-------------------------------------------------------+
+-------------------------------------------------------+
| CNPJ....53113791001790            Volume: 1/1         |
| Razão SoEstabelecimento TOTVS - Ñ ALTERAR CONTAS      |
| Nome ArqH05111                                        |
+-------------------------------------------------------+
+-------------------------------------------------------+
| CNPJ....53113791001790            Volume: 1/1         |
| Razão SoEstabelecimento TOTVS - Ñ ALTERAR CONTAS      |
| Nome ArqI05111                                        |
+-------------------------------------------------------+
+-------------------------------------------------------+
| CNPJ....53113791001790            Volume: 1/1         |
| Razão SoEstabelecimento TOTVS - Ñ ALTERAR CONTAS      |
| Nome ArqJ05111                                        |
+-------------------------------------------------------+
+-------------------------------------------------------+
| CNPJ....53113791001790            Volume: 1/1         |
| Razão SoEstabelecimento TOTVS - Ñ ALTERAR CONTAS      |
| Nome ArqK05111                                        |
+-------------------------------------------------------+
