------------------------------------------------------------------------------------------------------------------------------------
                                                 Dump 30 primeiros reg. Itens NF Servicos                              Página:     1
-------------------------------------------------------------------------------------------------------------- TODAY - 00:00:00

SEQUENCIA POS. ++++.++++1++++.++++2++++.++++3++++.++++4++++.++++5++++.++++6++++.++++7++++.++++8++++.++++9++++.+++10

 0000001    1  S0025    8052011     01052011C 000863084599660                                                      
          101            000000000001000000000000000000000000000000000000000000000000000000000000000              0
          201  0000000000100000                                                                                    
 0000002    1  S0025    9052011     01052011C 000863084599660                                                      
          101            000000000001000000000000000000000000000000000000000000000000000000000000000              0
          201  0000000000100000                                                                                    
 0000003    1  S0025    9252011     01052011A 611018950004980                                                      
          101            000000000001000000000000000000000000000000000000000000000000000000000000000              0
          201  0000000000100000                                                                                    
 0000004    1  S0025    9352011     01052011A 611018950004980                                                      
          101            000000000010000000000000000000000000000000000000000000000000000000000000000              0
          201  0000000001000000                                                                                    













































------------------------------------------------------------------------------DATASUL - OBRIGAÇÕES FISCAIS - OF0739A - V:0.00.00.000
------------------------------------------------------------------------------------------------------------------------------------
                                                 Dump 30 ultimos reg. Itens NF Servicos                                Página:     1
-------------------------------------------------------------------------------------------------------------- TODAY - 00:00:00

SEQUENCIA POS. ++++.++++1++++.++++2++++.++++3++++.++++4++++.++++5++++.++++6++++.++++7++++.++++8++++.++++9++++.+++10

 0000001    1  S0025    8052011     01052011C 000863084599660                                                      
          101            000000000001000000000000000000000000000000000000000000000000000000000000000              0
          201  0000000000100000                                                                                    
 0000002    1  S0025    9052011     01052011C 000863084599660                                                      
          101            000000000001000000000000000000000000000000000000000000000000000000000000000              0
          201  0000000000100000                                                                                    
 0000003    1  S0025    9252011     01052011A 611018950004980                                                      
          101            000000000001000000000000000000000000000000000000000000000000000000000000000              0
          201  0000000000100000                                                                                    
 0000004    1  S0025    9352011     01052011A 611018950004980                                                      
          101            000000000010000000000000000000000000000000000000000000000000000000000000000              0
          201  0000000001000000                                                                                    













































------------------------------------------------------------------------------DATASUL - OBRIGAÇÕES FISCAIS - OF0739A - V:0.00.00.000
