------------------------------------------------------------------------------------------------------------------------------------
                                                 Dump 30 primeiros reg. Notas Fiscais Entrada                          Página:     1
-------------------------------------------------------------------------------------------------------------- TODAY - 00:00:00

SEQUENCIA POS. ++++.++++1++++.++++2++++.++++3++++.++++4++++.++++5++++.++++6++++.++++7++++.++++8++++.++++9++++.+++10

 0000001    1  E0025    7052011     01052011C 00086308459966F01 010520110000000000010000000000000000100000000000000
          101  00000000                             0000000000000000000000000000000000256179301                    
          201                                S                                                                     
 0000002    1  E0025    9152011     01052011A 61101895000498F01 010520110000000000010000000000000000100000000000000
          101  00000000                             0000000000000000000000000000000000438010070113                 
          201                                S                                                                     
 0000003    1  E0011    0051917     02052011A 00001114183806F01 020520110000000000015000000000000000150000000000000
          101  00000000                             0000000000000000000000000000000000438010070113                 
          201                                S                                                                     
 0000004    1  E001     0000102     25042011F 04163173000181F01 030520110000000000059000000000000000590000000000000
          101  00000000                             0000000000000000000000000000000000438010070113                 
          201                                N                                                                     
 0000005    1  E001     0000275     19042011F 09535195000149F01 030520110000000000000667000000000000006670000000000
          101  00000000                             0000000000000000000000000000000000438010070113                 
          201                                S                                                                     
 0000006    1  E001     0001302     28042011A 07295484000192F01 030520110000000000026968000000000000283164000000000
          101  00000000                             0000000000000000000000000000013484438010070113                 
          201                                N                                                                     
 0000007    1  E001     0001762     27042011F 11284925000128F01 030520110000000000015901100000000000159011000000000
          101  00000000                             0000000000000000000000000000000000438010070113                 
          201                                N                                                                     
 0000008    1  E001     0002904     28042011F 04559470000140F01 030520110000000000004525400000000000045254000000000
          101  00000000                             0000000000000000000000000000000000438010070113                 
          201                                S                                                                     
 0000009    1  E001     0004038     05042011A 61531323000104F01 030520110000000000018990000000000000189900000000000
          101  00000000                             0000000000000000000000000000000000438010070113                 
          201                                N                                                                     
 0000010    1  E001     0004054     05042011A 61531323000104F01 030520110000000000018150000000000000181500000000000
          101  00000000                             0000000000000000000000000000000000438010070113                 
          201                                N                                                                     
 0000011    1  E001     0004055     05042011A 61531323000104F01 030520110000000000025960000000000000259600000000000
          101  00000000                             0000000000000000000000000000000000438010070113                 
          201                                N                                                                     
 0000012    1  E001     0004116     13042011A 61531323000104F01 030520110000000000038940000000000000389400000000000
          101  00000000                             0000000000000000000000000000000000438010070113                 
          201                                N                                                                     
 0000013    1  E001     0004117     13042011A 61531323000104F01 030520110000000000136290000000000001362900000000000
          101  00000000                             0000000000000000000000000000000000438010070113                 
          201                                N                                                                     
 0000014    1  E001     0004122     13042011A 61531323000104F01 030520110000000000093600000000000000936000000000000
          101  00000000                             0000000000000000000000000000000000438010070113                 
          201                                N                                                                     
 0000015    1  E001     0004125     13042011A 61531323000104F01 030520110000000000005900000000000000059000000000000
          101  00000000                             0000000000000000000000000000000000438010070113                 
          201                                N                                                                     
 0000016    1  E001     0004148     18042011A 61531323000104F01 030520110000000000164720000000000001647200000000000
          101  00000000                             0000000000000000000000000000000000438010070113                 
          201                                N                                                                     
 0000017    1  E001     0004154     19042011A 61531323000104F01 030520110000000000099950000000000000999500000000000
          101  00000000                             0000000000000000000000000000000000438010070113                 
          201                                N                                                                     
 0000018    1  E001     0004156     19042011A 61531323000104F01 030520110000000000229040000000000002335550000000000
          101  00000000                             0000000000000000000000000000045150438010070113                 
          201                                N                                                                     
 0000019    1  E001     0004157     19042011A 61531323000104F01 030520110000000000163680000000000001636800000000000
          101  00000000                             0000000000000000000000000000000000438010070113                 
          201                                N                                                                     
------------------------------------------------------------------------------DATASUL - OBRIGAÇÕES FISCAIS - OF0739A - V:0.00.00.000
------------------------------------------------------------------------------------------------------------------------------------
                                                 Dump 30 primeiros reg. Notas Fiscais Entrada                          Página:     2
-------------------------------------------------------------------------------------------------------------- TODAY - 00:00:00

SEQUENCIA POS. ++++.++++1++++.++++2++++.++++3++++.++++4++++.++++5++++.++++6++++.++++7++++.++++8++++.++++9++++.+++10

 0000020    1  E001     0004158     19042011A 61531323000104F01 030520110000000000182690000000000001846700000000000
          101  00000000                             0000000000000000000000000000019800438010070113                 
          201                                N                                                                     
 0000021    1  E001     0004159     19042011A 61531323000104F01 030520110000000000224950000000000002249500000000000
          101  00000000                             0000000000000000000000000000000000438010070113                 
          201                                N                                                                     
 0000022    1  E001     0004160     19042011A 61531323000104F01 030520110000000000174157500000000001741575000000000
          101  00000000                             0000000000000000000000000000000000438010070113                 
          201                                N                                                                     
 0000023    1  E001     0004199     25042011A 61531323000104F01 030520110000000000071000000000000000781000000000000
          101  00000000                             0000000000000000000000000000071000438010070113                 
          201                                N                                                                     
 0000024    1  E001     0004201     25042011A 61531323000104F01 030520110000000000097728000000000000977280000000000
          101  00000000                             0000000000000000000000000000000000438010070113                 
          201                                N                                                                     
 0000025    1  E001     0021735     28042011F 57482713000156F01 030520110000000000023391000000000000257301000000000
          101  00000000                             0000000000000000000000000000023391438010070113                 
          201                                N                                                                     
 0000026    1  E001     0029488     28042011F 57029431004780F01 030520110000000000032246600000000000325051000000000
          101  00000000                             0000000000000000000000000000000000438010070113                 
          201                                S                                                                     
 0000027    1  E0011    0000064     28042011F 08691997000185F01 030520110000000000026920000000000000269200000000000
          101  00000000                             0000000000000000000000000000000000438010070113                 
          201                                S                                                                     
 0000028    1  E0011    0000065     29042011F 08691997000185F01 030520110000000000004500000000000000045000000000000
          101  00000000                             0000000000000000000000000000000000438010070113                 
          201                                S                                                                     
 0000029    1  E0011    0000068     29042011A 69328896000139F01 030520110000000000012954000000000000129540000000000
          101  00000000                             0000000000000000000000000000000000438010070113                 
          201                                N                                                                     
 0000030    1  E0011    0000068     29042011F 08691997000185F01 030520110000000000045000000000000000450000000000000
          101  00000000                             0000000000000000000000000000000000438010070113                 
          201                                S                                                                     
























------------------------------------------------------------------------------DATASUL - OBRIGAÇÕES FISCAIS - OF0739A - V:0.00.00.000
------------------------------------------------------------------------------------------------------------------------------------
                                                 Dump 30 ultimos reg. Notas Fiscais Entrada                            Página:     1
-------------------------------------------------------------------------------------------------------------- TODAY - 00:00:00

SEQUENCIA POS. ++++.++++1++++.++++2++++.++++3++++.++++4++++.++++5++++.++++6++++.++++7++++.++++8++++.++++9++++.+++10

 0000300    1  E0012    0000712     05052011A 10311551000120F01 060520110000000000031250000000000000312500000000000
          101  00000000                             0000000000000000000000000000000000438010070113                 
          201                                N                                                                     
 0000301    1  E0012    0000713     05052011A 10311551000120F01 060520110000000000000540000000000000005400000000000
          101  00000000                             0000000000000000000000000000000000438010070113                 
          201                                S                                                                     
 0000302    1  E0012    0003305     09042011F 01928075007960F01 060520110000000000000035600000000000000356000000000
          101  00000000                             00000000000000000000000000000000000014673520009                
          201                                S                                                                     
 0000303    1  E0012    0003981     03052011A 74605627000102F01 060520110000000000006300000000000000063000000000000
          101  00000000                             0000000000000000000000000000000000438010070113                 
          201                                S                                                                     
 0000304    1  E0032    0006631     20042011F 03576562000176F01 060520110000000000001390100000000000013901000000000
          101  00000000                             0000000000000000000000000000000000438010070113                 
          201                                N                                                                     
 0000305    1  E0012    0007275     29042011F 61941175000198F01 060520110000000000030456000000000000319788000000000
          101  00000000                             0000000000000000000000000000000000438010070113                 
          201                                S                                                                     
 0000306    1  E0012    0351947     29042011F 01857582000190F01 060520110000000000002850000000000000028500000000000
          101  00000000                             0000000000000000000000000000000000438010070113                 
          201                                S                                                                     
 0000307    1  E0013    0026771     26042011A 02214604000166F01 060520110000000000228540000000000002285400000000000
          101  00000000                             0000000000000000000000000000000000                             
          201                                N                                                                     
 0000308    1  E0014    0001647     05052011A 56784812000120F01 060520110000000000004650000000000000046500000000000
          101  00000000                             0000000000000000000000000000000000438010070113                 
          201                                S                                                                     
 0000309    1  E0014    0076298     29042011A 61854147000133F01 060520110000000000022539400000000000259204000000000
          101  00000000                             0000000000000000000000000000000000438010070113                 
          201                                S                                                                     
 0000310    1  E003B1   0000479     03052011A 06331583000110F08 060520110000000000005500000000000000055000000000000
          101  00000000                             0000000000000000000000000000000000438010070113                 
          201                                N                                                                     
 0000311    1  E003U    0016655     04052011F 59512962000172F08 060520110000000000013636400000000000136364000000000
          101  00000000                             0000000000000000000000000000000000438010070113                 
          201                                N                                                                     
 0000312    1  E003U    0082246     28042011F 03392405000100F08 060520110000000000000648300000000000006483000000000
          101  00000000                             0000000000000000000000000000000000438010070113                 
          201                                N                                                                     
 0000313    1  E003U    0082365     04052011F 03392405000100F08 060520110000000000001004100000000000010041000000000
          101  00000000                             0000000000000000000000000000000000438010070113                 
          201                                N                                                                     
 0000314    1  E003U    0641796     19042011A 55065981000228F08 060520110000000000023527800000000000235278000000000
          101  00000000                             0000000000000000000000000000000000438010070113                 
          201                                S                                                                     
 0000315    1  E003U    0641797     19042011A 55065981000228F08 060520110000000000023527800000000000235278000000000
          101  00000000                             0000000000000000000000000000000000438010070113                 
          201                                S                                                                     
 0000316    1  E003U    0725926     28042011A 46174884000100F08 060520110000000000000854400000000000008544000000000
          101  00000000                             0000000000000000000000000000000000438010070113                 
          201                                S                                                                     
 0000317    1  E003U    0733347     04052011A 46174884000100F08 060520110000000000001003900000000000010039000000000
          101  00000000                             0000000000000000000000000000000000438010070113                 
          201                                N                                                                     
 0000318    1  E003U    0736060     28042011A 46174884000100F08 060520110000000000000861800000000000008618000000000
          101  00000000                             0000000000000000000000000000000000438010070113                 
          201                                S                                                                     
------------------------------------------------------------------------------DATASUL - OBRIGAÇÕES FISCAIS - OF0739A - V:0.00.00.000
------------------------------------------------------------------------------------------------------------------------------------
                                                 Dump 30 ultimos reg. Notas Fiscais Entrada                            Página:     2
-------------------------------------------------------------------------------------------------------------- TODAY - 00:00:00

SEQUENCIA POS. ++++.++++1++++.++++2++++.++++3++++.++++4++++.++++5++++.++++6++++.++++7++++.++++8++++.++++9++++.+++10

 0000319    1  E0011    0001054     20052011A 07491528786340F01 200520110000000000002200000000000000022000000000000
          101  00000000                             0000000000000000000000000000000000                             
          201                                S                                                                     
 0000320    1  E0011    0001116     20052011A 52045697000110F01 200520110000000000001400000000000000014000000000000
          101  00000000                             0000000000000000000000000000000000438010070113                 
          201                                S                                                                     
 0000321    1  E0011    0001136     20052011A 52045697000110F55 200520110000000000001200000000000000012000000000000
          101  00000000                             0000000000000000000000000000000000438010070113                 
          201                                N                                                                     
 0000322    1  E0011    0001145     20052011A 52045697000110F55 200520110000000000003300000000000000033000000000000
          101  00000000                             0000000000000000000000000000000000438010070113                 
          201                                N                                                                     
 0000323    1  E0011    0001345     20052011A 52045697000110F01 200520110000000000001100000000000000011000000000000
          101  00000000                             0000000000000000000000000000000000438010070113                 
          201                                N                                                                     
 0000324    1  E0011    0001409     20052011A 52045697000110001 200520110000000000000000000000000000000000000000000
          101  00000000                             0000000000000000000000000000000000438010070113                 
          201                                N                                                                     
 0000325    1  E0011    0001510     20052011A 52045697000110F55 200520110000000000001600000000000000016000000000000
          101  00000000                             0000000000000000000000000000000000438010070113                 
          201                                N                                                                     
 0000326    1  E0011    0001623     20052011A 07491528786340F01 200520110000000000001950000000000000019500000000000
          101  00000000                             0000000000000000000000000000000000                             
          201                                N                                                                     
 0000327    1  E0011    0001227     26052011A 52045697000110F55 260520110000000000003500000000000000036750000000000
          101  00000000                             0000000000000000000000000000001750438010070113                 
          201                                S                                                                     
 0000328    1  E0011    0001232     26052011A 52045697000110F01 260520110000000000005600000000000000056000000000000
          101  00000000                             0000000000000000000000000000000000438010070113                 
          201                                S                                                                     
 0000329    1  E0011    0001409     26052011A 52045697000110F55 260520110000000000002750000000000000027500000000000
          101  00000000                             0000000000000000000000000000000000438010070113                 
          201                                N                                                                     
























------------------------------------------------------------------------------DATASUL - OBRIGAÇÕES FISCAIS - OF0739A - V:0.00.00.000
