------------------------------------------------------------------------------------------------------------------------------------
                                                 Normativa 86 - Listagem dos Parâmetros                                 Página:    1
-------------------------------------------------------------------------------------------------------------- TODAY - 00:00:00

Data Inicial:                                  01/05/11
Data Final:                                    31/05/11
Estabelecimento:                               1
Considera Notas de Serviço nos arquivo C e D:  Não
Considera Desconto:                            Não
Normativa:                                     IN 86/2001 - ADE COFIS 15/2001
Diretório Arquivos:                            c:\automacao\relatorios\
Nr Max Bytes:                                  999.999.999.999
Tipo Armazenamento:                            Outro Meio Físico
Outro Dispositivo:
Endereço Para Contato:
Nome Contributinte:
CPF Contributinte:
Telefone Contributinte:
FAX Contributinte:
E-Mail Contributinte:
Nome Responsável:
CPF Responsável:
Telefone Responsável:
FAX Responsável:
E-Mail Responsável:


                              Seleção de Emitente


                           Naturezas a Desconsiderar
































-----------------------------------------------------------------------------DATASUL - OBRIGAÇÕES FISCAIS - OF0739RP - V:0.00.00.000
