------------------------------------------------------------------------------------------------------------------------------------
                                                 Dump 30 pri.reg. Arq. Itens Mercadorias/Servicos                      Página:     1
-------------------------------------------------------------------------------------------------------------- TODAY - 00:00:00

SEQUENCIA POS. ++++.++++1++++.++++2++++.++++3++++.++++4++++.++++5++++.++++6++++.++++7++++.++++8++++.++++9++++.+++10

 0000001    1  S551    0001110105201100140F                 ITEM CONTROLE F?SICO                         611 611ST 
          101  7308300000000000000000000KG 000000000150000000000000000015000000000000000000000200000000000000000000
          201  000000000000000000000010250000000000000150000000000000000375000000000000015000000000000000015000N   
 0000002    1  S011    45678901052011001.COMPRAS            .Compras - Projeto 87                        711 7111  
          101  7308909000000000000000000pc 000000000180000000000000000018000000000000000000000200500000000000000000
          201  000000000000000000014120250000000000000000000000000000000000000000000000000000000000000000000000N   
 0000003    1  E015    05201101052011001DD                  Material D.Direto - TRIBUTADO                311 311A  
          101  0000000000000000000001000pc 000000000100000000000000000010000000000000000000000101000000000000001000
          201  000000000000001000000010180000000000000100000000000000000180000000000000000000000000000000000000N   
 0000004    1  E015    0520110105201100140C                 ITEM CONTROLE CONSIGNADO                     311 311A  
          101  7308300000000000000001000KG 000000000100000000000000000010000000000000000000000301500000000000000000
          201  000000000000000000000010180000000000000100000000000000000180000000000000000000000000000000000000N   
 0000005    1  E015    0520110105201100113F                 ITEM CONTROLE TOTAL                          311 311A  
          101  7308300000000000000001000KG 000000000100000000000000000010000000000000000000000200900000000000000000
          201  000000000000000000010010180000000000000100000000000000000180000000000000000000000000000000000000N   
 0000006    1  S015    05201101052011001DD                  Material D.Direto - TRIBUTADO                711 711A  
          101  0000000000000000000001000pc 000000000100000000000000000010000000000000000000000101000000000000001000
          201  000000000000001000004120000000000000000000000000000000000000000000000000000000000000000000000000N   
 0000007    1  S015    0520110105201100140C                 ITEM CONTROLE CONSIGNADO                     711 711A  
          101  3210001000000000000001000KG 000000000100000000000000000010000000000000000000000201000000000000000000
          201  000000000000000000004120000000000000000000000000000000000000000000000000000000000000000000000000N   
 0000008    1  S015    0520110105201100113F                 ITEM CONTROLE TOTAL                          711 711A  
          101  7308300000000000000001000KG 000000000100000000000000000010000000000000000000000301000000000000000000
          201  000000000000000000014120000000000000000000000000000000000000000000000000000000000000000000000000N   
 0000009    1  S555    0750960305201100171.15.212-0         JCFSSGC100X150X9,4 NAC/VLS                   611 6118MG
          101  7610100000000000000001000pc 000000000049618000000000000000000000000000000000000300000000000000000000
          201  000000000000000000000010120000000000000051652000000000000061980000000000007317000000000000006973N   
 0000010    1  S555    0750960305201100277.13.501-4         PCFHE216X160X8,7-2 ALANAC VLS                611 6118MG
          101  7610100000000000000001000pc 000000000099320000000000000000000000000000000000000300000000000000000000
          201  000000000000000000000010120000000000000103392000000000000124070000000000014646500000000000013957N   
 0000011    1  S555    0750970305201100166.61.451-4         PSABGEE-217X087X08 APACZA                    611 611MG 
          101  7308300000000000000002000pc 000000000030744000000000000000000000000000000000000300000000000000000000
          201  000000000000000000000010120000000000000064009000000000000076810000000000009204500000000000008887N   
 0000012    1  S555    0750980305201100162.51.311-0         JVBGE-100X150X12-6 APACZA                    611 611MG 
          101  7308300000000000000005000pc 000000000023058000000000000000000000000000000000000300000000000000000000
          201  000000000000000000000010120000000000000120016000000000000144020000000000017258300000000000016663N   
 0000013    1  S555    0750980305201100263.41.301-1         JCBBDSG-100X150X08 APACZA                    611 611MG 
          101  7308300000000000000004000pc 000000000014860000000000000000000000000000000000000300000000000000000000
          201  000000000000000000000010120000000000000061877000000000000074250000000000008897900000000000008591N   
 0000014    1  S555    0750980305201100363.41.310-0         JCBBDGE-100X120X08 APACZA                    611 611MG 
          101  7308300000000000000015000pc 000000000015543000000000000000000000000000000000000300000000000000000000
          201  000000000000000000000010120000000000000242703000000000000291250000000000034900700000000000033696N   
 0000015    1  S555    0750980305201100463.41.311-9         JCBBDGE-100X150X08 APACZA                    611 611MG 
          101  7308300000000000000005000pc 000000000017251000000000000000000000000000000000000300000000000000000000
          201  000000000000000000000010120000000000000089791000000000000107750000000000012911900000000000012466N   
 0000016    1  S555    0750980305201100565.12.102-6         JBSG -060X060X08-2 APACZA                    611 611MG 
          101  7308300000000000000004000pc 000000000006149000000000000000000000000000000000000300000000000000000000
          201  000000000000000000000010120000000000000025604000000000000030720000000000003681900000000000003555N   
 0000017    1  S555    0750980305201100666.21.164-9         PAAHBD-217X087X6,5 APACZA                    611 611MG 
          101  7308300000000000000002000pc 000000000020069000000000000000000000000000000000000300000000000000000000
          201  000000000000000000000010120000000000000041783000000000000050140000000000006008400000000000005801N   
 0000018    1  S555    0750980305201100766.21.165-7         PAAHBE-217X087X6,5 APACZA                    611 611MG 
          101  7308300000000000000001000pc 000000000020069000000000000000000000000000000000000300000000000000000000
          201  000000000000000000000010120000000000000020891000000000000025070000000000003004100000000000002900N   
 0000019    1  S555    0750980305201100866.31.178-3         PAVBD-217X67X6,5-1 APACZA                    611 611MG 
          101  7308300000000000000001000pc 000000000021435000000000000000000000000000000000000300000000000000000000
          201  000000000000000000000010120000000000000022318000000000000026780000000000003209300000000000003099N   
------------------------------------------------------------------------------DATASUL - OBRIGAÇÕES FISCAIS - OF0739A - V:0.00.00.000
------------------------------------------------------------------------------------------------------------------------------------
                                                 Dump 30 pri.reg. Arq. Itens Mercadorias/Servicos                      Página:     2
-------------------------------------------------------------------------------------------------------------- TODAY - 00:00:00

SEQUENCIA POS. ++++.++++1++++.++++2++++.++++3++++.++++4++++.++++5++++.++++6++++.++++7++++.++++8++++.++++9++++.+++10

 0000020    1  S555    0750990305201100162.51.311-0         JVBGE-100X150X12-6 APACZA                    611 611MG 
          101  7308300000000000000003000pc 000000000023058000000000000000000000000000000000000300000000000000000000
          201  000000000000000000000010120000000000000072010000000000000086420000000000010355000000000000009997N   
 0000021    1  S555    0750990305201100263.41.581-2         JCSSGEI4 BLFT APA ........-100X150X14-4      611 611MG 
          101  7308300000000000000001000pc 000000000021008000000000000000000000000000000000000300000000000000000000
          201  000000000000000000000010120000000000000021869000000000000026240000000000003144800000000000003037N   
 0000022    1  S555    0750990305201100364.13.203-2         JMGE -060X060X08-1 APACZA                    611 611MG 
          101  7308300000000000000002000pc 000000000009223000000000000000000000000000000000000300000000000000000000
          201  000000000000000000000010120000000000000019203000000000000023040000000000002761400000000000002667N   
 0000023    1  S555    0751000305201100166.61.451-4         PSABGEE-217X087X08 APACZA                    611 611MG 
          101  7308300000000000000002000pc 000000000030744000000000000000000000000000000000000300000000000000000000
          201  000000000000000000000010120000000000000064009000000000000076810000000000009204500000000000008887N   
 0000024    1  S555    0751010305201100171.15.101-8         JCFSSSG100X120X6,4 NAC/VLS                   611 6118MG
          101  7610100000000000000004000pc 000000000025620000000000000000000000000000000000000300000000000000000000
          201  000000000000000000000010120000000000000106681000000000000128020000000000015112400000000000014400N   
 0000025    1  S555    0751010305201100271.15.161-1         JCFSSSG100X120X6,4 BRA/VLS                   611 6118MG
          101  7610100000000000000004000pc 000000000026987000000000000000000000000000000000000300000000000000000000
          201  000000000000000000000010120000000000000112373000000000000134850000000000015918800000000000015169N   
 0000026    1  S555    0751010305201100376.35.001-9         PSAPGCFD216X88X5,4 ALANAC/VMB                611 6118MG
          101  7610100000000000000003000pc 000000000072761000000000000000000000000000000000000300000000000000000000
          201  000000000000000000000010120000000000000227232000000000000272670000000000032189700000000000030674N   
 0000027    1  S555    0751010305201100476.35.002-7         PSAPGCFE216X88X5,4 ALANAC/VMB                611 6118MG
          101  7610100000000000000002000pc 000000000072761000000000000000000000000000000000000300000000000000000000
          201  000000000000000000000010120000000000000151491000000000000181790000000000021460200000000000020449N   
 0000028    1  S555    0751020305201100122.12.211-8         JCSSGEI-120X120X12 APDBRA VLS                611 611MG 
          101  7308300000000000000001000pc 000000000036893000000000000000000000000000000000000300000000000000000000
          201  000000000000000000000010120000000000000038406000000000000046090000000000005522800000000000005332N   
 0000029    1  S555    0751030305201100163.41.312-7         JCBBDGE-100X200X08 APACZA                    611 611MG 
          101  7308300000000000000001000pc 000000000019984000000000000000000000000000000000000300000000000000000000
          201  000000000000000000000010120000000000000020803000000000000024960000000000002991500000000000002889N   
 0000030    1  S555    0751030305201100266.61.451-4         PSABGEE-217X087X08 APACZA                    611 611MG 
          101  7308300000000000000001000pc 000000000030744000000000000000000000000000000000000300000000000000000000
          201  000000000000000000000010120000000000000032005000000000000038410000000000004602300000000000004443N   
























------------------------------------------------------------------------------DATASUL - OBRIGAÇÕES FISCAIS - OF0739A - V:0.00.00.000
