------------------------------------------------------------------------------------------------------------------------------------
                                                 Dump 30 pri.reg. Arq. Naturezas de Operacao                           Página:     1
-------------------------------------------------------------------------------------------------------------- TODAY - 00:00:00

SEQUENCIA POS. ++++.++++1++++.++++2++++.++++3++++.++++4++++.++++5++++.++++6++++.++++7++++.++++8++++.++++9++++.+++10

 0000001    1  010120031032  COMPRAS DE INSUMOS                                                                    
 0000002    1  010120031101  Compra materia prima                                                                  
 0000003    1  010120031101A Compra materia prima                                                                  
 0000004    1  010120031112  COMPRA DE INSUMOS                                                                     
 0000005    1  010120031113  COMPRA DE INSUMOS                                                                     
 0000006    1  010120031114  COMPRA DE INSUMOS                                                                     
 0000007    1  010120031115  COMPRA DE INSUMOS                                                                     
 0000008    1  01012003111EFFEntrega Futura - Fatura                                                               
 0000009    1  01012003111FAFFaturamento Antecipado - Fatura                                                       
 0000010    1  0101200311314 INDUSTR.EFET. P/TERCEIROS                                                             
 0000011    1  01012003131STEDEVOL. DE PROD DO ESTABEL-ST                                                          
 0000012    1  010120031322  DEVOLUCAO                                                                             
 0000013    1  010120031551R1Compra Ativo 01                                                                       
 0000014    1  010120031621OSFRETE ATIVO                                                                           
 0000015    1  0101200316230 FRETE DE INSUMOS                                                                      
 0000016    1  0101200316231 AQUIS. SERV. DE TRANSPORTE                                                            
 0000017    1  0101200316235 AQUIS. SERV. DE TRANSPORTE                                                            
 0000018    1  010120031626  FRETE DE INSUMOS                                                                      
 0000019    1  01012003162950FRETE DESPESA                                                                         
 0000020    1  01012003162953FRETE ATIVO                                                                           
 0000021    1  01012003165122COMPRA OLEO DIESEL-ABASTECIMENTO                                                      
 0000022    1  01012003165421COMPRA DE COMBUSTIVEL - MP                                                            
 0000023    1  0101200316553 COMPRA DE COMB. OU LUBR. - DESPESAS                                                   
 0000024    1  010120031802  SERVICO TRIB PELO ISS                                                                 
 0000025    1  010120031911OSCOMPRA P/ATIVO IMOBILIZADO                                                            
 0000026    1  010120031914OSCOMPRA P/ATIVO IMOBILIZADO                                                            
 0000027    1  010120031918OSCOMPRA P/ATIVO IMOBILIZADO                                                            
 0000028    1  010120031929OSCOMPRA P/ATIVO IMOBILIZADO                                                            
 0000029    1  010120031932OSCOMPRA P/ATIVO IMOBILIZADO                                                            
 0000030    1  010120031933  Serviço Entrada                                                                       



























------------------------------------------------------------------------------DATASUL - OBRIGAÇÕES FISCAIS - OF0739A - V:0.00.00.000
