------------------------------------------------------------------------------------------------------------------------------------
                                                 Dump 30 pri.reg. Arq. Itens Merc/Servicos Terceiro                    Página:     1
-------------------------------------------------------------------------------------------------------------- TODAY - 00:00:00

SEQUENCIA POS. ++++.++++1++++.++++2++++.++++3++++.++++4++++.++++5++++.++++6++++.++++7++++.++++8++++.++++9++++.+++10

 0000001    1  015    0520110105201118            00113F                 ITEM CONTROLE TOTAL                       
          101     193 1933  7308300000000000000001000KG 00000000010000000000000000001000000000000000000000010000000
          201  0000000001000000000000000000000010010170000000000000100000000000000000170000000000000000000000000000
          301  000000000N                                                                                          
 0000002    1  015    1520110105201113            001DD                  Material D.Direto - TRIBUTADO             
          101     293 2933  0000000000000000000001000pc 00000000010000000000000000001000000000000000000000010000000
          201  0000000001000000000000000000000000010170000000000000100000000000000000170000000000000000000000000000
          301  000000000N                                                                                          
 0000003    1  011    0519170205201151917         00140F                 ITEM CONTROLE F?SICO                      
          101     297 2971  7308300000000000000001000KG 00000000015000000000000000001500000000000000000000030000000
          201  0000000000000000000000000000000009030120000000000000000000000000000000000000000000000000000000000000
          301  000000000N                                                                                          
 0000004    1  01     0001022504201178683         001DD                  Relógio Bulova - valor unitário R$ 1.475,0
          101  0  199 1991610000000000000000000004000pc 00000000014750000000000000000000000000000000000000020000000
          201  0000000000000000000000000000000004020000000000000000000000000000000000000000000000000000000000000000
          301  000000000N                                                                                          
 0000005    1  01     0002751904201178657         001DD                  Material D.Direto - TRIBUTADO             
          101     197 19712 0000000000000000000005000pc 00000000000034000000000000000000000000000000000000020000000
          201  0000000000000000000000000000000004020000000000000000000000000000000000000000000000000000000000000000
          301  000000000N                                                                                          
 0000006    1  01     0002751904201178657         002DD                  Material D.Direto - TRIBUTADO             
          101     197 19712 0000000000000000000004000pc 00000000000029000000000000000000000000000000000000020000000
          201  0000000000000000000000000000000004020000000000000000000000000000000000000000000000000000000000000000
          301  000000000N                                                                                          
 0000007    1  01     0002751904201178657         003DD                  Material D.Direto - TRIBUTADO             
          101     197 19712 0000000000000000000002000pc 00000000000036000000000000000000000000000000000000020000000
          201  0000000000000000000000000000000004020000000000000000000000000000000000000000000000000000000000000000
          301  000000000N                                                                                          
 0000008    1  01     0002751904201178657         004DD                  Material D.Direto - TRIBUTADO             
          101     197 19712 0000000000000000000001000pc 00000000000033000000000000000000000000000000000000020000000
          201  0000000000000000000000000000000004020000000000000000000000000000000000000000000000000000000000000000
          301  000000000N                                                                                          
 0000009    1  01     0002751904201178657         005DD                  Material D.Direto - TRIBUTADO             
          101     197 19712 0000000000000000000004000pc 00000000000069000000000000000000000000000000000000020000000
          201  0000000000000000000000000000000004020000000000000000000000000000000000000000000000000000000000000000
          301  000000000N                                                                                          
 0000010    1  01     0013022804201175800         00182.60.413-8         FITA PP CZA 5X12mm                        
          101     111 1112  5911900000000000000800000m  00000000000003210000000000000000000000000000000000010050000
          201  0000000000256800000000000000128400010180000000000000025680000000000000046220000000000000000000000000
          301  000000000N                                                                                          
 0000011    1  01     0013022804201175800         00282.60.409-0         FITA PP CZA 5X5mm                         
          101     111 1112  5911900000000000020000000m  00000000000001220000000000000000000000000000000000010050000
          201  0000000002440000000000000001220000010180000000000000244000000000000000439200000000000000000000000000
          301  000000000N                                                                                          
 0000012    1  01     0017622704201178334         00181.25.004-9         DOBR 1290  76X64                          
          101     111 1113  8302100000000000001992000pc 00000000000007982000000000000000000000000000000000020000000
          201  0000000000000000000000000000000000010180000000000000159011000000000000286220000000000000000000000000
          301  000000000N                                                                                          
 0000013    1  01     0029042804201178625         01496.02.250-6         BORBOLETA SORO 21                         
          101     197 19710 3005109000000000000020000pc 00000000000003500000000000000000000000000000000000020000000
          201  0000000000000000000000000000000009030000000000000000000000000000000000000000000000000000000000000000
          301  000000000N                                                                                          
 0000014    1  01     0029042804201178625         01596.30.090-5         PAPEL LENCOL 50CM                         
          101     197 19710 3005109000000000000010000pc 00000000000040000000000000000000000000000000000000020000000
          201  0000000000000000000000000000000009030000000000000000000000000000000000000000000000000000000000000000
          301  000000000N                                                                                          
 0000015    1  01     0029042804201178625         00196.02.300-6         BUSCOPAN COMP.COMPRIM.                    
------------------------------------------------------------------------------DATASUL - OBRIGAÇÕES FISCAIS - OF0739A - V:0.00.00.000
------------------------------------------------------------------------------------------------------------------------------------
                                                 Dump 30 pri.reg. Arq. Itens Merc/Servicos Terceiro                    Página:     2
-------------------------------------------------------------------------------------------------------------- TODAY - 00:00:00

SEQUENCIA POS. ++++.++++1++++.++++2++++.++++3++++.++++4++++.++++5++++.++++6++++.++++7++++.++++8++++.++++9++++.+++10

          101     197 19713 3004409000000000000002000pc 00000000000094200000000000000000000000000000000000020000000
          201  0000000000000000000000000000000006030000000000000000000000000000000000000000000000000000000000000000
          301  000000000N                                                                                          
 0000016    1  01     0029042804201178625         00296.02.301-4         BUSCOPAN COMP GOTAS                       
          101     197 19713 3005109000000000000003000pc 00000000000089600000000000000000000000000000000000020000000
          201  0000000000000000000000000000000006030000000000000000000000000000000000000000000000000000000000000000
          301  000000000N                                                                                          
 0000017    1  01     0029042804201178625         00396.02.302-2         BUSCOPAN COMP INJ.5ML                     
          101     197 19713 3005109000000000000006000pc 00000000000098900000000000000000000000000000000000020000000
          201  0000000000000000000000000000000006030000000000000000000000000000000000000000000000000000000000000000
          301  000000000N                                                                                          
 0000018    1  01     0029042804201178625         00496.04.100-4         NIMESULIDA 100mg                          
          101     197 19713 3004909900000000000006000pc 00000000000075000000000000000000000000000000000000020000000
          201  0000000000000000000000000000000006030000000000000000000000000000000000000000000000000000000000000000
          301  000000000N                                                                                          
 0000019    1  01     0029042804201178625         00596.04.129-2         CEFALIUM COMPR.                           
          101     197 19713 3005109000000000000002000pc 00000000000124500000000000000000000000000000000000020000000
          201  0000000000000000000000000000000006030000000000000000000000000000000000000000000000000000000000000000
          301  000000000N                                                                                          
 0000020    1  01     0029042804201178625         00696.08.200-2         ESPARADRAPO 10X4,5                        
          101     197 19713 3005109000000000000002000pc 00000000000079900000000000000000000000000000000000020000000
          201  0000000000000000000000000000000006030000000000000000000000000000000000000000000000000000000000000000
          301  000000000N                                                                                          
 0000021    1  01     0029042804201178625         00796.10.380-8         FLORATIL 200MG CAP                        
          101     197 19713 3004909900000000000004000pc 00000000000255000000000000000000000000000000000000020000000
          201  0000000000000000000000000000000006030000000000000000000000000000000000000000000000000000000000000000
          301  000000000N                                                                                          
 0000022    1  01     0029042804201178625         00896.22.501-6         LUVA CIRURG PROCED                        
          101     197 19713 3005109000000000000002000pc 00000000000170000000000000000000000000000000000000020000000
          201  0000000000000000000000000000000006030000000000000000000000000000000000000000000000000000000000000000
          301  000000000N                                                                                          
 0000023    1  01     0029042804201178625         00996.26.401-1         NOVALGINA GOTAS                           
          101     197 19713 3003907800000000000010000pc 00000000000015000000000000000000000000000000000000020000000
          201  0000000000000000000000000000000006030000000000000000000000000000000000000000000000000000000000000000
          301  000000000N                                                                                          
 0000024    1  01     0029042804201178625         01096.12.300-0         GLICOSE HIPERT 25%                        
          101     197 19713 3005109000000000000020000pc 00000000000002200000000000000000000000000000000000020000000
          201  0000000000000000000000000000000006030000000000000000000000000000000000000000000000000000000000000000
          301  000000000N                                                                                          
 0000025    1  01     0029042804201178625         01196.32.203-8         SERINGA DES20MLS/A                        
          101     197 19713 3005109000000000000020000pc 00000000000006500000000000000000000000000000000000020000000
          201  0000000000000000000000000000000006030000000000000000000000000000000000000000000000000000000000000000
          301  000000000N                                                                                          
 0000026    1  01     0029042804201178625         01296.32.221-6         SERINGA DES 5ML C/AGULHA                  
          101     197 19713 3005109000000000000030000pc 00000000000009900000000000000000000000000000000000020000000
          201  0000000000000000000000000000000006030000000000000000000000000000000000000000000000000000000000000000
          301  000000000N                                                                                          
 0000027    1  01     0029042804201178625         013DD                  Material D.Direto - TRIBUTADO             
          101     197 19713 0000000000000000000030000pc 00000000000005500000000000000000000000000000000000020000000
          201  0000000000000000000000000000000006030000000000000000000000000000000000000000000000000000000000000000
          301  000000000N                                                                                          
 0000028    1  01     0040380504201173628         00181.31.204-4         FECHO COM TRAVA                           
          101     111 1112  7610900000000000000300000pc 00000000000063300000000000000000000000000000000000030000000
          201  0000000000000000000000000000000000010180000000000000189900000000000000341820000000000000000000000000
          301  000000000N                                                                                          
 0000029    1  01     0040540504201173628         00182.60.546-0         FECHO MAXIM-AR ALUMIFORT                  
          101     111 1112  7610900000000000000300000pc 00000000000060500000000000000000000000000000000000030000000
------------------------------------------------------------------------------DATASUL - OBRIGAÇÕES FISCAIS - OF0739A - V:0.00.00.000
------------------------------------------------------------------------------------------------------------------------------------
                                                 Dump 30 pri.reg. Arq. Itens Merc/Servicos Terceiro                    Página:     3
-------------------------------------------------------------------------------------------------------------- TODAY - 00:00:00

SEQUENCIA POS. ++++.++++1++++.++++2++++.++++3++++.++++4++++.++++5++++.++++6++++.++++7++++.++++8++++.++++9++++.+++10

          201  0000000000000000000000000000000010010180000000000000181500000000000000326700000000000000000000000000
          301  000000000N                                                                                          
 0000030    1  01     0040550504201173628         00182.60.547-9         FECHO MAX-AR AL BRANCO                    
          101     111 1112  7610900000000000000400000pc 00000000000064900000000000000000000000000000000000030000000
          201  0000000000000000000000000000000010010180000000000000259600000000000000467280000000000000000000000000
          301  000000000N                                                                                          



















































------------------------------------------------------------------------------DATASUL - OBRIGAÇÕES FISCAIS - OF0739A - V:0.00.00.000
