------------------------------------------------------------------------------------------------------------------------------------
                                                 Dump 30 pri.reg. Arq. Mestre Merc/Servicos Terceir                    Página:     1
-------------------------------------------------------------------------------------------------------------- TODAY - 00:00:00

SEQUENCIA POS. ++++.++++1++++.++++2++++.++++3++++.++++4++++.++++5++++.++++6++++.++++7++++.++++8++++.++++9++++.+++10

 0000001    1  015    0520110105201118            01052011000000000001000000000000000000000000000000000000000000000
          101  0000000000000000000000000000000000000000000000000000000000000000000000000100000256179301     1      
          201                                                                                                      
 0000002    1  015    1520110105201113            01052011000000000001000000000000000000000000000000000000000000000
          101  0000000000000000000000000000000000000000000000000000000000000000000000000100000438010070113  1      
          201                                                                                                      
 0000003    1  011    0519170205201151917         02052011000000000001500000000000000000000000000000000000000000000
          101  0000000000000000000000000000000000000000000000000000000000000000000000000150000438010070113  1      
          201                                                                                                      
 0000004    1  01     0001022504201178683         03052011000000000005900000000000000000000000000000000000000000000
          101  0000000000000000000000000000000000000000000000000000000000000000000000000590000438010070113  1      
          201                                                                                                      
 0000005    1  01     0002751904201178657         03052011000000000000066700000000000000000000000000000000000000000
          101  0000000000000000000000000000000000000000000000000000000000000000000000000006670438010070113  1      
          201                                                                                                      
 0000006    1  01     0013022804201175800         03052011000000000002696800000000000000000000000000000000000000000
          101  0000000000000000000000000000000000000000134840000000000000000000000000000283164438010070113  1      
          201                                                                                                      
 0000007    1  01     0017622704201178334         03052011000000000001590110000000000000000000000000000000000000000
          101  0000000000000000000000000000000000000000000000000000000000000000000000000159011438010070113  1      
          201                                                                                                      
 0000008    1  01     0029042804201178625         03052011000000000000452540000000000000000000000000000000000000000
          101  0000000000000000000000000000000000000000000000000000000000000000000000000045254438010070113  1      
          201                                                                                                      
 0000009    1  01     0040380504201173628         03052011000000000001899000000000000000000000000000000000000000000
          101  0000000000000000000000000000000000000000000000000000000000000000000000000189900438010070113  1      
          201                                                                                                      
 0000010    1  01     0040540504201173628         03052011000000000001815000000000000000000000000000000000000000000
          101  0000000000000000000000000000000000000000000000000000000000000000000000000181500438010070113  1      
          201                                                                                                      
 0000011    1  01     0040550504201173628         03052011000000000002596000000000000000000000000000000000000000000
          101  0000000000000000000000000000000000000000000000000000000000000000000000000259600438010070113  1      
          201                                                                                                      
 0000012    1  01     0041161304201173628         03052011000000000003894000000000000000000000000000000000000000000
          101  0000000000000000000000000000000000000000000000000000000000000000000000000389400438010070113  1      
          201                                                                                                      
 0000013    1  01     0041171304201173628         03052011000000000013629000000000000000000000000000000000000000000
          101  0000000000000000000000000000000000000000000000000000000000000000000000001362900438010070113  1      
          201                                                                                                      
 0000014    1  01     0041221304201173628         03052011000000000009360000000000000000000000000000000000000000000
          101  0000000000000000000000000000000000000000000000000000000000000000000000000936000438010070113  1      
          201                                                                                                      
 0000015    1  01     0041251304201173628         03052011000000000000590000000000000000000000000000000000000000000
          101  0000000000000000000000000000000000000000000000000000000000000000000000000059000438010070113  1      
          201                                                                                                      
 0000016    1  01     0041481804201173628         03052011000000000016472000000000000000000000000000000000000000000
          101  0000000000000000000000000000000000000000000000000000000000000000000000001647200438010070113  1      
          201                                                                                                      
 0000017    1  01     0041541904201173628         03052011000000000009995000000000000000000000000000000000000000000
          101  0000000000000000000000000000000000000000000000000000000000000000000000000999500438010070113  1      
          201                                                                                                      
 0000018    1  01     0041561904201173628         03052011000000000022904000000000000000000000000000000000000000000
          101  0000000000000000000000000000000000000000451500000000000000000000000000002335550438010070113  1      
          201                                                                                                      
 0000019    1  01     0041571904201173628         03052011000000000016368000000000000000000000000000000000000000000
          101  0000000000000000000000000000000000000000000000000000000000000000000000001636800438010070113  1      
          201                                                                                                      
------------------------------------------------------------------------------DATASUL - OBRIGAÇÕES FISCAIS - OF0739A - V:0.00.00.000
------------------------------------------------------------------------------------------------------------------------------------
                                                 Dump 30 pri.reg. Arq. Mestre Merc/Servicos Terceir                    Página:     2
-------------------------------------------------------------------------------------------------------------- TODAY - 00:00:00

SEQUENCIA POS. ++++.++++1++++.++++2++++.++++3++++.++++4++++.++++5++++.++++6++++.++++7++++.++++8++++.++++9++++.+++10

 0000020    1  01     0041581904201173628         03052011000000000018269000000000000000000000000000000000000000000
          101  0000000000000000000000000000000000000000198000000000000000000000000000001846700438010070113  1      
          201                                                                                                      
 0000021    1  01     0041591904201173628         03052011000000000022495000000000000000000000000000000000000000000
          101  0000000000000000000000000000000000000000000000000000000000000000000000002249500438010070113  1      
          201                                                                                                      
 0000022    1  01     0041601904201173628         03052011000000000017415750000000000000000000000000000000000000000
          101  0000000000000000000000000000000000000000000000000000000000000000000000001741575438010070113  1      
          201                                                                                                      
 0000023    1  01     0041992504201173628         03052011000000000007100000000000000000000000000000000000000000000
          101  0000000000000000000000000000000000000000710000000000000000000000000000000781000438010070113  1      
          201                                                                                                      
 0000024    1  01     0042012504201173628         03052011000000000009772800000000000000000000000000000000000000000
          101  0000000000000000000000000000000000000000000000000000000000000000000000000977280438010070113  1      
          201                                                                                                      
 0000025    1  01     0217352804201170134         03052011000000000002339100000000000000000000000000000000000000000
          101  0000000000000000000000000000000000000000233910000000000000000000000000000257301438010070113  1      
          201                                                                                                      
 0000026    1  01     0294882804201178452         03052011000000000003224660000000000000000000000000000000000000000
          101  0000000000000000000000000000000000000000000000000000000000000000000000000325051438010070113  1      
          201                                                                                                      
 0000027    1  011    0000642804201176897         03052011000000000002692000000000000000000000000000000000000000000
          101  0000000000000000000000000000000000000000000000000000000000000000000000000269200438010070113  1      
          201                                                                                                      
 0000028    1  011    0000652904201176897         03052011000000000000450000000000000000000000000000000000000000000
          101  0000000000000000000000000000000000000000000000000000000000000000000000000045000438010070113  1      
          201                                                                                                      
 0000029    1  011    0000682904201176267         03052011000000000001295400000000000000000000000000000000000000000
          101  0000000000000000000000000000000000000000000000000000000000000000000000000129540438010070113  1      
          201                                                                                                      
 0000030    1  011    0000682904201176897         03052011000000000004500000000000000000000000000000000000000000000
          101  0000000000000000000000000000000000000000000000000000000000000000000000000450000438010070113  1      
          201                                                                                                      
























------------------------------------------------------------------------------DATASUL - OBRIGAÇÕES FISCAIS - OF0739A - V:0.00.00.000
