------------------------------------------------------------------------------------------------------------------------------------
                                                 Dump 30 pri.reg. Arq. pessoas Juridicas/Fisicas                       Página:     1
-------------------------------------------------------------------------------------------------------------- TODAY - 00:00:00

SEQUENCIA POS. ++++.++++1++++.++++2++++.++++3++++.++++4++++.++++5++++.++++6++++.++++7++++.++++8++++.++++9++++.+++10

 0000001    1  0101200317344         07046702000155            9032064628                  A & C MATS CONSTR LTDA  
          101                                                AV PRES CASTELO BRANCO, 5300                          
          201        ZONA I              UMUARAMA            PR                    87501170                        
 0000002    1  010120031498          24664856000120            6200850550025               A CONSTRUTORA LTDA      
          101                                                RUA CEL PEDRO MACHADO, 75                             
          201        CENTRO              São Gonçalo do SapucMG                    37490000                        
 0000003    1  0101200314317         01596539000118            310231123115                A J PEREIRA MATS CONSTR 
          101  LTDA                                          AV PROF MOACIR VIEIRA COELHO, 3520                    
          201        JD REDENTOR         FRANCA              SP                    14409275                        
 0000004    1  0101200317220         03823827000193            254049834                   A N B MATS CONSTR LTDA  
          101                                                RUA DO COMERCIO, 99                                   
          201        CENTRO              ARVOREDO            SC                    89778000                        
 0000005    1  0101200378013         83646984007031            255251696                   A. ANGELONI & CIA. LTDA 
          101                                                ROD BR 101 - KM 156,3                                 
          201        ALTO PEREQUE        PORTO BELO          SC                    88210000                        
 0000006    1  0101200370001         52058450000139            438017330116                A. REPETTE & FILHOS LTDA
          101  .                                             RUA XV DE NOVEMBRO, 1694                              
          201        CENTRO              MARILIA             SP                    17500050                        
 0000007    1  0101200311482         01297703000196            3829746470083               ABA MATS CONSTR LTDA    
          101                                                AV JUSCELINO KUBITSCHECK, 673                         
          201        CENTRO              LAVRAS              MG                    37200000                        
 0000008    1  0101200373090         61854147000133            219002872110                ACE SCHMERSAL ELETR. IND
          101  USTRIAL LTDA.                                 ROD BOITUVA PORTO FELIZ KM12, SN                      
          201        J ESPLANAD          BOITUVA             SP                    18550000                        
 0000009    1  0101200313340         92245406000152            3670001184                  ADIR MARIANO NOGUEIRA FO
          101  NTOURA - ME                                   RUA WALTER JOBIM, 540                                 
          201        CENTRO              MANOEL VIANA        RS                    97640000                        
 0000010    1  0101200376493         01070163000103            1260173916                  AGM - IND. E COM. DE EMB
          101  ALAGENS LTDA.                                 RUA DIRCE MARTA STRINTZINGER, 40                      
          201        TIJUCO PRETO        RIO NEGRO           PR                    86880000                        
 0000011    1  0101200315571         01618298000160            5253308720097               AGRO CRUZ ALTA LTDA     
          101                                                ROD FERNAO DIAS, SN, KM 870                           
          201        CRUZ ALTA           POUSO ALEGRE        MG                    37550000                        
 0000012    1  0101200317218         06114972000193            9030293662                  ALABAMA COM MATS CONSTR 
          101  LTDA                                          RUA WALTER BUSSADORI, 555                             
          201        PQ INDL BUENA VISTA LONDRINA            PR                    86032000                        
 0000013    1  0101200374804         23637697002074            250304368     ISENTO        ALCOA ALUMINIO S.A.     
          101                                                RODOVIA BR 101 KM 343, SN                             
          201        SAO CRISTOVAO       TUBARAO             SC                    88701260                        
 0000014    1  0101200373101         23637697009834            626314648117                ALCOA ALUMINIO S/A.     
          101                                                RUA FELIPE CAMARAO, 454                               
          201        UTINGA              SANTO ANDRE         SP                    09220580                        
 0000015    1  010120035553          71103196000198            3492553250031               ALDO ALTINO PIERONI & FI
          101  LHOS LTDA                                     RUA MAJOR AFONSO, 40, 50                              
          201        CENTRO              JACUTINGA           MG                    37590000                        
 0000016    1  0101200357878            08538696777            ISENTO                      ALEXANDRE LORENZO BRANDA
          101  O                                             AV MIRAMAR, 11, LOJA 5                                
          201        DE FATIMA           SERRA               ES                    29160752                        
 0000017    1  0101200378106         07095171000190            438236237110                ALEXANDRIA AUTO POSTO DE
          101   MARILIA LTDA.                                AVENIDA CASTRO ALVES, 1.856                           
          201        POLON               MARILIA             SP                    17507000                        
 0000018    1  0101200318009         07230164000154            283345918                   ALLTEZ MATS CONSTR LTDA 
          101  - ME                                          AV WEIMAR GONCALVES TORRES, 2329                      
          201        CENTRO              DOURADOS            MS                    79800022                        
 0000019    1  0101200311171         71628945000109            166009220110                AMILTON BRIZOLARI CONSTR
          101   - EPP                                        RUA GENTIL PRUDENTE CORREA, 630                       
          201        JD PLANALTO         AMERICO BRASILIENSE SP                    14820000                        
------------------------------------------------------------------------------DATASUL - OBRIGAÇÕES FISCAIS - OF0739A - V:0.00.00.000
------------------------------------------------------------------------------------------------------------------------------------
                                                 Dump 30 pri.reg. Arq. pessoas Juridicas/Fisicas                       Página:     2
-------------------------------------------------------------------------------------------------------------- TODAY - 00:00:00

SEQUENCIA POS. ++++.++++1++++.++++2++++.++++3++++.++++4++++.++++5++++.++++6++++.++++7++++.++++8++++.++++9++++.+++10

 0000020    1  0101200357904            93786476691            ISENTO                      ANA CLAUDIA CAROLINO    
          101                                                RUA MINISTRO HERMENEGILDO DE BARROS, 555              
          201        ITAPUA              BELO HORIZONTE      MG                    31710230                        
 0000021    1  0101200317015         04218457000128            582614838110                ANA ELOISA GABELINI - EP
          101  P                                             AV SAUDADE, 1555, A                                   
          201        CAMPOS ELISEOS      RIBEIRAO PRETO      SP                    14080000                        
 0000022    1  0101200316577         38933891000101            527009271110                ANGELO PAIOTTI MATS CONS
          101  TR LTDA-ME                                    RUA DOM LUCIO ANTUNES SOUZA, 627                      
          201        CENTRO              PILAR DO SUL        SP                    18185000                        
 0000023    1  0101200378120         82310046000171            1018113607                  ANOTECNICA PINTURA A PO 
          101  LTDA                                          R PEROLA, 778                                         
          201        JD D. JOAQUINA      PINHAIS             PR                    83325185                        
 0000024    1  0101200378512         07343859000142            209392223116                ANTONIO CARLOS DE OLIVEI
          101  RA PLASTICOS ME                               RUA JORGE PIMENTEL, 4-47                              
          201        VILA ENGLER         BAURU               SP                    17047010                        
 0000025    1  0101200352435            11067108866            ISENTO                      ANTONIO SERRANO        D
          101  RT=6981-7                                     RUA MARIA DE LOURDES GALVAO CUNHA, 203                
          201        FIGUEIRINHA II      MARILIA             SP                    17512888                        
 0000026    1  0101200378513         47610100000527            438146121118                AOKI LTDA               
          101                                                RUA SAO JORGE, 38                                     
          201        HERMINIO FERMINIO POMARILIA             SP                    17507020                        
 0000027    1  0101200374558         03868237000187            438190219116                APARECIDO DONIZETI DE OL
          101  IVEIRA MARILIA-M                              AV SANTO ANTONIO, 2011                                
          201        SOMENZARI           MARILIA             SP                    17506040                        
 0000028    1  010120035972          55019012000150            415014112113                ARLINDO CARREIRA & CIA L
          101  TDA                                           AV DR JAMBEIRO COSTA, 850                             
          201        BOM JESUS           LEME                SP                    13610500                        
 0000029    1  01012003107           50408038000257            391016361111                ARTONI COM MATS CONSTR L
          101  TDA                                           AV PINTOS, 1256                                       
          201        SOROCABANO          JABOTICABAL         SP                    14870000                        
 0000030    1  0101200378452         57029431004780            206118812117                ATLAS COPCO BRASIL LTDA 
          101                                                AV PIRAIBA, 202                                       
          201        CENTRO COMERCIAL JUBBARUERI             SP                    06460121                        
























------------------------------------------------------------------------------DATASUL - OBRIGAÇÕES FISCAIS - OF0739A - V:0.00.00.000
