------------------------------------------------------------------------------------------------------------------------------------
                                                 Dump 30 primeiros reg. NF Servicos                                    Página:     1
-------------------------------------------------------------------------------------------------------------- TODAY - 00:00:00

SEQUENCIA POS. ++++.++++1++++.++++2++++.++++3++++.++++4++++.++++5++++.++++6++++.++++7++++.++++8++++.++++9++++.+++10

 0000001    1  S0025    8052011     01052011C 00086308459966D01 000000000001000000000000000000000000000000000000000
          101  000000000000000000000000N                                                                           
 0000002    1  S0025    9052011     01052011C 00086308459966D01 000000000001000000000000000000000000000000000000000
          101  000000000000000000000000N                                                                           
 0000003    1  S0025    9252011     01052011A 61101895000498D01 000000000001000000000000000000000000000000000000000
          101  000000000000000000000000N                                                                           
 0000004    1  S0025    9352011     01052011A 61101895000498D01 000000000010000000000000000000000000000000000000000
          101  000000000000000000000000N                                                                           

















































------------------------------------------------------------------------------DATASUL - OBRIGAÇÕES FISCAIS - OF0739A - V:0.00.00.000
------------------------------------------------------------------------------------------------------------------------------------
                                                 Dump 30 ultimos reg. NF Servicos                                      Página:     1
-------------------------------------------------------------------------------------------------------------- TODAY - 00:00:00

SEQUENCIA POS. ++++.++++1++++.++++2++++.++++3++++.++++4++++.++++5++++.++++6++++.++++7++++.++++8++++.++++9++++.+++10

 0000001    1  S0025    8052011     01052011C 00086308459966D01 000000000001000000000000000000000000000000000000000
          101  000000000000000000000000N                                                                           
 0000002    1  S0025    9052011     01052011C 00086308459966D01 000000000001000000000000000000000000000000000000000
          101  000000000000000000000000N                                                                           
 0000003    1  S0025    9252011     01052011A 61101895000498D01 000000000001000000000000000000000000000000000000000
          101  000000000000000000000000N                                                                           
 0000004    1  S0025    9352011     01052011A 61101895000498D01 000000000010000000000000000000000000000000000000000
          101  000000000000000000000000N                                                                           

















































------------------------------------------------------------------------------DATASUL - OBRIGAÇÕES FISCAIS - OF0739A - V:0.00.00.000
