------------------------------------------------------------------------------------------------------------------------------------
                                                 Dump 30 ult.reg. Arq. Mercadorias/Servicos (Itens)                    Página:     1
-------------------------------------------------------------------------------------------------------------- TODAY - 00:00:00

SEQUENCIA POS. ++++.++++1++++.++++2++++.++++3++++.++++4++++.++++5++++.++++6++++.++++7++++.++++8++++.++++9++++.+++10

 0001478    1  0101200393.97.131-0         DETERGENTE DT MASTER                                                    
 0001479    1  0101200393.97.296-1         TOALHA PAPEL INTER                                                      
 0001480    1  0101200393.98.203-7         LONA PLAST PRETA                                                        
 0001481    1  0101200394.04.060-4         CATAL RED.AP                                                            
 0001482    1  0101200394.04.061-2         CATAL RED.PRÁTIKA APD                                                   
 0001483    1  0101200394.04.062-0         CATAL RED.BELFORT                                                       
 0001484    1  0101200394.04.063-9         CATAL RED.EVOLUTION                                                     
 0001485    1  0101200394.04.065-5         CATAL RED.ALUMINIUM                                                     
 0001486    1  0101200394.04.066-3         CATAL RED.ALUMIFORT                                                     
 0001487    1  0101200394.04.071-0         CATALOGO ALUMIFIT                                                       
 0001488    1  0101200396.02.250-6         BORBOLETA SORO 21                                                       
 0001489    1  0101200396.02.300-6         BUSCOPAN COMP.COMPRIM.                                                  
 0001490    1  0101200396.02.301-4         BUSCOPAN COMP GOTAS                                                     
 0001491    1  0101200396.02.302-2         BUSCOPAN COMP INJ.5ML                                                   
 0001492    1  0101200396.04.100-4         NIMESULIDA 100mg                                                        
 0001493    1  0101200396.04.129-2         CEFALIUM COMPR.                                                         
 0001494    1  0101200396.08.200-2         ESPARADRAPO 10X4,5                                                      
 0001495    1  0101200396.10.380-8         FLORATIL 200MG CAP                                                      
 0001496    1  0101200396.12.300-0         GLICOSE HIPERT 25%                                                      
 0001497    1  0101200396.22.501-6         LUVA CIRURG PROCED                                                      
 0001498    1  0101200396.26.401-1         NOVALGINA GOTAS                                                         
 0001499    1  0101200396.30.090-5         PAPEL LENCOL 50CM                                                       
 0001500    1  0101200396.32.203-8         SERINGA DES20MLS/A                                                      
 0001501    1  0101200396.32.221-6         SERINGA DES 5ML C/AGULHA                                                
 0001502    1  01012003CM-2142             FOLHA MAX BAG EXT  100X 50    -1F APD                                   
 0001503    1  01012003DD                  Material D.Direto - TRIBUTADO                                           
 0001504    1  01012003FCQDP-160           FOLHA COR QUA DIR  217X160    -2F AP                                    
 0001505    1  01012003PCQ-200-17          CADEIRA INF QFIXO     198X 351  0,7                                     
 0001506    1  01012003PCQ-200-18          FECHAM CAD INF QF     198X 351  0,7                                     
 0001507    1  01012003PCQ-200-19          REF VERT CAD INF   TIRA   80    0,4                                     



























------------------------------------------------------------------------------DATASUL - OBRIGAÇÕES FISCAIS - OF0739A - V:0.00.00.000
