------------------------------------------------------------------------------------------------------------------------------------
                                                 Dump 30 ult.reg. Arq. Itens Merc/Servicos Terceiro                    Página:     1
-------------------------------------------------------------------------------------------------------------- TODAY - 00:00:00

SEQUENCIA POS. ++++.++++1++++.++++2++++.++++3++++.++++4++++.++++5++++.++++6++++.++++7++++.++++8++++.++++9++++.+++10

 0000954    1  08U    0166550405201171402         00181.71.189-5         VD L3X1069X457                            
          101     162 16230 7005290000000000000000000pc 00000000001358200000000000000000000000000000000000020000000
          201  0000000000000000000000000000000000010120000000000000013582000000000000016300000000000000000000000000
          301  000000000N                                                                                          
 0000955    1  08U    0166550405201171402         00281.71.192-5         VD L3X1064X337                            
          101     162 16230 7005290000000000000000000pc 00000000000996400000000000000000000000000000000000020000000
          201  0000000000000000000000000000000000010120000000000000009964000000000000011960000000000000000000000000
          301  000000000N                                                                                          
 0000956    1  08U    0166550405201171402         00381.71.194-1         VD L3X1069X271                            
          101     162 16230 7005290000000000000000000pc 00000000000805000000000000000000000000000000000000020000000
          201  0000000000000000000000000000000000010120000000000000008050000000000000009660000000000000000000000000
          301  000000000N                                                                                          
 0000957    1  08U    0166550405201171402         00481.71.202-6         VD L3X864X337                             
          101     162 16230 7005290000000000000000000pc 00000000001011500000000000000000000000000000000000020000000
          201  0000000000000000000000000000000000010120000000000000010115000000000000012140000000000000000000000000
          301  000000000N                                                                                          
 0000958    1  08U    0166550405201171402         00581.71.204-2         VD L3X869X257                             
          101     162 16230 7005290000000000000000000pc 00000000000775600000000000000000000000000000000000020000000
          201  0000000000000000000000000000000000010120000000000000007756000000000000009310000000000000000000000000
          301  000000000N                                                                                          
 0000959    1  08U    0166550405201171402         00681.71.205-0         VD L3X869X346                             
          101     162 16230 7005290000000000000000000pc 00000000002089400000000000000000000000000000000000020000000
          201  0000000000000000000000000000000000010120000000000000020894000000000000025060000000000000000000000000
          301  000000000N                                                                                          
 0000960    1  08U    0166550405201171402         00781.71.206-9         VD L3X869X332                             
          101     162 16230 7005290000000000000000000pc 00000000002005500000000000000000000000000000000000020000000
          201  0000000000000000000000000000000000010120000000000000020055000000000000024070000000000000000000000000
          301  000000000N                                                                                          
 0000961    1  08U    0166550405201171402         00881.71.214-0         VD MB3X864X398                            
          101     162 16230 7003190000000000000000000pc 00000000001603700000000000000000000000000000000000020000000
          201  0000000000000000000000000000000000010120000000000000016037000000000000019240000000000000000000000000
          301  000000000N                                                                                          
 0000962    1  08U    0166550405201171402         00981.71.215-8         VD MB3X864X498                            
          101     162 16230 7003190000000000000000000pc 00000000002007200000000000000000000000000000000000020000000
          201  0000000000000000000000000000000000010120000000000000020072000000000000024090000000000000000000000000
          301  000000000N                                                                                          
 0000963    1  08U    0166550405201171402         01081.71.222-0         VD MB3X177X745                            
          101     162 16230 7003190000000000000000000pc 00000000000983900000000000000000000000000000000000020000000
          201  0000000000000000000000000000000000010120000000000000009839000000000000011810000000000000000000000000
          301  000000000N                                                                                          
 0000964    1  08U    0822462804201175126         00185.10.310-5         FILME STRECH 500X0,025                    
          101     162 16230 3920109900000000000000000kg 00000000000648300000000000000000000000000000000000020000000
          201  0000000000000000000000000000000010010120000000000000006483000000000000007780000000000000000000000000
          301  000000000N                                                                                          
 0000965    1  08U    0823650405201175126         00182.63.263-8         PAR1026000 PF A/A PAN PHILIPS 4,2 X 19mm I
          101  N30162 16230 7318150000000000000000000pc 00000000000104400000000000000000000000000000000000020000000
          201  0000000000000000000000000000000010010120000000000000001044000000000000001250000000000000000000000000
          301  000000000N                                                                                          
 0000966    1  08U    0823650405201175126         00282.63.155-0         PAR1011000 PF P.PHILIPS 4,8 X 50mm IN     
          101     162 16230 7318150000000000000000000pc 00000000000363700000000000000000000000000000000000020000000
          201  0000000000000000000000000000000010010120000000000000003637000000000000004360000000000000000000000000
          301  000000000N                                                                                          
 0000967    1  08U    0823650405201175126         00382.63.180-1         PAR1014000 PF A/A CHATA PHILIPS 4,2 X 16mm
          101   IN162 16230 7318150000000000000000000pc 00000000000028600000000000000000000000000000000000020000000
          201  0000000000000000000000000000000010010120000000000000000286000000000000000340000000000000000000000000
          301  000000000N                                                                                          
 0000968    1  08U    0823650405201175126         00482.63.158-5         PAR1025000 PF A/A PAN PHILIPS 4,2 X 16mm I
------------------------------------------------------------------------------DATASUL - OBRIGAÇÕES FISCAIS - OF0739A - V:0.00.00.000
------------------------------------------------------------------------------------------------------------------------------------
                                                 Dump 30 ult.reg. Arq. Itens Merc/Servicos Terceiro                    Página:     2
-------------------------------------------------------------------------------------------------------------- TODAY - 00:00:00

SEQUENCIA POS. ++++.++++1++++.++++2++++.++++3++++.++++4++++.++++5++++.++++6++++.++++7++++.++++8++++.++++9++++.+++10

          101  N  162 16230 7318150000000000000000000pc 00000000000507400000000000000000000000000000000000020000000
          201  0000000000000000000000000000000010010120000000000000005074000000000000006090000000000000000000000000
          301  000000000N                                                                                          
 0000969    1  08U    6417961904201178327         00134                  FRETE DA MAQUINA DE VIDRO (BOTTERO GLASS) 
          101     162 1629530000000000000000000000240pc 00000000098032500000000000000000000000000000000000020000000
          201  0000000000000000000000000000000009030000000000000000000000000000000000000000000000000000000000000000
          301  000000000N                                                                                          
 0000970    1  08U    6417971904201178327         00134                  FRETE DA MAQUINA DE VIDRO (BOTTERO GLASS) 
          101     162 1629530000000000000000000000240pc 00000000098032500000000000000000000000000000000000020000000
          201  0000000000000000000000000000000009030000000000000000000000000000000000000000000000000000000000000000
          301  000000000N                                                                                          
 0000971    1  08U    7259262804201170382         00126                  FRETE REALIZADO PELA EMPRESA EXPRESSO DE P
          101  RAT162 1629500000000000000000000001000pc 00000000000854400000000000000000000000000000000000020000000
          201  0000000000000000000000000000000009030000000000000000000000000000000000000000000000000000000000000000
          301  000000000N                                                                                          
 0000972    1  08U    7333470405201170382         00181.01.101-0         ANEL O'RING 2-320                         
          101     162 16230 4016930000000000000000000pc 00000000001003900000000000000000000000000000000000020000000
          201  0000000000000000000000000000000000010120000000000000010039000000000000012050000000000000000000000000
          301  000000000N                                                                                          
 0000973    1  08U    7360602804201170382         00193.91.005-2         TTAESM VERDE RALL                         
          101     162 1629507318160000000000000000000l  00000000000861800000000000000000000000000000000000020000000
          201  0000000000000000000000000000000009030000000000000000000000000000000000000000000000000000000000000000
          301  000000000N                                                                                          
 0000974    1  011    0010542005201114            00140T                 ITEM CONTROLE TOTAL                       
          101     391 3911OS7308300000000000000007000KG 00000000000314286000000000000220000000000000000000030000000
          201  0000000000000000000000000000000019030120000000000000000000000000000000000000000000000000000000000000
          301  000000000N                                                                                          
 0000975    1  011    001116200520111             00140T                 ITEM CONTROLE TOTAL                       
          101     155 1551R17308300000000000000005000KG 00000000000280000000000000000140000000000000000000010000000
          201  0000000000140000000000000000000019030170000000000000000000000000000000000000000000000000000000000000
          301  000000000N                                                                                          
 0000976    1  551    001136200520111             00140T                 ITEM CONTROLE TOTAL                       
          101     212 2121  7308300000000000000001000KG 00000000001200000000000000000120000000000000000000030000000
          201  0000000000000000000000000000000010010120000000000000012000000000000000014400000000000000000000000000
          301  000000000N                                                                                          
 0000977    1  551    001145200520111             00140T                 ITEM CONTROLE TOTAL                       
          101     111 1115  7308300000000000000003000KG 00000000001100000000000000000330000000000000000000020000000
          201  0000000000000000000000000000000014020000000000000000000000000000000000000000000000000000000000000000
          301  000000000N                                                                                          
 0000978    1  011    001345200520111             00140T                 ITEM CONTROLE TOTAL                       
          101     111 111FAF7308300000000000000010000KG 00000000000110000000000000000110000000000000000000010000000
          201  0000000000110000000000000000000010010170000000000000011000000000000000018700000000000000000000000000
          301  000000000N                                                                                          
 0000979    1  551    001510200520111             00140T                 ITEM CONTROLE TOTAL                       
          101     132 1322  7308300000000000000010000KG 00000000000160000000000000000160000000000000000000010000000
          201  0000000000160000000000000000000010010180000000000000016000000000000000028800000000000000000000000000
          301  000000000N                                                                                          
 0000980    1  011    0016232005201114            00140T                 ITEM CONTROLE TOTAL                       
          101     391 3911  7308300000000000000001000KG 00000000001950000000000000000195000000000000000000030000000
          201  0000000000000000000000000000000019030180000000000000000000000000000000000000000000000000000000000000
          301  000000000N                                                                                          
 0000981    1  551    001227260520111             001.COMPRAS            .Compras - Projeto 87                     
          101     110 1101  7308909000000000000010000pc 00000000000350000000000000000350000000000000000000010050000
          201  0000000000350000000000000000175015130170000000000000000000000000000000000000000000000000000000000000
          301  000000000N                                                                                          
 0000982    1  011    001232260520111             00140T                 ITEM CONTROLE TOTAL                       
          101     110 1101A 7308300000000000000015000KG 00000000000373333000000000000560000000000000000000030000000
------------------------------------------------------------------------------DATASUL - OBRIGAÇÕES FISCAIS - OF0739A - V:0.00.00.000
------------------------------------------------------------------------------------------------------------------------------------
                                                 Dump 30 ult.reg. Arq. Itens Merc/Servicos Terceiro                    Página:     3
-------------------------------------------------------------------------------------------------------------- TODAY - 00:00:00

SEQUENCIA POS. ++++.++++1++++.++++2++++.++++3++++.++++4++++.++++5++++.++++6++++.++++7++++.++++8++++.++++9++++.+++10

          201  0000000000000000000000000000000019030170000000000000000000000000000000000000000000000000000000000000
          301  000000000N                                                                                          
 0000983    1  551    001409260520111             00140T                 ITEM CONTROLE TOTAL                       
          101     103 1032  7308300000000000000010000KG 00000000000275000000000000000275000000000000000000020000000
          201  0000000000000000000000000000000010010120000000000000027500000000000000033000000000000000000000000000
          301  000000000N                                                                                          



















































------------------------------------------------------------------------------DATASUL - OBRIGAÇÕES FISCAIS - OF0739A - V:0.00.00.000
