------------------------------------------------------------------------------------------------------------------------------------
                                                 Dump 30 ult.reg. Arq. pessoas Juridicas/Fisicas                       Página:     1
-------------------------------------------------------------------------------------------------------------- TODAY - 00:00:00

SEQUENCIA POS. ++++.++++1++++.++++2++++.++++3++++.++++4++++.++++5++++.++++6++++.++++7++++.++++8++++.++++9++++.+++10

 0000446    1  0101200374644         00314544000128            114188276118                THR IND. E COM. DE EMBAL
          101  AGENS LTDA.                                   RUA FORTE DOS FRANCESES, 455                          
          201        PARQUE SAO LOURENCO SAO PAULO           SP                    08340150                        
 0000447    1  0101200311526         01341328000134            165145078114                TIAGO CAETANO - ME      
          101                                                RUA PE ANTONIO VIEIRA, 151                            
          201        VL AMORIM           AMERICANA           SP                    13469000                        
 0000448    1  0101200317895         15375991001560            133415678                   TODIMO MATS CONSTR LTDA 
          101                                                ROD PALMIRO PAES DE BARROS, SN                        
          201        VISTA ALEGRE        CUIABA              MT                    78095000                        
 0000449    1  0101200318591         09615003000104            664163699116                TODO TETO CASA & CONSTRU
          101  CAO LTDA                                      AV JOAO SVERZUT, 991, SL 1                            
          201        JARDIM EUROPA II    SERTAOZINHO         SP                    14177298                        
 0000450    1  010120031423          45385598000112            214005508117                TOSEL COM MATS CONSTR LT
          101  DA                                            RUA SAUDADE, 1600                                     
          201        V STAFF             BIRIGUI             SP                    16200008                        
 0000451    1  0101200310142         00158035000153            177109188110                TOSHIHIKO TOMA ARACATUBA
          101   ME                                           RUA JOAO ARRUDA BRASIL, 1637                          
          201        S JOAQUIM           ARACATUBA           SP                    16050400                        
 0000452    1  0101200370845         44478584000180            438016413117  7158          TOSHIO TAKAOKA          
          101                                                RUA CEL GALDINO DE ALMEIDA, 625                       
          201        ALTO CAFEZAL        MARILIA             SP                    17502030                        
 0000453    1  0101200376552         52661634000784            244668426110                TRANSPORTADORA RISSO LTD
          101  A.                                            RUA JOAO GALVAO ANDERSON, 20                          
          201        TERMINAL INTERMODAL CAMPINAS            SP                    13069133                        
 0000454    1  0101200371402         59512962000172            438067045119                TRANSPORTADORA SABIA DE 
          101  MARILIA LTDA.                                 AV CASTRO ALVES, 1577                                 
          201        POLON               MARILIA             SP                    17507000                        
 0000455    1  0101200377785         06331583000110            428071769118                TRANSPORTADORA SCUBIDU L
          101  TDA ME                                        RUA JOAO PAVANELLO, 211                               
          201        JD BOCAYUVA         MACATUBA            SP                    17290000                        
 0000456    1  0101200313            61101895000498            438017330116                TREZA SA                
          101                                                RUA XV DE NOVEMBRO, 1694/1000                         
          201        CENTRO              MARILIA             SP                    17500050                        
 0000457    1  0101200377988         11252642001095            9051666116                  TROMBINI EMBALAGENS S/A 
          101                                                R JOSE CASAGRANDE, 803                                
          201        VISTA ALEGRE        CURITIBA            PR                    80820590                        
 0000458    1  010120031430          61179651000185            105555679110                TUMKUS & TUNCKUS LTDA   
          101                                                AV ORATORIO, 3330                                     
          201        PARQUE SAO LUCAS    SAO PAULO           SP                    03220200                        
 0000459    1  0101200374554         04519110000115            438198502113                UNIAO AUTO PEÇAS DE MARI
          101  LIA EPP                                       AV REPUBLICA, 4216                                    
          201        NUCLEO HABITACIONAL MARILIA             SP                    17511000                        
 0000460    1  0101200373699         60894730002582            3130020220120               USIMINAS-USINAS SID.DE M
          101  INAS GERAIS S/A.                              AV PEDRO LINHARES GOMES, 5431                         
          201        USIMINAS            IPATINGA            MG                    35160900                        
 0000461    1  0101200377322         60894730006308            283121985115  15581214      USINAS SID.DE MINAS GERA
          101  IS S/A. USIMINAS                              ROD DOM DOMENICO RANGONI, SN                          
          201        JARDIM DAS INDUSTRIACUBATAO             SP                    11573900                        
 0000462    1  0101200316054         71343024000191            5968583060045               UVEDA MATS CONSTR LTDA  
          101                                                AV FREDERICO PAULA CUNHA, 780                         
          201        MARITELA            SANTA RITA DO SAPUCAMG                    37540000                        
 0000463    1  0101200374792         05244792000163            377059990113                V. C. M. THEODORO - ME  
          101                                                RUA FRANCISCO ARTIOLI, 220                            
          201        JD MARIA ROSARIA    ITAPUÍ              SP                    17230000                        
 0000464    1  0101200353953            15814588861            ISENTO                      VALDIR DA SILVA         
          101                                                RUA DUILIO BETTI, 335                                 
          201        CESAR ALMEIDA       MARILIA             SP                    17512780                        
------------------------------------------------------------------------------DATASUL - OBRIGAÇÕES FISCAIS - OF0739A - V:0.00.00.000
------------------------------------------------------------------------------------------------------------------------------------
                                                 Dump 30 ult.reg. Arq. pessoas Juridicas/Fisicas                       Página:     2
-------------------------------------------------------------------------------------------------------------- TODAY - 00:00:00

SEQUENCIA POS. ++++.++++1++++.++++2++++.++++3++++.++++4++++.++++5++++.++++6++++.++++7++++.++++8++++.++++9++++.+++10

 0000465    1  010120038013          78943925000163            6330062701                  VALDO MARGUTTI          
          101                                                AV PRES GETULIO VARGAS, 1203                          
          201        CENTRO              SANTA FE            PR                    86770000                        
 0000466    1  010120031448          48385298000121            669102651114                VENEZIANAO COML LTDA    
          101                                                AV ITAVUVU, 440                                       
          201        VILA OLIMPIA        SOROCABA            SP                    18075042                        
 0000467    1  0101200356230            04947709880            ISENTO                      VERA LUCIA GONCALVES MAT
          101  TOS                                           RUA ETELVINA TEIXEIRA DA SILVA, 243                   
          201        PROL PALMITAL       MARILIA             SP                    17511600                        
 0000468    1  010120039738          72762172000103            244491517116                VITORIA & AMERICO MATS C
          101  ONSTR LTDA - ME                               RUA 15, 441                                           
          201        PQ VALENCA          CAMPINAS            SP                    13058515                        
 0000469    1  0101200314746         72260433000197            4170349437                  VORPAGEL MATS CONSTR LTD
          101  A - ME                                        AV MARIPA, 1770                                       
          201        CENTRO              MARECHAL CANDIDO RONPR                    85960000                        
 0000470    1  0101200312987         06194359000123            388074531111                WOGEL - LAR & CONSTRUCAO
          101   LTDA                                         RUA EMANCIPADORES DO MUNICIPIO, 480                   
          201        CENTRO              ITUPEVA             SP                    13295000                        
 0000471    1  0101200372804         43648971000155            278024442113                WURTH DO BRASIL PECAS DE
          101   FIXACAO LTDA.                                VIA DAS MAGNOLIAS, 420                                
          201        JARDIM SAO VICENTE  COTIA               SP                    06713250                        
 0000472    1  0101200370166         01211626000100            114653439119                YALE LA FONTE SISTEMAS D
          101  E SEGURANCA LTDA                              RUA AUGUSTO FERREIRA MORAES, 618                      
          201        SOCORRO             SAO PAULO           SP                    04763001                        
 0000473    1  0101200310762         71830509000100            748011931114                YATA MATS CONSTR LTDA   
          101                                                AV 06, 1400                                           
          201        J AMANDA            HORTOLANDIA         SP                    13188252                        
 0000474    1  0101200375386         07381708000189            438223428114                ZENI A. GANDOLFO ELETRON
          101  ICOS - ME                                     RUA 9 DE JULHO, 912, BOX 93-CAMELODROMO               
          201        MARILIA             MARILIA             SP                    17509110                        
 0000475    1  010120031489          48976385000153            332021910111                ZEZINHO MATS CONSTR LTDA
          101                                                AV JUSCELINO KUBITSCHEK, 765                          
          201        CAMPO DO GALVAO     GUARATINGUETA       SP                    12505300                        
























------------------------------------------------------------------------------DATASUL - OBRIGAÇÕES FISCAIS - OF0739A - V:0.00.00.000
