------------------------------------------------------------------------------------------------------------------------------------
                                                 Dump 30 ult.reg. Arq. Naturezas de Operacao                           Página:     1
-------------------------------------------------------------------------------------------------------------- TODAY - 00:00:00

SEQUENCIA POS. ++++.++++1++++.++++2++++.++++3++++.++++4++++.++++5++++.++++6++++.++++7++++.++++8++++.++++9++++.+++10

 0000089    1  010120036118RSVENDA DE PRODUTOS-ST                                                                  
 0000090    1  01012003611FA Faturamento Antecipado                                                                
 0000091    1  01012003611MG VENDA DE PRODUTOS-ST                                                                  
 0000092    1  01012003611OUTVENDA - ICMS OUTROS                                                                   
 0000093    1  01012003611RB VENDA - Redução Base Calc ICMS                                                        
 0000094    1  01012003611RJ VENDA DE PRODUTOS-ST                                                                  
 0000095    1  01012003611RS VENDA DE PRODUTOS-ST                                                                  
 0000096    1  01012003611SC VENDA DE PRODUTOS-ST                                                                  
 0000097    1  01012003611ST VENDA - ICMS ST                                                                       
 0000098    1  01012003611ZFMVENDA DE PRODUTOS / Z F M                                                             
 0000099    1  010120036126  VENDA MAT. PRIMA                                                                      
 0000100    1  010120036181  VENDA DE PRODUTOS                                                                     
 0000101    1  0101200361818 VENDA DE PRODUTOS                                                                     
 0000102    1  01012003686131VENDA DE PRODUTOS  EXPORTACAO                                                         
 0000103    1  010120036912  VENDA DE ATIVO IMOBILIZADO                                                            
 0000104    1  010120036933  Serviços                                                                              
 0000105    1  010120036949  Serviços 6.949                                                                        
 0000106    1  0101200369910 BONIFICACAO DE PRODUTOS                                                               
 0000107    1  0101200369911 BONIFICACAO DE PRODUTOS                                                               
 0000108    1  01012003699117MATERIAL UTILIZADO NA ASSIST TECN                                                     
 0000109    1  01012003699131DOACAO DE EXPOSITOR                                                                   
 0000110    1  01012003699132DOACAO DE EXPOSITOR                                                                   
 0000111    1  01012003699171REMESSA MATL PROPAGANDA PUBLICIDADE                                                   
 0000112    1  01012003699901COMODATO                                                                              
 0000113    1  01012003699925REMESSA CONSERTO                                                                      
 0000114    1  01012003699943RETORNO DE EMBALAGEM                                                                  
 0000115    1  01012003699MS BONIFICACAO DE PRODUTOS                                                               
 0000116    1  01012003699MT BONIFICACAO DE PRODUTOS                                                               
 0000117    1  010120037111  VENDAS EXTERIOR                                                                       
 0000118    1  01012003711A  VENDA - EXPORTAÇÃO                                                                    



























------------------------------------------------------------------------------DATASUL - OBRIGAÇÕES FISCAIS - OF0739A - V:0.00.00.000
