------------------------------------------------------------------------------------------------------------------------------------
TOTVS S.A.                                       Extrator TAF                                                           Página:    1
-------------------------------------------------------------------------------------------------------------- TODAY - 00:00:00


    Parâmetros

                           Empresa: 10
                   Estabelecimento: 1                |< >| 1
                             Série:                  |< >| ZZZZZ
                         Documento:                  |< >| 9999999999999999
                     Data Extração: 01/05/11         |< >| 31/05/11
                                                                  Extrair Para: Arquivo Texto


                   Apuração de ICMS / ICMS ST

                                          Considerar CFOP de serviços?: Sim

                   Documentos Fiscais

                                                               Entrada: Sim
                                                                 Saída: Sim
                                                               Serviço: Sim

                   Plano de Contas Contábeis

                                                          Empresa EMS5: 10
                                                      Matriz de Contas: SPED11_2

                   Controle de Crédito de ICMS do Ativo Permanente

                           Primeira Entrega do Bloco G no SPED Fiscal?: Não

                   Inventário

                    Motivo                            Dt Fechamento  Preço Base ICMS  %Margem  Estab x Item
                    --------------------------------  -------------  ---------------  -------  ------------
                    Final do Período...........: Não
                    Mudança Forma Tributação...: Não
                    Solicitação Baixa Cadastral: Não
                    Alteração Regime Pagamento.: Não
                    Solicitação da Fiscalização: Não

                    Período para Média das Entradas

                    Data Transação Inicial:
                    Data Transação Final:

                    Inventário em Processo

                    Considera Produtos em Fabricação: Não


    Impressão

        Destino: Arquivo
        Arquivo: c:/automacao/relatorios/CN01_Acompa
        Usuário: super




---------------------------------------------------------------------------------------------------------------------------------------------------------------------TOTVS -  - OF1001RP - V:0.00.00.000
------------------------------------------------------------------------------------------------------------------------------------
TOTVS S.A.                                       Extrator TAF                                                           Página:    2
-------------------------------------------------------------------------------------------------------------- TODAY - 00:00:00

Erro(s) Encontrado(s)
----------------------------------------------------------------------------------------------------

T020AF   Conta contábil não informada para o item 40f da nota fiscal 0000111
T020AF   Conta contábil não informada para o item  da nota fiscal 1052011
T020AF   Conta contábil não informada para o item .compras da nota fiscal 123456789
T020AF   Conta contábil não informada para o item 40c da nota fiscal 2052011
T020AF   Conta contábil não informada para o item 13f da nota fiscal 3052011
T020AF   Conta contábil não informada para o item 40f da nota fiscal 0051917
T020AF   Conta contábil não informada para o item  da nota fiscal 0075178
T020AF   Conta contábil não informada para o item 22.11.202-3 da nota fiscal 0075179
T020AF   Conta contábil não informada para o item 22.11.203-1 da nota fiscal 0075179
T020AF   Conta contábil não informada para o item 22.11.503-0 da nota fiscal 0075179
T020AF   Conta contábil não informada para o item 22.11.512-0 da nota fiscal 0075179
T020AF   Conta contábil não informada para o item 22.12.501-0 da nota fiscal 0075179
T020AF   Conta contábil não informada para o item 22.12.503-6 da nota fiscal 0075179
T020AF   Conta contábil não informada para o item 22.12.512-5 da nota fiscal 0075179
T020AF   Conta contábil não informada para o item 22.12.513-3 da nota fiscal 0075179
T020AF   Conta contábil não informada para o item 23.31.500-9 da nota fiscal 0075179
T020AF   Conta contábil não informada para o item 23.31.512-2 da nota fiscal 0075179
T020AF   Conta contábil não informada para o item 24.15.243-0 da nota fiscal 0075179
T020AF   Conta contábil não informada para o item 24.15.341-0 da nota fiscal 0075179
T020AF   Conta contábil não informada para o item 24.15.343-6 da nota fiscal 0075179
T020AF   Conta contábil não informada para o item 24.16.243-5 da nota fiscal 0075179
T020AF   Conta contábil não informada para o item 24.16.341-5 da nota fiscal 0075179
T020AF   Conta contábil não informada para o item 24.16.343-1 da nota fiscal 0075179
T020AF   Conta contábil não informada para o item 24.16.344-0 da nota fiscal 0075179
T020AF   Conta contábil não informada para o item 24.16.345-8 da nota fiscal 0075179
T020AF   Conta contábil não informada para o item 62.31.141-0 da nota fiscal 0075179
T020AF   Conta contábil não informada para o item 62.51.310-1 da nota fiscal 0075179
T020AF   Conta contábil não informada para o item 62.51.312-8 da nota fiscal 0075179
T020AF   Conta contábil não informada para o item 62.51.330-6 da nota fiscal 0075179
T020AF   Conta contábil não informada para o item 63.41.410-7 da nota fiscal 0075179
T020AF   Conta contábil não informada para o item 63.41.411-5 da nota fiscal 0075179
T020AF   Conta contábil não informada para o item 63.41.412-3 da nota fiscal 0075179
T020AF   Conta contábil não informada para o item 63.41.440-9 da nota fiscal 0075179
T020AF   Conta contábil não informada para o item 63.41.442-5 da nota fiscal 0075179
T020AF   Conta contábil não informada para o item 63.61.244-8 da nota fiscal 0075179
T020AF   Conta contábil não informada para o item 63.61.245-6 da nota fiscal 0075179
T020AF   Conta contábil não informada para o item 64.13.201-6 da nota fiscal 0075179
T020AF   Conta contábil não informada para o item 64.13.203-2 da nota fiscal 0075179
T020AF   Conta contábil não informada para o item 64.13.204-0 da nota fiscal 0075179
T020AF   Conta contábil não informada para o item 64.13.205-9 da nota fiscal 0075179
T020AF   Conta contábil não informada para o item 64.23.301-7 da nota fiscal 0075179
T020AF   Conta contábil não informada para o item 64.23.303-3 da nota fiscal 0075179
T020AF   Conta contábil não informada para o item 64.23.305-0 da nota fiscal 0075179
T020AF   Conta contábil não informada para o item 64.23.310-6 da nota fiscal 0075179
T020AF   Conta contábil não informada para o item 64.33.306-2 da nota fiscal 0075179
T020AF   Conta contábil não informada para o item 65.12.100-0 da nota fiscal 0075179
T020AF   Conta contábil não informada para o item 65.12.103-4 da nota fiscal 0075179
T020AF   Conta contábil não informada para o item 65.12.104-2 da nota fiscal 0075179
T020AF   Conta contábil não informada para o item 65.12.105-0 da nota fiscal 0075179
T020AF   Conta contábil não informada para o item 69.11.200-5 da nota fiscal 0075179
T020AF   Conta contábil não informada para o item 69.51.161-9 da nota fiscal 0075179
T020AF   Conta contábil não informada para o item 69.51.174-0 da nota fiscal 0075179
T020AF   Conta contábil não informada para o item 69.51.262-3 da nota fiscal 0075179
T020AF   Conta contábil não informada para o item 69.51.263-1 da nota fiscal 0075179
T020AF   Conta contábil não informada para o item 21.21.402-7 da nota fiscal 0075208
T020AF   Conta contábil não informada para o item 21.21.403-5 da nota fiscal 0075208
---------------------------------------------------------------------------------------------------------------------------------------------------------------------TOTVS -  - OF1001RP - V:0.00.00.000

------------------------------------------------------------------------------------------------------------------------------------
TOTVS S.A.                                       Extrator TAF                                                           Página:    3
-------------------------------------------------------------------------------------------------------------- TODAY - 00:00:00


T020AF   Conta contábil não informada para o item 21.22.402-2 da nota fiscal 0075208
T020AF   Conta contábil não informada para o item  da nota fiscal 0075341
T020AF   Conta contábil não informada para o item 21.22.402-2 da nota fiscal 0075351
T020AF   Conta contábil não informada para o item 22.12.502-8 da nota fiscal 0075351
T020AF   Conta contábil não informada para o item 24.12.203-4 da nota fiscal 0075351
T020AF   Conta contábil não informada para o item 61.21.141-1 da nota fiscal 0075351
T020AF   Conta contábil não informada para o item 62.13.322-8 da nota fiscal 0075351
T020AF   Conta contábil não informada para o item 62.31.141-0 da nota fiscal 0075351
T020AF   Conta contábil não informada para o item 62.51.331-4 da nota fiscal 0075351
T020AF   Conta contábil não informada para o item 63.41.441-7 da nota fiscal 0075351
T020AF   Conta contábil não informada para o item 63.43.332-2 da nota fiscal 0075351
T020AF   Conta contábil não informada para o item 66.31.374-3 da nota fiscal 0075351
T020AF   Conta contábil não informada para o item 69.51.172-4 da nota fiscal 0075351
T020AF   Conta contábil não informada para o item 69.91.172-2 da nota fiscal 0075351
T020AF   Conta contábil não informada para o item 70.05.101-0 da nota fiscal 0075353
T020AF   Conta contábil não informada para o item 70.62.605-5 da nota fiscal 0075353
T020AF   Conta contábil não informada para o item 74.63.101-0 da nota fiscal 0075353
T020AF   Conta contábil não informada para o item 76.26.102-4 da nota fiscal 0075353
T020AF   Conta contábil não informada para o item  da nota fiscal 0075431
T020AF   Conta contábil não informada para o item  da nota fiscal 0075482
T020AF   Conta contábil não informada para o item 38.90.027-7 da nota fiscal 0075502
T020AF   Conta contábil não informada para o item 38.91.108-2 da nota fiscal 0075502
T020AF   Conta contábil não informada para o item 38.91.115-5 da nota fiscal 0075502
T020AF   Conta contábil não informada para o item 38.91.121-0 da nota fiscal 0075502
T020AF   Conta contábil não informada para o item 90.90.010-2 da nota fiscal 0075502
T020AF   Conta contábil não informada para o item 90.90.009-9 da nota fiscal 0075502
T020AF   Conta contábil não informada para o item 38.91.114-7 da nota fiscal 0075502
T020AF   Conta contábil não informada para o item 38.91.111-2 da nota fiscal 0075502
T020AF   Conta contábil não informada para o item 38.91.012-4 da nota fiscal 0075502
T020AF   Conta contábil não informada para o item 38.91.112-0 da nota fiscal 0075502
T020AF   Conta contábil não informada para o item 38.91.011-6 da nota fiscal 0075502
T020AF   Conta contábil não informada para o item 38.91.116-3 da nota fiscal 0075502
T020AF   Conta contábil não informada para o item 90.90.001-3 da nota fiscal 0075502
T020AF   Conta contábil não informada para o item 90.90.003-0 da nota fiscal 0075502
T020AF   Conta contábil não informada para o item 90.90.004-8 da nota fiscal 0075502
T020AF   Conta contábil não informada para o item 90.90.005-6 da nota fiscal 0075502
T020AF   Conta contábil não informada para o item CM-2142 da nota fiscal 0075518
T020AF   Conta contábil não informada para o item 65.12.106-9 da nota fiscal 0075560
T020AF   Conta contábil não informada para o item 21.21.202-4 da nota fiscal 0075561
T020AF   Conta contábil não informada para o item 22.11.501-4 da nota fiscal 0075561
T020AF   Conta contábil não informada para o item 22.11.513-8 da nota fiscal 0075561
T020AF   Conta contábil não informada para o item 24.15.350-9 da nota fiscal 0075561
T020AF   Conta contábil não informada para o item 69.71.151-0 da nota fiscal 0075561
T020AF   Conta contábil não informada para o item 21.22.413-8 da nota fiscal 0075562
T020AF   Conta contábil não informada para o item 23.31.312-0 da nota fiscal 0075562
T020AF   Conta contábil não informada para o item 24.12.203-4 da nota fiscal 0075562
T020AF   Conta contábil não informada para o item 24.16.341-5 da nota fiscal 0075562
T020AF   Conta contábil não informada para o item 62.31.142-8 da nota fiscal 0075562
T020AF   Conta contábil não informada para o item 64.23.303-3 da nota fiscal 0075562
T020AF   Conta contábil não informada para o item 64.23.314-9 da nota fiscal 0075562
T020AF   Conta contábil não informada para o item 64.34.102-2 da nota fiscal 0075562
T020AF   Conta contábil não informada para o item 66.31.414-6 da nota fiscal 0075562
T020AF   Conta contábil não informada para o item 69.81.172-8 da nota fiscal 0075562
T020AF   Conta contábil não informada para o item 80.75.004-8 da nota fiscal 0075572
T020AF   Conta contábil não informada para o item 82.70.004-8 da nota fiscal 0075572
T020AF   Conta contábil não informada para o item 92.01.102-0 da nota fiscal 0000701
T020AF   Conta contábil não informada para o item 92.01.102-0 da nota fiscal 0000702
---------------------------------------------------------------------------------------------------------------------------------------------------------------------TOTVS -  - OF1001RP - V:0.00.00.000

------------------------------------------------------------------------------------------------------------------------------------
TOTVS S.A.                                       Extrator TAF                                                           Página:    4
-------------------------------------------------------------------------------------------------------------- TODAY - 00:00:00


T020AF   Conta contábil não informada para o item  da nota fiscal 0075643
T020AF   Conta contábil não informada para o item  da nota fiscal 0075644
T020AF   Conta contábil não informada para o item  da nota fiscal 0075684
T020AF   Conta contábil não informada para o item  da nota fiscal 0075685
T020AF   Conta contábil não informada para o item 38.91.108-2 da nota fiscal 0075702
T020AF   Conta contábil não informada para o item 38.91.121-0 da nota fiscal 0075702
T020AF   Conta contábil não informada para o item 90.90.001-3 da nota fiscal 0075702
T020AF   Conta contábil não informada para o item 90.90.005-6 da nota fiscal 0075702
T020AF   Conta contábil não informada para o item  da nota fiscal 0075718
T020AF   Conta contábil não informada para o item  da nota fiscal 0075719
T020AF   Conta contábil não informada para o item  da nota fiscal 0075721
T020AF   Conta contábil não informada para o item 82.51.310-8 da nota fiscal 0075722
T020AF   Conta contábil não informada para o item 82.51.312-4 da nota fiscal 0075722
T020AF   Conta contábil não informada para o item 82.51.315-9 da nota fiscal 0075722
T020AF   Conta contábil não informada para o item 82.51.335-3 da nota fiscal 0075722
T020AF   Conta contábil não informada para o item 82.52.012-0 da nota fiscal 0075722
T020AF   Conta contábil não informada para o item 82.52.029-5 da nota fiscal 0075722
T020AF   Conta contábil não informada para o item 82.52.043-0 da nota fiscal 0075722
T020AF   Conta contábil não informada para o item 82.52.048-1 da nota fiscal 0075722
T020AF   Conta contábil não informada para o item 82.52.074-0 da nota fiscal 0075722
T020AF   Conta contábil não informada para o item 82.52.077-5 da nota fiscal 0075722
T020AF   Conta contábil não informada para o item 82.52.079-1 da nota fiscal 0075722
T020AF   Conta contábil não informada para o item 82.51.195-4 da nota fiscal 0075723
T020AF   Conta contábil não informada para o item 82.51.214-4 da nota fiscal 0075723
T020AF   Conta contábil não informada para o item 82.51.225-0 da nota fiscal 0075723
T020AF   Conta contábil não informada para o item 82.51.231-4 da nota fiscal 0075723
T020AF   Conta contábil não informada para o item 82.51.232-2 da nota fiscal 0075723
T020AF   Conta contábil não informada para o item 82.51.220-9 da nota fiscal 0075723
T020AF   Conta contábil não informada para o item 82.51.287-0 da nota fiscal 0075723
T020AF   Conta contábil não informada para o item 82.51.303-5 da nota fiscal 0075723
T020AF   Conta contábil não informada para o item 82.51.307-8 da nota fiscal 0075723
T020AF   Conta contábil não informada para o item 82.51.230-6 da nota fiscal 0075724
T020AF   Conta contábil não informada para o item 82.52.013-9 da nota fiscal 0075724
T020AF   Conta contábil não informada para o item 62.51.331-4 da nota fiscal 0075743
T020AF   Conta contábil não informada para o item 63.41.441-7 da nota fiscal 0075743
T020AF   Conta contábil não informada para o item 64.23.301-7 da nota fiscal 0075743
T020AF   Conta contábil não informada para o item  da nota fiscal 0075748
T020AF   Conta contábil não informada para o item  da nota fiscal 0075749
T020AF   Conta contábil não informada para o item 38.91.108-2 da nota fiscal 0075760
T020AF   Conta contábil não informada para o item 38.91.115-5 da nota fiscal 0075760
T020AF   Conta contábil não informada para o item 38.91.112-0 da nota fiscal 0075760
T020AF   Conta contábil não informada para o item 38.91.011-6 da nota fiscal 0075760
T020AF   Conta contábil não informada para o item 38.91.114-7 da nota fiscal 0075760
T020AF   Conta contábil não informada para o item 90.90.010-2 da nota fiscal 0075760
T020AF   Conta contábil não informada para o item 90.90.009-9 da nota fiscal 0075760
T020AF   Conta contábil não informada para o item 38.91.121-0 da nota fiscal 0075760
T020AF   Conta contábil não informada para o item 90.90.008-0 da nota fiscal 0075760
T020AF   Conta contábil não informada para o item 90.90.005-6 da nota fiscal 0075760
T020AF   Conta contábil não informada para o item 38.91.116-3 da nota fiscal 0075760
T020AF   Conta contábil não informada para o item 81.25.004-9 da nota fiscal 0075794
T020AF   Conta contábil não informada para o item  da nota fiscal 0075795
T020AF   Conta contábil não informada para o item 82.51.020-6 da nota fiscal 0075796
T020AF   Conta contábil não informada para o item 82.51.049-4 da nota fiscal 0075796
T020AF   Conta contábil não informada para o item 82.51.167-9 da nota fiscal 0075796
T020AF   Conta contábil não informada para o item 82.51.020-6 da nota fiscal 0075797
T020AF   Conta contábil não informada para o item 82.51.066-4 da nota fiscal 0075798
T020AF   Conta contábil não informada para o item 82.51.102-4 da nota fiscal 0075798
---------------------------------------------------------------------------------------------------------------------------------------------------------------------TOTVS -  - OF1001RP - V:0.00.00.000

------------------------------------------------------------------------------------------------------------------------------------
TOTVS S.A.                                       Extrator TAF                                                           Página:    5
-------------------------------------------------------------------------------------------------------------- TODAY - 00:00:00


T020AF   Conta contábil não informada para o item 85.32.202-8 da nota fiscal 0075800
T020AF   Conta contábil não informada para o item  da nota fiscal 0075803
T020AF   Conta contábil não informada para o item 82.51.003-6 da nota fiscal 0075811
T020AF   Conta contábil não informada para o item 82.51.004-4 da nota fiscal 0075811
T020AF   Conta contábil não informada para o item 82.51.019-2 da nota fiscal 0075811
T020AF   Conta contábil não informada para o item 82.51.030-3 da nota fiscal 0075811
T020AF   Conta contábil não informada para o item 82.51.037-0 da nota fiscal 0075811
T020AF   Conta contábil não informada para o item 82.51.045-1 da nota fiscal 0075811
T020AF   Conta contábil não informada para o item 82.51.054-0 da nota fiscal 0075811
T020AF   Conta contábil não informada para o item 82.51.058-3 da nota fiscal 0075811
T020AF   Conta contábil não informada para o item 82.51.059-1 da nota fiscal 0075811
T020AF   Conta contábil não informada para o item 82.51.065-6 da nota fiscal 0075811
T020AF   Conta contábil não informada para o item 82.51.068-0 da nota fiscal 0075811
T020AF   Conta contábil não informada para o item 82.51.073-7 da nota fiscal 0075811
T020AF   Conta contábil não informada para o item 82.51.128-8 da nota fiscal 0075811
T020AF   Conta contábil não informada para o item 82.51.130-0 da nota fiscal 0075811
T020AF   Conta contábil não informada para o item 82.51.132-6 da nota fiscal 0075811
T020AF   Conta contábil não informada para o item 82.51.133-4 da nota fiscal 0075811
T020AF   Conta contábil não informada para o item 82.51.317-5 da nota fiscal 0075811
T020AF   Conta contábil não informada para o item 82.51.134-2 da nota fiscal 0075811
T020AF   Conta contábil não informada para o item 82.51.135-0 da nota fiscal 0075811
T020AF   Conta contábil não informada para o item 82.51.148-2 da nota fiscal 0075811
T020AF   Conta contábil não informada para o item 82.51.154-7 da nota fiscal 0075811
T020AF   Conta contábil não informada para o item 82.51.155-5 da nota fiscal 0075811
T020AF   Conta contábil não informada para o item 62.51.331-4 da nota fiscal 0075859
T020AF   Conta contábil não informada para o item 63.41.441-7 da nota fiscal 0075859
T020AF   Conta contábil não informada para o item 94.04.060-4 da nota fiscal 0075861
T020AF   Conta contábil não informada para o item 94.04.061-2 da nota fiscal 0075861
T020AF   Conta contábil não informada para o item 94.04.062-0 da nota fiscal 0075861
T020AF   Conta contábil não informada para o item 94.04.063-9 da nota fiscal 0075861
T020AF   Conta contábil não informada para o item 94.04.065-5 da nota fiscal 0075861
T020AF   Conta contábil não informada para o item 94.04.066-3 da nota fiscal 0075861
T020AF   Conta contábil não informada para o item 94.04.071-0 da nota fiscal 0075862
T020AF   Conta contábil não informada para o item 44.58.035-7 da nota fiscal 0075932
T020AF   Conta contábil não informada para o item  da nota fiscal 0075941
T020AF   Conta contábil não informada para o item 40t da nota fiscal 0000827
T020AF   Conta contábil não informada para o item 40t da nota fiscal 0000852
T020AF   Conta contábil não informada para o item 40t da nota fiscal 0000904
T020AF   Conta contábil não informada para o item 40t da nota fiscal 0000907
T020AF   Conta contábil não informada para o item 40t da nota fiscal 0000950
T020AF   Conta contábil não informada para o item 40t da nota fiscal 0000957
T020AF   Conta contábil não informada para o item 40t da nota fiscal 0001035
T020AF   Conta contábil não informada para o item 40t da nota fiscal 0001054
T020AF   Conta contábil não informada para o item 40t da nota fiscal 0001116
T020AF   Conta contábil não informada para o item 40t da nota fiscal 0001136
T020AF   Conta contábil não informada para o item 40t da nota fiscal 0001145
T020AF   Conta contábil não informada para o item 40t da nota fiscal 0001338
T020AF   Conta contábil não informada para o item 40t da nota fiscal 0001345
T020AF   Conta contábil não informada para o item 40t da nota fiscal 0001502
T020AF   Conta contábil não informada para o item 40t da nota fiscal 0001510
T020AF   Conta contábil não informada para o item 40t da nota fiscal 0001600
T020AF   Conta contábil não informada para o item 40t da nota fiscal 0001623
T020AF   Conta contábil não informada para o item 40t da nota fiscal 885263452144521
T020AF   Conta contábil não informada para o item .compras da nota fiscal 0001227
T020AF   Conta contábil não informada para o item 40t da nota fiscal 0001232
T020AF   Conta contábil não informada para o item 40t da nota fiscal 0001409


---------------------------------------------------------------------------------------------------------------------------------------------------------------------TOTVS -  - OF1001RP - V:0.00.00.000
------------------------------------------------------------------------------------------------------------------------------------
TOTVS S.A.                                       Extrator TAF                                                           Página:    6
-------------------------------------------------------------------------------------------------------------- TODAY - 00:00:00


Arquivo Gerado
----------------------------------------------------------------------------------------------------
c:\automacao\relatorios\TAFTODAY1208.txt

Relatório Conferência Gerado
----------------------------------------------------------------------------------------------------
c:\automacao\relatorios\RELAT_CONF_TAFTODAY1208.xlsx



















































---------------------------------------------------------------------------------------------------------------------------------------------------------------------TOTVS -  - OF1001RP - V:0.00.00.000
