------------------------------------------------------------------------------------------------------------------------------------
                                                 Operac. c/Direito Ressarcto ICMS-ST                                    Página:    1
-------------------------------------------------------------------------------------------------------------- TODAY - 00:00:00

  -------------------------------------------------------------------------------------------------------------------------------
                                                   Ajustes Ressarcimento ST - Registro C197                    
  -------------------------------------------------------------------------------------------------------------------------------


  Estabelecimento: 1    

    Dat Docto  Série Num Docto          Emitente Nat Oper    Num Seq Cod Ajuste  Item                   Val Ressarcto
    ---------- ----- ---------------- ---------- -------- ---------- ----------  ---------------- -------------------
    02/08/2011 un    0000008               12704 59932            10 SP10090719  .compras                       93,75
    03/08/2011 5     0076196                  70 6123             40 SP10090719  13d                             2,75
    09/08/2011 11    0290847                   4 611sta           10 SP10090719  .compras                       59,85
    09/08/2011 11    0290847                   4 611sta           20 SP10090719  40f                             8,33
    09/08/2011 11    0290848                   1 611sub           20 SP10090719  13d                             5,50
    09/08/2011 11    0290849                  13 69DEVL           20 SP10090719  13d                             5,50
    09/08/2011 11    0290849                  13 69DEVL           10 SP10090719  40f                             8,33
    09/08/2011 11    0290850                  13 6111             30 SP10090719  .compras                    2.747,73
    09/08/2011 11    0290850                  13 611st            20 SP10090719  13d                            13,75
    09/08/2011 11    0290850                  13 611st            10 SP10090719  40t                             6,32
    09/08/2011 11    0290851                  70 6123             20 SP10090719  13f                             3,41
    09/08/2011 11    0290851                  70 6123             10 SP10090719  40f                             5,55
    10/08/2011 un    0000011                   1 611tb            10 SP10090719  13d                            33,00
    10/08/2011 un    0000011                   1 611tb            20 SP10090719  13f                            31,53
    10/08/2011 5     0076274                  81 611otf           30 SP10090719  DD                              4,80
    10/08/2011 5     0076275                  70 699OTR           30 SP10090719  DD                              4,80
    12/08/2011 5     0076317                  81 6123             30 SP10090719  DD                              2,40
    12/08/2011 5     0076329                   1 6123             10 SP10090719  DD                              2,40
    12/08/2011 5     0076331                  70 6123             10 SP10090719  DD                              4,80
    15/08/2011 11    0290852                  13 699sta           10 SP10090719  .compras                       64,00
    15/08/2011 11    0290852                  13 699sta           20 SP10090719  .DANF-e                       113,40
    15/08/2011 11    0290853                   1 699sta           10 SP10090719  40f                            12,30
    15/08/2011 11    0290853                   1 699sta           20 SP10090719  40t                             4,80
    15/08/2011 11    0290854                   1 699sta           10 SP10090719  40f                             9,84
    15/08/2011 11    0290854                   1 699sta           20 SP10090719  40t                             6,40
    20/08/2011 5     0071101                  13 610110           10 SP10090719  40t                             8,00
    20/08/2011 5     0071104                  13 611sc            20 SP10090719  40f                             1,56
    20/08/2011 5     0071105                  13 611sc            20 SP10090719  .compras.fisico                 2,50
    20/08/2011 5     20161101                 13 611jec           10 SP10090719  40f                             1,56
    31/08/2011 5     0076726                  70 6123             20 SP10090719  13f                            14,04
    31/08/2011 5     0076727                  81 6123             20 SP10090719  13f                            14,04
    31/08/2011 5     0076729                  22 6123             30 SP10090719  DD                             33,00
    31/08/2011 11    0290857                  13 611-IE           30 SP10090719  .compras                      134,66
    31/08/2011 11    0290857                  13 611-IE           80 SP10090719  .DANF-e                        73,80
    31/08/2011 11    0290857                  13 611-IE           20 SP10090719  40f                           141,47
    31/08/2011 11    0290857                  13 611-IE           60 SP10090719  40t                            48,00


  -------------------------------------------------------------------------------------------------------------------------------


  -------------------------------------------------------------------------------------------------------------------------------
                                                   Ajustes ICMS Próprio - Registro C197                        
  -------------------------------------------------------------------------------------------------------------------------------


  Estabelecimento: 1    



-----------------------------------------------------------------------------DATASUL - OBRIGACOES FISCAIS - OF0173R1 - V:0.00.00.000
------------------------------------------------------------------------------------------------------------------------------------
                                                 Operac. c/Direito Ressarcto ICMS-ST                                    Página:    2
-------------------------------------------------------------------------------------------------------------- TODAY - 00:00:00


    Dat Docto  Série Num Docto          Emitente Nat Oper    Num Seq Cod Ajuste  Item                        Val ICMS
    ---------- ----- ---------------- ---------- -------- ---------- ----------  ---------------- -------------------
    02/08/2011 un    0000008               12704 59932            10 SP10090721  .compras                       65,63
    03/08/2011 5     0076196                  70 6123             40 SP10090721  13d                             1,75
    09/08/2011 11    0290847                   4 611sta           10 SP10090721  .compras                       29,40
    09/08/2011 11    0290847                   4 611sta           20 SP10090721  40f                             6,30
    09/08/2011 11    0290848                   1 611sub           20 SP10090721  13d                             3,50
    09/08/2011 11    0290849                  13 69DEVL           20 SP10090721  13d                             3,50
    09/08/2011 11    0290849                  13 69DEVL           10 SP10090721  40f                             6,30
    09/08/2011 11    0290850                  13 6111             30 SP10090721  .compras                    1.355,45
    09/08/2011 11    0290850                  13 611st            20 SP10090721  13d                             8,75
    09/08/2011 11    0290850                  13 611st            10 SP10090721  40t                             3,77
    09/08/2011 11    0290851                  70 6123             20 SP10090721  13f                            13,65
    09/08/2011 11    0290851                  70 6123             10 SP10090721  40f                             4,20
    10/08/2011 un    0000011                   1 611tb            10 SP10090721  13d                            21,00
    10/08/2011 un    0000011                   1 611tb            20 SP10090721  13f                             9,10
    10/08/2011 5     0076274                  81 611otf           30 SP10090721  DD                              3,36
    10/08/2011 5     0076275                  70 699OTR           30 SP10090721  DD                              3,36
    12/08/2011 5     0076317                  81 6123             30 SP10090721  DD                              1,68
    12/08/2011 5     0076329                   1 6123             10 SP10090721  DD                              1,68
    12/08/2011 5     0076331                  70 6123             10 SP10090721  DD                              3,36
    15/08/2011 11    0290852                  13 699sta           10 SP10090721  .compras                       44,80
    15/08/2011 11    0290852                  13 699sta           20 SP10090721  .DANF-e                       132,30
    15/08/2011 11    0290853                   1 699sta           10 SP10090721  40f                            14,35
    15/08/2011 11    0290853                   1 699sta           20 SP10090721  40t                             4,20
    15/08/2011 11    0290854                   1 699sta           10 SP10090721  40f                            11,48
    15/08/2011 11    0290854                   1 699sta           20 SP10090721  40t                             5,60
    20/08/2011 5     0071101                  13 610110           10 SP10090721  40t                             7,00
    20/08/2011 5     0071104                  13 611sc            20 SP10090721  40f                             1,82
    20/08/2011 5     0071105                  13 611sc            20 SP10090721  .compras.fisico                 3,50
    20/08/2011 5     20161101                 13 611jec           10 SP10090721  40f                             1,82
    31/08/2011 5     0076726                  70 6123             20 SP10090721  13f                             5,46
    31/08/2011 5     0076727                  81 6123             20 SP10090721  13f                             5,46
    31/08/2011 5     0076729                  22 6123             30 SP10090721  DD                             23,10
    31/08/2011 11    0290857                  13 611-IE           30 SP10090721  .compras                       66,15
    31/08/2011 11    0290857                  13 611-IE           90 SP10090721  .compras.fisico                 1,75
    31/08/2011 11    0290857                  13 611-IE           80 SP10090721  .DANF-e                        86,10
    31/08/2011 11    0290857                  13 611-IE           50 SP10090721  .danfe                          4,75
    31/08/2011 11    0290857                  13 611-IE           70 SP10090721  .DANFE-TamanhoCP               28,00
    31/08/2011 11    0290857                  13 611-IE           20 SP10090721  40f                           125,82
    31/08/2011 11    0290857                  13 611-IE           60 SP10090721  40t                            42,00


  -------------------------------------------------------------------------------------------------------------------------------


  -------------------------------------------------------------------------------------------------------------------------------
                                              Devolução Ajustes Ressarcimento ST - Registro C197          
  -------------------------------------------------------------------------------------------------------------------------------


  Estabelecimento: 1    

    Dat Docto  Série Num Docto          Emitente Nat Oper    Num Seq Cod Ajuste  Item                   Val Ressarcto
    ---------- ----- ---------------- ---------- -------- ---------- ----------  ---------------- -------------------
    10/08/2011 1     0000500                  13 211dev            3 SP50090309  .compras                    2.747,73
    10/08/2011 1     0000500                  13 211dev            2 SP50090309  13d                            13,75
    10/08/2011 1     0000500                  13 211dev            1 SP50090309  40t                             6,32
-----------------------------------------------------------------------------DATASUL - OBRIGACOES FISCAIS - OF0173R1 - V:0.00.00.000
------------------------------------------------------------------------------------------------------------------------------------
                                                 Operac. c/Direito Ressarcto ICMS-ST                                    Página:    3
-------------------------------------------------------------------------------------------------------------- TODAY - 00:00:00


    Dat Docto  Série Num Docto          Emitente Nat Oper    Num Seq Cod Ajuste  Item                   Val Ressarcto
    ---------- ----- ---------------- ---------- -------- ---------- ----------  ---------------- -------------------
    23/08/2011 1     0000600                   4 211DEV            1 SP50090309  .compras                       29,93
    23/08/2011 1     0000600                   4 211DEV            2 SP50090309  40f                             5,55
    25/08/2011 1     0000601                   1 211DEV            2 SP50090309  13d                             5,50


  -------------------------------------------------------------------------------------------------------------------------------


  -------------------------------------------------------------------------------------------------------------------------------
                                                 Ajustes transferência de saldo - Registro E111              
  -------------------------------------------------------------------------------------------------------------------------------


  Estabelecimento: 1    

    Dt Apur Ini Dt Apur Fim Cod Ajuste    Num Seq          Val Ajuste
    ----------- ----------- ---------- ---------- -------------------
    01/08/2011  31/08/2011  SP059999            0              916,69


  -------------------------------------------------------------------------------------------------------------------------------


  -------------------------------------------------------------------------------------------------------------------------------
                                                 Controle de créditos fiscais - Registro 1200                
  -------------------------------------------------------------------------------------------------------------------------------


  Estabelecimento: 1    

    Dt Apur Ini Dt Apur Fim Cod Ajuste                 Tot Cred Aprop
    ----------- ----------- ----------            -------------------
    01/08/2011  31/08/2011  SP049999                           916,69


  -------------------------------------------------------------------------------------------------------------------------------





                                         PARÂMETROS

                                          Gerar ajuste Ressarcimento ST: Sim
                                      Gerar ajuste Crédito ICMS Próprio: Sim
                                         Gerar ajuste Estorno Devolução: Sim
                                             Gerar ajuste Transf. Saldo: Sim
                                          Gerar ajuste Total de Crédito: Sim

                                         IMPRESSÃO

                                                                Destino: Arquivo




-----------------------------------------------------------------------------DATASUL - OBRIGACOES FISCAIS - OF0173R1 - V:0.00.00.000
