FIRMA: Estabelecimento TOTVS - Ñ ALTERAR C  INSCR. EST.: 255721161              CNPJ: 53113791001790                  Folha:   1
PERIODO: 01/05/2011 A 31/05/2011         APURACAO DE IPI POR COD. VINC. E CLASSIFICACAO FISCAL NAS ENTRADAS

CODIGO DE TRIBUTACAO:  1 - Tributado

CODIGO DE IPI:         -          -   32.9

CLASSIFICACAO  COD   UN.     *--------------- MOVIMENTO DO MES ---------------* *------------- P R O G R E S S I V O ------------*

FISCAL  UN.   ABR.            QUANTIDADE      V A L O R           I P I       QUANTIDADE       V A L O R             I P I

0000.00.00      00   pc                 1,0000         1000,00          100,00          101,0000         1000,00             00,00
7308.30.00      00   PC                25,0000          410,00           00,00           25,0000          410,00             00,00
7308.90.90      00   PC                10,0000          350,00           17,50           27,5000          350,00             00,00

TOTAL DO COD.                          36,0000         1760,00          117,50          153,5000         1760,00             00,00















































---------------------------------------------------------------------------------------DATASUL - OBRIGACOES FISCAIS - OF/0504 - V:00
FIRMA: Estabelecimento TOTVS - Ñ ALTERAR C  INSCR. EST.: 255721161              CNPJ: 53113791001790                  Folha:   2
PERIODO: 01/05/2011 A 31/05/2011         APURACAO DE IPI POR COD. VINC. E CLASSIFICACAO FISCAL NAS ENTRADAS

CODIGO DE TRIBUTACAO:  1 - Tributado

CODIGO DE IPI:         -   11.6-  -   ENTRADAS MERC NAC - INSUMOS

CLASSIFICACAO  COD   UN.     *--------------- MOVIMENTO DO MES ---------------* *------------- P R O G R E S S I V O ------------*

FISCAL  UN.   ABR.            QUANTIDADE      V A L O R           I P I       QUANTIDADE       V A L O R             I P I

7215.50.00      00   KG           146.000,0000       368730,83        18436,54       164436,5400       368730,83             00,00
7225.50.90      00   KG            65.540,0000       162157,72         8107,89        73647,8900       162157,72             00,00
7005.29.00      00   pc             6.217,2000       114620,40         5731,02        11948,2200       114620,40             00,00
3208.90.10      00   KG             4.608,0000        68244,48         3412,23         8020,2300        68244,48             00,00
7318.15.00      00   PC            23.509,0000        57330,09         5733,01        29242,0100        57330,09             00,00
3824.90.79      00   KG             3.000,0000        40230,00         4023,00         7023,0000        40230,00             00,00
7003.19.00      00   M2             3.884,4652        40008,72         2000,44         5884,9052        40008,72             00,00
4819.10.00      00   UN            66.420,0000        20605,21         2910,20        69330,2000        20605,21             00,00
3908.10.24      00   KG             2.000,0000        18620,00          931,00         2931,0000        18620,00             00,00
4808.10.00      00   UN            10.271,0000        17637,27         1791,29        12062,2900        17637,27             00,00
3925.90.00      00   PC                41,6000        13705,00          685,25          726,8500        13705,00             00,00
4008.29.00      00   MT            31.850,0000        13681,50         1368,15        33218,1500        13681,50             00,00
3208.20.19      00   LT             1.152,0000        13328,64          666,43         1818,4300        13328,64             00,00
3925.30.00      00   PC                10,0000        11440,00          572,00          582,0000        11440,00             00,00
4411.12.10      00   MT             3.663,0000        10402,92          520,15         4183,1500        10402,92             00,00
3402.90.39      00   kg             1.000,0000         9290,00          464,50         1464,5000         9290,00             00,00
8302.20.00      00   pc                90,0000         9030,00          451,50          541,5000         9030,00             00,00
5911.90.00      00   MT            67.000,0000         8990,80          449,54        67449,5400         8990,80             00,00
7610.10.00      00   PC                 6,8000         7779,20          388,96          395,7600         7779,20             00,00
4016.93.00      00                  6.000,0000         7740,00          619,20         6619,2000         7740,00             00,00
8302.49.00      00   PÇ             3.000,0000         7100,00          710,00         3710,0000         7100,00             00,00
3919.10.00      00   MT            12.720,0000         5952,96          892,94        13612,9400         5952,96             00,00
3920.10.99      00   KG           120.101,0000         3665,40          549,81       120650,8100         3665,40             00,00
4006.90.00      00   PR                72,0000         3462,20          173,11          245,1100         3462,20             00,00
3208.10.10      00   Lt               335,0340         3429,07          171,45          506,4840         3429,07             00,00
3919.90.00      00   MT            60.000,0000         3150,00          472,50        60472,5000         3150,00             00,00
7019.59.00      00   MT               974,7800         2827,10          282,71         1257,4900         2827,10             00,00
3921.19.00      00   KG             9.200,0000         2474,80          371,22         9571,2200         2474,80             00,00
7318.16.00      00   PC            37.000,0000         2339,10          233,91        37233,9100         2339,10             00,00
3824.90.89      00   KG                90,0000         1786,50          178,65          268,6500         1786,50             00,00
8305.20.00      00   pc           346.320,0000          796,54           79,65       346399,6500          796,54             00,00

TOTAL DO COD.    11.6-           1032.075,8792      1050556,45        63378,25     1095.454,1292      1050556,45             00,00

TOTAL DE 1-Tributado            1.032.111,8792      1052316,45        63495,75     1095.607,6292      1052316,45             00,00

















---------------------------------------------------------------------------------------DATASUL - OBRIGACOES FISCAIS - OF/0504 - V:00
FIRMA: Estabelecimento TOTVS - Ñ ALTERAR C  INSCR. EST.: 255721161              CNPJ: 53113791001790                  Folha:   3
PERIODO: 01/05/2011 A 31/05/2011         APURACAO DE IPI POR COD. VINC. E CLASSIFICACAO FISCAL NAS ENTRADAS

CODIGO DE TRIBUTACAO:  2 - Isentas / Outras

CODIGO DE IPI:         -          -   32.9

CLASSIFICACAO  COD   UN.     *--------------- MOVIMENTO DO MES ---------------* *------------- P R O G R E S S I V O ------------*

FISCAL  UN.   ABR.            QUANTIDADE      V A L O R           I P I       QUANTIDADE       V A L O R             I P I

0000.00.00      00   pc             2.938,1752        58970,99           00,00         2938,1752        58970,99             00,00
4414.00.00      00   UN                76,0000        22800,00           00,00           76,0000        22800,00             00,00
7216.61.10      00   PC             3.855,0000         9984,45           00,00         3855,0000         9984,45             00,00
4415.10.00      00   PC                91,0000         9100,00           00,00           91,0000         9100,00             00,00
2711.19.10      00   KG             2.390,0000         5546,00           00,00         2390,0000         5546,00             00,00
7308.30.00      00   PC                40,0000         5200,00           00,00           40,0000         5200,00             00,00
7304.39.01      00   KG               316,0000         4516,13           00,00          316,0000         4516,13             00,00
3921.90.90      00   MT               140,0000         4046,30           00,00          140,0000         4046,30             00,00
4203.29.01      00   pr               600,0000         3900,00           00,00          600,0000         3900,00             00,00
7304.39.10      00   PC               138,0000         3142,00           00,00          138,0000         3142,00             00,00
8414.90.39      00   pc                 2,0000         2947,82           00,00            2,0000         2947,82             00,00
4415.20.00      00   PC                42,0000         2940,00           00,00           42,0000         2940,00             00,00
7326.90.00      00   PC                 1,0000         2840,00           00,00            1,0000         2840,00             00,00
7318.16.00      00   PC                 2,4000         2644,41           00,00            2,4000         2644,41             00,00
8536.50.90      00   PC                12,0000         1591,44           00,00           12,0000         1591,44             00,00
7005.29.00      00   pc                 0,0000         1454,16           00,00            0,0000         1454,16             00,00
4203.29.00      00   PR               100,0000         1260,00           00,00          100,0000         1260,00             00,00
3908.10.24      00   KG               140,5630         1017,68           00,00          140,5630         1017,68             00,00
7003.19.00      00   M2                 0,0000          959,48           00,00            0,0000          959,48             00,00
3925.90.00      00   PC                40,0000          899,00           00,00           40,0000          899,00             00,00
4818.20.00      00   PC                 3,6000          864,00           00,00            3,6000          864,00             00,00
8537.10.20      00   PC                 2,0000          622,00           00,00            2,0000          622,00             00,00
3920.10.99      00   KG            25.000,0000          564,83           00,00        25000,0000          564,83             00,00
3402.20.00      00   PC                 3,0000          495,00           00,00            3,0000          495,00             00,00
8421.99.99      00   PC                 1,0000          328,26           00,00            1,0000          328,26             00,00
3005.10.90      00   PC               115,0000          255,20           00,00          115,0000          255,20             00,00
8504.10.00      00   PC                 2,0000          168,27           00,00            2,0000          168,27             00,00
3004.90.99      00   PC                10,0000          147,00           00,00           10,0000          147,00             00,00
7318.15.00      00   PC                 0,0000          145,41           00,00            0,0000          145,41             00,00
8716.90.90      00   PC                 5,0000          125,00           00,00            5,0000          125,00             00,00
3919.90.00      00   MT                 0,0000          111,89           00,00            0,0000          111,89             00,00
5911.90.00      00   MT                 0,0000          110,85           00,00            0,0000          110,85             00,00
8538.90.90      00   PC                 3,0000          101,58           00,00            3,0000          101,58             00,00
4016.93.00      00                      0,0000          100,39           00,00            0,0000          100,39             00,00
2712.10.00      00   PC                 0,0000           93,15           00,00            0,0000           93,15             00,00
2807.00.10      00   KG                 0,0000           76,21           00,00            0,0000           76,21             00,00
3919.10.00      00   MT                 0,0000           73,77           00,00            0,0000           73,77             00,00
3215.19.00      00   LT                 0,0000           70,41           00,00            0,0000           70,41             00,00
3923.10.90      00   PC                 9,0000           54,00           00,00            9,0000           54,00             00,00
8301.40.00      00   PC                 0,0000           47,09           00,00            0,0000           47,09             00,00
8305.20.00      00   pc                 0,0000           43,80           00,00            0,0000           43,80             00,00
4006.90.00      00   PR                 0,0000           42,89           00,00            0,0000           42,89             00,00
4823.40.00      00   PC                 6,0000           38,49           00,00            6,0000           38,49             00,00
3921.19.00      00   KG                 0,0000           30,66           00,00            0,0000           30,66             00,00
3004.40.90      00   PC                 2,0000           18,84           00,00            2,0000           18,84             00,00
3917.40.90      00   PC                 3,0000           16,53           00,00            3,0000           16,53             00,00
3003.90.78      00   PC                10,0000           15,00           00,00           10,0000           15,00             00,00
7308.90.90      00   PC                 0,0000           14,57           00,00            0,0000           14,57             00,00
4819.10.00      00   UN                26,0000           02,08           00,00           26,0000           02,08             00,00

TOTAL DO COD.                      36.124,7382       150537,03           00,00       36.124,7382       150537,03             00,00

---------------------------------------------------------------------------------------DATASUL - OBRIGACOES FISCAIS - OF/0504 - V:00
FIRMA: Estabelecimento TOTVS - Ñ ALTERAR C  INSCR. EST.: 255721161              CNPJ: 53113791001790                  Folha:   4
PERIODO: 01/05/2011 A 31/05/2011         APURACAO DE IPI POR COD. VINC. E CLASSIFICACAO FISCAL NAS ENTRADAS

CODIGO DE TRIBUTACAO:  2 - Isentas / Outras

CODIGO DE IPI:         -   11.6-  -   ENTRADAS MERC NAC - INSUMOS

CLASSIFICACAO  COD   UN.     *--------------- MOVIMENTO DO MES ---------------* *------------- P R O G R E S S I V O ------------*

FISCAL  UN.   ABR.            QUANTIDADE      V A L O R           I P I       QUANTIDADE       V A L O R             I P I

7604.21.00      00   Mt            15.067,1250       508018,08           00,00        15067,1250       508018,08             00,00
7604.29.20      00   Mt            19.574,8000       360268,58           00,00        19574,8000       360268,58             00,00
7610.90.00      00   PC             4.598,6000       178403,55           00,00         4598,6000       178403,55             00,00
3209.90.20      00   KG            10.846,0000       112256,10           00,00        10846,0000       112256,10             00,00
7214.91.00      00   TN            26.404,0000        71999,77           00,00        26404,0000        71999,77             00,00
8301.40.00      00   PC               542,1500        52916,20           00,00          542,1500        52916,20             00,00
8302.10.00      00   PC            38.352,0000        43254,11           00,00        38352,0000        43254,11             00,00
3209.90.19      00   KG             2.995,2000        43041,02           00,00         2995,2000        43041,02             00,00
7214.99.90      00   Kg            13.500,0000        36812,48           00,00        13500,0000        36812,48             00,00
7610.10.00      00   PC                 8,6000        32327,50           00,00            8,6000        32327,50             00,00
4407.99.90      00   PC            23.200,0000        18277,00           00,00        23200,0000        18277,00             00,00
4407.29.90      00   MT             7.431,0000         8251,04           00,00         7431,0000         8251,04             00,00
4911.10.10      00   KG            25.000,0000         6565,80           00,00        25000,0000         6565,80             00,00
2827.39.96      00   KG             1.400,0000         3108,00           00,00         1400,0000         3108,00             00,00
4008.29.00      00   MT            16.250,0000         2023,22           00,00        16250,0000         2023,22             00,00
3215.19.00      00   LT                68,4000         1991,46           00,00           68,4000         1991,46             00,00
2909.49.49      00   lt               200,0000         1882,00           00,00          200,0000         1882,00             00,00
2915.21.00      00   un               300,0000         1323,00           00,00          300,0000         1323,00             00,00
4821.10.00      00   PC            18.000,0000         1048,50           00,00        18000,0000         1048,50             00,00
3925.20.00      00   MT                 8,0000          616,00           00,00            8,0000          616,00             00,00
2712.10.00      00   PC                30,0000          609,00           00,00           30,0000          609,00             00,00
2807.00.10      00   KG                90,0000          270,00           00,00           90,0000          270,00             00,00
7608.20.90      00   MT                 2,0000          156,34           00,00            2,0000          156,34             00,00
7308.90.90      00   PC               300,0000           69,30           00,00          300,0000           69,30             00,00
7604.29.19      00   MT                 5,0000           43,71           00,00            5,0000           43,71             00,00

TOTAL DO COD.    11.6-            224.172,8750      1485531,76           00,00      224.172,8750      1485531,76             00,00

























---------------------------------------------------------------------------------------DATASUL - OBRIGACOES FISCAIS - OF/0504 - V:00
FIRMA: Estabelecimento TOTVS - Ñ ALTERAR C  INSCR. EST.: 255721161              CNPJ: 53113791001790                  Folha:   5
PERIODO: 01/05/2011 A 31/05/2011         APURACAO DE IPI POR COD. VINC. E CLASSIFICACAO FISCAL NAS ENTRADAS

CODIGO DE TRIBUTACAO:  2 - Isentas / Outras

CODIGO DE IPI:         -   13.2-  -   ENTRADAS MERC NAC - OUTRAS

CLASSIFICACAO  COD   UN.     *--------------- MOVIMENTO DO MES ---------------* *------------- P R O G R E S S I V O ------------*

FISCAL  UN.   ABR.            QUANTIDADE      V A L O R           I P I       QUANTIDADE       V A L O R             I P I

0000.00.00      00   pc             1.667,0570        41595,41           00,00         1667,0570        41595,41             00,00
7604.29.20      00   Mt               759,4300         4693,28           00,00          759,4300         4693,28             00,00
3925.90.00      00   PC            56.500,0000         3125,00           00,00        56500,0000         3125,00             00,00
7308.30.00      00   PC                14,0000         1701,70           00,00           14,0000         1701,70             00,00
2710.19.21      00   LT               591,1810         1155,71           00,00          591,1810         1155,71             00,00

TOTAL DO COD.    13.2-             59.531,6680        52271,10           00,00       59.531,6680        52271,10             00,00

TOTAL DE 2-Isen/Outr              319.829,2812      1688339,89           00,00      319.829,2812      1688339,89             00,00











































---------------------------------------------------------------------------------------DATASUL - OBRIGACOES FISCAIS - OF/0504 - V:00
FIRMA: Estabelecimento TOTVS - Ñ ALTERAR C  INSCR. EST.: 255721161              CNPJ: 53113791001790                  Folha:   6
PERIODO: 01/05/2011 A 31/05/2011         APURACAO DE IPI POR COD. VINC. E CLASSIFICACAO FISCAL NAS ENTRADAS

CLASSIFICACAO  COD   UN.     *--------------- MOVIMENTO DO MES ---------------* *------------- P R O G R E S S I V O ------------*

FISCAL  UN.   ABR.            QUANTIDADE      V A L O R           I P I       QUANTIDADE       V A L O R             I P I

T O T A L   G E R A L           1.351.941,1604      2740656,34        63495,75     1415.436,9104      2740656,34             00,00























































---------------------------------------------------------------------------------------DATASUL - OBRIGACOES FISCAIS - OF/0504 - V:00
