









                                         TERMO DE ABERTURA                       
                                         ----------------------------------------





                          *********************   T E R M O   D E   A B E R T U R A                       
                          ********************* MODELO  -  P 1                                            
                                             NUMERO  DE  ORDEM - 87 CONTEM ESTE LIVRO                     
                          500 FOLHAS NUMERADAS ELETRONICAMENTE  POR  PROCESSAMENTO DE                     
                          DA DOS, DE 001 ( HUM )  A  500 ( QUINHENTAS ) E SERVIRA PARA                    
                          O LANCAMENTO DAS OPERA COES PROPRIAS DO ESTABELECIMENTO DA                      
                          FIRMA SASAZAKI INDUSTRIA E COMERCIO LTDA. SE DIADA A AV:                        
                          EUGENIO CONEGLIAN 1060  EM MARILIA - SP., INSCRITA NO                           
                          CADASTRO GERAL DE CONTRIBUINTE DO MINISTERIO DA FAZENDA SOB                     
                          O   N* 52.045.697/0001-10, INSCRITA NA SECRETARIA DA FAZENDA                    
                          DO ESTADO DE SAO PAULO SOB O N* 438.010.070.113 E REGIS                         
                          TRADA NA JUNTA COMERCIAL DO ESTADO DE SAO PAULO SOB O N*                        
                          35.207.992.516 DE 09/89                                                         
                            MARILIA-SP,01 DE JANEIRO DE 2000.                                             
                          ___________________________________                                             
                          _________________________ EDUARDO TADAIASSU TERAOKA -                           
                          DIRETOR                  AKIRA IVASAKI  -  CONTADOR      RG                     
                          N* 3.542.664 - SSP/SP                          CPF N*                           
                          223.100.619-72                                                                  
+----------------------------------------------------------------------------------------------------------------------------------+
|                                             REGISTRO DE APURAÇÃO DO ICMS                                                         |
|                                                                                                                                  |
| FIRMA:  Estabelecimento TOTVS - Ñ ALTERAR CONTAS                                                                                 |
|                                                                                                                                  |
| INSC. EST.: 255721161          C.N.P.J.(MF): 53.113.791/0017-90                                                                  |
|                                                                                                                                  |
| FOLHA:       2     MÊS OU PERÍODO/ANO: 01/07/2011 A 31/07/2011                                                                   |
|----------------------------------------------------------------------------------------------------------------------------------|
|                                                                             ENTRADAS                                             |
|----------------------------------------------------------------------------------------------------------------------------------|
|                      |                    |                                ICMS - VALORES FISCAIS                                |
|                      |                    |--------------------------------------------------------------------------------------|
|                      |                    |      OPERAÇÕES COM CRÉDITO DO IMPOSTO     |      OPERAÇÕES SEM CRÉDITO DO IMPOSTO    |
|     CODIFICAÇÃO      |      VALORES       |--------------------------------------------------------------------------------------|
|--------------------- |     CONTÁBEIS      |   BASE DE CÁLCULO   |  IMPOSTO CREDITADO  |    ISENTAS OU NÃO   |       OUTRAS       |
|   CONTÁBIL   |FISCAL |                    |                     |                     |      TRIBUTADAS     |                    |
|----------------------------------------------------------------------------------------------------------------------------------|
|              |1.101  |           21.527,00|            13.451,25|             2.344,54|                 0,00|                0,00|
|              |1.124  |               22,81|                22,81|                 4,10|                 0,00|                0,00|
|              |1.551  |          100.000,00|                 0,00|                 0,00|                 0,00|          100.000,00|
|              |1.902  |              392,60|             3.852,00|               637,50|                 0,00|              200,00|
|              |2.101  |          415.066,95|           214.000,00|            25.680,00|           191.066,95|                0,00|
|              |2.201  |            2.674,30|             2.520,06|               430,21|                 0,00|                0,00|
|              |2.202  |               22,30|                 0,00|                 0,00|                22,30|                0,00|
|              |2.551  |          256.500,00|                 0,00|                 0,00|                 0,00|          256.500,00|
|              |2.949  |            3.350,00|                 0,00|                 0,00|                 0,00|            3.350,00|
|----------------------------------------------------------------------------------------------------------------------------------|
|SUBTOTAIS ENTRADAS    |                    |                     |                     |                     |                    |
|                      |                    |                     |                     |                     |                    |
|1.000 DO ESTAD        |          121.942,41|            17.326,06|             2.986,14|                 0,00|          100.200,00|
|                      |                    |                     |                     |                     |                    |
|2.000 DE OUTRO        |                    |                     |                     |                     |                    |
|      ESTADOS         |          677.613,55|           216.520,06|            26.110,21|           191.089,25|          259.850,00|
|                      |                    |                     |                     |                     |                    |
|3.000 DO EXTER        |                0,00|                 0,00|                 0,00|                 0,00|                0,00|
|                      |                    |                     |                     |                     |                    |
|      TOTAIS          |          799.555,96|           233.846,12|            29.096,35|           191.089,25|          360.050,00|
|                      |                    |                     |                     |                     |                    |
|                      |                    |                     |                     |                     |                    |
|                      |                    |                     |                     |                     |                    |
|                      |                    |                     |                     |                     |                    |
|                      |                    |                     |                     |                     |                    |
|                      |                    |                     |                     |                     |                    |
|                      |                    |                     |                     |                     |                    |
|                      |                    |                     |                     |                     |                    |
|                      |                    |                     |                     |                     |                    |
|                      |                    |                     |                     |                     |                    |
|                      |                    |                     |                     |                     |                    |
|                      |                    |                     |                     |                     |                    |
|                      |                    |                     |                     |                     |                    |
|                      |                    |                     |                     |                     |                    |
|                      |                    |                     |                     |                     |                    |
|                      |                    |                     |                     |                     |                    |
|                      |                    |                     |                     |                     |                    |
|                      |                    |                     |                     |                     |                    |
|                      |                    |                     |                     |                     |                    |
|                      |                    |                     |                     |                     |                    |
|                      |                    |                     |                     |                     |                    |
|                      |                    |                     |                     |                     |                    |
|                      |                    |                     |                     |                     |                    |
|                      |                    |                     |                     |                     |                    |
|                      |                    |                     |                     |                     |                    |
+----------------------------------------------------------------------------------------------------------------------------------+
+----------------------------------------------------------------------------------------------------------------------------------+
|                                             REGISTRO DE APURAÇÃO DO ICMS                                                         |
|                                                                                                                                  |
| FIRMA:  Estabelecimento TOTVS - Ñ ALTERAR CONTAS                                                                                 |
|                                                                                                                                  |
| INSC. EST.: 255721161          C.N.P.J.(MF): 53.113.791/0017-90                                                                  |
|                                                                                                                                  |
| FOLHA:       3     MÊS OU PERÍODO/ANO: 01/07/2011 A 31/07/2011                                                                   |
|----------------------------------------------------------------------------------------------------------------------------------|
|                                                                              SAÍDAS                                              |
|----------------------------------------------------------------------------------------------------------------------------------|
|                      |                    |                                ICMS - VALORES FISCAIS                                |
|                      |                    |--------------------------------------------------------------------------------------|
|                      |                    |      OPERAÇÕES COM DÉBITO DO IMPOSTO      |      OPERAÇÕES SEM DÉBITO DO IMPOSTO     |
|     CODIFICAÇÃO      |      VALORES       |--------------------------------------------------------------------------------------|
|--------------------- |     CONTÁBEIS      |   BASE DE CÁLCULO   |  IMPOSTO DEBITADO   |    ISENTAS OU NÃO   |       OUTRAS       |
|   CONTÁBIL   |FISCAL |                    |                     |                     |      TRIBUTADAS     |                    |
|----------------------------------------------------------------------------------------------------------------------------------|
|              |5.101  |           34.368,87|            34.183,69|             5.804,45|                 0,00|                0,00|
|              |5.201  |                0,06|                 0,00|                 0,00|                 0,05|                0,00|
|              |5.901  |              267,75|               255,00|                43,35|                 0,00|                0,00|
|              |6.101  |   10.981.234.942,49|     5.570.702.609,30|     1.392.675.652,35|     3.899.002.295,76|      813.335.132,71|
|              |6.102  |          460.049,07|           459.829,85|            99.067,12|               200,00|                0,00|
|              |6.109  |           32.992,30|             1.000,00|               250,00|            31.692,30|                0,00|
|              |6.201  |           13.400,00|                 0,00|                 0,00|            13.400,00|                0,00|
|              |6.403  |    1.995.198.180,85|     1.888.889.129,72|       472.222.282,44|                 0,00|                7,50|
|              |6.949  |            6.700,00|                 0,00|                 0,00|             6.700,00|                0,00|
|----------------------------------------------------------------------------------------------------------------------------------|
|SUBTOTAIS SAÍDAS      |                    |                     |                     |                     |                    |
|                      |                    |                     |                     |                     |                    |
|5.000 PARA O E        |           34.636,68|            34.438,69|             5.847,80|                 0,05|                0,00|
|                      |                    |                     |                     |                     |                    |
|6.000 PARA OUT        |                    |                     |                     |                     |                    |
|      ESTADOS         |   12.976.946.264,71|     7.460.052.568,87|     1.864.997.251,91|     3.899.054.288,06|      813.335.140,21|
|                      |                    |                     |                     |                     |                    |
|7.000 PARA O E        |                0,00|                 0,00|                 0,00|                 0,00|                0,00|
|                      |                    |                     |                     |                     |                    |
|      TOTAIS          |   12.976.980.901,39|     7.460.087.007,56|     1.865.003.099,71|     3.899.054.288,11|      813.335.140,21|
|                      |                    |                     |                     |                     |                    |
|                      |                    |                     |                     |                     |                    |
|                      |                    |                     |                     |                     |                    |
|                      |                    |                     |                     |                     |                    |
|                      |                    |                     |                     |                     |                    |
|                      |                    |                     |                     |                     |                    |
|                      |                    |                     |                     |                     |                    |
|                      |                    |                     |                     |                     |                    |
|                      |                    |                     |                     |                     |                    |
|                      |                    |                     |                     |                     |                    |
|                      |                    |                     |                     |                     |                    |
|                      |                    |                     |                     |                     |                    |
|                      |                    |                     |                     |                     |                    |
|                      |                    |                     |                     |                     |                    |
|                      |                    |                     |                     |                     |                    |
|                      |                    |                     |                     |                     |                    |
|                      |                    |                     |                     |                     |                    |
|                      |                    |                     |                     |                     |                    |
|                      |                    |                     |                     |                     |                    |
|                      |                    |                     |                     |                     |                    |
|                      |                    |                     |                     |                     |                    |
|                      |                    |                     |                     |                     |                    |
|                      |                    |                     |                     |                     |                    |
|                      |                    |                     |                     |                     |                    |
|                      |                    |                     |                     |                     |                    |
+----------------------------------------------------------------------------------------------------------------------------------+
+----------------------------------------------------------------------------------------------------------------------------------+
|                                               RESUMO DA APURAÇÃO DO ICMS                                                         |
|                                                                                                                                  |
| FIRMA:  Estabelecimento TOTVS - Ñ ALTERAR CONTAS                                                                                 |
|                                                                                                                                  |
| INSC. EST.: 255721161          C.N.P.J.(MF): 53.113.791/0017-90                                                                  |
|                                                                                                                                  |
| FOLHA:       4     MÊS OU PERÍODO/ANO: 01/07/2011 A 31/07/2011                                                                   |
|----------------------------------------------------------------------------------------------------------------------------------|
|  |DÉBITO DO IMPOSTO                                                            |                     VALORES                     |
|----------------------------------------------------------------------------------------------------------------------------------|
|  |                                                                             |    COLUNA AUXILIAR     |         SOMAS          |
|  |                                                                             |------------------------|------------------------|
|  | 001 - POR SAÍDAS/PRESTAÇÕES COM DÉBITO DO IMPOSTO                           |                        |        1.865.003.099,71|
|  | 002 - OUTROS DÉBITOS (DISCRIMINAR ABAIXO)                                   |                        |                        |
|  |                                                                             |                  100,00|                        |
|  |                                                                             |                        |                  100,00|
| D|                                                                             |                        |                        |
| É|                                                                             |                        |                        |
| B|                                                                             |                        |                        |
| I|                                                                             |                        |                        |
| T|                                                                             |                        |                        |
| O|                                                                             |                        |                        |
|  | 003 - ESTORNO DE CRÉDITOS (DISCRIMINAR ABAIXO)                              |                        |                        |
|  |                                                                             |                        |                    0,00|
|  | 004 - SUBTOTAL                                                              |                        |        1.865.003.199,71|
|----------------------------------------------------------------------------------------------------------------------------------|
|  |CRÉDITO DO IMPOSTO                                                           |                        |                        |
|----------------------------------------------------------------------------------------------------------------------------------|
|  | 005 - POR ENTRADAS/AQUISIÇÕES COM CRÉDITO DO IMPOSTO                        |                        |               29.096,35|
|  | 006 - OUTROS CRÉDITOS (DISCRIMINAR ABAIXO)                                  |                        |                        |
|  |                                                                             |                        |                    0,00|
|  | 007 - ESTORNO DE DÉBITOS (DISCRIMINAR ABAIXO)                               |                        |                        |
|  |                                                                             |                        |                    0,00|
| C|                                                                             |                        |                        |
| R|                                                                             |                        |                        |
| É|                                                                             |                        |                        |
| D|                                                                             |                        |                        |
| I|                                                                             |                        |                        |
| T|                                                                             |                        |                        |
| O|                                                                             |                        |                        |
|  | 008 - SUBTOTAL                                                              |                        |               29.096,35|
|  |                                                                             |                        |                        |
|  | 009 - SALDO CREDOR DO PERÍODO ANTERIOR                                      |                        |                        |
|  |                                                                             |                        |                    0,00|
|  | 010 - TOTAL                                                                 |                        |               29.096,35|
|----------------------------------------------------------------------------------------------------------------------------------|
|  |APURAÇÃO DO SALDO                                                            |                        |                        |
|----------------------------------------------------------------------------------------------------------------------------------|
|  | 011 - SALDO DEVEDOR(DÉBITO MENOS CRÉDITO)                                   |                        |        1.864.974.103,36|
|  | 012 - DEDUÇÕES (DISCRIMINAR ABAIXO)                                         |                        |                        |
|  |                                                                             |                        |                    0,00|
| S|                                                                             |                        |                        |
| A|                                                                             |                        |                        |
| L|                                                                             |                        |                        |
| D|                                                                             |                        |                        |
| O| 013 - IMPOSTO A RECOLHER                                                    |                        |        1.864.974.103,36|
|  | 014 - SALDO CREDOR(CRÉDITO MENOS DÉBITO)                                    |                        |                        |
|  |       A TRANSPORTAR PARA O PERÍODO SEGUINTE                                 |                        |                    0,00|
|----------------------------------------------------------------------------------------------------------------------------------|
|                                                                                                                                  |
|                                                                                                                                  |
|                                                                                                                                  |
+----------------------------------------------------------------------------------------------------------------------------------+
+----------------------------------------------------------------------------------------------------------------------------------+
|                                               RESUMO DA APURAÇÃO DO ICMS                                                         |
|                                                                                                                                  |
| FIRMA:  Estabelecimento TOTVS - Ñ ALTERAR CONTAS                                                                                 |
|                                                                                                                                  |
| INSC. EST.: 255721161          C.N.P.J.(MF): 53.113.791/0017-90                                                                  |
|                                                                                                                                  |
| FOLHA:       5     MÊS OU PERÍODO/ANO: 01/07/2011 A 31/07/2011                                                                   |
|----------------------------------------------------------------------------------------------------------------------------------|
|                            INFORMAÇÕES COMPLEMENTARES                                                                            |
|----------------------------------------------------------------------------------------------------------------------------------|
|                            GUIAS DE RECOLHIMENTO                                       GUIA DE INFORMAÇÃO                        |
|                                                                                                                                  |
|               NÚMERO  DATA                     VALOR   ORGÃO ARRECADADOR                DATA DA ENTREGA    LOCAL DA ENTREGA      |
|                                                                                                           (BANCO/REPARTIÇÃO)     |
|                                                                                                                                  |
|                                                                                                                                  |
|OBSERVAÇÕES:   
|                                                                                                                                  |
|                                                                                                                                  |
|                                                                                                                                  |
|                                                                                                                                  |
|                                                                                                                                  |
|                                                                                                                                  |
|                                                                                                                                  |
|                                                                                                                                  |
|                                                                                                                                  |
|                                                                                                                                  |
|                                                                                                                                  |
|                                                                                                                                  |
|                                                                                                                                  |
|                                                                                                                                  |
|                                                                                                                                  |
|                                                                                                                                  |
|                                                                                                                                  |
|                                                                                                                                  |
|                                                                                                                                  |
|                                                                                                                                  |
|                                                                                                                                  |
|                                                                                                                                  |
|                                                                                                                                  |
|                                                                                                                                  |
|                                                                                                                                  |
|                                                                                                                                  |
|                                                                                                                                  |
|                                                                                                                                  |
|                                                                                                                                  |
|                                                                                                                                  |
|                                                                                                                                  |
|                                                                                                                                  |
|                                                                                                                                  |
|                                                                                                                                  |
|                                                                                                                                  |
|                                                                                                                                  |
|                                                                                                                                  |
|                                                                                                                                  |
|                                                                                                                                  |
|                                                                                                                                  |
|                                                                                                                                  |
|                                                                                                                                  |
|                                                                                                                                  |
|                                                                                                                                  |
|                                                                                                                                  |
+----------------------------------------------------------------------------------------------------------------------------------+
+----------------------------------------------------------------------------------------------------------------------------------+
|                                               RESUMO DA APURAÇÃO DO ICMS             - SUBSTITUIÇÃO TRIBUTÁRIA - OPER.INTERNAS   |
|                                                                                                                                  |
| FIRMA:  Estabelecimento TOTVS - Ñ ALTERAR CONTAS                                                                                 |
|                                                                                                                                  |
| INSC. EST.: 255721161          C.N.P.J.(MF): 53.113.791/0017-90                                                                  |
|                                                                                                                                  |
| FOLHA:       6     MÊS OU PERÍODO/ANO: 01/07/2011 A 31/07/2011                                                                   |
|----------------------------------------------------------------------------------------------------------------------------------|
|  |DÉBITO DO IMPOSTO                                                            |                     VALORES                     |
|----------------------------------------------------------------------------------------------------------------------------------|
|  |                                                                             |    COLUNA AUXILIAR     |         SOMAS          |
|  |                                                                             |------------------------|------------------------|
|D | 001 - POR SAÍDAS/PRESTAÇÕES COM DÉBITO DO IMPOSTO                           |                        |                    0,00|
|É | 002 - OUTROS DÉBITOS (DISCRIMINAR ABAIXO)                                   |                        |                        |
|B |                                                                             |                        |                        |
|I | 003 - ESTORNO DE CRÉDITOS (DISCRIMINAR ABAIXO)                              |                        |                        |
|T |                                                                             |                        |                        |
|O | 004 - SUBTOTAL                                                              |                        |                    0,00|
|----------------------------------------------------------------------------------------------------------------------------------|
|  |                         CRÉDITO DO IMPOSTO                                  |                        |                        |
|----------------------------------------------------------------------------------------------------------------------------------|
|  | 005 - POR ENTRADAS/AQUISIÇÕES COM CRÉDITO DO IMPOSTO                        |                        |                    0,00|
|C | 006 - OUTROS CRÉDITOS (DISCRIMINAR ABAIXO)                                  |                        |                        |
|R |                                                                             |                        |                        |
|É | 007 - ESTORNO DE DÉBITOS (DISCRIMINAR ABAIXO)                               |                        |                        |
|D |                                                                             |                        |                        |
|I | 008 - SUBTOTAL                                                              |                        |                    0,00
|T |                                                                             |                        |                        |
|O | 009 - SALDO CREDOR DO PERÍODO ANTERIOR                                      |                        |                        |
|  | 010 - TOTAL                                                                 |                        |                    0,00|
|----------------------------------------------------------------------------------------------------------------------------------|
|  |APURAÇÃO DO SALDO                                                            |                        |                        |
|----------------------------------------------------------------------------------------------------------------------------------|
|  | 011 - SALDO DEVEDOR(DÉBITO MENOS CRÉDITO)                                   |                        |                    0,00|
|S | 012 - DEDUÇÕES (DISCRIMINAR ABAIXO)                                         |                        |                        |
|A |                                                                             |                        |                        |
|L | 013 - IMPOSTO A RECOLHER                                                    |                        |                    0,00|
|D | 014 - SALDO CREDOR(CRÉDITO MENOS DÉBITO)                                    |                        |                        |
|O |       A TRANSPORTAR PARA O PERÍODO SEGUINTE                                 |                        |                    0,00|
|----------------------------------------------------------------------------------------------------------------------------------|
|                                                                                                                                  |
|                                                                                                                                  |
|                                                                                                                                  |
|                                                                                                                                  |
|                                                                                                                                  |
|                                                                                                                                  |
|                                                                                                                                  |
|                                                                                                                                  |
|                                                                                                                                  |
|                                                                                                                                  |
|                                                                                                                                  |
|                                                                                                                                  |
|                                                                                                                                  |
|                                                                                                                                  |
|                                                                                                                                  |
|                                                                                                                                  |
|                                                                                                                                  |
|                                                                                                                                  |
|                                                                                                                                  |
|                                                                                                                                  |
|                                                                                                                                  |
|                                                                                                                                  |
+----------------------------------------------------------------------------------------------------------------------------------+
+----------------------------------------------------------------------------------------------------------------------------------+
|                                             REGISTRO DE APURAÇÃO DO ICMS             - SUBSTITUIÇÃO TRIBUTÁRIA - OPER.INTEREST   |
|                                                                                                                                  |
| FIRMA:  Estabelecimento TOTVS - Ñ ALTERAR CONTAS                                                                                 |
|                                                                                                                                  |
| INSC. EST.: 255721161          C.N.P.J.(MF): 53.113.791/0017-90                                                                  |
|                                                                                                                                  |
| FOLHA:       7     MÊS OU PERÍODO/ANO: 01/07/2011 A 31/07/2011                                                                   |
|----------------------------------------------------------------------------------------------------------------------------------|
|                                                                                ENTRADAS                                          |
|----------------------------------------------------------------------------------------------------------------------------------|
|                      |                    |                                ICMS - VALORES FISCAIS                                |
|                      |                    |--------------------------------------------------------------------------------------|
|                      |                    |      OPERAÇÕES COM CRÉDITOS DO IMPOSTO    |      OPERAÇÕES SEM CRÉDITOS DO IMPOSTO   |
|     CODIFICAÇÃO      |      VALORES       |--------------------------------------------------------------------------------------|
|--------------------- |     CONTÁBEIS      |   BASE DE CÁLCULO   |  IMPOSTO CREDITADO  |    ISENTAS OU NÃO   |       OUTRAS       |
|   CONTÁBIL   |FISCAL |                    |                     |                     |      TRIBUTADAS     |                    |
|----------------------------------------------------------------------------------------------------------------------------------|
|              |       |                    |                     |                     |                     |                    |
|              |       |        TOTAL       |                 0,00|                 0,00|                     |                    |
|              |       |                    |                     |                     |                     |                    |
|              |       |                    |                     |                     |                     |                    |
|              |       |                    |                     |                     |                     |                    |
|              |       |          SP        |             3.376,89|               154,24|                     |                    |
|              |       |                    |                     |                     |                     |                    |
|              |       |        TOTAL       |             3.376,89|               154,24|                     |                    |
|              |       |                    |                     |                     |                     |                    |
|              |       |                    |                     |                     |                     |                    |
|----------------------------------------------------------------------------------------------------------------------------------|
|                                                                               SAÍDAS                                             |
|----------------------------------------------------------------------------------------------------------------------------------|
|                      |                    |                                ICMS - VALORES FISCAIS                                |
|                      |                    |--------------------------------------------------------------------------------------|
|                      |                    |      OPERACOES COM DEBITOS DO IMPOSTO     |      OPERACOES SEM DEBITOS DO IMPOSTO    |
|     CODIFICAÇÃO      |      VALORES       |--------------------------------------------------------------------------------------|
|--------------------- |     CONTÁBEIS      |   BASE DE CÁLCULO   |  IMPOSTO DEBITADO   |    ISENTAS OU NÃO   |       OUTRAS       |
|   CONTÁBIL   |FISCAL |                    |                     |                     |      TRIBUTADAS     |                    |
|----------------------------------------------------------------------------------------------------------------------------------|
|              |       |          SP        |     3.335.062.803,62|       361.543.418,49|                     |                    |
|              |       |                    |                     |                     |                     |                    |
|              |       |        TOTAL       |     3.335.062.803,62|       361.543.418,49|                     |                    |
|                      |                    |                     |                     |                     |                    |
|                      |                    |                     |                     |                     |                    |
|                      |                    |                     |                     |                     |                    |
|                      |                    |                     |                     |                     |                    |
|                      |                    |                     |                     |                     |                    |
|                      |                    |                     |                     |                     |                    |
|                      |                    |                     |                     |                     |                    |
|                      |                    |                     |                     |                     |                    |
|                      |                    |                     |                     |                     |                    |
|                      |                    |                     |                     |                     |                    |
|                      |                    |                     |                     |                     |                    |
|                      |                    |                     |                     |                     |                    |
|                      |                    |                     |                     |                     |                    |
|                      |                    |                     |                     |                     |                    |
|                      |                    |                     |                     |                     |                    |
|                      |                    |                     |                     |                     |                    |
|                      |                    |                     |                     |                     |                    |
|                      |                    |                     |                     |                     |                    |
|                      |                    |                     |                     |                     |                    |
|                      |                    |                     |                     |                     |                    |
|                      |                    |                     |                     |                     |                    |
|                      |                    |                     |                     |                     |                    |
+----------------------------------------------------------------------------------------------------------------------------------+
