------------------------------------------------------------------------------------------------------------------------------------
FIRMA: Estabelecimento TOTVS - Ñ ALTERAR CONTAS  INSCR.EST.: 255721161                CNPJ   : 53.113.791/0017-90  Folha:       1

PERÍODO: 01/05/2011 A 30/08/2011
------------------------------------------------------------------------------------------------------------------------------------

                                      ENTRADAS DE MERCADORIAS, BENS E/OU AQUISIÇÕES DE SERVIÇOS

  COD. UNIDADE DA                                                                      SUBSTITUIÇÃO
SINIEF  FEDERAÇÃO              VALOR CONTABIL   BASE DE CALCULO            OUTRAS        TRIBUTÁRIA

22     RIO DE JANEIRO               118872,47         118672,47            100,00              0,00
25     SANTA CATARINA              1096332,76        1007047,44          50531,58              0,00
00     São Paulo                   2519782,14        1842005,34         475033,98            234,52

TOTAL GE                           3734987,37        2967725,25         525665,56            234,52















































-----------------------------------------------------------------------------DATASUL - OBRIGAÇÕES FISCAIS - OF0505RP - V:0.00.00.000
------------------------------------------------------------------------------------------------------------------------------------
FIRMA: Estabelecimento TOTVS - Ñ ALTERAR CONTAS  INSCR. EST.: 255721161               CGC(MF): 53.113.791/0017-90  Folha:       2

PERIODO: 01/05/2011 A 30/08/2011
------------------------------------------------------------------------------------------------------------------------------------

                                  ENTRADAS DE MERCADORIAS, BENS E/OU AQUISIÇÕES DE SERVIÇOS (POR PAÍS)

PAIS                                                                                      SUBSTITUICAO
                                  VALOR CONTABIL   BASE DE CALCULO   ISENTAS/OUTRAS         TRIBUTARIA

ARGENTINA                               1100,34            884,59             21,14               0,00
BOLIVIA                                    0,00              0,00              0,00               0,00
Brasil                              10975480,72        8434340,11         531331,05             234,52
CHILE                                      0,00              0,00              0,00               0,00
ESPANHA                                    0,00              0,00              0,00               0,00
ESTADOS UNIDOS                          3515,00           3000,00            415,00               0,00
IRLANDA                                    0,00              0,00              0,00               0,00
Italia                                     0,00              0,00              0,00               0,00
PARAGUAI                                   0,00              0,00              0,00               0,00
TOTAL GERAL                         10980096,06        8438224,70         531767,19             234,52










































-----------------------------------------------------------------------------DATASUL - OBRIGAÇÕES FISCAIS - OF0505RP - V:0.00.00.000
------------------------------------------------------------------------------------------------------------------------------------
FIRMA: Estabelecimento TOTVS - Ñ ALTERAR CONTAS  INSCR.EST.: 255721161                CNPJ   : 53.113.791/0017-90  Folha:       3

PERÍODO: 01/05/2011 A 30/08/2011
------------------------------------------------------------------------------------------------------------------------------------

                                      ENTRADAS DE MERCADORIAS, BENS E/OU AQUISIÇÕES DE SERVIÇOS


         SELEÇÃO

                  Estabelecimento: 1
                             U.F.: RJ            |<    >|     SP
                          Período: 01/05/2011    |<    >|     30/08/2011
                            Moeda: 0

         IMPRESSÃO

                          Destino: Arquivo   -   c:/automacao/relatorios/OF
                          Usuário: super











































-----------------------------------------------------------------------------DATASUL - OBRIGAÇÕES FISCAIS - OF0505RP - V:0.00.00.000

