------------------------------------------------------------------------------------------------------------------------------------
FIRMA: Estabelecimento TOTVS - Ñ ALTERAR CONTAS  INSCR.EST.: 255721161                CNPJ   : 53.113.791/0017-90  Folha:       1

PERÍODO: 01/05/2011 A 30/08/2011
------------------------------------------------------------------------------------------------------------------------------------

                                      ENTRADAS DE MERCADORIAS, BENS E/OU AQUISIÇÕES DE SERVIÇOS

  COD. UNIDADE DA                                                                      SUBSTITUIÇÃO
SINIEF  FEDERAÇÃO              VALOR CONTABIL   BASE DE CALCULO            OUTRAS        TRIBUTÁRIA

05     BAHIA                         41664,00          41664,00              0,00              0,00
00     DISTRITO FEDERAL                150,00              0,00            150,00              0,00
10     GOIAS                           525,00              0,00            525,00              0,00
14     MINAS GERAIS                 343833,28         323624,17           4052,55              0,00
13     MATO GROSSO                 1136696,34              0,00        1136696,34              0,00
17     PARANA                      5717612,81        5101326,69         614207,37              0,00
22     RIO DE JANEIRO               118872,47         118672,47            200,00              0,00
25     SANTA CATARINA              1095332,76        1007047,44          52911,58              0,00
00     São Paulo                   2518782,14        1842005,34         598951,44            234,52

TOTAL GE                          10973468,80        8434340,11        2407694,28            234,52









































-----------------------------------------------------------------------------DATASUL - OBRIGAÇÕES FISCAIS - OF0505RP - V:0.00.00.000
------------------------------------------------------------------------------------------------------------------------------------
FIRMA: Estabelecimento TOTVS - Ñ ALTERAR CONTAS  INSCR. EST.: 255721161               CGC(MF): 53.113.791/0017-90  Folha:       2

PERIODO: 01/05/2011 A 30/08/2011
------------------------------------------------------------------------------------------------------------------------------------

                                  ENTRADAS DE MERCADORIAS, BENS E/OU AQUISIÇÕES DE SERVIÇOS (POR PAÍS)

PAIS                                                                                      SUBSTITUICAO
                                  VALOR CONTABIL   BASE DE CALCULO           OUTRAS         TRIBUTARIA

ARGENTINA                               1100,34            884,59             21,14               0,00
BOLIVIA                                    0,00              0,00              0,00               0,00
Brasil                              10973480,72        8434340,11        2407706,20             234,52
CHILE                                      0,00              0,00              0,00               0,00
ESPANHA                                    0,00              0,00              0,00               0,00
ESTADOS UNIDOS                          3515,00           3000,00            415,00               0,00
IRLANDA                                    0,00              0,00              0,00               0,00
Italia                                     0,00              0,00              0,00               0,00
PARAGUAI                                   0,00              0,00              0,00               0,00
TOTAL GERAL                         10978096,06        8438224,70        2408142,34             234,52










































-----------------------------------------------------------------------------DATASUL - OBRIGAÇÕES FISCAIS - OF0505RP - V:0.00.00.000
------------------------------------------------------------------------------------------------------------------------------------
FIRMA: Estabelecimento TOTVS - Ñ ALTERAR CONTAS  INSCR.EST.: 255721161                CNPJ   : 53.113.791/0017-90  Folha:       3

PERÍODO: 01/05/2011 A 30/08/2011
------------------------------------------------------------------------------------------------------------------------------------

                                      ENTRADAS DE MERCADORIAS, BENS E/OU AQUISIÇÕES DE SERVIÇOS


         SELEÇÃO

                  Estabelecimento: 1
                             U.F.: AC            |<    >|     TO
                          Período: 01/05/2011    |<    >|     30/08/2011
                            Moeda: 0

         IMPRESSÃO

                          Destino: Arquivo   -   c:/automacao/relatorios/OF
                          Usuário: super











































-----------------------------------------------------------------------------DATASUL - OBRIGAÇÕES FISCAIS - OF0505RP - V:0.00.00.000

