                                  CONTROLE DE CREDITO DE ICMS DO ATIVO PERMANENTE - CIAP (MODELO C)
MES/ANO:01 A 12/2011                                                                                             ANO/PAG:  2011/005
-----------------------------------------------------------------------------------------------------------------------------------
1- IDENTIFICACAO DO ESTABELECIMENTO
-----------------------------------------------------------------------------------------------------------------------------------
    Nome: SASAZAKI INDÚSTRIA E COMÉRCIO LTDA              CNPJ: 52045697000110        Inscricao Estadual: 438.010.070.113
Endereco: Avenida Eugênio Coneglian, nº 1.060           Bairro: D.Industrial                   Municipio: MARILIA
-----------------------------------------------------------------------------------------------------------------------------------

-----------------------------------------------------------------------------------------------------------------------------------
2- DEMONSTRATIVO DA BASE PARA APROPRIACAO DO CREDITO (VALORES EM REAL)
-----------------------------------------------------------------------------------------------------------------------------------
                       IDENTIFICACAO DO BEM                             |                  VALOR DO ICMS
-----------------------------------------------------------------------------------------------------------------------------------
NUMERO OU DATA           NOTA     DESCRICAO RESUMIDA                    |     ENTRADA            SAIDA OU       TOTAL DO CREDITO
CODIGO                   FISCAL                                         |     (CREDITO)            BAIXA            A APROPRIAR
-----------------------------------------------------------------------------------------------------------------------------------
      111 01/01/2011                5/Bem 5                                         480,00               0,00              2.400,00
      211 01/01/2011     1          41/Teste automacao                              100,00               0,00              2.500,00
      311 01/01/2011     1          42/Teste automaçao1                             360,00               0,00              2.860,00
      411 01/01/2011     1          43/Teste automaçao1                             360,00               0,00              3.220,00
      511 01/04/2011                50/Optiplex 7011                                480,00               0,00              3.700,00
      611 05/05/2011                51/Optiplex 7010 - 2                            900,00               0,00              4.600,00
      711 31/05/2011                *decurso*49/Optiplex 7010                         0,00           4.800,00
** Value -200 cannot be displayed using >>,>>>,>>>,>>9.99. (74)
                                                                                                                  ?????????????????
      811 31/05/2011     1          48/Chamado TVKPI9                               480,00               0,00                280,00
      911 31/05/2011     2          48/Chamado TVKPI9                                 0,00               9,60                270,40
     1011 31/05/2011     3          48/Chamado TVKPI9                                 0,00              57,60                212,80
     1111 31/05/2011     4          48/Chamado TVKPI9                                 0,00              28,80                184,00
     1211 31/05/2011     5          48/Chamado TVKPI9                                 0,00              48,00                136,00
     1311 01/07/2011                6/Bem 6                                         480,00               0,00                616,00
     1411 07/11/2011     9282015    29/Material D.Direto - TRIBUTADO              1.739,50               0,00              2.355,50
     1511 07/11/2011     9312015    32/Material D.Direto - TRIBUTADO              1.622,84               0,00              3.978,34
     1611 07/11/2011     9332015    34/Material D.Direto - TRIBUTADO          1.076.526,91               0,00          1.080.505,25
     1711 07/11/2011     9362016    37/Material D.Direto - TRIBUTADO             18.888,89               0,00          1.099.394,14
     1811 07/11/2011     9372016    38/Material D.Direto - TRIBUTADO              1.700,04               0,00          1.101.094,18
     1911 07/11/2011     9382016    39/Material D.Direto - TRIBUTADO                 56,63               0,00          1.101.150,81
     2011 07/11/2011     9392016    40/Material D.Direto - TRIBUTADO                 20,99               0,00          1.101.171,80
                                  CONTROLE DE CREDITO DE ICMS DO ATIVO PERMANENTE - CIAP (MODELO C)
MES/ANO:01 A 12/2011                                                                                             ANO/PAG:  2011/006
-----------------------------------------------------------------------------------------------------------------------------------
3- DEMONSTRATIVO DA APROPRIACAO MENSAL DE CREDITO (VALORES EM REAL)
-----------------------------------------------------------------------------------------------------------------------------------
         |       OPERACOES E PRESTACOES      |
         |-----------------------------------|
         |                        TOTAL DAS  |    COEFICIENTE                TOTAL DE             FRACAO             CREDITO MENSAL
   MES   |      TRIBUTADAS         SAIDAS    |   DE APROPRIACAO              CREDITO A            MENSAL              A APROPRIAR
         |         (1)               (2)     |      (3=1/2)                  APROPRIAR             (5)               (6=3 x 4 x 5)
         |                                   |                                  (4)
         |                                   |
-----------------------------------------------------------------------------------------------------------------------------------
Janeiro               1,00              1,00     1,00000000                 3.220,00               1/48                       67,08
Fevereiro             1,00              1,00     1,00000000                 3.220,00               1/48                       67,08
Marco                 1,00              1,00     1,00000000                 3.220,00               1/48                       67,08
Abril                 1,00              1,00     1,00000000                 3.700,00               1/48                       77,08
Maio                  1,00              1,00     1,00000000                   136,00               1/48                        2,83
Junho                 1,00              1,00     1,00000000                   136,00               1/48                        2,83
Julho                 1,00              1,00     1,00000000                   616,00               1/48                       12,83
Agosto                1,00              1,00     1,00000000                   616,00               1/48                       12,83
Setembro              1,00              1,00     1,00000000                   616,00               1/48                       12,83
Outubro               1,00              1,00     1,00000000                   616,00               1/48                       12,83
Novembro              1,00              1,00     1,00000000             1.101.171,80               1/48                   22.941,08
Dezembro              1,00              1,00     1,00000000             1.101.171,80               1/48                   22.941,08
