                                  CONTROLE DE CREDITO DE ICMS DO ATIVO PERMANENTE - CIAP (MODELO C)
MES/ANO:01 A 12/2012                                                                                             ANO/PAG:  2012/007
-----------------------------------------------------------------------------------------------------------------------------------
1- IDENTIFICACAO DO ESTABELECIMENTO
-----------------------------------------------------------------------------------------------------------------------------------
    Nome: SASAZAKI INDÚSTRIA E COMÉRCIO LTDA              CNPJ: 52045697000110        Inscricao Estadual: 438.010.070.113
Endereco: Avenida Eugênio Coneglian, nº 1.060           Bairro: D.Industrial                   Municipio: MARILIA
-----------------------------------------------------------------------------------------------------------------------------------

-----------------------------------------------------------------------------------------------------------------------------------
2- DEMONSTRATIVO DA BASE PARA APROPRIACAO DO CREDITO (VALORES EM REAL)
-----------------------------------------------------------------------------------------------------------------------------------
                       IDENTIFICACAO DO BEM                             |                  VALOR DO ICMS
-----------------------------------------------------------------------------------------------------------------------------------
NUMERO OU DATA           NOTA     DESCRICAO RESUMIDA                    |     ENTRADA            SAIDA OU       TOTAL DO CREDITO
CODIGO                   FISCAL                                         |     (CREDITO)            BAIXA            A APROPRIAR
-----------------------------------------------------------------------------------------------------------------------------------
                                  CONTROLE DE CREDITO DE ICMS DO ATIVO PERMANENTE - CIAP (MODELO C)
MES/ANO:01 A 12/2012                                                                                             ANO/PAG:  2012/008
-----------------------------------------------------------------------------------------------------------------------------------
3- DEMONSTRATIVO DA APROPRIACAO MENSAL DE CREDITO (VALORES EM REAL)
-----------------------------------------------------------------------------------------------------------------------------------
         |       OPERACOES E PRESTACOES      |
         |-----------------------------------|
         |                        TOTAL DAS  |    COEFICIENTE                TOTAL DE             FRACAO             CREDITO MENSAL
   MES   |      TRIBUTADAS         SAIDAS    |   DE APROPRIACAO              CREDITO A            MENSAL              A APROPRIAR
         |         (1)               (2)     |      (3=1/2)                  APROPRIAR             (5)               (6=3 x 4 x 5)
         |                                   |                                  (4)
         |                                   |
-----------------------------------------------------------------------------------------------------------------------------------
Janeiro               1,00              1,00     1,00000000             1.101.171,80               1/48                   22.941,08
Fevereiro             1,00              1,00     1,00000000             1.101.171,80               1/48                   22.941,08
Marco                 1,00              1,00     1,00000000             1.101.171,80               1/48                   22.941,08
Abril                 1,00              1,00     1,00000000             1.101.171,80               1/48                   22.941,08
Maio                  1,00              1,00     1,00000000             1.101.171,80               1/48                   22.941,08
Junho                 1,00              1,00     1,00000000             1.101.171,80               1/48                   22.941,08
Julho                 1,00              1,00     1,00000000             1.101.171,80               1/48                   22.941,08
Agosto                1,00              1,00     1,00000000             1.101.171,80               1/48                   22.941,08
Setembro              1,00              1,00     1,00000000             1.101.171,80               1/48                   22.941,08
Outubro               1,00              1,00     1,00000000             1.101.171,80               1/48                   22.941,08
Novembro              1,00              1,00     1,00000000             1.101.171,80               1/48                   22.941,08
Dezembro              1,00              1,00     1,00000000             1.101.171,80               1/48                   22.941,08
