------------------------------------------------------------------------------------------------------------------------------------
SASAZAKI IND. E COM. LTDA                        Relatório de Contabilização - Período: 10/2012                         Página:    1
-------------------------------------------------------------------------------------------------------------- TODAY - 00:00:00

Erro na integração, verifique o arquivo.   c:\\temp\ri01a1211.log
Referência gerada, mas atualize através da Módulo CT ou FASB
28407 - Houve erro na Integração com a Contabilidade do EMS5 Empresa:          10 Referência:  RI01A121   Est:  1
Estab Cta Contábil/CCusto  Titulo                              UN  Bem           Nr. Pat.  Seq. Tp  Grupo       Debito      Credito
----- -------------------- ----------------------------------- --- ------------ --------- ----- -- ------ ------------ ------------
1     211050400000507      ICMS Ativo a Recuperar                  1                    0     0 10      1        10,00         0,00
      010702010000201                                              2                    0     0 10      1        10,00         0,00
                                                                   3                    0     0 10      1        10,00         0,00
                                                                   4                    0     0 10      1        10,00         0,00
                                                                   5                    0     0 10      1        10,00         0,00
                                                                   6                    0     0 10      1        10,00         0,00
                                                                   29                   0     0 10      1        36,24         0,00
                                                                   32                   0     0 10      1        33,81         0,00
                                                                   34                   0     0 10      1     22427,64         0,00
                                                                   37                   0     0 10      1       393,52         0,00
                                                                   38                   0     0 10      1        35,42         0,00
                                                                   39                   0     0 10      1         1,18         0,00
                                                                   40                   0     0 10      1         0,44         0,00
                                                                   41                   0     0 10      1         2,08         0,00
                                                                   42                   0     0 10      1        10,00         0,00
                                                                   43                   0     0 10      1        10,00         0,00
                                                                   48                   0     0 10      1         7,00         0,00
                                                                   50                   0     0 10      1        10,00         0,00
                                                                   51                   0     0 10      1        18,75         0,00
                                                                                                          ------------ ------------
                                                                                             TOTAL:           23046,08         0,00


      211050400000521      PIS Ativo Recup                         1                    0     0 10      2        10,00         0,00
      010702010000201                                              2                    0     0 10      2        10,00         0,00
                                                                   3                    0     0 10      2        10,00         0,00
                                                                   4                    0     0 10      2        10,00         0,00
                                                                   5                    0     0 10      2        10,00         0,00
                                                                   6                    0     0 10      2        10,00         0,00
                                                                   30                   0     0 10      2         0,12         0,00
                                                                   32                   0     0 10      2         3,29         0,00
                                                                   33                   0     0 10      2         0,54         0,00
                                                                   34                   0     0 10      2      2176,81         0,00
                                                                   37                   0     0 10      2        38,20         0,00
                                                                   38                   0     0 10      2         3,44         0,00
                                                                   39                   0     0 10      2         0,12         0,00
                                                                   40                   0     0 10      2         0,05         0,00
                                                                   41                   0     0 10      2         2,09         0,00
                                                                                                          ------------ ------------
                                                                                             TOTAL:            2284,66         0,00


      211050400000522      COFINS Ativo Recup                      1                    0     0 10      3        10,00         0,00
      010702010000201                                              2                    0     0 10      3        10,00         0,00
                                                                   3                    0     0 10      3        10,00         0,00
                                                                   4                    0     0 10      3        10,00         0,00
                                                                   5                    0     0 10      3        10,00         0,00
                                                                   6                    0     0 10      3        10,00         0,00
                                                                   31                   0     0 10      3         5,79         0,00
                                                                   33                   0     0 10      3         2,48         0,00
                                                                   34                   0     0 10      3     10026,48         0,00
                                                                   37                   0     0 10      3       175,93         0,00
                                                                   38                   0     0 10      3        15,84         0,00
                                                                   39                   0     0 10      3         0,53         0,00
-----------------------------------------------------------------------------------------------DATASUL -  - RI0412RP - V:0.00.00.000
------------------------------------------------------------------------------------------------------------------------------------
SASAZAKI IND. E COM. LTDA                        Relatório de Contabilização - Período: 10/2012                         Página:    2
-------------------------------------------------------------------------------------------------------------- TODAY - 00:00:00

Estab Cta Contábil/CCusto  Titulo                              UN  Bem           Nr. Pat.  Seq. Tp  Grupo       Debito      Credito
----- -------------------- ----------------------------------- --- ------------ --------- ----- -- ------ ------------ ------------
                                                                   40                   0     0 10      3         0,20         0,00
                                                                   41                   0     0 10      3         2,09         0,00
                                                                                                          ------------ ------------
                                                                                             TOTAL:           10289,34         0,00


      311111111111001      ICMS Imp. Rec. Longo Prazo              3                    0     0 12      1         0,00        10,00
                                                                   4                    0     0 12      1         0,00        10,00
                                                                   5                    0     0 12      1         0,00        10,00
                                                                   6                    0     0 12      1         0,00        10,00
                                                                   29                   0     0 12      1         0,00        36,24
                                                                   32                   0     0 12      1         0,00        33,81
                                                                   34                   0     0 12      1         0,00     22427,64
                                                                   37                   0     0 12      1         0,00       393,52
                                                                   38                   0     0 12      1         0,00        35,42
                                                                   39                   0     0 12      1         0,00         1,18
                                                                   40                   0     0 12      1         0,00         0,44
                                                                   41                   0     0 12      1         0,00         2,08
                                                                   42                   0     0 12      1         0,00        10,00
                                                                   43                   0     0 12      1         0,00        10,00
                                                                   48                   0     0 12      1         0,00         7,00
                                                                   50                   0     0 12      1         0,00        10,00
                                                                   51                   0     0 12      1         0,00        18,75
                                                                                                          ------------ ------------
                                                                                             TOTAL:               0,00     23026,08


      311111111111002      ICMS Imp. Rec. Curto Prazo              1                    0     0 10      1         0,00        10,00
                                                                   2                    0     0 10      1         0,00        10,00
                                                                   3                    0     0 12      1        10,00         0,00
                                                                                                10      1         0,00        10,00
                                                                   4                    0     0 12      1        10,00         0,00
                                                                                                10      1         0,00        10,00
                                                                   5                    0     0 12      1        10,00         0,00
                                                                                                10      1         0,00        10,00
                                                                   6                    0     0 12      1        10,00         0,00
                                                                                                10      1         0,00        10,00
                                                                   29                   0     0 12      1        36,24         0,00
                                                                                                10      1         0,00        36,24
                                                                   32                   0     0 12      1        33,81         0,00
                                                                                                10      1         0,00        33,81
                                                                   34                   0     0 10      1         0,00     22427,64
                                                                                                12      1     22427,64         0,00
                                                                   37                   0     0 12      1       393,52         0,00
                                                                                                10      1         0,00       393,52
                                                                   38                   0     0 10      1         0,00        35,42
                                                                                                12      1        35,42         0,00
                                                                   39                   0     0 10      1         0,00         1,18
                                                                                                12      1         1,18         0,00
                                                                   40                   0     0 10      1         0,00         0,44
                                                                                                12      1         0,44         0,00
                                                                   41                   0     0 12      1         2,08         0,00
                                                                                                10      1         0,00         2,08
                                                                   42                   0     0 12      1        10,00         0,00
                                                                                                10      1         0,00        10,00
                                                                   43                   0     0 10      1         0,00        10,00
                                                                                                12      1        10,00         0,00
-----------------------------------------------------------------------------------------------DATASUL -  - RI0412RP - V:0.00.00.000
------------------------------------------------------------------------------------------------------------------------------------
SASAZAKI IND. E COM. LTDA                        Relatório de Contabilização - Período: 10/2012                         Página:    3
-------------------------------------------------------------------------------------------------------------- TODAY - 00:00:00

Estab Cta Contábil/CCusto  Titulo                              UN  Bem           Nr. Pat.  Seq. Tp  Grupo       Debito      Credito
----- -------------------- ----------------------------------- --- ------------ --------- ----- -- ------ ------------ ------------
                                                                   48                   0     0 10      1         0,00         7,00
                                                                                                12      1         7,00         0,00
                                                                   50                   0     0 12      1        10,00         0,00
                                                                                                10      1         0,00        10,00
                                                                   51                   0     0 10      1         0,00        18,75
                                                                                                12      1        18,75         0,00
                                                                                                          ------------ ------------
                                                                                             TOTAL:           23026,08     23046,08


      311111111111012      PIS Rec. Longo Prazo                    3                    0     0 12      2         0,00        10,00
                                                                   4                    0     0 12      2         0,00        10,00
                                                                   5                    0     0 12      2         0,00        10,00
                                                                   6                    0     0 12      2         0,00        10,00
                                                                   30                   0     0 12      2         0,00         0,12
                                                                   32                   0     0 12      2         0,00         3,29
                                                                   33                   0     0 12      2         0,00         0,54
                                                                   34                   0     0 12      2         0,00      2176,81
                                                                   37                   0     0 12      2         0,00        38,20
                                                                   38                   0     0 12      2         0,00         3,44
                                                                   39                   0     0 12      2         0,00         0,12
                                                                   40                   0     0 12      2         0,00         0,05
                                                                   41                   0     0 12      2         0,00         2,09
                                                                                                          ------------ ------------
                                                                                             TOTAL:               0,00      2264,66


      311111111111013      PIS Rec. Curto Prazo                    1                    0     0 10      2         0,00        10,00
                                                                   2                    0     0 10      2         0,00        10,00
                                                                   3                    0     0 12      2        10,00         0,00
                                                                                                10      2         0,00        10,00
                                                                   4                    0     0 10      2         0,00        10,00
                                                                                                12      2        10,00         0,00
                                                                   5                    0     0 10      2         0,00        10,00
                                                                                                12      2        10,00         0,00
                                                                   6                    0     0 12      2        10,00         0,00
                                                                                                10      2         0,00        10,00
                                                                   30                   0     0 10      2         0,00         0,12
                                                                                                12      2         0,12         0,00
                                                                   32                   0     0 12      2         3,29         0,00
                                                                                                10      2         0,00         3,29
                                                                   33                   0     0 12      2         0,54         0,00
                                                                                                10      2         0,00         0,54
                                                                   34                   0     0 12      2      2176,81         0,00
                                                                                                10      2         0,00      2176,81
                                                                   37                   0     0 12      2        38,20         0,00
                                                                                                10      2         0,00        38,20
                                                                   38                   0     0 12      2         3,44         0,00
                                                                                                10      2         0,00         3,44
                                                                   39                   0     0 10      2         0,00         0,12
                                                                                                12      2         0,12         0,00
                                                                   40                   0     0 10      2         0,00         0,05
                                                                                                12      2         0,05         0,00
                                                                   41                   0     0 10      2         0,00         2,09
                                                                                                12      2         2,09         0,00
                                                                                                          ------------ ------------
                                                                                             TOTAL:            2264,66      2284,66

-----------------------------------------------------------------------------------------------DATASUL -  - RI0412RP - V:0.00.00.000
------------------------------------------------------------------------------------------------------------------------------------
SASAZAKI IND. E COM. LTDA                        Relatório de Contabilização - Período: 10/2012                         Página:    4
-------------------------------------------------------------------------------------------------------------- TODAY - 00:00:00

Estab Cta Contábil/CCusto  Titulo                              UN  Bem           Nr. Pat.  Seq. Tp  Grupo       Debito      Credito
----- -------------------- ----------------------------------- --- ------------ --------- ----- -- ------ ------------ ------------
      311111111111023      COFINS Rec. Longo Prazo                 3                    0     0 12      3         0,00        10,00
                                                                   4                    0     0 12      3         0,00        10,00
                                                                   5                    0     0 12      3         0,00        10,00
                                                                   6                    0     0 12      3         0,00        10,00
                                                                   31                   0     0 12      3         0,00         5,79
                                                                   33                   0     0 12      3         0,00         2,48
                                                                   34                   0     0 12      3         0,00     10026,48
                                                                   37                   0     0 12      3         0,00       175,93
                                                                   38                   0     0 12      3         0,00        15,84
                                                                   39                   0     0 12      3         0,00         0,53
                                                                   40                   0     0 12      3         0,00         0,20
                                                                   41                   0     0 12      3         0,00         2,09
                                                                                                          ------------ ------------
                                                                                             TOTAL:               0,00     10269,34


      311111111111024      COFINS Rec. Curto Prazo                 1                    0     0 10      3         0,00        10,00
                                                                   2                    0     0 10      3         0,00        10,00
                                                                   3                    0     0 12      3        10,00         0,00
                                                                                                10      3         0,00        10,00
                                                                   4                    0     0 10      3         0,00        10,00
                                                                                                12      3        10,00         0,00
                                                                   5                    0     0 12      3        10,00         0,00
                                                                                                10      3         0,00        10,00
                                                                   6                    0     0 10      3         0,00        10,00
                                                                                                12      3        10,00         0,00
                                                                   31                   0     0 12      3         5,79         0,00
                                                                                                10      3         0,00         5,79
                                                                   33                   0     0 12      3         2,48         0,00
                                                                                                10      3         0,00         2,48
                                                                   34                   0     0 12      3     10026,48         0,00
                                                                                                10      3         0,00     10026,48
                                                                   37                   0     0 12      3       175,93         0,00
                                                                                                10      3         0,00       175,93
                                                                   38                   0     0 10      3         0,00        15,84
                                                                                                12      3        15,84         0,00
                                                                   39                   0     0 10      3         0,00         0,53
                                                                                                12      3         0,53         0,00
                                                                   40                   0     0 10      3         0,00         0,20
                                                                                                12      3         0,20         0,00
                                                                   41                   0     0 10      3         0,00         2,09
                                                                                                12      3         2,09         0,00
                                                                                                          ------------ ------------
                                                                                             TOTAL:           10269,34     10289,34













-----------------------------------------------------------------------------------------------DATASUL -  - RI0412RP - V:0.00.00.000
------------------------------------------------------------------------------------------------------------------------------------
SASAZAKI IND. E COM. LTDA                        Relatório de Contabilização - Período: 10/2012                         Página:    5
-------------------------------------------------------------------------------------------------------------- TODAY - 00:00:00

                                                                                                    --------------- ---------------
                                                                                     TOTAL GERAL         71.180,16       71.180,16

























































-----------------------------------------------------------------------------------------------DATASUL -  - RI0412RP - V:0.00.00.000
------------------------------------------------------------------------------------------------------------------------------------
SASAZAKI IND. E COM. LTDA                        Relatório de Contabilização - Período: 10/2012                         Página:    6
-------------------------------------------------------------------------------------------------------------- TODAY - 00:00:00


------- RESUMO POR ESTABELECIMENTO x GRUPO x PERÍODO -------

Estab  Grupo Período       Val Recuperado Val Não Recuperado
----- ------ ---------- ----------------- ------------------
1          1 01/10/2012         23.046,08               0,00
1          2 01/10/2012          2.284,66               0,00
1          3 01/10/2012         10.289,34               0,00

LEGENDA:

0 -> TRANSFERÊNCIA DE IMPOSTO ATIVO A RECUPERAR PARA CONTA DE IMPOSTOS PENDENTE
1 -> IMPOSTO ATIVO PENDENTE DE INICIO DE CREDITO
4 -> BAIXA IMPOSTO ATIVO POR VENDAS
5 -> BAIXA IMPOSTO ATIVO POR TRANSFERENCIA
6 -> BAIXA IMPOSTO ATIVO POR QUEBRA
7 -> BAIXA IMPOSTO ATIVO POR DEVOLUCAO
8 -> BAIXA IMPOSTO ATIVO POR INUTILIZACAO
9 -> INICIO DE CREDITO IMPOSTO ATIVO
10 -> IMPOSTO ATIVO APROPRIADO NO PERIODO
11 -> IMPOSTO ATIVO NAO APROPRIADO NO PERIODO
12 -> TRANSFERENCIA 1 PARCELA DE LP PARA CP NO PERIODO
13 -> ESTORNO DE CREDITO INDEVIDO.
14 -> BAIXA IMPOSTO ATIVO POR EXAUSTAO OU PERDA.
16 -> CORRECAO IMPOSTO ATIVO POR MOEDA ALTERNATIVA.
17 -> IMPOSTO ATIVO NAO APROPRIADO POR ARREDONDAMENTO - Curto Prazo



SELEÇÃO :           

Estabelecimento :   1       |<  >|     1       


PARÂMETRO :

                      Período: 10/2012
 Integração com Contabilidade: Sim
                  Contabiliza: Sim
               Descontabiliza: Não
                    Impressão: Detalhada


IMPRESSÃO :

         Destino:   2 - c:/automacao/relatorios/CN02_RI0412_102012.lst
         Usuário:   super












-----------------------------------------------------------------------------------------------DATASUL -  - RI0412RP - V:0.00.00.000
