                                  CONTROLE DE CREDITO DE ICMS DO ATIVO PERMANENTE - CIAP (MODELO C)
MES/ANO:07 A 07/2011                                                                                             ANO/PAG:  2011/101
-----------------------------------------------------------------------------------------------------------------------------------
1- IDENTIFICACAO DO ESTABELECIMENTO
-----------------------------------------------------------------------------------------------------------------------------------
    Nome: SASAZAKI INDÚSTRIA E COMÉRCIO LTDA         CNPJ: 52045697000110     Inscricao Estadual: 438.010.070.113
Endereco: Avenida Eugênio Coneglian, nº 1.060      Bairro: D.Industrial                Municipio: MARILIA
-----------------------------------------------------------------------------------------------------------------------------------

-----------------------------------------------------------------------------------------------------------------------------------
2- DEMONSTRATIVO DA BASE PARA APROPRIACAO DO CREDITO (VALORES EM REAL)
-----------------------------------------------------------------------------------------------------------------------------------
                       IDENTIFICACAO DO BEM                             |                  VALOR DO ICMS
-----------------------------------------------------------------------------------------------------------------------------------
NUMERO OU DATA           NOTA     DESCRICAO RESUMIDA                    |     ENTRADA            SAIDA OU       TOTAL DO CREDITO
CODIGO                   FISCAL                                         |     (CREDITO)            BAIXA            A APROPRIAR
-----------------------------------------------------------------------------------------------------------------------------------
      711 01/07/2011                6/Bem 6                                         480,00               0,00                480,00
      811 01/07/2011     001        63/Teste                                      4.800,00               0,00              5.280,00
                                  CONTROLE DE CREDITO DE ICMS DO ATIVO PERMANENTE - CIAP (MODELO C)
MES/ANO:07 A 07/2011                                                                                             ANO/PAG:  2011/102
-----------------------------------------------------------------------------------------------------------------------------------
3- DEMONSTRATIVO DA APROPRIACAO MENSAL DE CREDITO (VALORES EM REAL)
-----------------------------------------------------------------------------------------------------------------------------------
         |       OPERACOES E PRESTACOES      |
         |-----------------------------------|
         |                        TOTAL DAS  |    COEFICIENTE                TOTAL DE             FRACAO             CREDITO MENSAL
   MES   |      TRIBUTADAS         SAIDAS    |   DE APROPRIACAO              CREDITO A            MENSAL              A APROPRIAR
         |         (1)               (2)     |      (3=1/2)                  APROPRIAR             (5)               (6=3 x 4 x 5)
         |                                   |                                  (4)
         |                                   |
-----------------------------------------------------------------------------------------------------------------------------------
Janeiro               1,00              1,00     1,00000000                 8.020,00               1/48                      167,08
Fevereiro             1,00              1,00     1,00000000                 8.020,00               1/48                      167,08
Marco                 1,00              1,00     1,00000000                 8.020,00               1/48                      167,08
Abril                 1,00              1,00     1,00000000                 8.500,00               1/48                      177,08
Maio                  1,00              1,00     1,00000000                 4.936,00               1/48                      102,83
Junho                 1,00              1,00     1,00000000                     0,00               1/48                        0,00
Julho                 1,00              1,00     1,00000000                 5.280,00               1/48                      110,00
Agosto                0,00              0,00              -                     0,00               1/0                            -
Setembro              0,00              0,00              -                     0,00               1/0                            -
Outubro               0,00              0,00              -                     0,00               1/0                            -
Novembro              0,00              0,00              -                     0,00               1/0                            -
Dezembro              0,00              0,00              -                     0,00               1/0                            -
