






                                         TERMO DE ABERTURA                       
                                         ----------------------------------------





                          *********************   T E R M O   D E   A B E R T U R A                                                                           
                          ********************* MODELO  -  P 1                                                                                                
                          NUMERO  DE  ORDEM - 87 CONTEM ESTE LIVRO 500 FOLHAS NUMERADAS ELETRONICAMENTE                                                       
                          POR  PROCESSAMENTO DE DA DOS, DE 001 ( HUM )  A  500 ( QUINHENTAS ) E SERVIRA                                                       
                          PARA O LANCAMENTO DAS OPERA COES PROPRIAS DO ESTABELECIMENTO DA FIRMA SASAZAKI                                                      
                          INDUSTRIA E COMERCIO LTDA. SE DIADA A AV: EUGENIO CONEGLIAN 1060  EM MARILIA -                                                      
                          SP., INSCRITA NO CADASTRO GERAL DE CONTRIBUINTE DO MINISTERIO DA FAZENDA SOB O                                                      
                           N* 52.045.697/0001-10, INSCRITA NA SECRETARIA DA FAZENDA DO ESTADO DE SAO                                                          
                          PAULO SOB O N* 438.010.070.113 E REGIS TRADA NA JUNTA COMERCIAL DO ESTADO DE                                                        
                          SAO PAULO SOB O N* 35.207.992.516 DE 09/89                                                                                          
                            MARILIA-SP,01 DE JANEIRO DE 2000.  ___________________________________                                                            
                                    _________________________ EDUARDO TADAIASSU TERAOKA - DIRETOR                                                             
                                   AKIRA IVASAKI  -  CONTADOR      RG N* 3.542.664 - SSP/SP                                                                   
                                     CPF N* 223.100.619-72                                                                                                    



































-----------------------------------------------------------------------------DATASUL - OBRIGAÇÕES FISCAIS - OF0702RP - V:0.00.00.000
                   REGISTRO DE CONTROLE DA PRODUÇÃO E DO ESTOQUE                                    CÓDIGOS DE ENTRADAS E SAÍDAS
FIRMA: Estabelecimento TOTVS - Ñ ALTERAR CONTAS                                                    1 - No Próprio Estabelecimento
INSCR. EST.: 255721161             CNPJ   : 53.113.791/0017-90
FOLHA:      0001                   MÊS OU PERÍODO/ANO:   5 /  2011                                 2 - Em Outro Estabelecimento
                                                                                                   3 - Diversos

*---------DOCUMENTO-------* *-------------LANÇAMENTO-------------* *------------------------ENTRADAS E SAÍDAS----------------------*
ESP SÉRIE NÚMERO      DATA DIA        CODIFICAÇÃO       E/S    COD        QUANTIDADE             VALOR           IPI    ESTOQUE OBS.
        SUB-                      CONTÁBIL       FISCAL
        SÉRIE

PRODUTO: 13F             DESCRIÇÃO:  ITEM CONTROLE TOTA UNIDADE:  KG CLAS.FISCAL:  7308.30.00    ESTOQUE ANT:              100,000
PRODUTO: 21.21.101-0     DESCRIÇÃO:  JVBSG-100X120X12-6 UNIDADE:  pc CLAS.FISCAL:  7308.30.00    ESTOQUE ANT:               25,000
PRODUTO: 21.21.102-8     DESCRIÇÃO:  JVBSG-100X150X12-6 UNIDADE:  pc CLAS.FISCAL:  7308.30.00    ESTOQUE ANT:               79,000
PRODUTO: 21.21.103-6     DESCRIÇÃO:  JVBSG-100X200X12-6 UNIDADE:  pc CLAS.FISCAL:  7308.30.00    ESTOQUE ANT:               44,000
PRODUTO: 21.21.112-5     DESCRIÇÃO:  JVBSG-120X150X12-6 UNIDADE:  pc CLAS.FISCAL:  7308.30.00    ESTOQUE ANT:               42,000
PRODUTO: 21.21.113-3     DESCRIÇÃO:  JVBSG-120X200X12-6 UNIDADE:  pc CLAS.FISCAL:  7308.30.00    ESTOQUE ANT:                7,000
PRODUTO: 21.21.201-6     DESCRIÇÃO:  JVBGE-100X120X12-6 UNIDADE:  pc CLAS.FISCAL:  7308.30.00    ESTOQUE ANT:              175,000
PRODUTO: 21.21.202-4     DESCRIÇÃO:  JVBGE-100X150X12-6 UNIDADE:  pc CLAS.FISCAL:  7308.30.00    ESTOQUE ANT:              375,000
PRODUTO: 21.21.203-2     DESCRIÇÃO:  JVBGE-100X200X12-6 UNIDADE:  pc CLAS.FISCAL:  7308.30.00    ESTOQUE ANT:               45,000
PRODUTO: 21.21.212-1     DESCRIÇÃO:  JVBGE-120X150X12-6 UNIDADE:  pc CLAS.FISCAL:  7308.30.00    ESTOQUE ANT:               97,000
PRODUTO: 21.21.213-0     DESCRIÇÃO:  JVBGE-120X200X12-6 UNIDADE:  pc CLAS.FISCAL:  7308.30.00    ESTOQUE ANT:               41,000
PRODUTO: 21.21.401-9     DESCRIÇÃO:  JVBGQ-100X120X12-6 UNIDADE:  pc CLAS.FISCAL:  7308.30.00    ESTOQUE ANT:               42,000
PRODUTO: 21.21.402-7     DESCRIÇÃO:  JVBGQ-100X150X12-6 UNIDADE:  pc CLAS.FISCAL:  7308.30.00    ESTOQUE ANT:               88,000
PRODUTO: 21.21.403-5     DESCRIÇÃO:  JVBGQ-100X200X12-6 UNIDADE:  pc CLAS.FISCAL:  7308.30.00    ESTOQUE ANT:               33,000
PRODUTO: 21.21.412-4     DESCRIÇÃO:  JVBGQ-120X150X12-6 UNIDADE:  pc CLAS.FISCAL:  7308.30.00    ESTOQUE ANT:               59,000
PRODUTO: 21.21.413-2     DESCRIÇÃO:  JVBGQ-120X200X12-6 UNIDADE:  pc CLAS.FISCAL:  7308.30.00    ESTOQUE ANT:               14,000
PRODUTO: 21.22.101-5     DESCRIÇÃO:  JVCSG-100X120X12-6 UNIDADE:  pc CLAS.FISCAL:  7308.30.00    ESTOQUE ANT:               74,000
PRODUTO: 21.22.102-3     DESCRIÇÃO:  JVCSG-100X150X12-6 UNIDADE:  pc CLAS.FISCAL:  7308.30.00    ESTOQUE ANT:               21,000
PRODUTO: 21.22.103-1     DESCRIÇÃO:  JVCSG-100X200X12-6 UNIDADE:  pc CLAS.FISCAL:  7308.30.00    ESTOQUE ANT:               29,000
PRODUTO: 21.22.112-0     DESCRIÇÃO:  JVCSG-120X150X12-6 UNIDADE:  pc CLAS.FISCAL:  7308.30.00    ESTOQUE ANT:               90,000
PRODUTO: 21.22.113-9     DESCRIÇÃO:  JVCSG-120X200X12-6 UNIDADE:  pc CLAS.FISCAL:  7308.30.00    ESTOQUE ANT:               25,000
PRODUTO: 21.22.201-1     DESCRIÇÃO:  JVCGE-100X120X12-6 UNIDADE:  pc CLAS.FISCAL:  7308.30.00    ESTOQUE ANT:              164,000
PRODUTO: 21.22.202-0     DESCRIÇÃO:  JVCGE-100X150X12-6 UNIDADE:  pc CLAS.FISCAL:  7308.30.00    ESTOQUE ANT:              332,000
PRODUTO: 21.22.203-8     DESCRIÇÃO:  JVCGE-100X200X12-6 UNIDADE:  pc CLAS.FISCAL:  7308.30.00    ESTOQUE ANT:               48,000
PRODUTO: 21.22.212-7     DESCRIÇÃO:  JVCGE-120X150X12-6 UNIDADE:  pc CLAS.FISCAL:  7308.30.00    ESTOQUE ANT:              102,000
PRODUTO: 21.22.213-5     DESCRIÇÃO:  JVCGE-120X200X12-6 UNIDADE:  pc CLAS.FISCAL:  7308.30.00    ESTOQUE ANT:               44,000
PRODUTO: 21.22.401-4     DESCRIÇÃO:  JVCGQ-100X120X12-6 UNIDADE:  pc CLAS.FISCAL:  7308.30.00    ESTOQUE ANT:               50,000
PRODUTO: 21.22.402-2     DESCRIÇÃO:  JVCGQ-100X150X12-6 UNIDADE:  pc CLAS.FISCAL:  7308.30.00    ESTOQUE ANT:              174,000
PRODUTO: 21.22.403-0     DESCRIÇÃO:  JVCGQ-100X200X12-6 UNIDADE:  pc CLAS.FISCAL:  7308.30.00    ESTOQUE ANT:               55,000
PRODUTO: 21.22.412-0     DESCRIÇÃO:  JVCGQ-120X150X12-6 UNIDADE:  pc CLAS.FISCAL:  7308.30.00    ESTOQUE ANT:               38,000
PRODUTO: 21.22.413-8     DESCRIÇÃO:  JVCGQ-120X200X12-6 UNIDADE:  pc CLAS.FISCAL:  7308.30.00    ESTOQUE ANT:               22,000
PRODUTO: 21.31.101-4     DESCRIÇÃO:  JVSG-100X120X12-3  UNIDADE:  pc CLAS.FISCAL:  7308.30.00    ESTOQUE ANT:               62,000
PRODUTO: 21.31.102-2     DESCRIÇÃO:  JVSG-100X120X12-3  UNIDADE:  pc CLAS.FISCAL:  7308.30.00    ESTOQUE ANT:               51,000
PRODUTO: 21.31.103-0     DESCRIÇÃO:  JVSG-100X150X12-3  UNIDADE:  pc CLAS.FISCAL:  7308.30.00    ESTOQUE ANT:              106,000
PRODUTO: 21.31.104-9     DESCRIÇÃO:  JVSG-100X150X12-3  UNIDADE:  pc CLAS.FISCAL:  7308.30.00    ESTOQUE ANT:               55,000
PRODUTO: 21.31.105-7     DESCRIÇÃO:  JVSG-120X150X12-3  UNIDADE:  pc CLAS.FISCAL:  7308.30.00    ESTOQUE ANT:               44,000
PRODUTO: 21.31.106-5     DESCRIÇÃO:  JVSG-120X150X12-3  UNIDADE:  pc CLAS.FISCAL:  7308.30.00    ESTOQUE ANT:               45,000
PRODUTO: 21.31.201-0     DESCRIÇÃO:  JVGE-100X120X12-3  UNIDADE:  pc CLAS.FISCAL:  7308.30.00    ESTOQUE ANT:               73,000
PRODUTO: 21.31.202-9     DESCRIÇÃO:  JVGE-100X120X12-3  UNIDADE:  pc CLAS.FISCAL:  7308.30.00    ESTOQUE ANT:               69,000
PRODUTO: 21.31.203-7     DESCRIÇÃO:  JVGE-100X150X12-3  UNIDADE:  pc CLAS.FISCAL:  7308.30.00    ESTOQUE ANT:              104,000
PRODUTO: 21.31.204-5     DESCRIÇÃO:  JVGE-100X150X12-3  UNIDADE:  pc CLAS.FISCAL:  7308.30.00    ESTOQUE ANT:              187,000
PRODUTO: 21.31.205-3     DESCRIÇÃO:  JVGE-120X150X12-3  UNIDADE:  pc CLAS.FISCAL:  7308.30.00    ESTOQUE ANT:               50,000
PRODUTO: 21.31.206-1     DESCRIÇÃO:  JVGE-120X150X12-3  UNIDADE:  pc CLAS.FISCAL:  7308.30.00    ESTOQUE ANT:               59,000
PRODUTO: 21.31.401-3     DESCRIÇÃO:  JVGQ-100X120X12-3  UNIDADE:  pc CLAS.FISCAL:  7308.30.00    ESTOQUE ANT:               82,000
PRODUTO: 21.31.402-1     DESCRIÇÃO:  JVGQ-100X120X12-3  UNIDADE:  pc CLAS.FISCAL:  7308.30.00    ESTOQUE ANT:               89,000
PRODUTO: 21.31.403-0     DESCRIÇÃO:  JVGQ-100X150X12-3  UNIDADE:  pc CLAS.FISCAL:  7308.30.00    ESTOQUE ANT:               91,000
PRODUTO: 21.31.404-8     DESCRIÇÃO:  JVGQ-100X150X12-3  UNIDADE:  pc CLAS.FISCAL:  7308.30.00    ESTOQUE ANT:               81,000
PRODUTO: 21.31.405-6     DESCRIÇÃO:  JVGQ-120X150X12-3  UNIDADE:  pc CLAS.FISCAL:  7308.30.00    ESTOQUE ANT:               49,000
PRODUTO: 21.31.406-4     DESCRIÇÃO:  JVGQ-120X150X12-3  UNIDADE:  pc CLAS.FISCAL:  7308.30.00    ESTOQUE ANT:               48,000
PRODUTO: 21.32.101-0     DESCRIÇÃO:  JVSG-100X120X12-3  UNIDADE:  pc CLAS.FISCAL:  7308.30.00    ESTOQUE ANT:               24,000


-----------------------------------------------------------------------------DATASUL - OBRIGAÇÕES FISCAIS - OF0702RP - V:0.00.00.000
                   REGISTRO DE CONTROLE DA PRODUÇÃO E DO ESTOQUE                                    CÓDIGOS DE ENTRADAS E SAÍDAS
FIRMA: Estabelecimento TOTVS - Ñ ALTERAR CONTAS                                                    1 - No Próprio Estabelecimento
INSCR. EST.: 255721161             CNPJ   : 53.113.791/0017-90
FOLHA:      0002                   MÊS OU PERÍODO/ANO:   5 /  2011                                 2 - Em Outro Estabelecimento
                                                                                                   3 - Diversos

*---------DOCUMENTO-------* *-------------LANÇAMENTO-------------* *------------------------ENTRADAS E SAÍDAS----------------------*
ESP SÉRIE NÚMERO      DATA DIA        CODIFICAÇÃO       E/S    COD        QUANTIDADE             VALOR           IPI    ESTOQUE OBS.
        SUB-                      CONTÁBIL       FISCAL
        SÉRIE

PRODUTO: 21.32.102-8     DESCRIÇÃO:  JVSG-100X120X12-3  UNIDADE:  pc CLAS.FISCAL:  7308.30.00    ESTOQUE ANT:               75,000
PRODUTO: 21.32.103-6     DESCRIÇÃO:  JVSG-100X150X12-3  UNIDADE:  pc CLAS.FISCAL:  7308.30.00    ESTOQUE ANT:               17,000
PRODUTO: 21.32.104-4     DESCRIÇÃO:  JVSG-100X150X12-3  UNIDADE:  pc CLAS.FISCAL:  7308.30.00    ESTOQUE ANT:               47,000
PRODUTO: 21.32.105-2     DESCRIÇÃO:  JVSG-120X150X12-3  UNIDADE:  pc CLAS.FISCAL:  7308.30.00    ESTOQUE ANT:               25,000
PRODUTO: 21.32.106-0     DESCRIÇÃO:  JVSG-120X150X12-3  UNIDADE:  pc CLAS.FISCAL:  7308.30.00    ESTOQUE ANT:               38,000
PRODUTO: 21.32.201-6     DESCRIÇÃO:  JVGE-100X120X12-3  UNIDADE:  pc CLAS.FISCAL:  7308.30.00    ESTOQUE ANT:               57,000
PRODUTO: 21.32.202-4     DESCRIÇÃO:  JVGE-100X120X12-3  UNIDADE:  pc CLAS.FISCAL:  7308.30.00    ESTOQUE ANT:               90,000
PRODUTO: 21.32.203-2     DESCRIÇÃO:  JVGE-100X150X12-3  UNIDADE:  pc CLAS.FISCAL:  7308.30.00    ESTOQUE ANT:               33,000
PRODUTO: 21.32.204-0     DESCRIÇÃO:  JVGE-100X150X12-3  UNIDADE:  pc CLAS.FISCAL:  7308.30.00    ESTOQUE ANT:              134,000
PRODUTO: 21.32.205-9     DESCRIÇÃO:  JVGE-120X150X12-3  UNIDADE:  pc CLAS.FISCAL:  7308.30.00    ESTOQUE ANT:               44,000
PRODUTO: 21.32.206-7     DESCRIÇÃO:  JVGE-120X150X12-3  UNIDADE:  pc CLAS.FISCAL:  7308.30.00    ESTOQUE ANT:               59,000
PRODUTO: 21.32.401-9     DESCRIÇÃO:  JVGQ-100X120X12-3  UNIDADE:  pc CLAS.FISCAL:  7308.30.00    ESTOQUE ANT:               66,000
PRODUTO: 21.32.402-7     DESCRIÇÃO:  JVGQ-100X120X12-3  UNIDADE:  pc CLAS.FISCAL:  7308.30.00    ESTOQUE ANT:               65,000
PRODUTO: 21.32.403-5     DESCRIÇÃO:  JVGQ-100X150X12-3  UNIDADE:  pc CLAS.FISCAL:  7308.30.00    ESTOQUE ANT:               34,000
PRODUTO: 21.32.404-3     DESCRIÇÃO:  JVGQ-100X150X12-3  UNIDADE:  pc CLAS.FISCAL:  7308.30.00    ESTOQUE ANT:               98,000
PRODUTO: 21.32.405-1     DESCRIÇÃO:  JVGQ-120X150X12-3  UNIDADE:  pc CLAS.FISCAL:  7308.30.00    ESTOQUE ANT:               38,000
PRODUTO: 21.32.406-0     DESCRIÇÃO:  JVGQ-120X150X12-3  UNIDADE:  pc CLAS.FISCAL:  7308.30.00    ESTOQUE ANT:               39,000
PRODUTO: 22.11.101-9     DESCRIÇÃO:  JCBSSSG-100X120X12 UNIDADE:  pc CLAS.FISCAL:  7308.30.00    ESTOQUE ANT:               40,000
PRODUTO: 22.11.102-7     DESCRIÇÃO:  JCBSSSG-100X150X12 UNIDADE:  pc CLAS.FISCAL:  7308.30.00    ESTOQUE ANT:               63,000
PRODUTO: 22.11.103-5     DESCRIÇÃO:  JCBSSSG-100X200X12 UNIDADE:  pc CLAS.FISCAL:  7308.30.00    ESTOQUE ANT:               35,000
PRODUTO: 22.11.111-6     DESCRIÇÃO:  JCBSSSG-120X120X12 UNIDADE:  pc CLAS.FISCAL:  7308.30.00    ESTOQUE ANT:              186,000
PRODUTO: 22.11.112-4     DESCRIÇÃO:  JCBSSSG-120X150X12 UNIDADE:  pc CLAS.FISCAL:  7308.30.00    ESTOQUE ANT:               41,000
PRODUTO: 22.11.113-2     DESCRIÇÃO:  JCBSSSG-120X200X12 UNIDADE:  pc CLAS.FISCAL:  7308.30.00    ESTOQUE ANT:               49,000
PRODUTO: 22.11.201-5     DESCRIÇÃO:  JCBSSGEI100X120X12 UNIDADE:  pc CLAS.FISCAL:  7308.30.00    ESTOQUE ANT:              208,000
PRODUTO: 22.11.202-3     DESCRIÇÃO:  JCBSSGEI100X150X12 UNIDADE:  pc CLAS.FISCAL:  7308.30.00    ESTOQUE ANT:              357,000
PRODUTO: 22.11.203-1     DESCRIÇÃO:  JCBSSGEI100X200X12 UNIDADE:  pc CLAS.FISCAL:  7308.30.00    ESTOQUE ANT:               93,000
PRODUTO: 22.11.211-2     DESCRIÇÃO:  JCBSSGEI120X120X12 UNIDADE:  pc CLAS.FISCAL:  7308.30.00    ESTOQUE ANT:               33,000
PRODUTO: 22.11.212-0     DESCRIÇÃO:  JCBSSGEI120X150X12 UNIDADE:  pc CLAS.FISCAL:  7308.30.00    ESTOQUE ANT:               80,000
PRODUTO: 22.11.213-9     DESCRIÇÃO:  JCBSSGEI120X200X12 UNIDADE:  pc CLAS.FISCAL:  7308.30.00    ESTOQUE ANT:               31,000
PRODUTO: 22.11.501-4     DESCRIÇÃO:  JCBSSGQI100X120X12 UNIDADE:  pc CLAS.FISCAL:  7308.30.00    ESTOQUE ANT:               95,000
PRODUTO: 22.11.502-2     DESCRIÇÃO:  JCBSSGQI100X150X12 UNIDADE:  pc CLAS.FISCAL:  7308.30.00    ESTOQUE ANT:              179,000
PRODUTO: 22.11.503-0     DESCRIÇÃO:  JCBSSGQI100X200X12 UNIDADE:  pc CLAS.FISCAL:  7308.30.00    ESTOQUE ANT:               69,000
PRODUTO: 22.11.511-1     DESCRIÇÃO:  JCBSSGQI120X120X12 UNIDADE:  pc CLAS.FISCAL:  7308.30.00    ESTOQUE ANT:                2,000
PRODUTO: 22.11.512-0     DESCRIÇÃO:  JCBSSGQI120X150X12 UNIDADE:  pc CLAS.FISCAL:  7308.30.00    ESTOQUE ANT:               63,000
PRODUTO: 22.11.513-8     DESCRIÇÃO:  JCBSSGQI120X200X12 UNIDADE:  pc CLAS.FISCAL:  7308.30.00    ESTOQUE ANT:               33,000
PRODUTO: 22.12.101-4     DESCRIÇÃO:  JCSSSG100X120X12-4 UNIDADE:  pc CLAS.FISCAL:  7308.30.00    ESTOQUE ANT:               64,000
PRODUTO: 22.12.102-2     DESCRIÇÃO:  JCSSSG100X150X12-4 UNIDADE:  pc CLAS.FISCAL:  7308.30.00    ESTOQUE ANT:               75,000
PRODUTO: 22.12.103-0     DESCRIÇÃO:  JCSSSG100X200X12-4 UNIDADE:  pc CLAS.FISCAL:  7308.30.00    ESTOQUE ANT:               50,000
PRODUTO: 22.12.111-1     DESCRIÇÃO:  JCSSSG120X120X12-4 UNIDADE:  pc CLAS.FISCAL:  7308.30.00    ESTOQUE ANT:               21,000
PRODUTO: 22.12.112-0     DESCRIÇÃO:  JCSSSG120X150X12-4 UNIDADE:  pc CLAS.FISCAL:  7308.30.00    ESTOQUE ANT:               56,000
PRODUTO: 22.12.113-8     DESCRIÇÃO:  JCSSSG120X200X12-4 UNIDADE:  pc CLAS.FISCAL:  7308.30.00    ESTOQUE ANT:               48,000
PRODUTO: 22.12.201-0     DESCRIÇÃO:  JCSSGEI-100X120X12 UNIDADE:  pc CLAS.FISCAL:  7308.30.00    ESTOQUE ANT:              127,000
PRODUTO: 22.12.202-9     DESCRIÇÃO:  JCSSGEI-100X150X12 UNIDADE:  pc CLAS.FISCAL:  7308.30.00    ESTOQUE ANT:              221,000
PRODUTO: 22.12.203-7     DESCRIÇÃO:  JCSSGEI-100X200X12 UNIDADE:  pc CLAS.FISCAL:  7308.30.00    ESTOQUE ANT:              115,000
PRODUTO: 22.12.211-8     DESCRIÇÃO:  JCSSGEI-120X120X12 UNIDADE:  pc CLAS.FISCAL:  7308.30.00    ESTOQUE ANT:               13,000
PRODUTO: 22.12.212-6     DESCRIÇÃO:  JCSSGEI-120X150X12 UNIDADE:  pc CLAS.FISCAL:  7308.30.00    ESTOQUE ANT:               87,000
PRODUTO: 22.12.213-4     DESCRIÇÃO:  JCSSGEI-120X200X12 UNIDADE:  pc CLAS.FISCAL:  7308.30.00    ESTOQUE ANT:               55,000
PRODUTO: 22.12.501-0     DESCRIÇÃO:  JCSSGQI-100X120X12 UNIDADE:  pc CLAS.FISCAL:  7308.30.00    ESTOQUE ANT:              123,000
PRODUTO: 22.12.502-8     DESCRIÇÃO:  JCSSGQI-100X150X12 UNIDADE:  pc CLAS.FISCAL:  7308.30.00    ESTOQUE ANT:              171,000
PRODUTO: 22.12.503-6     DESCRIÇÃO:  JCSSGQI-100X200X12 UNIDADE:  pc CLAS.FISCAL:  7308.30.00    ESTOQUE ANT:               82,000


-----------------------------------------------------------------------------DATASUL - OBRIGAÇÕES FISCAIS - OF0702RP - V:0.00.00.000
                   REGISTRO DE CONTROLE DA PRODUÇÃO E DO ESTOQUE                                    CÓDIGOS DE ENTRADAS E SAÍDAS
FIRMA: Estabelecimento TOTVS - Ñ ALTERAR CONTAS                                                    1 - No Próprio Estabelecimento
INSCR. EST.: 255721161             CNPJ   : 53.113.791/0017-90
FOLHA:      0003                   MÊS OU PERÍODO/ANO:   5 /  2011                                 2 - Em Outro Estabelecimento
                                                                                                   3 - Diversos

*---------DOCUMENTO-------* *-------------LANÇAMENTO-------------* *------------------------ENTRADAS E SAÍDAS----------------------*
ESP SÉRIE NÚMERO      DATA DIA        CODIFICAÇÃO       E/S    COD        QUANTIDADE             VALOR           IPI    ESTOQUE OBS.
        SUB-                      CONTÁBIL       FISCAL
        SÉRIE

PRODUTO: 22.12.511-7     DESCRIÇÃO:  JCSSGQI-120X120X12 UNIDADE:  pc CLAS.FISCAL:  7308.30.00    ESTOQUE ANT:                6,000
PRODUTO: 22.12.512-5     DESCRIÇÃO:  JCSSGQI-120X150X12 UNIDADE:  pc CLAS.FISCAL:  7308.30.00    ESTOQUE ANT:               51,000
PRODUTO: 22.12.513-3     DESCRIÇÃO:  JCSSGQI-120X200X12 UNIDADE:  pc CLAS.FISCAL:  7308.30.00    ESTOQUE ANT:               13,000
PRODUTO: 22.21.101-3     DESCRIÇÃO:  JCSSSG-100X120X12- UNIDADE:  pc CLAS.FISCAL:  7308.30.00    ESTOQUE ANT:               20,000
PRODUTO: 22.21.102-1     DESCRIÇÃO:  JCSSSG-100X120X12- UNIDADE:  pc CLAS.FISCAL:  7308.30.00    ESTOQUE ANT:               40,000
PRODUTO: 22.21.103-0     DESCRIÇÃO:  JCSSSG-100X150X12- UNIDADE:  pc CLAS.FISCAL:  7308.30.00    ESTOQUE ANT:               70,000
PRODUTO: 22.21.104-8     DESCRIÇÃO:  JCSSSG-100X150X12- UNIDADE:  pc CLAS.FISCAL:  7308.30.00    ESTOQUE ANT:               97,000
PRODUTO: 22.21.105-6     DESCRIÇÃO:  JCSSSG-120X150X12- UNIDADE:  pc CLAS.FISCAL:  7308.30.00    ESTOQUE ANT:               38,000
PRODUTO: 22.21.106-4     DESCRIÇÃO:  JCSSSG-120X150X12- UNIDADE:  pc CLAS.FISCAL:  7308.30.00    ESTOQUE ANT:               40,000
PRODUTO: 22.21.201-0     DESCRIÇÃO:  JCSSGE-100X120X12- UNIDADE:  pc CLAS.FISCAL:  7308.30.00    ESTOQUE ANT:               13,000
PRODUTO: 22.21.202-8     DESCRIÇÃO:  JCSSGE-100X120X12- UNIDADE:  pc CLAS.FISCAL:  7308.30.00    ESTOQUE ANT:               26,000
PRODUTO: 22.21.203-6     DESCRIÇÃO:  JCSSGE-100X150X12- UNIDADE:  pc CLAS.FISCAL:  7308.30.00    ESTOQUE ANT:               57,000
PRODUTO: 22.21.204-4     DESCRIÇÃO:  JCSSGE-100X150X12- UNIDADE:  pc CLAS.FISCAL:  7308.30.00    ESTOQUE ANT:               98,000
PRODUTO: 22.21.205-2     DESCRIÇÃO:  JCSSGE-120X150X12- UNIDADE:  pc CLAS.FISCAL:  7308.30.00    ESTOQUE ANT:               38,000
PRODUTO: 22.21.206-0     DESCRIÇÃO:  JCSSGE-120X150X12- UNIDADE:  pc CLAS.FISCAL:  7308.30.00    ESTOQUE ANT:               36,000
PRODUTO: 22.21.501-9     DESCRIÇÃO:  JCSSGQ-100X120X12- UNIDADE:  pc CLAS.FISCAL:  7308.30.00    ESTOQUE ANT:               29,000
PRODUTO: 22.21.502-7     DESCRIÇÃO:  JCSSGQ-100X120X12- UNIDADE:  pc CLAS.FISCAL:  7308.30.00    ESTOQUE ANT:               41,000
PRODUTO: 22.21.503-5     DESCRIÇÃO:  JCSSGQ-100X150X12- UNIDADE:  pc CLAS.FISCAL:  7308.30.00    ESTOQUE ANT:              129,000
PRODUTO: 22.21.504-3     DESCRIÇÃO:  JCSSGQ-100X150X12- UNIDADE:  pc CLAS.FISCAL:  7308.30.00    ESTOQUE ANT:               97,000
PRODUTO: 22.21.505-1     DESCRIÇÃO:  JCSSGQ-120X150X12- UNIDADE:  pc CLAS.FISCAL:  7308.30.00    ESTOQUE ANT:               34,000
PRODUTO: 22.21.506-0     DESCRIÇÃO:  JCSSGQ-120X150X12- UNIDADE:  pc CLAS.FISCAL:  7308.30.00    ESTOQUE ANT:               35,000
PRODUTO: 22.22.101-9     DESCRIÇÃO:  JCSSSG-100X120X12- UNIDADE:  pc CLAS.FISCAL:  7308.30.00    ESTOQUE ANT:               10,000
PRODUTO: 22.22.102-7     DESCRIÇÃO:  JCSSSG-100X120X12- UNIDADE:  pc CLAS.FISCAL:  7308.30.00    ESTOQUE ANT:               22,000
PRODUTO: 22.22.103-5     DESCRIÇÃO:  JCSSSG-100X150X12- UNIDADE:  pc CLAS.FISCAL:  7308.30.00    ESTOQUE ANT:               61,000
PRODUTO: 22.22.104-3     DESCRIÇÃO:  JCSSSG-100X150X12- UNIDADE:  pc CLAS.FISCAL:  7308.30.00    ESTOQUE ANT:               91,000
PRODUTO: 22.22.105-1     DESCRIÇÃO:  JCSSSG-120X150X12- UNIDADE:  pc CLAS.FISCAL:  7308.30.00    ESTOQUE ANT:               16,000
PRODUTO: 22.22.106-0     DESCRIÇÃO:  JCSSSG-120X150X12- UNIDADE:  pc CLAS.FISCAL:  7308.30.00    ESTOQUE ANT:               32,000
PRODUTO: 22.22.201-5     DESCRIÇÃO:  JCSSGE-100X120X12- UNIDADE:  pc CLAS.FISCAL:  7308.30.00    ESTOQUE ANT:               16,000
PRODUTO: 22.22.202-3     DESCRIÇÃO:  JCSSGE-100X120X12- UNIDADE:  pc CLAS.FISCAL:  7308.30.00    ESTOQUE ANT:                7,000
PRODUTO: 22.22.203-1     DESCRIÇÃO:  JCSSGE-100X150X12- UNIDADE:  pc CLAS.FISCAL:  7308.30.00    ESTOQUE ANT:                2,000
PRODUTO: 22.22.204-0     DESCRIÇÃO:  JCSSGE-100X150X12- UNIDADE:  pc CLAS.FISCAL:  7308.30.00    ESTOQUE ANT:              123,000
PRODUTO: 22.22.205-8     DESCRIÇÃO:  JCSSGE-120X150X12- UNIDADE:  pc CLAS.FISCAL:  7308.30.00    ESTOQUE ANT:               25,000
PRODUTO: 22.22.206-6     DESCRIÇÃO:  JCSSGE-120X150X12- UNIDADE:  pc CLAS.FISCAL:  7308.30.00    ESTOQUE ANT:               34,000
PRODUTO: 22.22.501-4     DESCRIÇÃO:  JCSSGQ-100X120X12- UNIDADE:  pc CLAS.FISCAL:  7308.30.00    ESTOQUE ANT:                8,000
PRODUTO: 22.22.502-2     DESCRIÇÃO:  JCSSGQ-100X120X12- UNIDADE:  pc CLAS.FISCAL:  7308.30.00    ESTOQUE ANT:               15,000
PRODUTO: 22.22.503-0     DESCRIÇÃO:  JCSSGQ-100X150X12- UNIDADE:  pc CLAS.FISCAL:  7308.30.00    ESTOQUE ANT:               97,000
PRODUTO: 22.22.504-9     DESCRIÇÃO:  JCSSGQ-100X150X12- UNIDADE:  pc CLAS.FISCAL:  7308.30.00    ESTOQUE ANT:              102,000
PRODUTO: 22.22.505-7     DESCRIÇÃO:  JCSSGQ-120X150X12- UNIDADE:  pc CLAS.FISCAL:  7308.30.00    ESTOQUE ANT:               31,000
PRODUTO: 22.22.506-5     DESCRIÇÃO:  JCSSGQ-120X150X12- UNIDADE:  pc CLAS.FISCAL:  7308.30.00    ESTOQUE ANT:               27,000
PRODUTO: 23.31.300-6     DESCRIÇÃO:  JBBSG -040X060X6,5 UNIDADE:  pc CLAS.FISCAL:  7308.30.00    ESTOQUE ANT:               22,000
PRODUTO: 23.31.311-1     DESCRIÇÃO:  JBBSG -060X060X6,5 UNIDADE:  pc CLAS.FISCAL:  7308.30.00    ESTOQUE ANT:              201,000
PRODUTO: 23.31.312-0     DESCRIÇÃO:  JBBSG -060X080X6,5 UNIDADE:  pc CLAS.FISCAL:  7308.30.00    ESTOQUE ANT:               68,000
PRODUTO: 23.31.400-2     DESCRIÇÃO:  JBBGE -040X060X012 UNIDADE:  pc CLAS.FISCAL:  7308.30.00    ESTOQUE ANT:               34,000
PRODUTO: 23.31.411-8     DESCRIÇÃO:  JBBGE -060X060X012 UNIDADE:  pc CLAS.FISCAL:  7308.30.00    ESTOQUE ANT:               27,000
PRODUTO: 23.31.412-6     DESCRIÇÃO:  JBBGE -060X080X012 UNIDADE:  pc CLAS.FISCAL:  7308.30.00    ESTOQUE ANT:               41,000
PRODUTO: 23.31.500-9     DESCRIÇÃO:  JBBGQ -040X060X012 UNIDADE:  pc CLAS.FISCAL:  7308.30.00    ESTOQUE ANT:               66,000
PRODUTO: 23.31.511-4     DESCRIÇÃO:  JBBGQ -060X060X012 UNIDADE:  pc CLAS.FISCAL:  7308.30.00    ESTOQUE ANT:               74,000
PRODUTO: 23.31.512-2     DESCRIÇÃO:  JBBGQ -060X080X012 UNIDADE:  pc CLAS.FISCAL:  7308.30.00    ESTOQUE ANT:               48,000
PRODUTO: 23.32.300-1     DESCRIÇÃO:  JBSG-040X060X6,5-1 UNIDADE:  pc CLAS.FISCAL:  7308.30.00    ESTOQUE ANT:               45,000
PRODUTO: 23.32.311-7     DESCRIÇÃO:  JBSG-060X060X6,5-2 UNIDADE:  pc CLAS.FISCAL:  7308.30.00    ESTOQUE ANT:              225,000


-----------------------------------------------------------------------------DATASUL - OBRIGAÇÕES FISCAIS - OF0702RP - V:0.00.00.000
                   REGISTRO DE CONTROLE DA PRODUÇÃO E DO ESTOQUE                                    CÓDIGOS DE ENTRADAS E SAÍDAS
FIRMA: Estabelecimento TOTVS - Ñ ALTERAR CONTAS                                                    1 - No Próprio Estabelecimento
INSCR. EST.: 255721161             CNPJ   : 53.113.791/0017-90
FOLHA:      0004                   MÊS OU PERÍODO/ANO:   5 /  2011                                 2 - Em Outro Estabelecimento
                                                                                                   3 - Diversos

*---------DOCUMENTO-------* *-------------LANÇAMENTO-------------* *------------------------ENTRADAS E SAÍDAS----------------------*
ESP SÉRIE NÚMERO      DATA DIA        CODIFICAÇÃO       E/S    COD        QUANTIDADE             VALOR           IPI    ESTOQUE OBS.
        SUB-                      CONTÁBIL       FISCAL
        SÉRIE

PRODUTO: 23.32.312-5     DESCRIÇÃO:  JBSG-060X080X6,5-2 UNIDADE:  pc CLAS.FISCAL:  7308.30.00    ESTOQUE ANT:               40,000
PRODUTO: 23.32.400-8     DESCRIÇÃO:  JBGE-040X060X012-1 UNIDADE:  pc CLAS.FISCAL:  7308.30.00    ESTOQUE ANT:               20,000
PRODUTO: 23.32.411-3     DESCRIÇÃO:  JBGE-060X060X012-2 UNIDADE:  pc CLAS.FISCAL:  7308.30.00    ESTOQUE ANT:               32,000
PRODUTO: 23.32.412-1     DESCRIÇÃO:  JBGE-060X080X012-2 UNIDADE:  pc CLAS.FISCAL:  7308.30.00    ESTOQUE ANT:               72,000
PRODUTO: 23.32.500-4     DESCRIÇÃO:  JBGQ-040X060X012-1 UNIDADE:  pc CLAS.FISCAL:  7308.30.00    ESTOQUE ANT:               13,000
PRODUTO: 23.32.511-0     DESCRIÇÃO:  JBGQ-060X060X012-2 UNIDADE:  pc CLAS.FISCAL:  7308.30.00    ESTOQUE ANT:               48,000
PRODUTO: 23.32.512-8     DESCRIÇÃO:  JBGQ-060X080X012-2 UNIDADE:  pc CLAS.FISCAL:  7308.30.00    ESTOQUE ANT:               57,000
PRODUTO: 24.11.201-2     DESCRIÇÃO:  PAVD -217X077X06,5 UNIDADE:  pc CLAS.FISCAL:  7308.30.00    ESTOQUE ANT:               37,000
PRODUTO: 24.11.202-0     DESCRIÇÃO:  PAVE -217X077X06,5 UNIDADE:  pc CLAS.FISCAL:  7308.30.00    ESTOQUE ANT:               39,000
PRODUTO: 24.11.203-9     DESCRIÇÃO:  PAVD -217X087X06,5 UNIDADE:  pc CLAS.FISCAL:  7308.30.00    ESTOQUE ANT:               33,000
PRODUTO: 24.11.204-7     DESCRIÇÃO:  PAVE -217X087X06,5 UNIDADE:  pc CLAS.FISCAL:  7308.30.00    ESTOQUE ANT:               29,000
PRODUTO: 24.11.211-0     DESCRIÇÃO:  PAVD -217X077X12,0 UNIDADE:  pc CLAS.FISCAL:  7308.30.00    ESTOQUE ANT:               38,000
PRODUTO: 24.11.212-8     DESCRIÇÃO:  PAVE -217X077X12,0 UNIDADE:  pc CLAS.FISCAL:  7308.30.00    ESTOQUE ANT:               40,000
PRODUTO: 24.11.213-6     DESCRIÇÃO:  PAVD -217X087X12,0 UNIDADE:  pc CLAS.FISCAL:  7308.30.00    ESTOQUE ANT:               33,000
PRODUTO: 24.11.214-4     DESCRIÇÃO:  PAVE -217X087X12,0 UNIDADE:  pc CLAS.FISCAL:  7308.30.00    ESTOQUE ANT:               40,000
PRODUTO: 24.11.331-0     DESCRIÇÃO:  PAVHD -217X087X6,5 UNIDADE:  pc CLAS.FISCAL:  7308.30.00    ESTOQUE ANT:               73,000
PRODUTO: 24.11.332-9     DESCRIÇÃO:  PAVHE -217X087X6,5 UNIDADE:  pc CLAS.FISCAL:  7308.30.00    ESTOQUE ANT:               28,000
PRODUTO: 24.11.341-8     DESCRIÇÃO:  PAVHD -217X087X012 UNIDADE:  pc CLAS.FISCAL:  7308.30.00    ESTOQUE ANT:               32,000
PRODUTO: 24.11.342-6     DESCRIÇÃO:  PAVHE -217X087X012 UNIDADE:  pc CLAS.FISCAL:  7308.30.00    ESTOQUE ANT:               35,000
PRODUTO: 24.11.401-5     DESCRIÇÃO:  PAVBD -217X087X6,5 UNIDADE:  pc CLAS.FISCAL:  7308.30.00    ESTOQUE ANT:               18,000
PRODUTO: 24.11.402-3     DESCRIÇÃO:  PAVBE -217X087X6,5 UNIDADE:  pc CLAS.FISCAL:  7308.30.00    ESTOQUE ANT:                1,000
PRODUTO: 24.11.411-2     DESCRIÇÃO:  PAVBD -217X087X012 UNIDADE:  pc CLAS.FISCAL:  7308.30.00    ESTOQUE ANT:                9,000
PRODUTO: 24.11.412-0     DESCRIÇÃO:  PAVBE -217X087X012 UNIDADE:  pc CLAS.FISCAL:  7308.30.00    ESTOQUE ANT:               14,000
PRODUTO: 24.12.201-8     DESCRIÇÃO:  PAVD -217X077X06,5 UNIDADE:  pc CLAS.FISCAL:  7308.30.00    ESTOQUE ANT:               13,000
PRODUTO: 24.12.203-4     DESCRIÇÃO:  PAVD -217X087X06,5 UNIDADE:  pc CLAS.FISCAL:  7308.30.00    ESTOQUE ANT:               41,000
PRODUTO: 24.12.204-2     DESCRIÇÃO:  PAVE -217X087X06,5 UNIDADE:  pc CLAS.FISCAL:  7308.30.00    ESTOQUE ANT:                3,000
PRODUTO: 24.12.211-5     DESCRIÇÃO:  PAVD -217X077X12,0 UNIDADE:  pc CLAS.FISCAL:  7308.30.00    ESTOQUE ANT:                3,000
PRODUTO: 24.12.212-3     DESCRIÇÃO:  PAVE -217X077X12,0 UNIDADE:  pc CLAS.FISCAL:  7308.30.00    ESTOQUE ANT:               37,000
PRODUTO: 24.12.331-6     DESCRIÇÃO:  PAVHD -217X087X6,5 UNIDADE:  pc CLAS.FISCAL:  7308.30.00    ESTOQUE ANT:               31,000
PRODUTO: 24.12.332-4     DESCRIÇÃO:  PAVHE -217X087X6,5 UNIDADE:  pc CLAS.FISCAL:  7308.30.00    ESTOQUE ANT:               40,000
PRODUTO: 24.12.341-3     DESCRIÇÃO:  PAVHD -217X087X012 UNIDADE:  pc CLAS.FISCAL:  7308.30.00    ESTOQUE ANT:               24,000
PRODUTO: 24.12.342-1     DESCRIÇÃO:  PAVHE -217X087X012 UNIDADE:  pc CLAS.FISCAL:  7308.30.00    ESTOQUE ANT:               28,000
PRODUTO: 24.12.401-0     DESCRIÇÃO:  PAVBD -217X087X6,5 UNIDADE:  pc CLAS.FISCAL:  7308.30.00    ESTOQUE ANT:               15,000
PRODUTO: 24.12.411-8     DESCRIÇÃO:  PAVBD -217X087X012 UNIDADE:  pc CLAS.FISCAL:  7308.30.00    ESTOQUE ANT:               21,000
PRODUTO: 24.15.241-3     DESCRIÇÃO:  JMGE -040X060X08-1 UNIDADE:  pc CLAS.FISCAL:  7308.30.00    ESTOQUE ANT:               83,000
PRODUTO: 24.15.243-0     DESCRIÇÃO:  JMGE -060X060X08-1 UNIDADE:  pc CLAS.FISCAL:  7308.30.00    ESTOQUE ANT:              221,000
PRODUTO: 24.15.244-8     DESCRIÇÃO:  JMGE -060X080X08-1 UNIDADE:  pc CLAS.FISCAL:  7308.30.00    ESTOQUE ANT:               78,000
PRODUTO: 24.15.245-6     DESCRIÇÃO:  JMGE -060X100X08-1 UNIDADE:  pc CLAS.FISCAL:  7308.30.00    ESTOQUE ANT:               42,000
PRODUTO: 24.15.249-9     DESCRIÇÃO:  JMGE -100X050X08-1 UNIDADE:  pc CLAS.FISCAL:  7308.30.00    ESTOQUE ANT:                3,000
PRODUTO: 24.15.250-2     DESCRIÇÃO:  JMGE -100X060X08-1 UNIDADE:  pc CLAS.FISCAL:  7308.30.00    ESTOQUE ANT:               26,000
PRODUTO: 24.15.251-0     DESCRIÇÃO:  JMGE -100X080X08-1 UNIDADE:  pc CLAS.FISCAL:  7308.30.00    ESTOQUE ANT:               25,000
PRODUTO: 24.15.257-0     DESCRIÇÃO:  JMGE -140X080X08-2 UNIDADE:  pc CLAS.FISCAL:  7308.30.00    ESTOQUE ANT:                2,000
PRODUTO: 24.15.341-0     DESCRIÇÃO:  JMGQ -040X060X08-1 UNIDADE:  pc CLAS.FISCAL:  7308.30.00    ESTOQUE ANT:               80,000
PRODUTO: 24.15.343-6     DESCRIÇÃO:  JMGQ -060X060X08-1 UNIDADE:  pc CLAS.FISCAL:  7308.30.00    ESTOQUE ANT:              154,000
PRODUTO: 24.15.344-4     DESCRIÇÃO:  JMGQ -060X080X08-1 UNIDADE:  pc CLAS.FISCAL:  7308.30.00    ESTOQUE ANT:              123,000
PRODUTO: 24.15.345-2     DESCRIÇÃO:  JMGQ -060X100X08-1 UNIDADE:  pc CLAS.FISCAL:  7308.30.00    ESTOQUE ANT:              141,000
PRODUTO: 24.15.350-9     DESCRIÇÃO:  JMGQ -100X060X08-1 UNIDADE:  pc CLAS.FISCAL:  7308.30.00    ESTOQUE ANT:               49,000
PRODUTO: 24.15.351-7     DESCRIÇÃO:  JMGQ -100X080X08-1 UNIDADE:  pc CLAS.FISCAL:  7308.30.00    ESTOQUE ANT:               20,000
PRODUTO: 24.15.354-1     DESCRIÇÃO:  JMGQ -120X080X08-1 UNIDADE:  pc CLAS.FISCAL:  7308.30.00    ESTOQUE ANT:                1,000
PRODUTO: 24.16.241-9     DESCRIÇÃO:  JMGE -040X060X08-1 UNIDADE:  pc CLAS.FISCAL:  7308.30.00    ESTOQUE ANT:               55,000


-----------------------------------------------------------------------------DATASUL - OBRIGAÇÕES FISCAIS - OF0702RP - V:0.00.00.000
                   REGISTRO DE CONTROLE DA PRODUÇÃO E DO ESTOQUE                                    CÓDIGOS DE ENTRADAS E SAÍDAS
FIRMA: Estabelecimento TOTVS - Ñ ALTERAR CONTAS                                                    1 - No Próprio Estabelecimento
INSCR. EST.: 255721161             CNPJ   : 53.113.791/0017-90
FOLHA:      0005                   MÊS OU PERÍODO/ANO:   5 /  2011                                 2 - Em Outro Estabelecimento
                                                                                                   3 - Diversos

*---------DOCUMENTO-------* *-------------LANÇAMENTO-------------* *------------------------ENTRADAS E SAÍDAS----------------------*
ESP SÉRIE NÚMERO      DATA DIA        CODIFICAÇÃO       E/S    COD        QUANTIDADE             VALOR           IPI    ESTOQUE OBS.
        SUB-                      CONTÁBIL       FISCAL
        SÉRIE

PRODUTO: 24.16.243-5     DESCRIÇÃO:  JMGE -060X060X08-1 UNIDADE:  pc CLAS.FISCAL:  7308.30.00    ESTOQUE ANT:              304,000
PRODUTO: 24.16.244-3     DESCRIÇÃO:  JMGE -060X080X08-1 UNIDADE:  pc CLAS.FISCAL:  7308.30.00    ESTOQUE ANT:              194,000
PRODUTO: 24.16.245-1     DESCRIÇÃO:  JMGE -060X100X08-1 UNIDADE:  pc CLAS.FISCAL:  7308.30.00    ESTOQUE ANT:               95,000
PRODUTO: 24.16.249-4     DESCRIÇÃO:  JMGE -100X050X08-1 UNIDADE:  pc CLAS.FISCAL:  7308.30.00    ESTOQUE ANT:               18,000
PRODUTO: 24.16.250-8     DESCRIÇÃO:  JMGE -100X060X08-1 UNIDADE:  pc CLAS.FISCAL:  7308.30.00    ESTOQUE ANT:                7,000
PRODUTO: 24.16.251-6     DESCRIÇÃO:  JMGE -100X080X08-1 UNIDADE:  pc CLAS.FISCAL:  7308.30.00    ESTOQUE ANT:               32,000
PRODUTO: 24.16.255-9     DESCRIÇÃO:  JMGE -140X050X08-2 UNIDADE:  pc CLAS.FISCAL:  7308.30.00    ESTOQUE ANT:                1,000
PRODUTO: 24.16.256-7     DESCRIÇÃO:  JMGE -140X060X08-2 UNIDADE:  pc CLAS.FISCAL:  7308.30.00    ESTOQUE ANT:                1,000
PRODUTO: 24.16.257-5     DESCRIÇÃO:  JMGE -140X080X08-2 UNIDADE:  pc CLAS.FISCAL:  7308.30.00    ESTOQUE ANT:                4,000
PRODUTO: 24.16.341-5     DESCRIÇÃO:  JMGQ -040X060X08-1 UNIDADE:  pc CLAS.FISCAL:  7308.30.00    ESTOQUE ANT:               49,000
PRODUTO: 24.16.343-1     DESCRIÇÃO:  JMGQ -060X060X08-1 UNIDADE:  pc CLAS.FISCAL:  7308.30.00    ESTOQUE ANT:              184,000
PRODUTO: 24.16.344-0     DESCRIÇÃO:  JMGQ -060X080X08-1 UNIDADE:  pc CLAS.FISCAL:  7308.30.00    ESTOQUE ANT:              162,000
PRODUTO: 24.16.345-8     DESCRIÇÃO:  JMGQ -060X100X08-1 UNIDADE:  pc CLAS.FISCAL:  7308.30.00    ESTOQUE ANT:              135,000
PRODUTO: 24.16.349-0     DESCRIÇÃO:  JMGQ -100X050X08-1 UNIDADE:  pc CLAS.FISCAL:  7308.30.00    ESTOQUE ANT:                5,000
PRODUTO: 24.16.350-9     DESCRIÇÃO:  JMGQ -100X060X08-1 UNIDADE:  pc CLAS.FISCAL:  7308.30.00    ESTOQUE ANT:                4,000
PRODUTO: 24.16.351-2     DESCRIÇÃO:  JMGQ -100X080X08-1 UNIDADE:  pc CLAS.FISCAL:  7308.30.00    ESTOQUE ANT:                2,000
PRODUTO: 24.16.354-7     DESCRIÇÃO:  JMGQ -120X080X08-1 UNIDADE:  pc CLAS.FISCAL:  7308.30.00    ESTOQUE ANT:                1,000
PRODUTO: 24.21.201-7     DESCRIÇÃO:  PSAPGED-217X087X08 UNIDADE:  pc CLAS.FISCAL:  7308.30.00    ESTOQUE ANT:              154,000
PRODUTO: 24.21.202-5     DESCRIÇÃO:  PSAPGEE-217X087X08 UNIDADE:  pc CLAS.FISCAL:  7308.30.00    ESTOQUE ANT:              140,000
PRODUTO: 24.21.211-4     DESCRIÇÃO:  PSAPGED-217X087X12 UNIDADE:  pc CLAS.FISCAL:  7308.30.00    ESTOQUE ANT:               36,000
PRODUTO: 24.21.212-2     DESCRIÇÃO:  PSAPGEE-217X087X12 UNIDADE:  pc CLAS.FISCAL:  7308.30.00    ESTOQUE ANT:               36,000
PRODUTO: 24.21.401-0     DESCRIÇÃO:  PSAPGQD-217X087X08 UNIDADE:  pc CLAS.FISCAL:  7308.30.00    ESTOQUE ANT:               38,000
PRODUTO: 24.21.402-8     DESCRIÇÃO:  PSAPGQE-217X087X08 UNIDADE:  pc CLAS.FISCAL:  7308.30.00    ESTOQUE ANT:               32,000
PRODUTO: 24.21.411-7     DESCRIÇÃO:  PSAPGQD-217X087X12 UNIDADE:  pc CLAS.FISCAL:  7308.30.00    ESTOQUE ANT:               31,000
PRODUTO: 24.21.412-5     DESCRIÇÃO:  PSAPGQE-217X087X12 UNIDADE:  pc CLAS.FISCAL:  7308.30.00    ESTOQUE ANT:               38,000
PRODUTO: 24.22.201-2     DESCRIÇÃO:  PSAPGED-217X087X08 UNIDADE:  pc CLAS.FISCAL:  7308.30.00    ESTOQUE ANT:              139,000
PRODUTO: 24.22.202-0     DESCRIÇÃO:  PSAPGEE-217X087X08 UNIDADE:  pc CLAS.FISCAL:  7308.30.00    ESTOQUE ANT:              144,000
PRODUTO: 24.22.211-0     DESCRIÇÃO:  PSAPGED-217X087X12 UNIDADE:  pc CLAS.FISCAL:  7308.30.00    ESTOQUE ANT:               21,000
PRODUTO: 24.22.212-8     DESCRIÇÃO:  PSAPGEE-217X087X12 UNIDADE:  pc CLAS.FISCAL:  7308.30.00    ESTOQUE ANT:               50,000
PRODUTO: 24.22.401-5     DESCRIÇÃO:  PSAPGQD-217X087X08 UNIDADE:  pc CLAS.FISCAL:  7308.30.00    ESTOQUE ANT:               31,000
PRODUTO: 24.22.402-3     DESCRIÇÃO:  PSAPGQE-217X087X08 UNIDADE:  pc CLAS.FISCAL:  7308.30.00    ESTOQUE ANT:               40,000
PRODUTO: 24.22.411-2     DESCRIÇÃO:  PSAPGQD-217X087X12 UNIDADE:  pc CLAS.FISCAL:  7308.30.00    ESTOQUE ANT:               44,000
PRODUTO: 24.22.412-0     DESCRIÇÃO:  PSAPGQE-217X087X12 UNIDADE:  pc CLAS.FISCAL:  7308.30.00    ESTOQUE ANT:               12,000
PRODUTO: 26.31.160-8     DESCRIÇÃO:  PCCD -217X160X12-2 UNIDADE:  pc CLAS.FISCAL:  7308.30.00    ESTOQUE ANT:               36,000
PRODUTO: 26.31.161-6     DESCRIÇÃO:  PCCE -217X160X12-2 UNIDADE:  pc CLAS.FISCAL:  7308.30.00    ESTOQUE ANT:               18,000
PRODUTO: 26.31.200-0     DESCRIÇÃO:  PCC4 -217X200X12-4 UNIDADE:  pc CLAS.FISCAL:  7308.30.00    ESTOQUE ANT:               17,000
PRODUTO: 26.32.160-3     DESCRIÇÃO:  PCCD -217X160X12-2 UNIDADE:  pc CLAS.FISCAL:  7308.30.00    ESTOQUE ANT:               28,000
PRODUTO: 26.32.161-1     DESCRIÇÃO:  PCCE -217X160X12-2 UNIDADE:  pc CLAS.FISCAL:  7308.30.00    ESTOQUE ANT:               28,000
PRODUTO: 26.32.200-6     DESCRIÇÃO:  PCC4 -217X200X12-4 UNIDADE:  pc CLAS.FISCAL:  7308.30.00    ESTOQUE ANT:               18,000
PRODUTO: 40C             DESCRIÇÃO:  ITEM CONTROLE CONS UNIDADE:  KG CLAS.FISCAL:  7308.30.00    ESTOQUE ANT:             -248,000
PRODUTO: 40T             DESCRIÇÃO:  ITEM CONTROLE TOTA UNIDADE:  KG CLAS.FISCAL:  7308.30.00    ESTOQUE ANT:          -50.000,000
PRODUTO: 50.00.029-0     DESCRIÇÃO:  54110011-JM  100,0 UNIDADE:  pc CLAS.FISCAL:  7308.30.00    ESTOQUE ANT:               92,000
PRODUTO: P100            DESCRIÇÃO:  EXCEÇÃO DUAS ALÍQU UNIDADE:  KG CLAS.FISCAL:  1991.20.00    ESTOQUE ANT:          500.000,000
PRODUTO: P100N           DESCRIÇÃO:  NORMAL             UNIDADE:  KG CLAS.FISCAL:  1991.20.00    ESTOQUE ANT:          600.000,000

               TOTAL DO PERÍODO               Ent                                                 0,00          0,00
                                              Sai                                                 0,00          0,00





-----------------------------------------------------------------------------DATASUL - OBRIGAÇÕES FISCAIS - OF0702RP - V:0.00.00.000
