+----------------------------------------------------------------------------------------------------------------------------------+
|                                                 R E G I S T R O  DE  S A I D A S                                                 |
|FIRMA:  Estabelecimento TOTVS - Ñ ALTERAR CONTAS                                                                                  |
|INSCR. EST.:  255721161            CNPJ   :  53.113.791/0017-90                                                                   |
|FOLHA:        2         MES OU PERIODO/ANO:  01/07/2011  A  31/07/2011                                                            |
|----------------------------------------------------------------------------------------------------------------------------------|
|     DOCUMENTOS FISCAIS     |            |     CODIFICACAO     |                 V A L O R E S  F I S C A I S                     |
+----------------------------+            |---------------------+------------------------------------------------------------------|
|   |     |         |   |    |   VALOR    |             |       |   OPERACOES COM DEBITO DO IMPOSTO   |OPERACOES S/DEBITO  IMPOSTO |
|   |SERIE|         |   |UF  |            |             |       |------------------------------------------------------------------|
|ESP|SUB- |  NUMERO |DIA|DEST|  CONTABIL  |   CONTABIL  | FISCAL|    BASE CALCULO  |ALIQ |  IMPOSTO   |ISENTAS OU NAO|   OUTRAS    |
|   |SERIE|         |   |    |            |             |       |                  |     |  DEBITADO  |TRIBUTADAS    |             |
|----------------------------------------------------------------------------------------------------------------------------------|
|NFS|5    |  0075955|  1|    |            |             |       |                  |     |            |              |             |
|NFS|5    |  0075956|  1|  SC|     1155,00|             |5.101  |           1155,00|18,00|      207,90|          0,00|         0,00|
|NFS|5    |  0075957|  1|    |            |             |       |                  |     |            |              |             |
|NFS|5    |  0075958|  4|    |            |             |       |                  |     |            |              |             |
|NFS|5    |  0075959|  4|    |            |             |       |                  |     |            |              |             |
|NFS|5    |  0075960|  4|    |            |             |       |                  |     |            |              |             |
|NFS|5    |  0075961|  4|    |            |             |       |                  |     |            |              |             |
|NFS|5    |  0075962|  4|  sp|      101,00|             |6.102  |            101,00|12,00|       12,12|          0,00|         0,00|
|NFS|5    |  0075963|  4|  sp|      101,00|             |6.102  |            101,00|12,00|       12,12|          0,00|         0,00|
|NFS|5    |  0075964|  4|  SC|      962,50|             |5.101  |            962,50|18,00|      173,25|          0,00|         0,00|
|NFS|5    |  0075965|  5|    |            |             |       |                  |     |            |              |             |
|NFS|5    |  0075966|  5|  SC|     1342,08|             |5.101  |           1342,08|18,00|      241,57|          0,00|         0,00|
|NFS|5    |  0075967|  5|  SC|       96,25|             |5.101  |             96,25|18,00|       17,33|          0,00|         0,00|
|NFS|5    |  0075968|  5|  sc|      962,50|             |5.101  |            962,50|18,00|      173,25|          0,00|         0,00|
|NFS|5    |  0075969|  5|  sc|      962,50|             |5.101  |            962,50|18,00|      173,25|          0,00|         0,00|
|NFS|un   |  0000123|  5|  SP|     1314,60|             |5.101  |           1252,00|12,00|      150,24|          0,00|         0,00|
|NFS|un   |  0001500|  5|    |            |             |       |                  |     |            |              |             |
|NFS|un   |  0004580|  5|    |            |             |       |                  |     |            |              |             |
|NFS|11   |  0290622|  8|    |            |             |       |                  |     |            |              |             |
|NFS|11   |  0290623|  8|    |            |             |       |                  |     |            |              |             |
|NFS|11   |  0290624|  8|    |            |             |       |                  |     |            |              |             |
|NFS|5    |  0075987|  8|  SP|      101,00|             |6.102  |            101,00|12,00|       12,12|          0,00|         0,00|
|NFS|5    |  0075988|  8|  SP|      206,00|             |6.102  |            206,00|12,00|       24,72|          0,00|         0,00|
|NFS|5    |  0075989|  8|  SP|      100,00|             |6.102  |            100,00|12,00|       12,00|          0,00|         0,00|
|NFS|5    |  0075990|  8|  SP|    40541,53|             |6.102  |          40541,53|12,00|     4864,98|          0,00|         0,00|
|NFS|5    |  0075991|  8|  SP|    40541,53|             |6.102  |          40541,53|12,00|     4864,98|          0,00|         0,00|
|NFS|5    |  0075992|  8|  SP|    40541,53|             |6.102  |          40541,53|12,00|     4864,98|          0,00|         0,00|
|NFS  
    |graos|  0000010|  8|  PR|    13400,00|             |6.201  |              0,00| 0,00|        0,00|      13400,00|         0,00|
|Observacao: IPI-              2.010,00   |             |       |                  |     |            |              |             |
|NFS|graos|  0000011|  8|    |            |             |       |                  |     |            |              |             |
|NFS|graos|  0000012|  8|  PR|     6700,00|             |6.949  |              0,00| 0,00|        0,00|       6700,00|         0,00|
|NFS|5    |256388792| 10|  SP|      109,08|             |6.102  |            101,00|25,00|       25,25|          0,00|         0,00|
|NFS|un   |  0012000| 12|    |            |             |       |                  |     |            |              |             |
|NFS|un   |  0013000| 13|  SP|    13400,00|             |6.101  |              0,00|25,00|        0,00|      12000,00|         0,00|
|NFS|11   |  0290668| 14|  SP|      100,00|             |6.101  |              0,00| 0,00|        0,00|        100,00|         0,00|
|NFS|11   |  0290669| 14|  SP|      100,00|             |6.101  |              0,00| 0,00|        0,00|        100,00|         0,00|
|NFS|11   |  0290670| 14|  SP|      100,00|             |6.101  |              0,00| 0,00|        0,00|        100,00|         0,00|
|NFS|11   |  0290671| 14|  SP|      100,00|             |6.101  |              0,00| 0,00|        0,00|        100,00|         0,00|
|NFS|11   |  0290672| 14|    |            |             |       |                  |     |            |              |             |
|NFS|11   |  0290673| 14|    |            |             |       |                  |     |            |              |             |
|NFS|11   |  0290674| 14|  SP|      600,00|             |6.101  |              0,00| 0,00|        0,00|          0,00|       600,00|
|NFS|5    |  0076032| 14|  SC|      962,50|             |5.101  |            962,50|17,00|      163,63|          0,00|         0,00|
|NFS|5    |  0076033| 14|  SP|      108,00|             |6.102  |            108,00|25,00|       27,00|          0,00|         0,00|
|NFS|5    |  0076034| 14|  SC|      407,93|             |5.101  |            407,93|17,00|       69,35|          0,00|         0,00|
|NFS|5    |  0076035| 14|  SP|      108,00|             |6.102  |            108,00|25,00|       27,00|          0,00|         0,00|
|NFS|5    |  0076036| 14|  SC|      962,50|             |5.101  |            962,50|17,00|      163,63|          0,00|         0,00|
|NFS|5    |  0076037| 14|  SC|      962,50|             |5.101  |            962,50|17,00|      163,63|          0,00|         0,00|
|NFS|5    |  0076038| 14|  SC|      962,50|             |5.101  |            962,50|17,00|      163,63|          0,00|         0,00|
|   |     |         |   |    |            |             |       |                  |     |            |              |             |
+----------------------------------------------------------------------------------------------------------------------------------+
+----------------------------------------------------------------------------------------------------------------------------------+
|                                                 R E G I S T R O  DE  S A I D A S                                                 |
|FIRMA:  Estabelecimento TOTVS - Ñ ALTERAR CONTAS                                                                                  |
|INSCR. EST.:  255721161            CNPJ   :  53.113.791/0017-90                                                                   |
|FOLHA:        3         MES OU PERIODO/ANO:  01/07/2011  A  31/07/2011                                                            |
|----------------------------------------------------------------------------------------------------------------------------------|
|     DOCUMENTOS FISCAIS     |            |     CODIFICACAO     |                 V A L O R E S  F I S C A I S                     |
+----------------------------+            |---------------------+------------------------------------------------------------------|
|   |     |         |   |    |   VALOR    |             |       |   OPERACOES COM DEBITO DO IMPOSTO   |OPERACOES S/DEBITO  IMPOSTO |
|   |SERIE|         |   |UF  |            |             |       |------------------------------------------------------------------|
|ESP|SUB- |  NUMERO |DIA|DEST|  CONTABIL  |   CONTABIL  | FISCAL|    BASE CALCULO  |ALIQ |  IMPOSTO   |ISENTAS OU NAO|   OUTRAS    |
|   |SERIE|         |   |    |            |             |       |                  |     |  DEBITADO  |TRIBUTADAS    |             |
|----------------------------------------------------------------------------------------------------------------------------------|
|NFS|5    |  0076039| 14|  SC|     1155,00|             |5.101  |           1155,00|17,00|      196,35|          0,00|         0,00|
|NFS|un   |  0000003| 14|  SC|      916,70|             |5.101  |            916,70|17,00|      155,84|          0,00|         0,00|
|NFS|11   |  0290678| 15|    |            |             |       |                  |     |            |              |             |
|NFS|11   |  0290679| 15|    |            |             |       |                  |     |            |              |             |
|NFS|11   |  0290680| 15|    |            |             |       |                  |     |            |              |             |
|NFS|11   |  0290681| 15|  SP|     3260,00|             |6.101  |           2900,00|25,00|      725,00|          0,00|         0,00|
|NFS|11   |  0290681| 15|  SP|      265,94|             |6.403  |            242,50|25,00|       60,63|          0,00|         7,50|
|NFS|11   |  0290681| 15|  SP|     1200,00|             |6.101  |              0,00| 0,00|        0,00|          0,00|      1200,00|
|NFS|5    |  0000157| 15|    |            |             |       |                  |     |            |              |             |
|NFS|5    |  0076043| 15|  SC|        0,00|             |5.101  |              0,00| 0,00|        0,00|          0,00|         0,00|
|Observacao: SIMPLES     FATURAMENTO      |             |       |                  |     |            |              |             |
|NFS|5    |  0076044| 15|  SP|      202,00|             |6.102  |            202,00|25,00|       50,50|          0,00|         0,00|
|NFS|5    |  0076045| 15|  SC|        0,00|             |5.101  |              0,00| 0,00|        0,00|          0,00|         0,00|
|Observacao: SIMPLES     FATURAMENTO      |             |       |                  |     |            |              |             |
|NFS|5    |  0076046| 15|  SC|      525,00|             |5.101  |            500,00|17,00|       85,00|          0,00|         0,00|
|Observacao: NF 0076045  15/07/2011       |             |       |                  |     |            |              |             |
|NFS|5    |  0076047| 15|  SP|      101,00|             |6.102  |            101,00|25,00|       25,25|          0,00|         0,00|
|NFS|5    |  0076048| 15|  SP|      102,00|             |6.102  |            102,00|25,00|       25,50|          0,00|         0,00|
|NFS|UN   |  0000004| 15|  SC|        0,00|             |5.101  |              0,00| 0,00|        0,00|          0,00|         0,00|
|Observacao: SIMPLES     FATURAMENTO      |             |       |                  |     |            |              |             |
|NFS|un   |  0000005| 15|  SC|        0,00|             |5.101  |              0,00| 0,00|        0,00|          0,00|         0,00|
|Observacao: SIMPLES     FATURAMENTO      |             |       |                  |     |            |              |             |
|NFS|un   |  0000006| 15|  SC|     9167,00|             |5.101  |           9167,00|17,00|     1558,39|          0,00|         0,00|
|NFS|11   |  0290695| 20|  SP|     2079,00|             |6.101  |           1890,00|25,00|      472,50|          0,00|         0,00|
|NFS|11   |  0290696| 20|  SP|     3118,50|             |6.101  |           2835,00|25,00|      708,75|          0,00|         0,00|
|NFS|11   |  0290697| 20|  SP| 
** Value 1481080346,13 cannot be displayed using >>>>>>>9.99. (74)
???????????                               |             |6.101  |      
** Value 1346436678,3 cannot be displayed using >>>>>>>>9.99. (74)
????????????                                                                       |25,00| 
** Value 336609169,58 cannot be displayed using >>>>>>>9.99. (74)
???????????                                                                                           |          0,00|         0,00|
|NFS|11   |  0290800| 20|  SP|      891,00|             |6.101  |            810,00|25,00|      202,50|          0,00|         0,00|
|NFS|11   |  0290801| 20|  SP| 
** Value 1488080346,13 cannot be displayed using >>>>>>>9.99. (74)
???????????                               |             |6.101  |      
** Value 1346436678,3 cannot be displayed using >>>>>>>>9.99. (74)
????????????                                                                       |25,00| 
** Value 336609169,58 cannot be displayed using >>>>>>>9.99. (74)
???????????                                                                                           |          0,00|         0,00|
|NFS|11   |  0290811| 20|  SP|      148,50|             |6.101  |            135,00|25,00|       33,75|          0,00|         0,00|
|NFS|11   |  0290812| 20|  SP|     3861,00|             |6.101  |           3510,00|25,00|      877,50|          0,00|         0,00|
|NFS|5    |  0076088| 20|  SP|      206,00|             |6.102  |            206,00|25,00|       51,50|          0,00|         0,00|
|NFS|5    |  0076089| 20|  SC|        0,00|             |5.101  |              0,00| 0,00|        0,00|          0,00|         0,00|
|Observacao: SIMPLES     FATURAMENTO      |             |       |                  |     |            |              |             |
|NFS|5    |  0076090| 20|  SC|        0,00|             |5.101  |              0,00| 0,00|        0,00|          0,00|         0,00|
|Observacao: SIMPLES     FATURAMENTO      |             |       |                  |     |            |              |             |
|NFS|5    |  0076091| 20|  SC|        0,00|             |5.101  |              0,00| 0,00|        0,00|          0,00|         0,00|
|Observacao: SIMPLES     FATURAMENTO      |             |       |                  |     |            |              |             |
|   |     |         |   |    |            |             |       |                  |     |            |              |             |
+----------------------------------------------------------------------------------------------------------------------------------+
+----------------------------------------------------------------------------------------------------------------------------------+
|                                                 R E G I S T R O  DE  S A I D A S                                                 |
|FIRMA:  Estabelecimento TOTVS - Ñ ALTERAR CONTAS                                                                                  |
|INSCR. EST.:  255721161            CNPJ   :  53.113.791/0017-90                                                                   |
|FOLHA:        4         MES OU PERIODO/ANO:  01/07/2011  A  31/07/2011                                                            |
|----------------------------------------------------------------------------------------------------------------------------------|
|     DOCUMENTOS FISCAIS     |            |     CODIFICACAO     |                 V A L O R E S  F I S C A I S                     |
+----------------------------+            |---------------------+------------------------------------------------------------------|
|   |     |         |   |    |   VALOR    |             |       |   OPERACOES COM DEBITO DO IMPOSTO   |OPERACOES S/DEBITO  IMPOSTO |
|   |SERIE|         |   |UF  |            |             |       |------------------------------------------------------------------|
|ESP|SUB- |  NUMERO |DIA|DEST|  CONTABIL  |   CONTABIL  | FISCAL|    BASE CALCULO  |ALIQ |  IMPOSTO   |ISENTAS OU NAO|   OUTRAS    |
|   |SERIE|         |   |    |            |             |       |                  |     |  DEBITADO  |TRIBUTADAS    |             |
|----------------------------------------------------------------------------------------------------------------------------------|
|NFS|5    |  0076092| 20|  SC|        4,20|             |5.101  |              4,00|17,00|        0,68|          0,00|         0,00|
|NFS|5    |  0076093| 20|  SP|     5265,00|             |6.102  |           5265,00|25,00|     1316,25|          0,00|         0,00|
|NFS|5    |  0076094| 20|  SP|      309,00|             |6.102  |            309,00|25,00|       77,25|          0,00|         0,00|
|NFS|5    |  0076095| 20|  SC|      962,50|             |5.101  |            962,50|17,00|      163,63|          0,00|         0,00|
|NFS|5    |  0076096| 20|  SC|     1888,40|             |5.101  |           1888,40|17,00|      321,03|          0,00|         0,00|
|NFS|5    |  0076097| 20|    |            |             |       |                  |     |            |              |             |
|NFS|5    |  0076098| 20|  SC|      962,50|             |5.101  |            962,50|17,00|      163,63|          0,00|         0,00|
|NFS|11   |  0290813| 21|  SP|      148,50|             |6.101  |            135,00|25,00|       33,75|          0,00|         0,00|
|NFS|12   |  0302011| 21|  SP| 
** Value 122222222,1 cannot be displayed using >>>>>>>9.99. (74)
???????????                               |             |6.101  |      111111111,00|25,00| 27777777,75|          0,00|         0,00|
|NFS|5    |  0076099| 21|  SP|      412,00|             |6.102  |            412,00|25,00|      103,00|          0,00|         0,00|
|NFS|5    |  0076100| 21|  SP|    10500,00|             |6.102  |          10500,00|25,00|     2625,00|          0,00|         0,00|
|NFS|5    |  0076101| 21|  SP|       12,10|             |5.101  |             12,10|25,00|        3,03|          0,00|         0,00|
|NFS|5    |  0076103| 22|    |            |             |       |                  |     |            |              |             |
|NFS|5    |  0076104| 22|    |            |             |       |                  |     |            |              |             |
|NFS|5    |  0076105| 22|  SP|      900,00|             |6.101  |            900,00|25,00|      225,00|          0,00|         0,00|
|Observacao: NF 0076102  22/07/2011       |             |       |                  |     |            |              |             |
|NFS|5    |  0076106| 22|  SP|      707,00|             |6.102  |            707,00|25,00|      176,75|          0,00|         0,00|
|NFS|5    |  0076109| 22|    |            |             |       |                  |     |            |              |             |
|NFS|5    |  0076111| 22|    |            |             |       |                  |     |            |              |             |
|NFS|5    |  0076112| 22|  SC|      157,50|             |5.901  |            150,00|17,00|       25,50|          0,00|         0,00|
|NFS|5    |  0076114| 22|  SC|      110,25|             |5.901  |            105,00|17,00|       17,85|          0,00|         0,00|
|NFS|5    |  0076115| 22|    |            |             |       |                  |     |            |              |             |
|NFS|5    |  0076116| 22|  SP|      101,00|             |6.102  |            101,00|25,00|       25,25|          0,00|         0,00|
|NFS|5    |  0076117| 22|  SP|      909,00|             |6.102  |            909,00|25,00|      227,25|          0,00|         0,00|
|NFS|5    |  0076118| 22|  SP|       93,50|             |6.102  |             93,50|25,00|       23,38|          0,00|         0,00|
|NFS|5    |  0076119| 22|  SP|      101,00|             |6.102  |            101,00|25,00|       25,25|          0,00|         0,00|
|NFS|5    |  0076120| 22|  SP|    10500,00|             |6.102  |          10500,00|25,00|     2625,00|          0,00|         0,00|
|NFS|5    |  0076121| 22|  SP|      101,00|             |6.102  |            101,00|25,00|       25,25|          0,00|         0,00|
|NFS|12   |  0302021| 25|  SP| 
** Value 352093749,65 cannot be displayed using >>>>>>>9.99. (74)
???????????                               |             |6.403  |      333333333,00|25,00| 83333333,25|          0,00|         0,00|
|NFS|12   |  0302022| 25|  SP| 
** Value 555555555 cannot be displayed using >>>>>>>9.99. (74)
???????????                               |             |6.101  |              0,00| 0,00|        0,00|  555555555,00|         0,00|
|NFS|12   |  0302023| 25|  SP| 
** Value 696189235,42 cannot be displayed using >>>>>>>9.99. (74)
???????????                               |             |6.101  |              0,00| 0,00|        0,00|  611111110,50|         0,00|
|NFS|5    |  0076122| 25|  SP|      101,00|             |6.102  |            101,00|25,00|       25,25|          0,00|         0,00|
|NFS|5    |  0076123| 25|  SP|      202,00|             |6.102  |            202,00|25,00|       50,50|          0,00|         0,00|
|NFS|5    |  0076124| 25|  SP|      766,48|             |6.102  |            766,48|25,00|      191,62|          0,00|         0,00|
|NFS|5    |  0076125| 25|  SC|      953,40|             |5.101  |            953,40|17,00|      162,08|          0,00|         0,00|
|NFS|5    |  0076126| 25|  SC|     1144,08|             |5.101  |           1144,08|17,00|      194,49|          0,00|         0,00|
|NFS  
    |5    |  0076127| 25|  SC|        0,06|             |5.201  |              0,00| 0,00|        0,00|          0,05|         0,00|
|Observacao: IPI-                  0,01   |             |       |                  |     |            |              |             |
|NFS|5    |  0076128| 25|  SC|        0,00|             |5.101  |              0,00| 0,00|        0,00|          0,00|         0,00|
|Observacao: SIMPLES     FATURAMENTO      |             |       |                  |     |            |              |             |
|   |     |         |   |    |            |             |       |                  |     |            |              |             |
+----------------------------------------------------------------------------------------------------------------------------------+
+----------------------------------------------------------------------------------------------------------------------------------+
|                                                 R E G I S T R O  DE  S A I D A S                                                 |
|FIRMA:  Estabelecimento TOTVS - Ñ ALTERAR CONTAS                                                                                  |
|INSCR. EST.:  255721161            CNPJ   :  53.113.791/0017-90                                                                   |
|FOLHA:        5         MES OU PERIODO/ANO:  01/07/2011  A  31/07/2011                                                            |
|----------------------------------------------------------------------------------------------------------------------------------|
|     DOCUMENTOS FISCAIS     |            |     CODIFICACAO     |                 V A L O R E S  F I S C A I S                     |
+----------------------------+            |---------------------+------------------------------------------------------------------|
|   |     |         |   |    |   VALOR    |             |       |   OPERACOES COM DEBITO DO IMPOSTO   |OPERACOES S/DEBITO  IMPOSTO |
|   |SERIE|         |   |UF  |            |             |       |------------------------------------------------------------------|
|ESP|SUB- |  NUMERO |DIA|DEST|  CONTABIL  |   CONTABIL  | FISCAL|    BASE CALCULO  |ALIQ |  IMPOSTO   |ISENTAS OU NAO|   OUTRAS    |
|   |SERIE|         |   |    |            |             |       |                  |     |  DEBITADO  |TRIBUTADAS    |             |
|----------------------------------------------------------------------------------------------------------------------------------|
|NFS|5    |  0076130| 25|  SP|      425,00|             |6.102  |            425,00|25,00|      106,25|          0,00|         0,00|
|NFS|5    |  0076131| 25|  SC|        0,00|             |5.101  |              0,00| 0,00|        0,00|          0,00|         0,00|
|Observacao: SIMPLES     FATURAMENTO      |             |       |                  |     |            |              |             |
|NFS|5    |  0076132| 25|  SC|      953,40|             |5.101  |            953,40|17,00|      162,08|          0,00|         0,00|
|NFS|5    |  0076133| 25|    |            |             |       |                  |     |            |              |             |
|NFS|5    |  0076134| 25|  SC|      648,13|             |5.101  |            648,13|17,00|      110,18|          0,00|         0,00|
|NFS|5    |  0076135| 25|  SC|        4,20|             |5.101  |              4,00|17,00|        0,68|          0,00|         0,00|
|NFS|5    |  0076136| 25|  SP|       93,50|             |6.102  |             93,50|25,00|       23,38|          0,00|         0,00|
|NFS|5    |  0076137| 25|  SC|        0,00|             |5.101  |              0,00| 0,00|        0,00|          0,00|         0,00|
|Observacao: SIMPLES     FATURAMENTO      |             |       |                  |     |            |              |             |
|NFS|5    |  0076138| 25|  SC|        0,00|             |5.101  |              0,00| 0,00|        0,00|          0,00|         0,00|
|Observacao: SIMPLES     FATURAMENTO      |             |       |                  |     |            |              |             |
|NFS|5    |  0076139| 25|  SP|     1000,00|             |6.109  |           1000,00|25,00|      250,00|          0,00|         0,00|
|NFS|5    |  0076141| 25|  SP|     1944,00|             |6.102  |           1944,00|25,00|      486,00|          0,00|         0,00|
|NFS|5    |  0076144| 25|  SP|       93,50|             |6.102  |             93,50|25,00|       23,38|          0,00|         0,00|
|NFS|5    |  0076145| 25|  SC|      935,00|             |5.101  |            935,00|17,00|      158,95|          0,00|         0,00|
|NFS|5    |  0076146| 25|    |            |             |       |                  |     |            |              |             |
|NFS|5    |586241445| 25|  SP|        0,00|             |5.101  |              0,00|25,00|        0,00|          0,00|         0,00|
|NFS|11   |  0290829| 26|  SP|        1,10|             |6.101  |              1,00|25,00|        0,25|          0,00|         0,00|
|NFS|11   |  0290830| 26|  SP|     3692,70|             |6.101  |           3357,00|25,00|      839,25|          0,00|         0,00|
|NFS|11   |  0290831| 26|  SP| 
** Value 1268760415,4 cannot be displayed using >>>>>>>9.99. (74)
???????????                               |             |6.101  |              0,00| 0,00|        0,00| 1166666665,50|         0,00|
|NFS|12   |  0302024| 26|  SP| 
** Value 469458332,87 cannot be displayed using >>>>>>>9.99. (74)
???????????                               |             |6.403  |      444444444,00|25,00| 
** Value 111111111 cannot be displayed using >>>>>>>9.99. (74)
???????????                                                                                           |          0,00|         0,00|
|NFS|12   |  0302025| 26|  SP| 
** Value 666666666 cannot be displayed using >>>>>>>9.99. (74)
???????????                               |             |6.101  |      322222221,90|25,00| 80555555,48|  333333333,00|  11111111,10|
|NFS|12   |  0302026| 26|  SP| 
** Value 699999999,3 cannot be displayed using >>>>>>>9.99. (74)
???????????                               |             |6.101  |      222222222,00|25,00| 55555555,50|  222222222,00| 222222222,00|
|NFS|12   |  0302029| 26|  SP|      122,10|             |6.101  |            111,00|25,00|       27,75|          0,00|         0,00|
|NFS|5    |  0076148| 26|    |            |             |       |                  |     |            |              |             |
|NFS|5    |  0076151| 26|    |            |             |       |                  |     |            |              |             |
|NFS|5    |  0076152| 26|    |            |             |       |                  |     |            |              |             |
|NFS|5    |  0076153| 26|  SP|       13,00|             |6.102  |             12,04|25,00|        3,01|          0,00|         0,00|
|NFS|999  |  0000002| 26|  SP| 
** Value 733333332,6 cannot be displayed using >>>>>>>9.99. (74)
???????????                               |             |6.101  |      666666666,00|25,00| 
** Value 166666666,5 cannot be displayed using >>>>>>>9.99. (74)
???????????                                                                                           |          0,00|         0,00|
|NFS|999  |  0000003| 26|  SP| 
** Value 366666666,3 cannot be displayed using >>>>>>>9.99. (74)
???????????                               |             |6.101  |      333333333,00|25,00| 83333333,25|          0,00|         0,00|
|NFS|999  |  0000004| 26|  SP|    12222,10|             |6.101  |          11111,00|25,00|     2777,75|          0,00|         0,00|
|NFS|999  |  0000005| 26|  SP| 
** Value 469458332,98 cannot be displayed using >>>>>>>9.99. (74)
???????????+----------------------------------------------------------------------------------------------------------------------------------+
|                                                 R E G I S T R O  DE  S A I D A S                                                 |
|FIRMA:  Estabelecimento TOTVS - Ñ ALTERAR CONTAS                                                                                  |
|INSCR. EST.:  255721161            CNPJ   :  53.113.791/0017-90                                                                   |
|FOLHA:        6         MES OU PERIODO/ANO:  01/07/2011  A  31/07/2011                                                            |
|----------------------------------------------------------------------------------------------------------------------------------|
|     DOCUMENTOS FISCAIS     |            |     CODIFICACAO     |                 V A L O R E S  F I S C A I S                     |
+----------------------------+            |---------------------+------------------------------------------------------------------|
|   |     |         |   |    |   VALOR    |             |       |   OPERACOES COM DEBITO DO IMPOSTO   |OPERACOES S/DEBITO  IMPOSTO |
|   |SERIE|         |   |UF  |            |             |       |------------------------------------------------------------------|
|ESP|SUB- |  NUMERO |DIA|DEST|  CONTABIL  |   CONTABIL  | FISCAL|    BASE CALCULO  |ALIQ |  IMPOSTO   |ISENTAS OU NAO|   OUTRAS    |
|   |SERIE|         |   |    |            |             |       |                  |     |  DEBITADO  |TRIBUTADAS    |             |
|----------------------------------------------------------------------------------------------------------------------------------|
                                          |             |6.403  |      444444444,11|25,00| 
** Value 111111111,03 cannot be displayed using >>>>>>>9.99. (74)
???????????                                                                                           |          0,00|         0,00|
|NFS|999  |  0000006| 26|  SP| 
** Value 666666666,33 cannot be displayed using >>>>>>>9.99. (74)
???????????                               |             |6.101  |      599999999,70|25,00| 
** Value 149999999,93 cannot be displayed using >>>>>>>9.99. (74)
???????????                                                                                           |          0,00|  66666666,63|
|NFS|999  |  0000007| 26|  SP| 
** Value 744830176,8 cannot be displayed using >>>>>>>9.99. (74)
???????????                               |             |6.101  |              0,00| 0,00|        0,00|  676767676,76|         0,00|
|NFS|12   |  0302039| 27|  SP| 
** Value 122222222,1 cannot be displayed using >>>>>>>9.99. (74)
???????????                               |             |6.101  |      111111111,00|25,00| 27777777,75|          0,00|         0,00|
|NFS|5    |  0076154| 27|  SP|      100,00|             |6.102  |            100,00|25,00|       25,00|          0,00|         0,00|
|NFS|5    |  0076155| 27|  SP|      105,00|             |6.102  |            105,00|25,00|       26,25|          0,00|         0,00|
|NFS|5    |  0076156| 27|  SP|      200,00|             |6.102  |              0,00| 0,00|        0,00|        200,00|         0,00|
|NFS|5    |  0076157| 27|  SP|     8430,00|             |6.102  |           8430,00|25,00|     2107,50|          0,00|         0,00|
|NFS  
    |5    |  0076158| 27|  MT|     6666,67|             |6.109  |              0,00| 0,00|        0,00|       6600,00|         0,00|
|NFS|999  |  0001011| 27|  SP| 
** Value 111111111 cannot be displayed using >>>>>>>9.99. (74)
???????????                               |             |6.101  |              0,00| 0,00|        0,00|  111111111,00|         0,00|
|NFS|999  |  0001012| 27|  SP| 
** Value 691111110,53 cannot be displayed using >>>>>>>9.99. (74)
???????????                               |             |6.101  |              0,00| 0,00|        0,00|  222222222,00| 468888888,53|
|NFS|un   |  0000007| 27|  sc|      962,64|             |5.101  |            916,80|17,00|      155,86|          0,00|         0,00|
|NFS|12   |  0302041| 28|  SP|      165,00|             |6.101  |            150,00|25,00|       37,50|          0,00|         0,00|
|NFS|12   |  0302042| 28|  SP|       60,50|             |6.101  |             55,00|25,00|       13,75|          0,00|         0,00|
|NFS|12   |  0302043| 28|  SP|      110,00|             |6.101  |            100,00|25,00|       25,00|          0,00|         0,00|
|NFS|12   |  0302044| 28|  SP|       48,40|             |6.101  |             44,00|25,00|       11,00|          0,00|         0,00|
|NFS|12345|  0000001| 28|  SP|      137,44|             |6.102  |            127,26|25,00|       31,82|          0,00|         0,00|
|NFS|12345|  0000002| 28|  SP|    10846,66|             |6.102  |          10846,66|25,00|     2711,67|          0,00|         0,00|
|NFS|12345|  0000003| 28|  SP|    10846,66|             |6.102  |          10846,66|25,00|     2711,67|          0,00|         0,00|
|NFS|15   |234567891| 28|  SP|      346,66|             |6.102  |            346,66|25,00|       86,67|          0,00|         0,00|
|NFS|15   |234567892| 28|  SP|    10500,00|             |6.102  |          10500,00|25,00|     2625,00|          0,00|         0,00|
|NFS|15   |234567893| 28|  SP|   262626,00|             |6.102  |         262626,00|25,00|    65656,50|          0,00|         0,00|
|NFS  
    |5    |  0076159| 28|  MT|     3333,33|             |6.109  |              0,00| 0,00|        0,00|       3300,00|         0,00|
|NFS|5    |  0076161| 28|  SC|      757,22|             |5.101  |            705,88|17,00|      120,00|          0,00|         0,00|
|NFS  
    |5    |  0076163| 28|  MT|    10000,00|             |6.109  |              0,00| 0,00|        0,00|       9900,00|         0,00|
|NFS|5    |  0076164| 28|  SP|     1992,30|             |6.109  |              0,00| 0,00|        0,00|       1992,30|         0,00|
|NFS|12   |  0302045| 29|  SP| 
** Value 122222222,1 cannot be displayed using >>>>>>>9.99. (74)
???????????                               |             |6.101  |      111111111,00|25,00| 27777777,75|          0,00|         0,00|
|NFS|12   |  0302046| 29|  SP|     1222,10|             |6.101  |           1111,00|25,00|      277,75|          0,00|         0,00|
|NFS|12   |  0302047| 29|  SP| 
** Value 704187499,41 cannot be displayed using >>>>>>>9.99. (74)
???????????                               |             |6.403  |      666666666,11|25,00| 
** Value 166666666,53 cannot be displayed using >>>>>>>9.99. (74)
+----------------------------------------------------------------------------------------------------------------------------------+
|                                                 R E G I S T R O  DE  S A I D A S                                                 |
|FIRMA:  Estabelecimento TOTVS - Ñ ALTERAR CONTAS                                                                                  |
|INSCR. EST.:  255721161            CNPJ   :  53.113.791/0017-90                                                                   |
|FOLHA:        6         MES OU PERIODO/ANO:  01/07/2011  A  31/07/2011                                                            |
|----------------------------------------------------------------------------------------------------------------------------------|
|     DOCUMENTOS FISCAIS     |            |     CODIFICACAO     |                 V A L O R E S  F I S C A I S                     |
+----------------------------+            |---------------------+------------------------------------------------------------------|
|   |     |         |   |    |   VALOR    |             |       |   OPERACOES COM DEBITO DO IMPOSTO   |OPERACOES S/DEBITO  IMPOSTO |
|   |SERIE|         |   |UF  |            |             |       |------------------------------------------------------------------|
|ESP|SUB- |  NUMERO |DIA|DEST|  CONTABIL  |   CONTABIL  | FISCAL|    BASE CALCULO  |ALIQ |  IMPOSTO   |ISENTAS OU NAO|   OUTRAS    |
|   |SERIE|         |   |    |            |             |       |                  |     |  DEBITADO  |TRIBUTADAS    |             |
|----------------------------------------------------------------------------------------------------------------------------------|
???????????                                                                                           |          0,00|         0,00|
|NFS|12   |  0302048| 29|  SP| 
** Value 444444444,55 cannot be displayed using >>>>>>>9.99. (74)
???????????                               |             |6.101  |      400000000,10|25,00| 
** Value 100000000,03 cannot be displayed using >>>>>>>9.99. (74)
???????????                                                                                           |          0,00|  44444444,45|
|NFS|12   |  0302049| 29|  SP|    12222,10|             |6.101  |          11111,00|25,00|     2777,75|          0,00|         0,00|
|NFS|12   |  0302053| 29|  SP|      110,00|             |6.101  |            100,00|25,00|       25,00|          0,00|         0,00|
|NFS|5    |  0076160| 29|  SC|     1364,04|             |5.101  |           1364,04|17,00|      231,89|          0,00|         0,00|
|NFS|5    |  0076165| 29|  SP|      104,00|             |6.102  |            104,00|25,00|       26,00|          0,00|         0,00|
|NFS  
    |5    |  0076166| 29|  MT|    10000,00|             |6.109  |              0,00| 0,00|        0,00|       9900,00|         0,00|
|NFS|5    |  0076167| 29|    |            |             |       |                  |     |            |              |             |
|NFS|999  |  0001014| 29|  SP|    12222,10|             |6.101  |          11111,00|25,00|     2777,75|          0,00|         0,00|
|   |     |         |   |    |            |             |       |                  |     |            |              |             |
|SUBTOTAL DE 01/07/2011 A 31/07/2011      |             |       |     7460087007,56|     |
** Value 1865003099,71 cannot be displayed using >>>>>>>>9.99. (74)
????????????                                                                                          | 3899054288,11| 813335140,21|
|   |     |         |   |    |            |             |       |                  |     |            |              |             |
|SUBTOTAL DE 01/07/2011 A 31/07/2011      |             |       |     7460087007,56|     |
** Value 1865003099,71 cannot be displayed using >>>>>>>>9.99. (74)
????????????                                                                                          | 3899054288,11| 813335140,21|
|   |     |         |   |    |            |             |       |                  |     |            |              |             |
|TOTAL GERAL 01/07/2011 A 31/07/2011      |             |       |     7460087007,56|     |
** Value 1865003099,71 cannot be displayed using >>>>>>>>9.99. (74)
????????????                                                                                          | 3899054288,11| 813335140,21|
|   |     |         |   |    |            |             |       |                  |     |            |              |             |
|   |     |         |   |    |            |             |       |                  |     |            |              |             |
|   |     |         |   |    |            |             |       |                  |     |            |              |             |
|   |     |         |   |    |            |             |       |                  |     |            |              |             |
|   |     |         |   |    |            |             |       |                  |     |            |              |             |
|   |     |         |   |    |            |             |       |                  |     |            |              |             |
|   |     |         |   |    |            |             |       |                  |     |            |              |             |
|   |     |         |   |    |            |             |       |                  |     |            |              |             |
|   |     |         |   |    |            |             |       |                  |     |            |              |             |
|   |     |         |   |    |            |             |       |                  |     |            |              |             |
|   |     |         |   |    |            |             |       |                  |     |            |              |             |
|   |     |         |   |    |            |             |       |                  |     |            |              |             |
|   |     |         |   |    |            |             |       |                  |     |            |              |             |
|   |     |         |   |    |            |             |       |                  |     |            |              |             |
|   |     |         |   |    |            |             |       |                  |     |            |              |             |
|   |     |         |   |    |            |             |       |                  |     |            |              |             |
|   |     |         |   |    |            |             |       |                  |     |            |              |             |
|   |     |         |   |    |            |             |       |                  |     |            |              |             |
|   |     |         |   |    |            |             |       |                  |     |            |              |             |
|   |     |         |   |    |            |             |       |                  |     |            |              |             |
|   |     |         |   |    |            |             |       |                  |     |            |              |             |
|   |     |         |   |    |            |             |       |                  |     |            |              |             |
|   |     |         |   |    |            |             |       |                  |     |            |              |             |
|   |     |         |   |    |            |             |       |                  |     |            |              |             |
+---------------------------------------------------------------------------------------------------------------------------------+
