------------------------------------------------------------------------------------------------------------------------------------
TOTVS S.A.                                       Relatório Auxiliar da Contribuição Previdência                         Página:    1
-------------------------------------------------------------------------------------------------------------- TODAY - 00:00:00

 
                                                                                              TOTAL Receita Atividade: 0,00
                                                                                                TOTAL Valor Exclusões: 0,00
                                                                                                     TOTAL Valor Base: 0,00
                                                                                                     TOTAL Valor INSS: 0,00






















































---------------------------------------------------------------------------------------------------------------------------------------------------------------------TOTVS -  - LF0218RP - V:0.00.00.000
------------------------------------------------------------------------------------------------------------------------------------
TOTVS S.A.                                       Relatório Auxiliar da Contribuição Previdência                         Página:    2
-------------------------------------------------------------------------------------------------------------- TODAY - 00:00:00

Notas Fiscais sem Desoneração:   

Dt Docto   Estab Série Docto            Emitente     Nat Oper Seq Item Item              NCM         Serviço CFOP            Val Contábil           Val IPI        Val ICMSST
---------- ----- ----- ---------------- ------------ -------- -------- ----------------  ----------  ------- ---------- ----------------- ----------------- -----------------
01/08/2011 1     12345 0000004          70           6123           10 13c               1108.12.00          6102                  109,08              8,08              0,00
01/08/2011 1     12345 0000004          70           6123           50 p2                7308.30.00          6102                  216,00              0,00              0,00
01/08/2011 1     12345 0000004          70           6123           40 13t               7308.30.00          6102                  105,00              0,00              0,00
01/08/2011 1     12345 0000004          70           6123           30 13ff              1108.12.00  0103    6102                   14,18              1,05              0,00
01/08/2011 1     12345 0000004          70           6123           20 13f               7308.30.00          6102                  104,00              0,00              0,00
01/08/2011 1     15    1234567894       70           6123           10 13t               7308.30.00          6102                  210,00              0,00              0,00
01/08/2011 1     15    1234567894       70           6123           30 13ff              1108.12.00  0103    6102                   28,36              2,10              0,00
01/08/2011 1     15    1234567894       70           6123           40 p2                7308.30.00          6102                  216,00              0,00              0,00
01/08/2011 1     15    1234567894       70           6123           20 13f               7308.30.00          6102                  104,00              0,00              0,00
01/08/2011 1     5     0076170          70           6123           20 13t               7308.30.00          6102          138.271.603,68              0,00              0,00
01/08/2011 1     5     0076170          70           6123           10 13f               7308.30.00          6102                  208,00              0,00              0,00
01/08/2011 1     5     0076172          81           611otf         30 13T               7308.30.00          6102                  210,00              0,00              0,00
01/08/2011 1     5     0076172          81           611otf         40 P2                7308.30.00          6102                1.296,00              0,00              0,00
01/08/2011 1     5     0076172          81           611otf         20 13FF              1108.12.00  0103    6102                   28,36              2,10              0,00
01/08/2011 1     5     0076172          81           611otf         10 13F               7308.30.00          6102                  208,00              0,00              0,00
01/08/2011 1     5     0076174          70           611otf         10 13T               7308.30.00          6102               21.000,00              0,00              0,00
01/08/2011 1     5     0076174          70           611otf         20 13C               1108.12.00          6102                9.104,40            674,40              0,00
01/08/2011 1     5     0076174          70           611otf         30 13FF              1108.12.00  0103    6102                   94,53              7,00              0,00
01/08/2011 1     5     0076174          70           611otf         40 P2                7308.30.00          6102                1.296,00              0,00              0,00
01/08/2011 1     5     0076179          70           611EFF         20 13T               7308.30.00          6118                    0,00              0,00              0,00
01/08/2011 1     5     0076179          70           611EFF         10 13FF              1108.12.00  0103    6118                    0,00              3,50              0,00
01/08/2011 1     graos 0108001          90000032     2322           20 soja              3403.19.00          2202                    2,68              0,00              0,00
01/08/2011 1     graos 0108001          90000032     2322           10 soja              3403.19.00          2202                    0,78              0,00              0,00
01/08/2011 1     graos 0108006          90000032     2322           10 soja              3403.19.00          2202                    0,67              0,00              0,00
01/08/2011 1     graos 0801002          90000032     2322           10 soja              3403.19.00          2202                    3,35              0,00              0,00
01/08/2011 1     graos 0801003          90000032     2322           10 soja              3403.19.00          2202                    3,35              0,00              0,00
01/08/2011 1     graos 2907003          90000032     2322           10 soja              3403.19.00          2202                    0,73              0,00              0,00
01/08/2011 1     graos 2907003          90000032     2322           20 soja              3403.19.00          2202                    0,73              0,00              0,00
02/08/2011 1     11    0290836          70           611tb          10 .danfe-tributado  3403.19.00          6101                  110,00             10,00              0,00
02/08/2011 1     11    0290837          70           611tb          10 .danfe-tributado  3403.19.00          6101                  132,00             12,00              0,00
02/08/2011 1     11    0290838          70           6123           10 13t               7308.30.00          6102                  210,00              0,00              0,00
02/08/2011 1     5     0076193          70           611ser         30 13d               0000.00.00          6102                  102,00              0,00              0,00
02/08/2011 1     5     0076195          70           611rfa         10 13c               1108.12.00          6101                  109,08              0,00              0,00
02/08/2011 1     graos 0208001          90000032     2322           10 soja              3403.19.00          2202                    3,35              0,00              0,00
02/08/2011 1     graos 0208002          90000032     2322           10 soja              3403.19.00          2202                    3,35              0,00              0,00
02/08/2011 1     graos 0208003          90000032     2322           10 soja              3403.19.00          2202                    3,35              0,00              0,00
02/08/2011 1     graos 0208004          90000032     2322           10 soja              3403.19.00          2202                    0,67              0,00              0,00
02/08/2011 1     graos 0208006          90000032     2322           10 soja              3403.19.00          2202                    3,35              0,00              0,00
02/08/2011 1     graos 0208007          90000032     2322           10 soja              3403.19.00          2202                    3,35              0,00              0,00
03/08/2011 1     5     0076196          70           6123           10 13c               1108.12.00          6102                  109,08              8,08              0,00
03/08/2011 1     5     0076196          70           6123           20 13cc              7308.30.00          6102                   23,45              0,00              0,00
03/08/2011 1     5     0076196          70           6123           30 13f               7308.30.00          6102                  104,00              0,00              0,00
03/08/2011 1     5     0076196          70           6123           40 13d               0000.00.00          6102                  102,00              0,00              0,00
03/08/2011 1     5     0076196          70           6123           50 13ff              1108.12.00  0103    6102                   14,18              1,05              0,00
03/08/2011 1     5     0076196          70           6123           60 13t               7308.30.00          6102                  105,00              0,00              0,00
03/08/2011 1     5     0076196          70           6123           70 ref               7308.30.00          6102                  102,00              0,00              0,00
03/08/2011 1     5     0076196          70           6123           80 p1                7308.30.00          6102                  107,00              0,00              0,00
03/08/2011 1     5     0076196          70           6123           90 p2                7308.30.00          6102                  108,00              0,00              0,00
03/08/2011 1     5     0076196          70           6123          100 p3                7308.30.00          6102                  109,00              0,00              0,00
03/08/2011 1     5     0308111          90000033     220202         10 SOJA              3403.19.00          2202                4.020,00              0,00              0,00
05/08/2011 1     graos 0108002          90000032     2322           10 soja              3403.19.00          2202                   78,00              0,00              0,00
05/08/2011 1     graos 0108003          90000032     2322           10 soja              3403.19.00          2202                   78,00              0,00              0,00
05/08/2011 1     graos 0108005          90000032     2322           10 soja              3403.19.00          2202                    0,78              0,00              0,00
05/08/2011 1     graos 0508001          90000032     2322           10 soja              3403.19.00          2202                   78,00              0,00              0,00
05/08/2011 1     graos 0508002          90000032     2322           10 soja              3403.19.00          2202                   78,00              0,00              0,00
---------------------------------------------------------------------------------------------------------------------------------------------------------------------TOTVS -  - LF0218RP - V:0.00.00.000
------------------------------------------------------------------------------------------------------------------------------------
TOTVS S.A.                                       Relatório Auxiliar da Contribuição Previdência                         Página:    3
-------------------------------------------------------------------------------------------------------------- TODAY - 00:00:00


Dt Docto   Estab Série Docto            Emitente     Nat Oper Seq Item Item              NCM         Serviço CFOP            Val Contábil           Val IPI        Val ICMSST
---------- ----- ----- ---------------- ------------ -------- -------- ----------------  ----------  ------- ---------- ----------------- ----------------- -----------------
05/08/2011 1     graos 0508003          90000032     2322           10 soja              3403.19.00          2202                   40,20              0,00              0,00
05/08/2011 1     graos 0508003          90000032     2322           20 soja              3403.19.00          2202                   31,20              0,00              0,00
05/08/2011 1     graos 0508004          90000032     2322           10 soja              3403.19.00          2202                   33,50              0,00              0,00
05/08/2011 1     graos 0508004          90000032     2322           20 soja              3403.19.00          2202                   39,00              0,00              0,00
05/08/2011 1     graos 0508005          90000032     2322           10 soja              3403.19.00          2202                   39,00              0,00              0,00
05/08/2011 1     graos 0508005          90000032     2322           20 soja              3403.19.00          2202                   55,50              0,00              0,00
08/08/2011 1     graos 0808001          90000032     2322           10 soja              3403.19.00          2202                    7,80              0,00              0,00
09/08/2011 1     1     0007177          90000033     2311           10 soja              3403.19.00          2201                  780,00              0,00              0,00
09/08/2011 1     1     0007177          90000033     2311           20 soja              3403.19.00          2201                4.680,00              0,00              0,00
09/08/2011 1     1     0007177          90000033     2311           30 soja              3403.19.00          2201                2.520,00              0,00              0,00
09/08/2011 1     1     0008188          90000033     2311           10 soja              3403.19.00          2201                3.120,00              0,00              0,00
09/08/2011 1     1     0008188          90000033     2311           20 soja              3403.19.00          2201                  780,00              0,00              0,00
09/08/2011 1     1     0009199          90000033     2311           10 soja              3403.19.00          2201                2.340,00              0,00              0,00
09/08/2011 1     1     0009199          90000033     2311           20 soja              3403.19.00          2201                1.680,00              0,00              0,00
10/08/2011 1     5     0076267          70           6123           10 13C               1108.12.00          6102                  218,16             16,16              0,00
10/08/2011 1     5     0076267          70           6123           30 13T               7308.30.00          6102                  257,10              0,00              0,00
10/08/2011 1     5     0076267          70           6123           20 13T               7308.30.00          6102                  210,00              0,00              0,00
10/08/2011 1     5     0076270          70           611eff         10 13C               1108.12.00          6118                    0,00            674,40              0,00
10/08/2011 1     5     0076270          70           611eff         20 13F               7308.30.00          6118                    0,00              0,00              0,00
10/08/2011 1     5     0076270          70           611eff         30 13T               7308.30.00          6118                    0,00              0,00              0,00
10/08/2011 1     5     0076272          70           611otf         10 13F               7308.30.00          6102                  346,66              0,00              0,00
10/08/2011 1     5     0076272          70           611otf         30 13C               1108.12.00          6102                9.104,40            674,40              0,00
10/08/2011 1     5     0076272          70           611otf         20 13T               7308.30.00          6102               21.000,00              0,00              0,00
10/08/2011 1     5     0076274          81           611otf         40 13C               1108.12.00          6102                  218,16             16,16              0,00
10/08/2011 1     5     0076274          81           611otf         30 DD                0000.00.00          6102                  206,00              0,00              0,00
10/08/2011 1     5     0076274          81           611otf         20 13D               0000.00.00          6102                  204,00              0,00              0,00
10/08/2011 1     5     0076274          81           611otf         10 13C               1108.12.00          6102                  218,16             16,16              0,00
10/08/2011 1     5     0076277          81           611otf         20 13FF              1108.12.00  0103    6102                   42,54              3,15              0,00
10/08/2011 1     5     0076277          81           611otf         30 13T               7308.30.00          6102                  525,00              0,00              0,00
10/08/2011 1     5     0076277          81           611otf         10 13C               1108.12.00          6102                  218,16             16,16              0,00
10/08/2011 1     5     0076279          70           611otf         10 13C               1108.12.00          6102                4.552,20            337,20              0,00
10/08/2011 1     5     0076279          70           611otf         20 13FF              1108.12.00  0103    6102                   47,27              3,50              0,00
10/08/2011 1     5     0076279          70           611otf         30 13T               7308.30.00          6102               21.000,00              0,00              0,00
10/08/2011 1     un    0000011          1            611tb          10 13d               0000.00.00          6101                  916,70              0,00              0,00
10/08/2011 1     un    0000011          1            611tb          20 13f               7308.30.00          6101                  550,02              0,00              0,00
10/08/2011 1     un    0000012          1            611tb          20 13f               7308.30.00          6101                  183,34              0,00              0,00
10/08/2011 1     un    0000012          1            611tb          10 13d               0000.00.00          6101                  916,70              0,00              0,00
12/08/2011 1     5     0076316          70           6123           10 13c               1108.12.00          6102                  109,08              8,08              0,00
12/08/2011 1     5     0076317          81           6123           10 13f               7308.30.00          6102                  104,00              0,00              0,00
12/08/2011 1     5     0076317          81           6123           20 13d               0000.00.00          6102                  102,00              0,00              0,00
12/08/2011 1     5     0076317          81           6123           30 DD                0000.00.00          6102                  103,00              0,00              0,00
12/08/2011 1     5     0076317          81           6123           40 13t               7308.30.00          6102                  105,00              0,00              0,00
12/08/2011 1     5     0076319          70           6123           10 13c               1108.12.00          6102                  109,08              8,08              0,00
12/08/2011 1     5     0076319          70           6123           20 13f               7308.30.00          6102                  104,00              0,00              0,00
12/08/2011 1     5     0076320          81           6123           20 13f               7308.30.00          6102                  104,00              0,00              0,00
12/08/2011 1     5     0076320          81           6123           10 13c               1108.12.00          6102                  109,08              8,08              0,00
12/08/2011 1     5     0076321          70           6123           20 13f               7308.30.00          6102                  104,00              0,00              0,00
12/08/2011 1     5     0076321          70           6123           10 13c               1108.12.00          6102                  109,08              8,08              0,00
12/08/2011 1     5     0076322          81           6123           30 13F               7308.30.00          6102                1.040,00              0,00              0,00
12/08/2011 1     5     0076322          81           6123           20 13T               7308.30.00          6102                1.050,00              0,00              0,00
12/08/2011 1     5     0076322          81           6123           10 13C               1108.12.00          6102                1.090,80             80,80              0,00
12/08/2011 1     5     0076323          81           6123           10 P2                7308.30.00          6102                1.296,00              0,00              0,00
12/08/2011 1     5     0076323          81           6123           20 P1                7308.30.00          6102                1.284,00              0,00              0,00
12/08/2011 1     5     0076324          81           6123           20 13f               7308.30.00          6102                  208,00              0,00              0,00
12/08/2011 1     5     0076324          81           6123           10 13c               1108.12.00          6102                  109,08              8,08              0,00
12/08/2011 1     5     0076324          81           6123           30 13t               7308.30.00          6102                  315,00              0,00              0,00
---------------------------------------------------------------------------------------------------------------------------------------------------------------------TOTVS -  - LF0218RP - V:0.00.00.000
------------------------------------------------------------------------------------------------------------------------------------
TOTVS S.A.                                       Relatório Auxiliar da Contribuição Previdência                         Página:    4
-------------------------------------------------------------------------------------------------------------- TODAY - 00:00:00


Dt Docto   Estab Série Docto            Emitente     Nat Oper Seq Item Item              NCM         Serviço CFOP            Val Contábil           Val IPI        Val ICMSST
---------- ----- ----- ---------------- ------------ -------- -------- ----------------  ----------  ------- ---------- ----------------- ----------------- -----------------
12/08/2011 1     5     0076325          13           611-IE         10 FB2               7308.30.00          6109                5.600,00              0,00              0,00
12/08/2011 1     5     0076327          70           6123           10 13C               1108.12.00          6102                  218,16             16,16              0,00
12/08/2011 1     5     0076327          70           6123           20 13F               7308.30.00          6102                  208,00              0,00              0,00
12/08/2011 1     5     0076329          1            6123           10 DD                0000.00.00          6102                   94,42              0,00              0,00
12/08/2011 1     5     0076329          1            6123           30 13D               0000.00.00          6102                   93,50              0,00              0,00
12/08/2011 1     5     0076329          1            6123           20 13C               1108.12.00          6102                  100,00              7,41              0,00
12/08/2011 1     5     0076331          70           6123           20 13D               0000.00.00          6102                  306,00              0,00              0,00
12/08/2011 1     5     0076331          70           6123           10 DD                0000.00.00          6102                  257,10              0,00              0,00
12/08/2011 1     5     0076333          1            6123           10 DD                0000.00.00          6102                   94,42              0,00              0,00
12/08/2011 1     5     0076334          1            6123           10 13t               7308.30.00          6102                   96,25              0,00              0,00
12/08/2011 1     5     0076335          13           611EFF         10 13c               1108.12.00          6118                    0,00            808,00              0,00
12/08/2011 1     5     0076336          12704        511eff         10 .comprasdd        7308.90.90          5101                    0,00              0,20              0,00
12/08/2011 1     5     0076338          70           6123           10 13c               1108.12.00          6102                  109,08              8,08              0,00
12/08/2011 1     5     0076340          12704        511eff         10 .comprasdd        7308.90.90          5101                    0,00              0,20              0,00
12/08/2011 1     5     0076341          1            6123           10 13C               1108.12.00          6102                  100,00              7,41              0,00
12/08/2011 1     5     0076342          13           611-IE         10 FB2               7308.30.00          6109                  560,00              0,00              0,00
19/08/2011 1     5     0076500          70           6123           10 13c               1108.12.00          6102               27.000,00          2.000,00              0,00
19/08/2011 1     5     0076501          70           611eff         10 13t               7308.30.00          6118                    0,00              0,00              0,00
19/08/2011 1     5     0076505          13           611-IE         10 SOJA              3403.19.00          6109               64.472,50              0,00              0,00
19/08/2011 1     5     0076506          70           611eff         10 13t               7308.30.00          6118                    0,00              0,00              0,00
19/08/2011 1     5     0076507          70           611eff         10 13t               7308.30.00          6118                    0,00              0,00              0,00
19/08/2011 1     5     0076508          70           611eff         10 13t               7308.30.00          6118                    0,00              0,00              0,00
19/08/2011 1     5     0076512          70           6123           10 13T               7308.30.00          6102                   12,00              0,00              0,00
19/08/2011 1     5     0076513          13           611-IE         10 SOJA              3403.19.00          6109                8.300,00              0,00              0,00
19/08/2011 1     5     0076514          70           611eff         10 13t               7308.30.00          6118                    0,00              0,00              0,00
19/08/2011 1     5     0076514          70           611eff         20 13t               7308.30.00          6118                    0,00              0,00              0,00
19/08/2011 1     5     0076519          70           611eff         10 13t               7308.30.00          6118                    0,00              0,00              0,00
19/08/2011 1     5     0076519          70           611eff         20 13t               7308.30.00          6118                    0,00              0,00              0,00


                                                                                              TOTAL:               138.504.322,27      0,00                5.455,31

























---------------------------------------------------------------------------------------------------------------------------------------------------------------------TOTVS -  - LF0218RP - V:0.00.00.000
------------------------------------------------------------------------------------------------------------------------------------
TOTVS S.A.                                       Relatório Auxiliar da Contribuição Previdência                         Página:    5
-------------------------------------------------------------------------------------------------------------- TODAY - 00:00:00

            Seleção

                    Empresa:   10
                    Estabel:   1          |< >|    1
                      Série:              |< >|    ZZZZZ
                Nota Fiscal:              |< >|    99999999
                       Data:   01/08/11   |< >|    31/08/11
                     Estado:              |< >|    ZZ


            Destino:  Arquivo          -   c:/automacao/relatorios/CN01_LF0218_Rela
            Usuário:  super


            Parâmetro


                      Notas Fiscais de Exportação: Emissão
                    Imprime Notas Sem Desoneração: Sim








































---------------------------------------------------------------------------------------------------------------------------------------------------------------------TOTVS -  - LF0218RP - V:0.00.00.000

