                                               R E G I S T R O  DE  S A I D A S
FIRMA: Estabelecimento TOTVS - Ñ ALTERAR CONTAS
INSCR. EST.: 255721161             CNPJ   : 53.113.791/0017-90
PÁGINA:       2         MES OU PERIODO/ANO: 01/07/2011 A 31/07/2011


*-- DOCUMENTOS FISCAIS --*                         *----------------- V A L O R E S  F I S C A I S ----------------------*
    SER                 UF    VALOR        CODIFICACAO        OPERACOES COM DEBITO DO IMPOSTO     OPERACOES SEM DEBITO DO IMPOSTO
ESP SUB-    NUMERO DIA DEST   CONTABIL CONTABIL     FISCAL   BASE CALCULO   ALIQ     IMPOSTO   ISENTAS OU NAO    OUTRAS  OBSERVACOES
    SERIE                                                                            DEBITADO    TRIBUTADAS

NFS 5        75955  1                                                                                                                   
NFS 5        75956  1  SC    1155,00                5.101           1155,00 18,00      207,90           0,00        0,00
NFS 5        75957  1                                                                                                                   
NFS 5        75958  4                                                                                                                   
NFS 5        75959  4                                                                                                                   
NFS 5        75960  4                                                                                                                   
NFS 5        75961  4                                                                                                                   
NFS 5        75962  4  sp     202,00                6.102            202,00 12,00       24,24           0,00        0,00
             75963
NFS 5        75964  4  SC     962,50                5.101            962,50 18,00      173,25           0,00        0,00
NFS 5        75965  5                                                                                                                   
NFS 5        75966  5  SC    3363,33                5.101           3363,33 18,00      605,40           0,00        0,00
             75969
NFS un         123  5  SP    1314,60                5.101           1252,00 12,00      150,24           0,00        0,00
NFS un        1500  5                                                                                                                   
NFS un        4580  5                                                                                                                   
NFS graos       10  8  PR   13400,00                6.201              0,00  0,00        0,00       13400,00        0,00 IPI-        
                                                                                                                               2.010,
                                                                                                                         00          
NFS 11      290622  8                                                                                                                   
NFS 11      290623  8                                                                                                                   
NFS 11      290624  8                                                                                                                   
NFS 5        75987  8  SP  122031,59                6.102         122031,59 12,00    14643,78           0,00        0,00
             75992
NFS graos       11  8                                                                                                                   
NFS graos       12  8  PR    6700,00                6.949              0,00  0,00        0,00        6700,00        0,00
NFS un       12000 12                                                                                                                   
NFS un       13000 13  SP   13400,00                6.101              0,00 25,00        0,00       12000,00        0,00
NFS 11      290668 14  SP     400,00                6.101              0,00  0,00        0,00         400,00        0,00
            290671
NFS 11      290672 14                                                                                                                   
NFS 11      290673 14                                                                                                                   
NFS 11      290674 14  SP     600,00                6.101              0,00  0,00        0,00           0,00      600,00
NFS 5        76032 14  SC     962,50                5.101            962,50 17,00      163,63           0,00        0,00
NFS 5        76033 14  SP     108,00                6.102            108,00 25,00       27,00           0,00        0,00
NFS 5        76034 14  SC     407,93                5.101            407,93 17,00       69,35           0,00        0,00
NFS 5        76035 14  SP     108,00                6.102            108,00 25,00       27,00           0,00        0,00
NFS 5        76036 14  SC    4042,50                5.101           4042,50 17,00      687,24           0,00        0,00
             76039
NFS un           3 14  SC     916,70                5.101            916,70 17,00      155,84           0,00        0,00
NFS 11      290678 15                                                                                                                   
NFS 11      290679 15                                                                                                                   
NFS 11      290680 15                                                                                                                   
NFS 11      290681 15  SP     600,00                6.101              0,00  0,00        0,00           0,00      600,00
NFS 11      290681 15  SP     160,31                6.403            142,50 25,00       35,63           0,00        7,50
NFS 11      290681 15  SP     600,00                6.101              0,00  0,00        0,00           0,00      600,00
NFS 11      290681 15  SP     105,63                6.403            100,00 25,00       25,00           0,00        0,00
NFS 11      290681 15  SP    3260,00                6.101           2900,00 25,00      725,00           0,00        0,00
NFS 5          157 15                                                                                                                   
NFS 5        76043 15  SC       0,00                5.101              0,00  0,00        0,00           0,00        0,00 SIMPLES     
                                                                                                                         FATURAMENTO 
NFS 5        76044 15  SP     202,00                6.102            202,00 25,00       50,50           0,00        0,00
                                               R E G I S T R O  DE  S A I D A S
FIRMA: Estabelecimento TOTVS - Ñ ALTERAR CONTAS
INSCR. EST.: 255721161             CNPJ   : 53.113.791/0017-90
PÁGINA:       3         MES OU PERIODO/ANO: 01/07/2011 A 31/07/2011


*-- DOCUMENTOS FISCAIS --*                         *----------------- V A L O R E S  F I S C A I S ----------------------*
    SER                 UF    VALOR        CODIFICACAO        OPERACOES COM DEBITO DO IMPOSTO     OPERACOES SEM DEBITO DO IMPOSTO
ESP SUB-    NUMERO DIA DEST   CONTABIL CONTABIL     FISCAL   BASE CALCULO   ALIQ     IMPOSTO   ISENTAS OU NAO    OUTRAS  OBSERVACOES
    SERIE                                                                            DEBITADO    TRIBUTADAS

NFS 5        76045 15  SC       0,00                5.101              0,00  0,00        0,00           0,00        0,00 SIMPLES     
                                                                                                                         FATURAMENTO 
NFS 5        76046 15  SC     525,00                5.101            500,00 17,00       85,00           0,00        0,00 NF 0076045  
                                                                                                                         15/07/2011  
NFS 5        76047 15  SP     203,00                6.102            203,00 25,00       50,75           0,00        0,00
             76048
NFS UN           4 15  SC       0,00                5.101              0,00  0,00        0,00           0,00        0,00 SIMPLES     
                                                                                                                         FATURAMENTO 
NFS un           5 15  SC       0,00                5.101              0,00  0,00        0,00           0,00        0,00 SIMPLES     
                                                                                                                         FATURAMENTO 
NFS un           6 15  SC    9167,00                5.101           9167,00 17,00     1558,39           0,00        0,00
NFS 11      290695 20  SP
** Valor 1481085543,63 nao pode ser mostrado com >>>>>>>9.99. (74)
                         ???????????                6.101  
** Valor 1346441403,3 nao pode ser mostrado com >>>>>>>>9.99. (74)
                                                               ???????????? 25,00
** Valor 336610350,83 nao pode ser mostrado com >>>>>>>9.99. (74)
                                                                                  ???????????           0,00        0,00
            290697
NFS 11      290800 20  SP
** Valor 1488081237,13 nao pode ser mostrado com >>>>>>>9.99. (74)
                         ???????????                6.101  
** Valor 1346437488,3 nao pode ser mostrado com >>>>>>>>9.99. (74)
                                                               ???????????? 25,00
** Valor 336609372,08 nao pode ser mostrado com >>>>>>>9.99. (74)
                                                                                  ???????????           0,00        0,00
            290801
NFS 11      290811 20  SP    4009,50                6.101           3645,00 25,00      911,25           0,00        0,00
            290812
NFS 5        76088 20  SP     206,00                6.102            206,00 25,00       51,50           0,00        0,00
NFS 5        76089 20  SC       0,00                5.101              0,00  0,00        0,00           0,00        0,00 SIMPLES     
                                                                                                                         FATURAMENTO 
NFS 5        76090 20  SC       0,00                5.101              0,00  0,00        0,00           0,00        0,00 SIMPLES     
                                                                                                                         FATURAMENTO 
NFS 5        76091 20  SC       0,00                5.101              0,00  0,00        0,00           0,00        0,00 SIMPLES     
                                                                                                                         FATURAMENTO 
NFS 5        76092 20  SC       4,20                5.101              4,00 17,00        0,68           0,00        0,00
NFS 5        76093 20  SP    5574,00                6.102           5574,00 25,00     1393,50           0,00        0,00
             76094
NFS 5        76095 20  SC    2850,90                5.101           2850,90 17,00      484,66           0,00        0,00
             76096
NFS 5        76097 20                                                                                                                   
NFS 5        76098 20  SC     962,50                5.101            962,50 17,00      163,63           0,00        0,00
NFS 11      290813 21  SP     148,50                6.101            135,00 25,00       33,75           0,00        0,00
NFS 12      302011 21  SP
** Valor 122222222,1 nao pode ser mostrado com >>>>>>>9.99. (74)
                         ???????????                6.101      111111111,00 25,00 27777777,75           0,00        0,00
NFS 5        76099 21  SP   10912,00                6.102          10912,00 25,00     2728,00           0,00        0,00
             76100
NFS 5        76101 21  SP      12,10                5.101             12,10 25,00        3,03           0,00        0,00
NFS 5        76103 22                                                                                                                   
NFS 5        76104 22                                                                                                                   
NFS 5        76105 22  SP     900,00                                               R E G I S T R O  DE  S A I D A S
FIRMA: Estabelecimento TOTVS - Ñ ALTERAR CONTAS
INSCR. EST.: 255721161             CNPJ   : 53.113.791/0017-90
PÁGINA:       4         MES OU PERIODO/ANO: 01/07/2011 A 31/07/2011


*-- DOCUMENTOS FISCAIS --*                         *----------------- V A L O R E S  F I S C A I S ----------------------*
    SER                 UF    VALOR        CODIFICACAO        OPERACOES COM DEBITO DO IMPOSTO     OPERACOES SEM DEBITO DO IMPOSTO
ESP SUB-    NUMERO DIA DEST   CONTABIL CONTABIL     FISCAL   BASE CALCULO   ALIQ     IMPOSTO   ISENTAS OU NAO    OUTRAS  OBSERVACOES
    SERIE                                                                            DEBITADO    TRIBUTADAS

                                                    6.101            900,00 25,00      225,00           0,00        0,00 NF 0076102  
                                                                                                                         22/07/2011  
NFS 5        76106 22  SP     707,00                6.102            707,00 25,00      176,75           0,00        0,00
NFS 5        76109 22                                                                                                                   
NFS 5        76111 22                                                                                                                   
NFS 5        76112 22  SC     157,50                5.901            150,00 17,00       25,50           0,00        0,00
NFS 5        76114 22  SC     110,25                5.901            105,00 17,00       17,85           0,00        0,00
NFS 5        76115 22                                                                                                                   
NFS 5        76116 22  SP   11805,50                6.102          11805,50 25,00     2951,38           0,00        0,00
             76121
NFS 5        76127 25  SC       0,06                5.201              0,00  0,00        0,00           0,05        0,00 IPI-        
                                                                                                                                   0,
                                                                                                                         01          
NFS 12      302021 25  SP
** Valor 352093749,65 nao pode ser mostrado com >>>>>>>9.99. (74)
                         ???????????                6.403      333333333,00 25,00 83333333,25           0,00        0,00
NFS 12      302022 25  SP
** Valor 1251744790,42 nao pode ser mostrado com >>>>>>>9.99. (74)
                         ???????????                6.101              0,00  0,00        0,00
** Valor 1166666665,5 nao pode ser mostrado com >>>>>>>>9.99. (74)
                                                                                                ????????????        0,00
            302023
NFS 5        76122 25  SP    1069,48                6.102           1069,48 25,00      267,37           0,00        0,00
             76124
NFS 5        76125 25  SC    2097,48                5.101           2097,48 17,00      356,57           0,00        0,00
             76126
NFS 5        76128 25  SC       0,00                5.101              0,00  0,00        0,00           0,00        0,00 SIMPLES     
                                                                                                                         FATURAMENTO 
NFS 5        76130 25  SP     425,00                6.102            425,00 25,00      106,25           0,00        0,00
NFS 5        76131 25  SC       0,00                5.101              0,00  0,00        0,00           0,00        0,00 SIMPLES     
                                                                                                                         FATURAMENTO 
NFS 5        76132 25  SC     953,40                5.101            953,40 17,00      162,08           0,00        0,00
NFS 5        76133 25                                                                                                                   
NFS 5        76134 25  SC     652,33                5.101            652,13 17,00      110,86           0,00        0,00
             76135
NFS 5        76136 25  SP      93,50                6.102             93,50 25,00       23,38           0,00        0,00
NFS 5        76137 25  SC       0,00                5.101              0,00  0,00        0,00           0,00        0,00 SIMPLES     
                                                                                                                         FATURAMENTO 
NFS 5        76138 25  SC       0,00                5.101              0,00  0,00        0,00           0,00        0,00 SIMPLES     
                                                                                                                         FATURAMENTO 
NFS 5        76139 25  SP    1000,00                6.109           1000,00 25,00      250,00           0,00        0,00
NFS 5        76141 25  SP    1944,00                6.102           1944,00 25,00      486,00           0,00        0,00
NFS 5        76144 25  SP      93,50                6.102             93,50 25,00       23,38           0,00        0,00
NFS 5        76145 25  SC     935,00                5.101            935,00 17,00      158,95           0,00        0,00
NFS 5        76146 25                                                                                                                   
NFS 11      290829 26  SP
** Valor 1268764109,2 nao pode ser mostrado com >>>>>>>9.99. (74)
                         ???????????                6.101           3358,00 25,00      839,50
** Valor 1166666665,5 nao pode ser mostrado com >>>>>>>>9.99. (74)
                                                                                                ????????????        0,00
            290831
NFS 12      302024 26  SP
** Valor 469458332,87 nao pode ser mostrado com >>>>>>>9.99. (74)
                                               R E G I S T R O  DE  S A I D A S
FIRMA: Estabelecimento TOTVS - Ñ ALTERAR CONTAS
INSCR. EST.: 255721161             CNPJ   : 53.113.791/0017-90
PÁGINA:       4         MES OU PERIODO/ANO: 01/07/2011 A 31/07/2011


*-- DOCUMENTOS FISCAIS --*                         *----------------- V A L O R E S  F I S C A I S ----------------------*
    SER                 UF    VALOR        CODIFICACAO        OPERACOES COM DEBITO DO IMPOSTO     OPERACOES SEM DEBITO DO IMPOSTO
ESP SUB-    NUMERO DIA DEST   CONTABIL CONTABIL     FISCAL   BASE CALCULO   ALIQ     IMPOSTO   ISENTAS OU NAO    OUTRAS  OBSERVACOES
    SERIE                                                                            DEBITADO    TRIBUTADAS

                         ???????????                6.403      444444444,00 25,00
** Valor 111111111 nao pode ser mostrado com >>>>>>>9.99. (74)
                                                                                  ???????????           0,00        0,00
NFS 12      302025 26  SP
** Valor 1366666665,3 nao pode ser mostrado com >>>>>>>9.99. (74)
                         ???????????                6.101      544444443,90 25,00
** Valor 136111110,98 nao pode ser mostrado com >>>>>>>9.99. (74)
                                                                                  ???????????   555555555,00233333333,10
            302026
NFS 12      302029 26  SP     122,10                6.101            111,00 25,00       27,75           0,00        0,00
NFS 5        76148 26                                                                                                                   
NFS 5        76151 26                                                                                                                   
NFS 5        76152 26                                                                                                                   
NFS 5        76153 26  SP      13,00                6.102             12,04 25,00        3,01           0,00        0,00
NFS 999          2 26  SP
** Valor 1100012221 nao pode ser mostrado com >>>>>>>9.99. (74)
                         ???????????                6.101  
** Valor 1000011110 nao pode ser mostrado com >>>>>>>>9.99. (74)
                                                               ???????????? 25,00
** Valor 250002777,5 nao pode ser mostrado com >>>>>>>9.99. (74)
                                                                                  ???????????           0,00        0,00
                 4
NFS 999          5 26  SP
** Valor 469458332,98 nao pode ser mostrado com >>>>>>>9.99. (74)
                         ???????????                6.403      444444444,11 25,00
** Valor 111111111,03 nao pode ser mostrado com >>>>>>>9.99. (74)
                                                                                  ???????????           0,00        0,00
NFS 999          6 26  SP
** Valor 1411496843,13 nao pode ser mostrado com >>>>>>>9.99. (74)
                         ???????????                6.101      599999999,70 25,00
** Valor 149999999,93 nao pode ser mostrado com >>>>>>>9.99. (74)
                                                                                  ???????????   676767676,76 66666666,63
                 7
NFS 5        76158 27  MT    6666,67                6.109              0,00  0,00        0,00        6600,00        0,00
NFS 12      302039 27  SP
** Valor 122222222,1 nao pode ser mostrado com >>>>>>>9.99. (74)
                         ???????????                6.101      111111111,00 25,00 27777777,75           0,00        0,00
NFS 5        76154 27  SP    8835,00                6.102           8635,00 25,00     2158,75         200,00        0,00
             76157
NFS 999       1011 27  SP
** Valor 802222221,53 nao pode ser mostrado com >>>>>>>9.99. (74)
                         ???????????                6.101              0,00  0,00        0,00   333333333,00468888888,53
              1012
NFS un           7 27  sc     962,64                5.101            916,80 17,00      155,86           0,00        0,00
NFS 5        76159 28  MT    3333,33                6.109              0,00  0,00        0,00        3300,00        0,00
NFS 5        76163 28  MT   10000,00                6.109              0,00  0,00        0,00        9900,00        0,00
NFS 12      302041 28  SP     383,90                6.101            349,00 25,00       87,25           0,00        0,00
            302044
NFS 12345        1 28  SP   21830,76                6.102          21820,58 25,00     5455,16           0,00        0,00
                 3
NFS 15   234567891 28  SP  273472,66                6.102         273472,66 25,00    68368,17           0,00        0,00
         234567893
NFS 5        76161 28  SC     757,22                                               R E G I S T R O  DE  S A I D A S
FIRMA: Estabelecimento TOTVS - Ñ ALTERAR CONTAS
INSCR. EST.: 255721161             CNPJ   : 53.113.791/0017-90
PÁGINA:       5         MES OU PERIODO/ANO: 01/07/2011 A 31/07/2011


*-- DOCUMENTOS FISCAIS --*                         *----------------- V A L O R E S  F I S C A I S ----------------------*
    SER                 UF    VALOR        CODIFICACAO        OPERACOES COM DEBITO DO IMPOSTO     OPERACOES SEM DEBITO DO IMPOSTO
ESP SUB-    NUMERO DIA DEST   CONTABIL CONTABIL     FISCAL   BASE CALCULO   ALIQ     IMPOSTO   ISENTAS OU NAO    OUTRAS  OBSERVACOES
    SERIE                                                                            DEBITADO    TRIBUTADAS

                                                    5.101            705,88 17,00      120,00           0,00        0,00
NFS 5        76164 28  SP    1992,30                6.109              0,00  0,00        0,00        1992,30        0,00
NFS 5        76166 29  MT   10000,00                6.109              0,00  0,00        0,00        9900,00        0,00
NFS 12      302045 29  SP
** Valor 122223444,2 nao pode ser mostrado com >>>>>>>9.99. (74)
                         ???????????                6.101      111112222,00 25,00 27778055,50           0,00        0,00
            302046
NFS 12      302047 29  SP
** Valor 704187499,41 nao pode ser mostrado com >>>>>>>9.99. (74)
                         ???????????                6.403      666666666,11 25,00
** Valor 166666666,53 nao pode ser mostrado com >>>>>>>9.99. (74)
                                                                                  ???????????           0,00        0,00
NFS 12      302048 29  SP
** Valor 444456666,65 nao pode ser mostrado com >>>>>>>9.99. (74)
                         ???????????                6.101      400011111,10 25,00
** Valor 100002777,78 nao pode ser mostrado com >>>>>>>9.99. (74)
                                                                                  ???????????           0,00 44444444,45
            302049
NFS 12      302053 29  SP     110,00                6.101            100,00 25,00       25,00           0,00        0,00
NFS 5        76160 29  SC    1364,04                5.101           1364,04 17,00      231,89           0,00        0,00
NFS 5        76165 29  SP     104,00                6.102            104,00 25,00       26,00           0,00        0,00
NFS 5        76167 29                                                                                                                   
NFS 999       1014 29  SP   12222,10                6.101          11111,00 25,00     2777,75           0,00        0,00
SUBTOTAL DE 01/07/2011 A 31/07/2011                           7460086906,56
** Valor 1865003074,46 nao pode ser mostrado com >>>>>>>>9.99. (74)
                                                                                 ????????????
** Valor 3899054288,11 nao pode ser mostrado com >>>>>>>>9.99. (74)
                                                                                              ????????????
** Valor 813335140,21 nao pode ser mostrado com >>>>>>>9.99. (74)
                                                                                                             ???????????
                                                                                                                                    
SUBTOTAL DE 01/07/2011 A 31/07/2011                           7460086906,56     1865003074,463899054288,11
** Valor 813335140,21 nao pode ser mostrado com >>>>>>>9.99. (74)
                                                                                                             ???????????
                                                                                                                                    
TOTAL GERAL 01/07/2011 A 31/07/2011                           7460086906,56
** Valor 1865003074,46 nao pode ser mostrado com >>>>>>>>9.99. (74)
                                                                                 ????????????
** Valor 3899054288,11 nao pode ser mostrado com >>>>>>>>9.99. (74)
                                                                                              ????????????
** Valor 813335140,21 nao pode ser mostrado com >>>>>>>9.99. (74)
                                                                                                             ???????????
                                                                                                                                    
                                                                                                                                    
                                                                                                                                    
                                                                                                                                    
                                                                                                                                    
                                                                                                                                    
                                                                                                                                    
                                                                                                                                    
                                                                                                                                    
                                                                                                                                    
                                                                                                                                    
                                               R E G I S T R O  DE  S A I D A S
FIRMA: Estabelecimento TOTVS - Ñ ALTERAR CONTAS
INSCR. EST.: 255721161             CNPJ   : 53.113.791/0017-90
PÁGINA:       6         MES OU PERIODO/ANO: 01/07/2011 A 31/07/2011

------------------------------------------------------------------------------------------------------------------------------------
                                   RESUMO DE OPERACOES E PRESTACOES POR CODIGO FISCAL (CFOP) -  01/07/11 A 31/07/11
------------------------------------------------------------------------------------------------------------------------------------

CFOP     NATUREZA                 VALOR CONTABIL            BASE CALCULO ALIQ.      IMPOSTO DEBIT   ISENTAS/N.TRIB            OUTRAS

5.000  Saidas e/ou Prestacoes de Servicos para o Estado                                                                             
                                                                                                                                    
 5.101   VENDA DE PRODUTOS                  0,00                    0,00     0,00            0,00             0,00              0,00
                                                                                                                                    
 5.101   VENDA DE PRODUTOS               1314,60                 1252,00    12,00          150,24             0,00              0,00
                                                                                                                                    
 5.101   VENDA DE PRODUTOS              27561,34                27438,76    17,00         4664,63             0,00              0,00
                                                                                                                                    
 5.101   VENDA DE PRODUTOS               5480,83                 5480,83    18,00          986,55             0,00              0,00
                                                                                                                                    
 5.101   VENDA DE PRODUTOS                 12,10                   12,10    25,00            3,03             0,00              0,00
                                                                                                                                    
 5.201   DEVOLUCAO DE MATERIA P             0,06                    0,00     0,00            0,00             0,05              0,00
                                                                                                                                    
 5.901   REMESSA P/ INDUST.               267,75                  255,00    17,00           43,35             0,00              0,00
                                                                                                                                    
   S U B T           5.000  -           34636,68                34438,69                  5847,80             0,05              0,00
6.000  Saidas e/ou Prestacoes de Servicos para Outros Estados                                                                       
                                                                                                                                    
 6.101   Venda Mercadoria          4623115359,15                    0,00     0,00            0,00    3676768073,76      691112910,53
                                                                                                                                    
 6.101   Venda Mercadoria          6358119583,34           5570702609,30    25,00   1392675652,35     222234222,00      122222222,18
                                                                                                                                    
 6.102   VENDA DE MERCADORIAS             200,00                    0,00     0,00            0,00           200,00              0,00
                                                                                                                                    
 6.102   VENDA DE MERCADORIAS          122233,59               122233,59    12,00        14668,02             0,00              0,00
                                                                                                                                    
 6.102   VENDA DE MERCADORIAS          337506,40               337495,26    25,00        84373,85             0,00              0,00
                                                                                                                                    
 6.109   VENDA DE PRODUTOS ZFM/         31992,30                    0,00     0,00            0,00         31692,30              0,00
                                                                                                                                    
 6.109   VENDA DE PRODUTOS ZFM/          1000,00                 1000,00    25,00          250,00             0,00              0,00
                                                                                                                                    
 6.201   DEVOLUCAO DE MATERIA P         13400,00                    0,00     0,00            0,00         13400,00              0,00
                                                                                                                                    
 6.403   VENDA DE MERCADORIAS-S    1995198180,85           1888889129,72    25,00    472222282,44             0,00              7,50
                                                                                                                                    
 6.949   OUTRAS SAIDAS                   6700,00                    0,00     0,00            0,00          6700,00              0,00
                                                                                                                                    
   S U B T           6.000  -     12976946155,63           7460052467,87            1864997226,66    3899054288,06      813335140,21
                                                                                                                                    
   T O T A L  G E R A L           12976980792,31           7460086906,56            1865003074,46    3899054288,11      813335140,21
                                                                                                                                    
                                                                                                                                    
                                                                                                                                    
                                                                                                                                    
                                                                                                                                    
                                                                                                                                    
                                                                                                                                    
                                                                                                                                    
                                                                                                                                    
                                                                                                                                    
                                                                                                                                    
                                               R E G I S T R O  DE  S A I D A S
FIRMA: Estabelecimento TOTVS - Ñ ALTERAR CONTAS
INSCR. EST.: 255721161             CNPJ   : 53.113.791/0017-90
PÁGINA:       7         MES OU PERIODO/ANO: 01/07/2011 A 31/07/2011

------------------------------------------------------------------------------------------------------------------------------------
                                   RESUMO DE OPERACOES E PRESTACOES POR CODIGO FISCAL (CFOP) -  MENSAL
------------------------------------------------------------------------------------------------------------------------------------

CFOP     NATUREZA                 VALOR CONTABIL            BASE CALCULO ALIQ.      IMPOSTO DEBIT   ISENTAS/N.TRIB            OUTRAS

5.000  Saidas e/ou Prestacoes de Servicos para o Estado                                                                             
                                                                                                                                    
 5.101   VENDA DE PRODUTOS                  0,00                    0,00     0,00            0,00             0,00              0,00
                                                                                                                                    
 5.101   VENDA DE PRODUTOS               1314,60                 1252,00    12,00          150,24             0,00              0,00
                                                                                                                                    
 5.101   VENDA DE PRODUTOS              27561,34                27438,76    17,00         4664,63             0,00              0,00
                                                                                                                                    
 5.101   VENDA DE PRODUTOS               5480,83                 5480,83    18,00          986,55             0,00              0,00
                                                                                                                                    
 5.101   VENDA DE PRODUTOS                 12,10                   12,10    25,00            3,03             0,00              0,00
                                                                                                                                    
 5.201   DEVOLUCAO DE MATERIA P             0,06                    0,00     0,00            0,00             0,05              0,00
                                                                                                                                    
 5.901   REMESSA P/ INDUST.               267,75                  255,00    17,00           43,35             0,00              0,00
                                                                                                                                    
   S U B T           5.000  -           34636,68                34438,69                  5847,80             0,05              0,00
6.000  Saidas e/ou Prestacoes de Servicos para Outros Estados                                                                       
                                                                                                                                    
 6.101   Venda Mercadoria          4623115359,15                    0,00     0,00            0,00    3676768073,76      691112910,53
                                                                                                                                    
 6.101   Venda Mercadoria          6358119583,34           5570702609,30    25,00   1392675652,35     222234222,00      122222222,18
                                                                                                                                    
 6.102   VENDA DE MERCADORIAS             200,00                    0,00     0,00            0,00           200,00              0,00
                                                                                                                                    
 6.102   VENDA DE MERCADORIAS          122233,59               122233,59    12,00        14668,02             0,00              0,00
                                                                                                                                    
 6.102   VENDA DE MERCADORIAS          337506,40               337495,26    25,00        84373,85             0,00              0,00
                                                                                                                                    
 6.109   VENDA DE PRODUTOS ZFM/         31992,30                    0,00     0,00            0,00         31692,30              0,00
                                                                                                                                    
 6.109   VENDA DE PRODUTOS ZFM/          1000,00                 1000,00    25,00          250,00             0,00              0,00
                                                                                                                                    
 6.201   DEVOLUCAO DE MATERIA P         13400,00                    0,00     0,00            0,00         13400,00              0,00
                                                                                                                                    
 6.403   VENDA DE MERCADORIAS-S    1995198180,85           1888889129,72    25,00    472222282,44             0,00              7,50
                                                                                                                                    
 6.949   OUTRAS SAIDAS                   6700,00                    0,00     0,00            0,00          6700,00              0,00
                                                                                                                                    
   S U B T           6.000  -     12976946155,63           7460052467,87            1864997226,66    3899054288,06      813335140,21
                                                                                                                                    
   T O T A L  G E R A L           12976980792,31           7460086906,56            1865003074,46    3899054288,11      813335140,21
                                                                                                                                    
                                                                                                                                    
                                                                                                                                    
                                                                                                                                    
                                                                                                                                    
                                                                                                                                    
                                                                                                                                    
                                                                                                                                    
                                                                                                                                    
                                                                                                                                    
                                                                                                                                    
                                               R E G I S T R O  DE  S A I D A S
FIRMA: Estabelecimento TOTVS - Ñ ALTERAR CONTAS
INSCR. EST.: 255721161             CNPJ   : 53.113.791/0017-90
PÁGINA:       8         MES OU PERIODO/ANO: 01/07/2011 A 31/07/2011

------------------------------------------------------------------------------------------------------------------------------------
                                         DEMONSTRATIVO DE ICMS POR ESTADO DE DESTINO  OPERACOES COM CONTRIBUINTES
------------------------------------------------------------------------------------------------------------------------------------

ESTADO                                     VALOR CONTABIL                  BASE CALCULO              VALOR SUBST            OUTRAS
DESTINO

MT   MATO GROSSO                                30.000,00                         0,00                                          0,00
                                                                                                                                    
PR   PARANA                                     20.100,00                         0,00                                          0,00
                                                                                                                                    
SC   SANTA CATARINA                             33.309,98                    33.174,59                                          0,00
                                                                                                                                    
sp   São Paulo                            12976897.382,33               7460053.731,97                                 813335.140,21
                                                                                                                                    
       T O T A L  G E R A L               12976980.792,31               7460086.906,56                                 813335.140,21
                                                                                                                                    
                                                                                                                                    
                                                                                                                                    
                                                                                                                                    
                                                                                                                                    
                                                                                                                                    
                                                                                                                                    
                                                                                                                                    
                                                                                                                                    
                                                                                                                                    
                                                                                                                                    
                                                                                                                                    
                                                                                                                                    
                                                                                                                                    
                                                                                                                                    
                                                                                                                                    
                                                                                                                                    
                                                                                                                                    
                                                                                                                                    
                                                                                                                                    
                                                                                                                                    
                                                                                                                                    
                                                                                                                                    
                                                                                                                                    
                                                                                                                                    
                                                                                                                                    
                                                                                                                                    
                                                                                                                                    
                                                                                                                                    
                                                                                                                                    
                                                                                                                                    
                                                                                                                                    
                                                                                                                                    
                                                                                                                                    
                                                                                                                                    
                                                                                                                                    
                                                                                                                                    
                                                                                                                                    
                                                                                                                                    
                                                                                                                                    
                                                                                                                                    
                                                                                                                                    
                                                                                                                                    
                                               R E G I S T R O  DE  S A I D A S
FIRMA: Estabelecimento TOTVS - Ñ ALTERAR CONTAS
INSCR. EST.: 255721161             CNPJ   : 53.113.791/0017-90
PÁGINA:       9         MES OU PERIODO/ANO: 01/07/2011 A 31/07/2011

------------------------------------------------------------------------------------------------------------------------------------
                                         DEMONSTRATIVO DE ICMS POR ESTADO DE DESTINO  OPERACOES COM NAO CONTRIBUINTES
------------------------------------------------------------------------------------------------------------------------------------

ESTADO                                     VALOR CONTABIL                  BASE CALCULO              VALOR SUBST            OUTRAS
DESTINO

       T O T A L  G E R A L                          0,00                         0,00                                          0,00
                                                                                                                                    
                                                                                                                                    
                                                                                                                                    
                                                                                                                                    
                                                                                                                                    
                                                                                                                                    
                                                                                                                                    
                                                                                                                                    
                                                                                                                                    
                                                                                                                                    
                                                                                                                                    
                                                                                                                                    
                                                                                                                                    
                                                                                                                                    
                                                                                                                                    
                                                                                                                                    
                                                                                                                                    
                                                                                                                                    
                                                                                                                                    
                                                                                                                                    
                                                                                                                                    
                                                                                                                                    
                                                                                                                                    
                                                                                                                                    
                                                                                                                                    
                                                                                                                                    
                                                                                                                                    
                                                                                                                                    
                                                                                                                                    
                                                                                                                                    
                                                                                                                                    
                                                                                                                                    
                                                                                                                                    
                                                                                                                                    
                                                                                                                                    
                                                                                                                                    
                                                                                                                                    
                                                                                                                                    
                                                                                                                                    
                                                                                                                                    
                                                                                                                                    
                                                                                                                                    
                                                                                                                                    
                                                                                                                                    
                                                                                                                                    
                                                                                                                                    
                                                                                                                                    
                                                                                                                                    
                                                                                                                                    
                                                                                                                                    
                                                                                                                                    
