------------------------------------------------------------------------------------------------------------------------------------
DATASUL                                   Log de erros da importação de documentos fiscais                               Folha:    1
-------------------------------------------------------------------------------------------------------------- TODAY - 00:00:00
Linha   Tipo Estab   Serie   Nota             C.N.P.J             Seq.  Mensagem de Erro                                            
0000004    1 1       1       16092002         84429810000158      ***** 036-Nota Fiscal sem itens
------------------------------------------------------------------------------------------------------------------------------------
                                                 Importacao de Notas para OF                                            Página:    2
-------------------------------------------------------------------------------------------------------------- TODAY - 00:00:00


Linha      Mensagem
--------   --------------------------------------------------------------------------------
0000001     Importação Obrigações Fiscais realizada com sucesso                             
0000002     Importação Obrigações Fiscais realizada com sucesso                             

Arquivo                                                       Lidos  Aceitos  Com Erros
-----------------------------------------------------------   -----  -------  ---------
c:/solution/CT_OF0312_Importacao_Docto_Fiscais/arquivos/OF03      2      1        1


















































-----------------------------------------------------------------------------DATASUL - Obrigacoes Fiscais - OF0312RB - V:0.00.00.000
------------------------------------------------------------------------------------------------------------------------------------
                                                 Importacao de Notas para OF                                            Página:    3
-------------------------------------------------------------------------------------------------------------- TODAY - 00:00:00


Linha      Mensagem
--------   --------------------------------------------------------------------------------
                   Parâmetros:

               Testa valores de Entrada: Sim

                    Impressão:

                                Destino: Arquivo         C:/automacao/relatorios/OF0312

                                Usuário: super















































-----------------------------------------------------------------------------DATASUL - Obrigacoes Fiscais - OF0312RB - V:0.00.00.000
