                                  CONTROLE DE CREDITO DE ICMS DO ATIVO PERMANENTE - CIAP (MODELO C)
MES/ANO:01 A 12/2011                                                                                             ANO/PAG:  2011/015
-----------------------------------------------------------------------------------------------------------------------------------
1- IDENTIFICACAO DO ESTABELECIMENTO
-----------------------------------------------------------------------------------------------------------------------------------
    Nome: SASAZAKI INDÚSTRIA E COMÉRCIO LTDA         CNPJ: 52045697000110     Inscricao Estadual: 438.010.070.113
Endereco: Avenida Eugênio Coneglian, nº 1.060      Bairro: D.Industrial                Municipio: MARILIA
-----------------------------------------------------------------------------------------------------------------------------------

-----------------------------------------------------------------------------------------------------------------------------------
2- DEMONSTRATIVO DA BASE PARA APROPRIACAO DO CREDITO (VALORES EM REAL)
-----------------------------------------------------------------------------------------------------------------------------------
                       IDENTIFICACAO DO BEM                             |                  VALOR DO ICMS
-----------------------------------------------------------------------------------------------------------------------------------
NUMERO OU DATA           NOTA     DESCRICAO RESUMIDA                    |     ENTRADA            SAIDA OU       TOTAL DO CREDITO
CODIGO                   FISCAL                                         |     (CREDITO)            BAIXA            A APROPRIAR
-----------------------------------------------------------------------------------------------------------------------------------
      111 01/01/2011                5/Bem 5                                         480,00               0,00             38.947,94
      211 01/01/2011     1          41/Teste automacao                              100,00               0,00             39.047,94
      311 01/01/2011     1          42/Teste automaçao1                             360,00               0,00             39.407,94
      411 01/01/2011     1          43/Teste automaçao1                             360,00               0,00             39.767,94
      511 01/04/2011                50/Optiplex 7011                                480,00               0,00             40.247,94
      611 05/05/2011                51/Optiplex 7010 - 2                            900,00               0,00             41.147,94
      711 31/05/2011                *decurso*49/Optiplex 7010                         0,00           4.800,00             36.347,94
      811 31/05/2011     1          48/Chamado TVKPI9                               480,00               0,00             36.827,94
      911 31/05/2011     2          48/Chamado TVKPI9                                 0,00               9,60             36.818,34
     1011 31/05/2011     3          48/Chamado TVKPI9                                 0,00              57,60             36.760,74
     1111 31/05/2011     4          48/Chamado TVKPI9                                 0,00              28,80             36.731,94
     1211 31/05/2011     5          48/Chamado TVKPI9                                 0,00              48,00             36.683,94
     1311 01/07/2011                6/Bem 6                                         480,00               0,00             37.163,94
     1411 07/11/2011     9282015    29/Material D.Direto - TRIBUTADO              1.739,50               0,00             38.903,44
     1511 07/11/2011     9312015    32/Material D.Direto - TRIBUTADO              1.622,84               0,00             40.526,28
     1611 07/11/2011     9332015    34/Material D.Direto - TRIBUTADO          1.076.526,91               0,00          1.117.053,19
     1711 07/11/2011     9362016    37/Material D.Direto - TRIBUTADO             18.888,89               0,00          1.135.942,08
     1811 07/11/2011     9372016    38/Material D.Direto - TRIBUTADO              1.700,04               0,00          1.137.642,12
     1911 07/11/2011     9382016    39/Material D.Direto - TRIBUTADO                 56,63               0,00          1.137.698,75
     2011 07/11/2011     9392016    40/Material D.Direto - TRIBUTADO                 20,99               0,00          1.137.719,74
                                  CONTROLE DE CREDITO DE ICMS DO ATIVO PERMANENTE - CIAP (MODELO C)
MES/ANO:01 A 12/2011                                                                                             ANO/PAG:  2011/016
-----------------------------------------------------------------------------------------------------------------------------------
3- DEMONSTRATIVO DA APROPRIACAO MENSAL DE CREDITO (VALORES EM REAL)
-----------------------------------------------------------------------------------------------------------------------------------
         |       OPERACOES E PRESTACOES      |
         |-----------------------------------|
         |                        TOTAL DAS  |    COEFICIENTE                TOTAL DE             FRACAO             CREDITO MENSAL
   MES   |      TRIBUTADAS         SAIDAS    |   DE APROPRIACAO              CREDITO A            MENSAL              A APROPRIAR
         |         (1)               (2)     |      (3=1/2)                  APROPRIAR             (5)               (6=3 x 4 x 5)
         |                                   |                                  (4)
         |                                   |
-----------------------------------------------------------------------------------------------------------------------------------
Janeiro               1,00              1,00     1,00000000                39.767,94               1/48                      828,50
Fevereiro             1,00              1,00     1,00000000                39.767,94               1/48                      828,50
Marco                 1,00              1,00     1,00000000                39.767,94               1/48                      828,50
Abril                 1,00              1,00     1,00000000                40.247,94               1/48                      838,50
Maio                  1,00              1,00     1,00000000                36.683,94               1/48                      764,25
Junho                 1,00              1,00     1,00000000                36.683,94               1/48                      764,25
Julho                 1,00              1,00     1,00000000                37.163,94               1/48                      774,25
Agosto                1,00              1,00     1,00000000                37.163,94               1/48                      774,25
Setembro              1,00              1,00     1,00000000                37.163,94               1/48                      774,25
Outubro               1,00              1,00     1,00000000                37.163,94               1/48                      774,25
Novembro              1,00              1,00     1,00000000             1.137.719,74               1/48                   23.702,49
Dezembro              1,00              1,00     1,00000000             1.137.719,74               1/48                   23.702,49
