                                  CONTROLE DE CREDITO DE ICMS DO ATIVO PERMANENTE - CIAP (MODELO C)
MES/ANO:01 A 01/2011                                                                                             ANO/PAG:  2011/002
-----------------------------------------------------------------------------------------------------------------------------------
1- IDENTIFICACAO DO ESTABELECIMENTO
-----------------------------------------------------------------------------------------------------------------------------------
    Nome: SASAZAKI INDÚSTRIA E COMÉRCIO LTDA         CNPJ: 52045697000110     Inscricao Estadual: 438.010.070.113
Endereco: Avenida Eugênio Coneglian, nº 1.060      Bairro: D.Industrial                Municipio: MARILIA
-----------------------------------------------------------------------------------------------------------------------------------

-----------------------------------------------------------------------------------------------------------------------------------
2- DEMONSTRATIVO DA BASE PARA APROPRIACAO DO CREDITO (VALORES EM REAL)
-----------------------------------------------------------------------------------------------------------------------------------
                       IDENTIFICACAO DO BEM                             |                  VALOR DO ICMS
-----------------------------------------------------------------------------------------------------------------------------------
NUMERO OU DATA           NOTA     DESCRICAO RESUMIDA                    |     ENTRADA            SAIDA OU       TOTAL DO CREDITO
CODIGO                   FISCAL                                         |     (CREDITO)            BAIXA            A APROPRIAR
-----------------------------------------------------------------------------------------------------------------------------------
      111 01/01/2011                5/Bem 5                                         480,00               0,00                480,00
      211 01/01/2011     1          41/Teste automacao                              100,00               0,00                580,00
      311 01/01/2011     1          42/Teste automaçao1                             360,00               0,00                940,00
      411 01/01/2011     1          43/Teste automaçao1                             360,00               0,00              1.300,00
                                  CONTROLE DE CREDITO DE ICMS DO ATIVO PERMANENTE - CIAP (MODELO C)
MES/ANO:01 A 01/2011                                                                                             ANO/PAG:  2011/003
-----------------------------------------------------------------------------------------------------------------------------------
3- DEMONSTRATIVO DA APROPRIACAO MENSAL DE CREDITO (VALORES EM REAL)
-----------------------------------------------------------------------------------------------------------------------------------
         |       OPERACOES E PRESTACOES      |
         |-----------------------------------|
         |                        TOTAL DAS  |    COEFICIENTE                TOTAL DE             FRACAO             CREDITO MENSAL
   MES   |      TRIBUTADAS         SAIDAS    |   DE APROPRIACAO              CREDITO A            MENSAL              A APROPRIAR
         |         (1)               (2)     |      (3=1/2)                  APROPRIAR             (5)               (6=3 x 4 x 5)
         |                                   |                                  (4)
         |                                   |
-----------------------------------------------------------------------------------------------------------------------------------
Janeiro               1,00              1,00     1,00000000                 1.300,00               1/48                       27,08
Fevereiro             0,00              0,00              -                     0,00               1/0                            -
Marco                 0,00              0,00              -                     0,00               1/0                            -
Abril                 0,00              0,00              -                     0,00               1/0                            -
Maio                  0,00              0,00              -                     0,00               1/0                            -
Junho                 0,00              0,00              -                     0,00               1/0                            -
Julho                 0,00              0,00              -                     0,00               1/0                            -
Agosto                0,00              0,00              -                     0,00               1/0                            -
Setembro              0,00              0,00              -                     0,00               1/0                            -
Outubro               0,00              0,00              -                     0,00               1/0                            -
Novembro              0,00              0,00              -                     0,00               1/0                            -
Dezembro              0,00              0,00              -                     0,00               1/0                            -
