                                  CONTROLE DE CREDITO DE ICMS DO ATIVO PERMANENTE - CIAP (MODELO C)
MES/ANO:01 A 12/2010                                                                                             ANO/PAG:  2010/013
-----------------------------------------------------------------------------------------------------------------------------------
1- IDENTIFICACAO DO ESTABELECIMENTO
-----------------------------------------------------------------------------------------------------------------------------------
    Nome: SASAZAKI INDÚSTRIA E COMÉRCIO LTDA         CNPJ: 52045697000110     Inscricao Estadual: 438.010.070.113
Endereco: Avenida Eugênio Coneglian, nº 1.060      Bairro: D.Industrial                Municipio: MARILIA
-----------------------------------------------------------------------------------------------------------------------------------

-----------------------------------------------------------------------------------------------------------------------------------
2- DEMONSTRATIVO DA BASE PARA APROPRIACAO DO CREDITO (VALORES EM REAL)
-----------------------------------------------------------------------------------------------------------------------------------
                       IDENTIFICACAO DO BEM                             |                  VALOR DO ICMS
-----------------------------------------------------------------------------------------------------------------------------------
NUMERO OU DATA           NOTA     DESCRICAO RESUMIDA                    |     ENTRADA            SAIDA OU       TOTAL DO CREDITO
CODIGO                   FISCAL                                         |     (CREDITO)            BAIXA            A APROPRIAR
-----------------------------------------------------------------------------------------------------------------------------------
      110 01/01/2010                3/Bem 3                                         480,00               0,00             39.364,96
      210 31/01/2010     0010563    56/escovas de extrusora                           0,00               9,63             39.355,33
      310 11/05/2010     0010564    56/escovas de extrusora                           0,00               4,81             39.350,52
      410 30/05/2010     0010565    56/escovas de extrusora                           0,00             481,48             38.869,04
      510 01/06/2010     0010566    56/escovas de extrusora                           0,00              24,07             38.844,97
      610 01/07/2010                4/Bem 4                                         480,00               0,00             39.324,97
      710 31/07/2010     0010567    56/escovas de extrusora                           0,00             563,34             38.761,63
      810 31/08/2010     0010568    56/escovas de extrusora                           0,00             182,96             38.578,67
      910 31/08/2010     0010569    56/escovas de extrusora                           0,00              33,70             38.544,97
     1010 26/09/2010     0010569    56/escovas de extrusora                           0,00               4,81             38.540,16
     1110 30/09/2010     0105610    56/escovas de extrusora                           0,00              24,07             38.516,09
     1210 28/12/2010     0105611    56/escovas de extrusora                           0,00              48,15             38.467,94
                                  CONTROLE DE CREDITO DE ICMS DO ATIVO PERMANENTE - CIAP (MODELO C)
MES/ANO:01 A 12/2010                                                                                             ANO/PAG:  2010/014
-----------------------------------------------------------------------------------------------------------------------------------
3- DEMONSTRATIVO DA APROPRIACAO MENSAL DE CREDITO (VALORES EM REAL)
-----------------------------------------------------------------------------------------------------------------------------------
         |       OPERACOES E PRESTACOES      |
         |-----------------------------------|
         |                        TOTAL DAS  |    COEFICIENTE                TOTAL DE             FRACAO             CREDITO MENSAL
   MES   |      TRIBUTADAS         SAIDAS    |   DE APROPRIACAO              CREDITO A            MENSAL              A APROPRIAR
         |         (1)               (2)     |      (3=1/2)                  APROPRIAR             (5)               (6=3 x 4 x 5)
         |                                   |                                  (4)
         |                                   |
-----------------------------------------------------------------------------------------------------------------------------------
Janeiro               1,00              1,00     1,00000000                39.355,33               1/48                      819,90
Fevereiro             1,00              1,00     1,00000000                39.355,33               1/48                      819,90
Marco                 1,00              1,00     1,00000000                39.355,33               1/48                      819,90
Abril                 1,00              1,00     1,00000000                39.355,33               1/48                      819,90
Maio                  1,00              1,00     1,00000000                38.869,04               1/48                      809,77
Junho                 1,00              1,00     1,00000000                38.844,97               1/48                      809,27
Julho                 1,00              1,00     1,00000000                38.761,63               1/48                      807,53
Agosto                1,00              1,00     1,00000000                38.544,97               1/48                      803,02
Setembro              1,00              1,00     1,00000000                38.516,09               1/48                      802,42
Outubro               1,00              1,00     1,00000000                38.516,09               1/48                      802,42
Novembro              1,00              1,00     1,00000000                38.516,09               1/48                      802,42
Dezembro              1,00              1,00     1,00000000                38.467,94               1/48                      801,42
