------------------------------------------------------------------------------------------------------------------------------------
TOTVS S.A.                                       EFD Contribuições - Relatório Auxiliar                                 Página:    1
-------------------------------------------------------------------------------------------------------------- 21/11/2019 - 20:26:11


PARÂMETROS


                          Seleção

            Data Docto Inicial: 01/05/2011
              Data Docto Final: 31/05/2011

                          Parâmetro

                       Empresa: 10
                 Tipo Operação: Operação Mercadoria
                Tipo Documento: Ambos (Entrada e Saída)
                 Classificação: Por CFOP
 Docto Exportação pela Data de: Averbação
                Tipo Relatório: Arquivo Texto

                          Impressão

                       Destino: Arquivo - c:/automacao/relatorios/CN_LF0216_Merc_Ambos_Cfop_Averb.lst



Relatório de Conferência Gerado
--------------------------------------------------------------------------------------------------------------
c:/automacao/relatorios/\LF0216-Relat-EFD-Contrib-20191121202313.lst
































--------------------------------------------------------------------------------------------DATASUL - MLF - LF0216RP - V:2.00.00.038
