------------------------------------------------------------------------------------------------------------------------------------
TOTVS                                            Movimentacao dos Bens ( Estabelecimento 1 )                            Página:    1
-------------------------------------------------------------------------------------------------------------- TODAY - 00:00:00

Bem:    1        - Patrimonio         0 /     0  - Bem 1                                                                      

    Data Ent.  Início Cred Est Serie Nr.Docto        Fornecedor  Natureza Seq.    Ord Prod     Quantidade    Valor Impto       Grupo
    ---------- ----------- --- ----- --------------- ----------- -------- ------- ------------ ------------- ----------------- -----
    01/01/2009 01/01/2009  1         0000000                   0                0           0        1,0000            480,00  COFINS                                                      


                                         ** MOVIMENTAÇÕES ** 


        Seq Data Movto Tipo Movto         Quantidade             Valor              Saldo      Estab Transf.
        --- ---------- --------------- ------------- -----------------  -----------------      -------------
         11 31/01/2009 Vendas                 1,0000            480,00               0,00

------------------------------------------------------------------------------------------------------------------------------------



Bem:    2        - Patrimonio         0 /     0  - Bem 2                                                                      

    Data Ent.  Início Cred Est Serie Nr.Docto        Fornecedor  Natureza Seq.    Ord Prod     Quantidade    Valor Impto       Grupo
    ---------- ----------- --- ----- --------------- ----------- -------- ------- ------------ ------------- ----------------- -----
    01/07/2009 01/07/2009  1         0000000                   0                0           0        1,0000            480,00  COFINS                                                      


                                         ** MOVIMENTAÇÕES ** 


        Seq Data Movto Tipo Movto         Quantidade             Valor              Saldo      Estab Transf.
        --- ---------- --------------- ------------- -----------------  -----------------      -------------
         11 31/08/2009 Vendas                 0,5000            240,00             240,00

------------------------------------------------------------------------------------------------------------------------------------



Bem:    3        - Patrimonio         0 /     0  - Bem 3                                                                      

    Data Ent.  Início Cred Est Serie Nr.Docto        Fornecedor  Natureza Seq.    Ord Prod     Quantidade    Valor Impto       Grupo
    ---------- ----------- --- ----- --------------- ----------- -------- ------- ------------ ------------- ----------------- -----
    01/01/2010 01/01/2010  1         0000000                   0                0           0        1,0000            480,00  COFINS                                                      


                                         ** MOVIMENTAÇÕES ** 


        Seq Data Movto Tipo Movto         Quantidade             Valor              Saldo      Estab Transf.
        --- ---------- --------------- ------------- -----------------  -----------------      -------------

------------------------------------------------------------------------------------------------------------------------------------



Bem:    4        - Patrimonio         0 /     0  - Bem 4                                                                      

    Data Ent.  Início Cred Est Serie Nr.Docto        Fornecedor  Natureza Seq.    Ord Prod     Quantidade    Valor Impto       Grupo
    ---------- ----------- --- ----- --------------- ----------- -------- ------- ------------ ------------- ----------------- -----
    01/07/2010 01/07/2010  1         0000000                   0                0           0        1,0000            480,00  COFINS                                                      

------------------------------------------------------------------------------------DATASUL - Recuperador - RI0403RP - V:0.00.00.000
------------------------------------------------------------------------------------------------------------------------------------
TOTVS                                            Movimentacao dos Bens ( Estabelecimento 1 )                            Página:    2
-------------------------------------------------------------------------------------------------------------- TODAY - 00:00:00


                                         ** MOVIMENTAÇÕES ** 


        Seq Data Movto Tipo Movto         Quantidade             Valor              Saldo      Estab Transf.
        --- ---------- --------------- ------------- -----------------  -----------------      -------------

------------------------------------------------------------------------------------------------------------------------------------



Bem:    5        - Patrimonio         0 /     0  - Bem 5                                                                      

    Data Ent.  Início Cred Est Serie Nr.Docto        Fornecedor  Natureza Seq.    Ord Prod     Quantidade    Valor Impto       Grupo
    ---------- ----------- --- ----- --------------- ----------- -------- ------- ------------ ------------- ----------------- -----
    01/01/2011 01/01/2011  1         0000000                   0                0           0        1,0000            480,00  COFINS                                                      


                                         ** MOVIMENTAÇÕES ** 


        Seq Data Movto Tipo Movto         Quantidade             Valor              Saldo      Estab Transf.
        --- ---------- --------------- ------------- -----------------  -----------------      -------------
         11 28/02/2011 Baixa por Perda        1,0000            480,00               0,00

------------------------------------------------------------------------------------------------------------------------------------



Bem:    6        - Patrimonio         0 /     0  - Bem 6                                                                      

    Data Ent.  Início Cred Est Serie Nr.Docto        Fornecedor  Natureza Seq.    Ord Prod     Quantidade    Valor Impto       Grupo
    ---------- ----------- --- ----- --------------- ----------- -------- ------- ------------ ------------- ----------------- -----
    01/07/2011 01/07/2011  1         0000000                   0                0           0        1,0000            480,00  COFINS                                                      


                                         ** MOVIMENTAÇÕES ** 


        Seq Data Movto Tipo Movto         Quantidade             Valor              Saldo      Estab Transf.
        --- ---------- --------------- ------------- -----------------  -----------------      -------------
         11 15/08/2011 Inutilizacao           0,5000            240,00             240,00

------------------------------------------------------------------------------------------------------------------------------------



Bem:    7        - Patrimonio         0 /     0  - Bem 7                                                                      

    Data Ent.  Início Cred Est Serie Nr.Docto        Fornecedor  Natureza Seq.    Ord Prod     Quantidade    Valor Impto       Grupo
    ---------- ----------- --- ----- --------------- ----------- -------- ------- ------------ ------------- ----------------- -----
    01/01/2013 01/01/2013  1         0000000                   0                0           0        1,0000            480,00  COFINS                                                      


                                         ** MOVIMENTAÇÕES ** 


        Seq Data Movto Tipo Movto         Quantidade             Valor              Saldo      Estab Transf.
        --- ---------- --------------- ------------- -----------------  -----------------      -------------
------------------------------------------------------------------------------------DATASUL - Recuperador - RI0403RP - V:0.00.00.000
------------------------------------------------------------------------------------------------------------------------------------
TOTVS                                            Movimentacao dos Bens ( Estabelecimento 1 )                            Página:    3
-------------------------------------------------------------------------------------------------------------- TODAY - 00:00:00

         11 15/03/2013 Exaustao               1,0000            480,00               0,00

------------------------------------------------------------------------------------------------------------------------------------



Bem:    8        - Patrimonio         0 /     0  - Bem 8                                                                      

    Data Ent.  Início Cred Est Serie Nr.Docto        Fornecedor  Natureza Seq.    Ord Prod     Quantidade    Valor Impto       Grupo
    ---------- ----------- --- ----- --------------- ----------- -------- ------- ------------ ------------- ----------------- -----
    01/01/2013 01/01/2013  1         0000000                   0                0           0        1,0000             22,82  COFINS                                                      


                                         ** MOVIMENTAÇÕES ** 


        Seq Data Movto Tipo Movto         Quantidade             Valor              Saldo      Estab Transf.
        --- ---------- --------------- ------------- -----------------  -----------------      -------------
         11 31/01/2013 Devolucao              1,0000             22,82               0,00

------------------------------------------------------------------------------------------------------------------------------------



Bem:    9        - Patrimonio         0 /     0  - Bem 9                                                                      

    Data Ent.  Início Cred Est Serie Nr.Docto        Fornecedor  Natureza Seq.    Ord Prod     Quantidade    Valor Impto       Grupo
    ---------- ----------- --- ----- --------------- ----------- -------- ------- ------------ ------------- ----------------- -----
    01/01/2013 01/01/2013  1         0000000                   0                0           0        1,0000              5,04  COFINS                                                      


                                         ** MOVIMENTAÇÕES ** 


        Seq Data Movto Tipo Movto         Quantidade             Valor              Saldo      Estab Transf.
        --- ---------- --------------- ------------- -----------------  -----------------      -------------
         11 31/01/2013 Devolucao              0,5000              2,52               2,52

------------------------------------------------------------------------------------------------------------------------------------




















------------------------------------------------------------------------------------DATASUL - Recuperador - RI0403RP - V:0.00.00.000
------------------------------------------------------------------------------------------------------------------------------------
TOTVS                                            Movimentacao dos Bens ( Estabelecimento 1 )                            Página:    4
-------------------------------------------------------------------------------------------------------------- TODAY - 00:00:00

                                  --- SELEÇÃO ---


              Tipo Seleção: Bem
           Estabelecimento: 1 - SASAZAKI INDÚSTRIA E COMÉRCIO LTDA

                       Bem: 1                    |<   >|  9


                                  --- PARÂMETRO ---


         Cod Grupo Imposto: 3 - COFINS
            Tipo Relatório: Detalhado


                                  --- IMPRESSÃO ---


                   Destino: Arquivo - c:/automacao/relatorios/ri0403_cofins.lst                   
                   Usuário: super






































------------------------------------------------------------------------------------DATASUL - Recuperador - RI0403RP - V:0.00.00.000
