------------------------------------------------------------------------------------------------------------------------------------
SASAZAKI IND. E COM. LTDA                        DIPI-Dados das Saidas de 01/07/2011 a 31/07/2011                       Página:    1
-------------------------------------------------------------------------------------------------------------- TODAY - 00:00:00

 FIRMA: Estabelecimento TOTVS - Ñ ALTERAR CONTAS             INS. ESTADUAL: 255721161              CNPJ    : 53113791001790

 Class. Fiscal EX Descricao                                        Valor       %           Vl. Acumulado       %
 ------------- -- ------------------------------    --------------------   ------   --------------------   ------
 3403.19.00       OLEO                                  6.935.588.633,18    55,30       6.935.588.633,18    55,30
 7308.30.00       PORTAS, JANELAS E SUAS PARTES         5.605.397.057,58    44,70      12.540.985.690,76   100,00
 0000.00.00       VIDRO                                        22.219,83     0,00      12.541.007.910,59   100,00
 1108.12.00       PAPEIS PARA EMBALAGEM                         9.210,99     0,00      12.541.017.121,58   100,00
 7308.90.90       OUTROS DE AÇO                                 2.956,80     0,00      12.541.020.078,38   100,00


















































-----------------------------------------------------------------------------DATASUL - OBRIGACOES FISCAIS - OF0725RP - V:0.00.00.000
------------------------------------------------------------------------------------------------------------------------------------
SASAZAKI IND. E COM. LTDA                        DIPI-Dados das Saidas de 01/07/2011 a 31/07/2011                       Página:    2
-------------------------------------------------------------------------------------------------------------- TODAY - 00:00:00


                        Seleção

                    Estabelecimento: 1
                            Período: 01/07/2011  |<         >| 31/07/2011



                        Parâmetros

           Perc Máximo do Relatório: 100,00
        Natureza do Estabelecimento: Industrial
Considera Nat Oper com Cod Vinc IPI: Não
              Apropriar Valores por: Valor Contábil - Valor do IPI
              Sumarizar Valores por: Classificação Fiscal

---------------------- CFOP's Excluidas -----------------




                        Impressão

                            Destino: Impressora
                            Arquivo: C:/automacao/relatorios


































-----------------------------------------------------------------------------DATASUL - OBRIGACOES FISCAIS - OF0725RP - V:0.00.00.000
