------------------------------------------------------------------------------------------------------------------------------------
SASAZAKI IND. E COM. LTDA                        DIPI-Dados das Saidas de 01/07/2011 a 31/07/2011                       Página:    1
-------------------------------------------------------------------------------------------------------------- TODAY - 00:00:00

 FIRMA: Estabelecimento TOTVS - Ñ ALTERAR CONTAS             INS. ESTADUAL: 255721161              CNPJ    : 53113791001790

 Class. Fiscal EX Descricao                                        Valor       %           Vl. Acumulado       %
 ------------- -- ------------------------------    --------------------   ------   --------------------   ------
 3403.19.00       OLEO                                  7.371.541.063,04    56,80       7.371.541.063,04    56,80
 7308.30.00       PORTAS, JANELAS E SUAS PARTES         5.605.397.257,58    43,19      12.976.938.320,62   100,00
 0000.00.00       VIDRO                                        23.419,83     0,00      12.976.961.740,45   100,00
 1108.12.00       PAPEIS PARA EMBALAGEM                         9.273,47     0,00      12.976.971.013,92   100,00
 7308.90.90       OUTROS DE AÇO                                 2.285,64     0,00      12.976.973.299,56   100,00


















































-----------------------------------------------------------------------------DATASUL - OBRIGACOES FISCAIS - OF0725RP - V:0.00.00.000
------------------------------------------------------------------------------------------------------------------------------------
SASAZAKI IND. E COM. LTDA                        DIPI-Dados das Saidas de 01/07/2011 a 31/07/2011                       Página:    2
-------------------------------------------------------------------------------------------------------------- TODAY - 00:00:00


                        Seleção

                    Estabelecimento: 1
                            Período: 01/07/2011  |<         >| 31/07/2011



                        Parâmetros

           Perc Máximo do Relatório: 100,00
        Natureza do Estabelecimento: Industrial
Considera Nat Oper com Cod Vinc IPI: Sim
              Apropriar Valores por: Valor Contábil
              Sumarizar Valores por: Classificação Fiscal

---------------------- CFOP's Excluidas -----------------




                        Impressão

                            Destino: Impressora
                            Arquivo: C:/automacao/relatorios


































-----------------------------------------------------------------------------DATASUL - OBRIGACOES FISCAIS - OF0725RP - V:0.00.00.000
