

                                  CONTROLE DE CREDITO DE PIS DO ATIVO PERMANENTE
MES/ANO:01 A 12/2010                                                                                             ANO/PAG:  2010/003
-----------------------------------------------------------------------------------------------------------------------------------
1- IDENTIFICACAO DO ESTABELECIMENTO
-----------------------------------------------------------------------------------------------------------------------------------
    Nome: SASAZAKI INDÚSTRIA E COMÉRCIO LTDA         CNPJ: 52045697000110     Inscricao Estadual: 438.010.070.113
Endereco: Avenida Eugênio Coneglian, nº 1.060      Bairro: D.Industrial                Municipio: MARILIA
-----------------------------------------------------------------------------------------------------------------------------------

-----------------------------------------------------------------------------------------------------------------------------------
2- DEMONSTRATIVO DA BASE PARA APROPRIACAO DO CREDITO
-----------------------------------------------------------------------------------------------------------------------------------
                       IDENTIFICACAO DO BEM                             |                  VALOR DO PIS
-----------------------------------------------------------------------------------------------------------------------------------
NUMERO OU DATA           NOTA     DESCRICAO RESUMIDA                    |     ENTRADA            SAIDA OU       TOTAL DO CREDITO
CODIGO                   FISCAL                                         |    (CREDITO)            BAIXA            A APROPRIAR
-----------------------------------------------------------------------------------------------------------------------------------
      110 01/01/2010                3/Bem 3                                         480,00               0,00              3.027,30
      210 31/01/2010     0010563    56/escovas de extrusora                           0,00               4,23              3.023,07
      310 11/05/2010     0010564    56/escovas de extrusora                           0,00               2,12              3.020,95
      410 30/05/2010     0010565    56/escovas de extrusora                           0,00             211,64              2.809,31
      510 01/06/2010     0010566    56/escovas de extrusora                           0,00              10,58              2.798,73
      610 01/07/2010                4/Bem 4                                         480,00               0,00              3.278,73
      710 31/07/2010     0010567    56/escovas de extrusora                           0,00             247,62              3.031,11
      810 31/08/2010     0010568    56/escovas de extrusora                           0,00              80,42              2.950,69
      910 31/08/2010     0010569    56/escovas de extrusora                           0,00              14,81              2.935,88
     1010 26/09/2010     0010569    56/escovas de extrusora                           0,00               2,12              2.933,76
     1110 30/09/2010     0105610    56/escovas de extrusora                           0,00              10,58              2.923,18
     1210 28/12/2010     0105611    56/escovas de extrusora                           0,00              21,16              2.902,02


                                  CONTROLE DE CREDITO DE PIS DO ATIVO PERMANENTE
MES/ANO:01 A 12/2010                                                                                             ANO/PAG:  2010/004
-----------------------------------------------------------------------------------------------------------------------------------
3- DEMONSTRATIVO DA APROPRIACAO MENSAL DE CREDITO
-----------------------------------------------------------------------------------------------------------------------------------
         |                          TOTAL DE                          CREDITO MENSAL
   MES   |                          CREDITO A                          A APROPRIAR
         |                          APROPRIAR
-----------------------------------------------------------------------------------------------------------------------------------
Janeiro                            3.023,07                                 95,88
Fevereiro                          3.023,07                                 95,88
Marco                              3.023,07                                 95,88
Abril                              3.023,07                                 95,88
Maio                               2.809,31                                 95,88
Junho                              2.798,73                                 95,88
Julho                              3.031,11                                105,88
Agosto                             2.935,88                                105,88
Setembro                           2.923,18                                105,88
Outubro                            2.923,18                                105,88
Novembro                           2.923,18                                105,88
Dezembro                           2.902,02                                 80,92
