

                                  CONTROLE DE CREDITO DE PIS DO ATIVO PERMANENTE
MES/ANO:01 A 12/2015                                                                                             ANO/PAG:  2015/013
-----------------------------------------------------------------------------------------------------------------------------------
1- IDENTIFICACAO DO ESTABELECIMENTO
-----------------------------------------------------------------------------------------------------------------------------------
    Nome: SASAZAKI INDÚSTRIA E COMÉRCIO LTDA         CNPJ: 52045697000110     Inscricao Estadual: 438.010.070.113
Endereco: Avenida Eugênio Coneglian, nº 1.060      Bairro: D.Industrial                Municipio: MARILIA
-----------------------------------------------------------------------------------------------------------------------------------

-----------------------------------------------------------------------------------------------------------------------------------
2- DEMONSTRATIVO DA BASE PARA APROPRIACAO DO CREDITO
-----------------------------------------------------------------------------------------------------------------------------------
                       IDENTIFICACAO DO BEM                             |                  VALOR DO PIS
-----------------------------------------------------------------------------------------------------------------------------------
NUMERO OU DATA           NOTA     DESCRICAO RESUMIDA                    |     ENTRADA            SAIDA OU       TOTAL DO CREDITO
CODIGO                   FISCAL                                         |    (CREDITO)            BAIXA            A APROPRIAR
-----------------------------------------------------------------------------------------------------------------------------------
      115 31/01/2015                *decurso*5/Bem 5                                  0,00             480,00         20.942.125,72
      215 31/01/2015     1          *decurso*41/Teste automacao                       0,00             100,00         20.942.025,72
      315 30/04/2015     9392016    *decurso*40/Material D.Direto - TRIB              0,00               2,04         20.942.023,68
      415 31/07/2015                *decurso*6/Bem 6                                  0,00             480,00         20.941.543,68
      515 31/07/2015                *decurso*10/Bem 10                                0,00               0,30         20.941.543,38
      615 30/09/2015     9292015    *decurso*30/Material D.Direto - TRIB              0,00               5,50         20.941.537,88
      715 30/09/2015     9382016    *decurso*39/Material D.Direto - TRIB              0,00               5,50         20.941.532,38
      815 30/11/2015     9312015    *decurso*32/Material D.Direto - TRIB              0,00             157,51         20.941.374,87
      915 30/11/2015     9322015    *decurso*33/Material D.Direto - TRIB              0,00              25,80         20.941.349,07
     1015 30/11/2015     9332015    *decurso*34/Material D.Direto - TRIB              0,00         104.486,44         20.836.862,63
     1115 30/11/2015     9362016    *decurso*37/Material D.Direto - TRIB              0,00           1.833,33         20.835.029,30
     1215 30/11/2015     9372016    *decurso*38/Material D.Direto - TRIB              0,00             165,00         20.834.864,30


                                  CONTROLE DE CREDITO DE PIS DO ATIVO PERMANENTE
MES/ANO:01 A 12/2015                                                                                             ANO/PAG:  2015/014
-----------------------------------------------------------------------------------------------------------------------------------
3- DEMONSTRATIVO DA APROPRIACAO MENSAL DE CREDITO
-----------------------------------------------------------------------------------------------------------------------------------
         |                          TOTAL DE                          CREDITO MENSAL
   MES   |                          CREDITO A                          A APROPRIAR
         |                          APROPRIAR
-----------------------------------------------------------------------------------------------------------------------------------
Janeiro                       20.942.025,72                            436.292,27
Fevereiro                     20.942.025,72                            436.292,27
Marco                         20.942.025,72                            436.292,26
Abril                         20.942.023,68                            436.292,22
Maio                          20.942.023,68                            436.292,22
Junho                         20.942.023,68                            436.292,22
Julho                         20.941.543,38                            436.282,21
Agosto                        20.941.543,38                            436.282,17
Setembro                      20.941.532,38                            436.281,97
Outubro                       20.941.532,38                            436.280,61
Novembro                      20.834.864,30                            434.059,69
Dezembro                      20.834.864,30                            434.059,69
