FIRMA: Estabelecimento TOTVS - Ñ ALTERAR CONTAS  INSCR. EST.: 255721161               CNPJ   : 53113791001790      Folha:          1
PERIODO: 01/05/2011 A 31/05/2011  APURACAO DE IPI POR GRUPO DE CFOP E CLASSIFICACAO FISCAL

GRUPO FISCAL :  10 - Entrada                   -  1101

CLASSIFICACAO COD UN.
FISCAL UN. ABR.            QUANTIDADE     VALOR CONTABIL           BASE IPI          VALOR IPI     ISENTAS/N.TRIB             OUTRAS

0000.00.00     00 pc           1,0000           1.000,00               0,00               0,00               0,00           1.000,00
2807.00.10     00 KG          90,0000             270,00               0,00               0,00               0,00             270,00
2827.39.96     00 KG        1400,0000           3.108,00               0,00               0,00               0,00           3.108,00
2909.49.49     00 lt         200,0000           1.882,00               0,00               0,00               0,00           1.882,00
2915.21.00     00 un         300,0000           1.323,00               0,00               0,00               0,00           1.323,00
3208.10.10     00 Lt         335,0340           3.600,52           3.429,07             171,45               0,00               0,00
3208.20.19     00 LT        1152,0000          13.995,07          13.328,64             666,43               0,00               0,00
3208.90.10     00 KG        4608,0000          71.656,71          68.244,48           3.412,23               0,00               0,00
3209.90.19     00 KG        2995,2000          43.041,02               0,00               0,00               0,00          43.041,02
3209.90.20     00 KG       10846,0000         112.256,10               0,00               0,00               0,00         112.256,10
3215.19.00     00 LT          68,4000           1.991,46               0,00               0,00           1.991,46               0,00
3402.90.39     00 kg        1000,0000           9.754,50           9.290,00             464,50               0,00               0,00
3824.90.79     00 KG        3000,0000          44.253,00          40.230,00           4.023,00               0,00               0,00
3824.90.89     00 KG          90,0000           1.965,15           1.786,50             178,65               0,00               0,00
3908.10.24     00 KG        2000,0000          19.551,00          18.620,00             931,00               0,00               0,00
3919.10.00     00 MT       12720,0000           6.845,90           5.952,96             892,94               0,00               0,00
3919.90.00     00 MT       60000,0000           3.622,50           3.150,00             472,50               0,00               0,00
3920.10.99     00 KG         101,0000             627,21             545,40              81,81               0,00               0,00
3921.19.00     00 KG        9200,0000           2.846,02           2.474,80             371,22               0,00               0,00
3925.30.00     00 PC          10,0000          12.012,00          11.440,00             572,00               0,00               0,00
3925.90.00     00 PC          41,6000          14.390,25          13.705,00             685,25               0,00               0,00
4006.90.00     00 PR          72,0000           3.635,31           3.462,20             173,11               0,00               0,00
4008.29.00     00 MT       48100,0000          17.072,87          13.681,50           1.368,15               0,00           2.023,22
4016.93.00     00           6000,0000           8.359,20           7.740,00             619,20               0,00               0,00
4407.29.90     00 MT        7431,0000           8.251,04               0,00               0,00           8.251,04               0,00
4407.99.90     00 PC       23200,0000          18.277,00               0,00               0,00          18.277,00               0,00
4808.10.00     00 UN        7050,0000          10.458,11           9.094,00           1.364,11               0,00               0,00
4819.10.00     00 UN       65020,0000          21.619,11          18.799,21           2.819,90               0,00               0,00
4821.10.00     00 PC       18000,0000           1.048,50               0,00               0,00           1.048,50               0,00
4911.10.10     00 KG       25000,0000           6.565,80               0,00               0,00           6.565,80               0,00
5911.90.00     00 MT       23200,0000           3.348,24           3.188,80             159,44               0,00               0,00
7003.19.00     00 M2        3884,4652          42.009,16          40.008,72           2.000,44               0,00               0,00
7005.29.00     00 pc        6217,2000         120.351,42         114.620,40           5.731,02               0,00               0,00
7215.50.00     00 KG       54670,0000         155.071,86         147.687,49           7.384,37               0,00               0,00
7225.50.90     00 KG       23210,0000          63.073,39          60.069,89           3.003,50               0,00               0,00
7308.30.00     00 PC          28,0000           1.000,00             110,00               0,00             330,00             560,00
7308.90.90     00 PC         310,0000             436,80             350,00              17,50              69,30               0,00
7318.15.00     00 PC       23509,0000          63.063,10          57.330,09           5.733,01               0,00               0,00
7318.16.00     00 PC       37000,0000           2.573,01           2.339,10             233,91               0,00               0,00
7604.21.00     00 Mt         173,0000          10.628,58               0,00               0,00               0,00          10.628,58
7604.29.20     00 Mt         270,0000           4.370,63               0,00               0,00               0,00           4.370,63
7610.10.00     00 PC          15,4000          40.495,66           7.779,20             388,96               0,00          32.327,50
7610.90.00     00 PC        4531,1000         154.484,55               0,00               0,00               0,00         154.484,55
8301.40.00     00 PC           0,1500             565,80               0,00               0,00               0,00             565,80
8302.10.00     00 PC        1992,0000           1.590,11               0,00               0,00           1.590,11               0,00
8302.20.00     00 pc          90,0000           9.481,50           9.030,00             451,50               0,00               0,00
8302.49.00     00 PÇ        3000,0000           7.810,00           7.100,00             710,00               0,00               0,00
8305.20.00     00 pc      346320,0000             876,19             796,54              79,65               0,00               0,00

TOTAL DO GRUPO  10 :                        1.146.508,35         695.383,99          45.160,75          38.123,21         367.840,40





-----------------------------------------------------------------------------DATASUL - OBRIGACOES FISCAIS - OF0714RP - V:0.00.00.000
FIRMA: Estabelecimento TOTVS - Ñ ALTERAR CONTAS  INSCR. EST.: 255721161               CNPJ   : 53113791001790      Folha:          2
PERIODO: 01/05/2011 A 31/05/2011  APURACAO DE IPI POR GRUPO DE CFOP E CLASSIFICACAO FISCAL

GRUPO FISCAL :  20 - Entrada Inter             -  2101

CLASSIFICACAO COD UN.
FISCAL UN. ABR.            QUANTIDADE     VALOR CONTABIL           BASE IPI          VALOR IPI     ISENTAS/N.TRIB             OUTRAS

3920.10.99     00 KG      120000,0000           3.588,00           3.120,00             468,00               0,00               0,00
3925.20.00     00 MT           8,0000             616,00               0,00               0,00               0,00             616,00
4411.12.10     00 MT        3663,0000          10.923,07          10.402,92             520,15               0,00               0,00
4808.10.00     00 UN        3221,0000           8.970,45           8.543,27             427,18               0,00               0,00
4819.10.00     00 UN        1400,0000           1.896,30           1.806,00              90,30               0,00               0,00
5911.90.00     00 MT       43800,0000           6.092,10           5.802,00             290,10               0,00               0,00
7019.59.00     00 MT         974,7800           3.109,81           2.827,10             282,71               0,00               0,00
7214.91.00     00 TN       26404,0000          71.999,77               0,00               0,00               0,00          71.999,77
7214.99.90     00 Kg       13500,0000          36.812,48               0,00               0,00               0,00          36.812,48
7215.50.00     00 KG       91330,0000         232.095,51         221.043,34          11.052,17               0,00               0,00
7225.50.90     00 KG       42330,0000         107.192,22         102.087,83           5.104,39               0,00               0,00
7604.21.00     00 Mt       14894,1250         497.389,50               0,00               0,00               0,00         497.389,50
7604.29.19     00 MT           5,0000              43,71               0,00               0,00               0,00              43,71
7604.29.20     00 Mt       19304,8000         355.897,95               0,00               0,00               0,00         355.897,95
7608.20.90     00 MT           2,0000             156,34               0,00               0,00               0,00             156,34
7610.90.00     00 PC          67,5000          23.919,00               0,00               0,00               0,00          23.919,00
8301.40.00     00 PC         542,0000          52.350,40               0,00               0,00               0,00          52.350,40
8302.10.00     00 PC       36360,0000          41.664,00               0,00               0,00               0,00          41.664,00

TOTAL DO GRUPO  20 :                        1.454.716,61         355.632,46          18.235,00               0,00       1.080.849,15



































-----------------------------------------------------------------------------DATASUL - OBRIGACOES FISCAIS - OF0714RP - V:0.00.00.000
FIRMA: Estabelecimento TOTVS - Ñ ALTERAR CONTAS  INSCR. EST.: 255721161               CNPJ   : 53113791001790      Folha:          3
PERIODO: 01/05/2011 A 31/05/2011  APURACAO DE IPI POR GRUPO DE CFOP E CLASSIFICACAO FISCAL

GRUPO FISCAL :  30 - Entrada Import            -  3101

CLASSIFICACAO COD UN.
FISCAL UN. ABR.            QUANTIDADE     VALOR CONTABIL           BASE IPI          VALOR IPI     ISENTAS/N.TRIB             OUTRAS

0000.00.00     00 pc           1,0000           1.100,00           1.000,00             100,00               0,00               0,00
7308.30.00     00 PC           2,0000           2.000,00               0,00               0,00           1.000,00           1.000,00

TOTAL DO GRUPO  30 :                            3.100,00           1.000,00             100,00           1.000,00           1.000,00



















































-----------------------------------------------------------------------------DATASUL - OBRIGACOES FISCAIS - OF0714RP - V:0.00.00.000
FIRMA: Estabelecimento TOTVS - Ñ ALTERAR CONTAS  INSCR. EST.: 255721161               CNPJ   : 53113791001790      Folha:          4
PERIODO: 01/05/2011 A 31/05/2011  APURACAO DE IPI POR GRUPO DE CFOP E CLASSIFICACAO FISCAL

GRUPO FISCAL :  40 - Saída                     -  5101

CLASSIFICACAO COD UN.
FISCAL UN. ABR.            QUANTIDADE     VALOR CONTABIL           BASE IPI          VALOR IPI     ISENTAS/N.TRIB             OUTRAS

0000.00.00     00 pc           1,0000           1.000,00               0,00               0,00               0,00           1.000,00
7308.30.00     00 PC        2084,0000         680.576,29               0,00               0,00               0,00         641.545,79
7308.90.90     00 PC         175,0000           6.561,99           5.793,13             289,70               0,00               0,00
7610.10.00     00 PC         133,0000          23.509,45               0,00               0,00               0,00          23.509,45
7610.90.00     00 PC         117,0000           2.603,00               0,00               0,00               0,00           2.603,00

TOTAL DO GRUPO  40 :                          714.250,73           5.793,13             289,70               0,00         668.658,24
















































-----------------------------------------------------------------------------DATASUL - OBRIGACOES FISCAIS - OF0714RP - V:0.00.00.000
FIRMA: Estabelecimento TOTVS - Ñ ALTERAR CONTAS  INSCR. EST.: 255721161               CNPJ   : 53113791001790      Folha:          5
PERIODO: 01/05/2011 A 31/05/2011  APURACAO DE IPI POR GRUPO DE CFOP E CLASSIFICACAO FISCAL

GRUPO FISCAL :  50 - Saída 2                   -  5401

CLASSIFICACAO COD UN.
FISCAL UN. ABR.            QUANTIDADE     VALOR CONTABIL           BASE IPI          VALOR IPI     ISENTAS/N.TRIB             OUTRAS

7610.10.00     00 PC        1250,0000         869.062,59               0,00               0,00               0,00         821.730,87
7610.90.00     00 PC         330,0000          24.055,62               0,00               0,00               0,00          22.745,48

TOTAL DO GRUPO  50 :                          893.118,21               0,00               0,00               0,00         844.476,35



















































-----------------------------------------------------------------------------DATASUL - OBRIGACOES FISCAIS - OF0714RP - V:0.00.00.000
FIRMA: Estabelecimento TOTVS - Ñ ALTERAR CONTAS  INSCR. EST.: 255721161               CNPJ   : 53113791001790      Folha:          6
PERIODO: 01/05/2011 A 31/05/2011  APURACAO DE IPI POR GRUPO DE CFOP E CLASSIFICACAO FISCAL

GRUPO FISCAL :  60 - Saída Inter               -  6101

CLASSIFICACAO COD UN.
FISCAL UN. ABR.            QUANTIDADE     VALOR CONTABIL           BASE IPI          VALOR IPI     ISENTAS/N.TRIB             OUTRAS

0000.00.00     00 pc           5,0000          22.789,00               0,00               0,00               0,00          13.789,00
7308.30.00     00 PC        1507,0000         359.777,49             815,00               0,00               0,00         358.962,49
7308.90.90     00 PC          22,0000           2.699,69           2.571,13             128,56               0,00               0,00
7610.10.00     00 PC         302,0000         156.134,66               0,00               0,00               0,00         156.134,66
7610.90.00     00 PC          43,0000           2.461,22               0,00               0,00               0,00           2.461,22

TOTAL DO GRUPO  60 :                          543.862,06           3.386,13             128,56               0,00         531.347,37
















































-----------------------------------------------------------------------------DATASUL - OBRIGACOES FISCAIS - OF0714RP - V:0.00.00.000
FIRMA: Estabelecimento TOTVS - Ñ ALTERAR CONTAS  INSCR. EST.: 255721161               CNPJ   : 53113791001790      Folha:          7
PERIODO: 01/05/2011 A 31/05/2011  APURACAO DE IPI POR GRUPO DE CFOP E CLASSIFICACAO FISCAL

GRUPO FISCAL :  70 - Saída Inter 2             -  6401

CLASSIFICACAO COD UN.
FISCAL UN. ABR.            QUANTIDADE     VALOR CONTABIL           BASE IPI          VALOR IPI     ISENTAS/N.TRIB             OUTRAS

7308.30.00     00 PC        1662,0000         498.776,81               0,00               0,00               0,00         439.003,35
7308.90.90     00 PC          38,0000             666,58             561,90              28,09               0,00               0,00
7610.10.00     00 PC         209,0000         111.604,68               0,00               0,00               0,00          98.047,28
7610.90.00     00 PC          34,0000           2.596,48               0,00               0,00               0,00           2.286,84

TOTAL DO GRUPO  70 :                          613.644,55             561,90              28,09               0,00         539.337,47

















































-----------------------------------------------------------------------------DATASUL - OBRIGACOES FISCAIS - OF0714RP - V:0.00.00.000
FIRMA: Estabelecimento TOTVS - Ñ ALTERAR CONTAS  INSCR. EST.: 255721161               CNPJ   : 53113791001790      Folha:          8
PERIODO: 01/05/2011 A 31/05/2011  APURACAO DE IPI POR GRUPO DE CFOP E CLASSIFICACAO FISCAL

GRUPO FISCAL :  80 - Saída Export              -  7101

CLASSIFICACAO COD UN.
FISCAL UN. ABR.            QUANTIDADE     VALOR CONTABIL           BASE IPI          VALOR IPI     ISENTAS/N.TRIB             OUTRAS

0000.00.00     00 pc           1,0000           1.100,00           1.000,00             100,00               0,00               0,00
3210.00.10     00 LT           1,0000           1.000,00               0,00               0,00           1.000,00               0,00
7308.30.00     00 PC           4,0000           1.300,00             300,00               0,00               0,00           1.000,00
7308.90.90     00 PC           0,0000           1.800,00               0,00               0,00               0,00               0,00

TOTAL DO GRUPO  80 :                            5.200,00           1.300,00             100,00           1.000,00           1.000,00

















































-----------------------------------------------------------------------------DATASUL - OBRIGACOES FISCAIS - OF0714RP - V:0.00.00.000
