                                  CONTROLE DE CREDITO DE ICMS DO ATIVO PERMANENTE - CIAP (MODELO C)
MES/ANO:01 A 12/2014                                                                                             ANO/PAG:  2014/011
-----------------------------------------------------------------------------------------------------------------------------------
1- IDENTIFICACAO DO ESTABELECIMENTO
-----------------------------------------------------------------------------------------------------------------------------------
    Nome: SASAZAKI INDÚSTRIA E COMÉRCIO LTDA              CNPJ: 52045697000110        Inscricao Estadual: 438.010.070.113
Endereco: Avenida Eugênio Coneglian, nº 1.060           Bairro: D.Industrial                   Municipio: MARILIA
-----------------------------------------------------------------------------------------------------------------------------------

-----------------------------------------------------------------------------------------------------------------------------------
2- DEMONSTRATIVO DA BASE PARA APROPRIACAO DO CREDITO (VALORES EM REAL)
-----------------------------------------------------------------------------------------------------------------------------------
                       IDENTIFICACAO DO BEM                             |                  VALOR DO ICMS
-----------------------------------------------------------------------------------------------------------------------------------
NUMERO OU DATA           NOTA     DESCRICAO RESUMIDA                    |     ENTRADA            SAIDA OU       TOTAL DO CREDITO
CODIGO                   FISCAL                                         |     (CREDITO)            BAIXA            A APROPRIAR
-----------------------------------------------------------------------------------------------------------------------------------
      114 31/01/2014                *decurso*3/Bem 3                                  0,00             480,00         21.938.016,40
      214 31/01/2014     1          *decurso*42/Teste automaçao1                      0,00             360,00         21.937.656,40
      314 31/01/2014     1          *decurso*43/Teste automaçao1                      0,00             360,00         21.937.296,40
      414 31/07/2014                *decurso*4/Bem 4                                  0,00             480,00         21.936.816,40
                                  CONTROLE DE CREDITO DE ICMS DO ATIVO PERMANENTE - CIAP (MODELO C)
MES/ANO:01 A 12/2014                                                                                             ANO/PAG:  2014/012
-----------------------------------------------------------------------------------------------------------------------------------
3- DEMONSTRATIVO DA APROPRIACAO MENSAL DE CREDITO (VALORES EM REAL)
-----------------------------------------------------------------------------------------------------------------------------------
         |       OPERACOES E PRESTACOES      |
         |-----------------------------------|
         |                        TOTAL DAS  |    COEFICIENTE                TOTAL DE             FRACAO             CREDITO MENSAL
   MES   |      TRIBUTADAS         SAIDAS    |   DE APROPRIACAO              CREDITO A            MENSAL              A APROPRIAR
         |         (1)               (2)     |      (3=1/2)                  APROPRIAR             (5)               (6=3 x 4 x 5)
         |                                   |                                  (4)
         |                                   |
-----------------------------------------------------------------------------------------------------------------------------------
Janeiro               1,00              1,00     1,00000000            21.937.296,40               1/48                  457.027,01
Fevereiro             1,00              1,00     1,00000000            21.937.296,40               1/48                  457.027,01
Marco                 1,00              1,00     1,00000000            21.937.296,40               1/48                  457.027,01
Abril                 1,00              1,00     1,00000000            21.937.296,40               1/48                  457.027,01
Maio                  1,00              1,00     1,00000000            21.937.296,40               1/48                  457.027,01
Junho                 1,00              1,00     1,00000000            21.937.296,40               1/48                  457.027,01
Julho                 1,00              1,00     1,00000000            21.936.816,40               1/48                  457.017,01
Agosto                1,00              1,00     1,00000000            21.936.816,40               1/48                  457.017,01
Setembro              1,00              1,00     1,00000000            21.936.816,40               1/48                  457.017,01
Outubro               1,00              1,00     1,00000000            21.936.816,40               1/48                  457.017,01
Novembro              1,00              1,00     1,00000000            21.936.816,40               1/48                  457.017,01
Dezembro              1,00              1,00     1,00000000            21.936.816,40               1/48                  457.017,01

