                                  CONTROLE DE CREDITO DE ICMS DO ATIVO PERMANENTE - CIAP (MODELO C)
MES/ANO:01 A 12/2010                                                                                             ANO/PAG:  2010/003
-----------------------------------------------------------------------------------------------------------------------------------
1- IDENTIFICACAO DO ESTABELECIMENTO
-----------------------------------------------------------------------------------------------------------------------------------
    Nome: SASAZAKI INDÚSTRIA E COMÉRCIO LTDA              CNPJ: 52045697000110        Inscricao Estadual: 438.010.070.113
Endereco: Avenida Eugênio Coneglian, nº 1.060           Bairro: D.Industrial                   Municipio: MARILIA
-----------------------------------------------------------------------------------------------------------------------------------

-----------------------------------------------------------------------------------------------------------------------------------
2- DEMONSTRATIVO DA BASE PARA APROPRIACAO DO CREDITO (VALORES EM REAL)
-----------------------------------------------------------------------------------------------------------------------------------
                       IDENTIFICACAO DO BEM                             |                  VALOR DO ICMS
-----------------------------------------------------------------------------------------------------------------------------------
NUMERO OU DATA           NOTA     DESCRICAO RESUMIDA                    |     ENTRADA            SAIDA OU       TOTAL DO CREDITO
CODIGO                   FISCAL                                         |     (CREDITO)            BAIXA            A APROPRIAR
-----------------------------------------------------------------------------------------------------------------------------------
      110 01/01/2010                3/Bem 3                                         480,00               0,00              1.440,00
      210 01/07/2010                4/Bem 4                                         480,00               0,00              1.920,00
                                  CONTROLE DE CREDITO DE ICMS DO ATIVO PERMANENTE - CIAP (MODELO C)
MES/ANO:01 A 12/2010                                                                                             ANO/PAG:  2010/004
-----------------------------------------------------------------------------------------------------------------------------------
3- DEMONSTRATIVO DA APROPRIACAO MENSAL DE CREDITO (VALORES EM REAL)
-----------------------------------------------------------------------------------------------------------------------------------
         |       OPERACOES E PRESTACOES      |
         |-----------------------------------|
         |                        TOTAL DAS  |    COEFICIENTE                TOTAL DE             FRACAO             CREDITO MENSAL
   MES   |      TRIBUTADAS         SAIDAS    |   DE APROPRIACAO              CREDITO A            MENSAL              A APROPRIAR
         |         (1)               (2)     |      (3=1/2)                  APROPRIAR             (5)               (6=3 x 4 x 5)
         |                                   |                                  (4)
         |                                   |
-----------------------------------------------------------------------------------------------------------------------------------
Janeiro               1,00              1,00     1,00000000                 1.440,00               1/48                       30,00
Fevereiro             1,00              1,00     1,00000000                 1.440,00               1/48                       30,00
Marco                 1,00              1,00     1,00000000                 1.440,00               1/48                       30,00
Abril                 1,00              1,00     1,00000000                 1.440,00               1/48                       30,00
Maio                  1,00              1,00     1,00000000                 1.440,00               1/48                       30,00
Junho                 1,00              1,00     1,00000000                 1.440,00               1/48                       30,00
Julho                 1,00              1,00     1,00000000                 1.920,00               1/48                       40,00
Agosto                1,00              1,00     1,00000000                 1.920,00               1/48                       40,00
Setembro              1,00              1,00     1,00000000                 1.920,00               1/48                       40,00
Outubro               1,00              1,00     1,00000000                 1.920,00               1/48                       40,00
Novembro              1,00              1,00     1,00000000                 1.920,00               1/48                       40,00
Dezembro              1,00              1,00     1,00000000                 1.920,00               1/48                       40,00

