                                  CONTROLE DE CREDITO DE ICMS DO ATIVO PERMANENTE - CIAP (MODELO C)
MES/ANO:01 A 12/2013                                                                                             ANO/PAG:  2013/009
-----------------------------------------------------------------------------------------------------------------------------------
1- IDENTIFICACAO DO ESTABELECIMENTO
-----------------------------------------------------------------------------------------------------------------------------------
    Nome: SASAZAKI INDÚSTRIA E COMÉRCIO LTDA              CNPJ: 52045697000110        Inscricao Estadual: 438.010.070.113
Endereco: Avenida Eugênio Coneglian, nº 1.060           Bairro: D.Industrial                   Municipio: MARILIA
-----------------------------------------------------------------------------------------------------------------------------------

-----------------------------------------------------------------------------------------------------------------------------------
2- DEMONSTRATIVO DA BASE PARA APROPRIACAO DO CREDITO (VALORES EM REAL)
-----------------------------------------------------------------------------------------------------------------------------------
                       IDENTIFICACAO DO BEM                             |                  VALOR DO ICMS
-----------------------------------------------------------------------------------------------------------------------------------
NUMERO OU DATA           NOTA     DESCRICAO RESUMIDA                    |     ENTRADA            SAIDA OU       TOTAL DO CREDITO
CODIGO                   FISCAL                                         |     (CREDITO)            BAIXA            A APROPRIAR
-----------------------------------------------------------------------------------------------------------------------------------
      113 01/01/2013                12/Bem 12                                       480,00               0,00          1.105.071,80
      213 01/01/2013                13/Bem 13                                       480,00               0,00          1.105.551,80
      313 01/01/2013                14/Bem 14                                20.833.333,33               0,00         21.938.885,13
      413 01/01/2013                7/Bem 7                                         480,00               0,00         21.939.365,13
      513 01/01/2013                8/Bem 8                                          22,82               0,00         21.939.387,95
      613 01/01/2013                9/Bem 9                                           5,04               0,00         21.939.392,99
      713 01/01/2013                10/Bem 10                                         0,30               0,00         21.939.393,29
      813 01/01/2013                11/Bem 11                                        63,11               0,00         21.939.456,40
      913 31/01/2013                *decurso*1/Bem 1                                  0,00             480,00         21.938.976,40
     1013 31/07/2013                *decurso*2/Bem 2                                  0,00             480,00         21.938.496,40
                                  CONTROLE DE CREDITO DE ICMS DO ATIVO PERMANENTE - CIAP (MODELO C)
MES/ANO:01 A 12/2013                                                                                             ANO/PAG:  2013/010
-----------------------------------------------------------------------------------------------------------------------------------
3- DEMONSTRATIVO DA APROPRIACAO MENSAL DE CREDITO (VALORES EM REAL)
-----------------------------------------------------------------------------------------------------------------------------------
         |       OPERACOES E PRESTACOES      |
         |-----------------------------------|
         |                        TOTAL DAS  |    COEFICIENTE                TOTAL DE             FRACAO             CREDITO MENSAL
   MES   |      TRIBUTADAS         SAIDAS    |   DE APROPRIACAO              CREDITO A            MENSAL              A APROPRIAR
         |         (1)               (2)     |      (3=1/2)                  APROPRIAR             (5)               (6=3 x 4 x 5)
         |                                   |                                  (4)
         |                                   |
-----------------------------------------------------------------------------------------------------------------------------------
Janeiro               1,00              1,00     1,00000000            21.938.976,40               1/48                  457.062,01
Fevereiro             1,00              1,00     1,00000000            21.938.976,40               1/48                  457.062,01
Marco                 1,00              1,00     1,00000000            21.938.976,40               1/48                  457.062,01
Abril                 1,00              1,00     1,00000000            21.938.976,40               1/48                  457.062,01
Maio                  1,00              1,00     1,00000000            21.938.976,40               1/48                  457.062,01
Junho                 1,00              1,00     1,00000000            21.938.976,40               1/48                  457.062,01
Julho                 1,00              1,00     1,00000000            21.938.496,40               1/48                  457.052,01
Agosto                1,00              1,00     1,00000000            21.938.496,40               1/48                  457.052,01
Setembro              1,00              1,00     1,00000000            21.938.496,40               1/48                  457.052,01
Outubro               1,00              1,00     1,00000000            21.938.496,40               1/48                  457.052,01
Novembro              1,00              1,00     1,00000000            21.938.496,40               1/48                  457.052,01
Dezembro              1,00              1,00     1,00000000            21.938.496,40               1/48                  457.052,01

