------------------------------------------------------------------------------------------------------------------------------------
                                                 Geração da Estrutura do Item - Bloco K                                 Página:    1
-------------------------------------------------------------------------------------------------------------- TODAY - 00:00:00


----------------------------------------------------------------------------------------------------------------------------------
  Estabelecimento: Estabelecimento TOTVS - Ñ ALTERAR CONTAS                                             CNPJ: 53113791001790
----------------------------------------------------------------------------------------------------------------------------------

  Período Referência: 09/2011

----------------------------------------------------------------------------------------------------------------------------------
  Origem Estrutura:   Origem Estrutura: ENG - Engenharia do Produto
  Estrutura Filtrada: Sim
  Filtro:             Item | Class. Fisc. | Grupo Est. | Família | Unid. Negoc.
                      pai-benefic-pai-benefic | 00000000-99999999 | 0-99 | -ZZZZZZZZ | -ZZZ
----------------------------------------------------------------------------------------------------------------------------------

  Unidade de Negócio:                           01

    Item: Pai-Benefic

        Cod Insumo                 Qtd Insumo    Fator Perda
        ---------------- -------------------- --------------
        Filho1-Benefic               2,000000         0,0000
        Filho2-Benefic               5,000000         0,0000





































-----------------------------------------------------------------------------------------------DATASUL -  - LF0228RP - V:0.00.00.000
------------------------------------------------------------------------------------------------------------------------------------
                                                 Geração da Estrutura do Item - Bloco K                                 Página:    2
-------------------------------------------------------------------------------------------------------------- TODAY - 00:00:00


PARÂMETROS


     Seleção:

         Estabelecimento: 1
                 Período: 01/09/11 |<>| 30/09/11
     Parâmetros:

                   Gravar: Sobrepor Estrutura com dados do período atual e MANTER períodos anteriores gerados
Demonstra calculo estrutu:  Não

     Impressão:

                 Destino: Arquivo











































-----------------------------------------------------------------------------------------------DATASUL -  - LF0228RP - V:0.00.00.000

