------------------------------------------------------------------------------------------------------------------------------------
SASAZAKI IND. E COM. LTDA                        Listagem de Acompanhamento - SP1151                                    Página:    1
-------------------------------------------------------------------------------------------------------------- TODAY - 00:00:00



                    C.N.P.J:  53.113.791/0017-90


        INSCRICAO ESTADUAL:   255721161


        NOME ESTABELECIMENTO: Estabelecimento TOTVS - Ñ ALTERAR CONTAS


        ENDERECO:             Av. Santos Dumont, 831/100

        BAIRRO:               Santo Antônio

        CIDADE:               Joinville

        ESTADO:               SC


        MARCA EQUIPAMENTO:                                      MODELO EQUIPAMENTO:


        MEIO MAGNETICO:       Outros (a especificar)            NUMERO VOLUMES:        001


        FATOR DE BLOCO:                                         DENSIDADE GRAVACAO:


        PERIODO DE:           01/05/11                          ATE:                  31/05/11


        TOTAL
                 REGISTRO 10:              1

                 REGISTRO 11:              1

                 REGISTRO 50:            426

                 REGISTRO 51:            415

                 REGISTRO 53:            415

                 REGISTRO 54:          1.731

                 REGISTRO 55:              1

                 REGISTRO 75:            730

                 REGISTRO 90:              1

                       GERAL:          3.721







------------------------------------------------------------------------------DATASUL - OBRIGAÇÕES FISCAIS - OF0735B - V:0.00.00.000
R E C I B O  D E  E N T R E G A                            01) Primeira Apresentacao
D E  A R Q U I V O   M A G N E T I C O
                                                              [X] SIM
                                                              [ ] NAO



---------------------------- IDENTIFICACAO DO CONTRIBUINTE ------------------------------------------------------------------------

02)  INSCRICAO ESTADUAL                                    03)  C.N.P.J 
     438010070113                                               53.113.791/0017-90

04)  FIRMA/RAZAO SOCIAL
     Estabelecimento TOTVS - Ñ ALTERAR CONTAS



---------------------------- ESPECIFICACAO DO ARQUIVO ENTREGUE --------------------------------------------------------------------

05)  MEIO MAGNETICO ENTREGUE
     [ ] DISCO FLEXIVEL 3 1/2''        [ ] DISCO FLEXIVEL 5 1/4''  [ ] FITA MAGNETICA (ESPECIFICAR)     [X] OUTROS (ESPECIFICAR)

                                                           


06) NUMERO DE MIDIAS DO ARQUIVO                            07) PERIODO

    001                                                         01/05/11    A  31/05/11



---------------------------- RESPONSAVEL PELAS INFORMACOES ------------------------------------------------------------------------

08) NOME                                                   09) TELEFONE

    EDUARDO TADAIASSU TERAOKA                                  014340229922


10) DATA                                                   11) ASSINATURA

    TODAY                                                 ........................................



---------------------------- PARA USO DA REPARTICAO -------------------------------------------------------------------------------

12) RESPONSAVEL PELO RECEBIMENTO                           13) RESPONSAVEL PELO PROCESSAMENTO


    DATA  .../.../                                             DATA  .../.../     


    ....................  .........                            ....................  .........
    ASSINATURA            MATRICULA                            ASSINATURA            MATRICULA

                                                                                                                           SP1151  R E C I B O  D E  E N T R E G A                            01) Primeira Apresentacao
D E  A R Q U I V O   M A G N E T I C O
                                                              [X] SIM
                                                              [ ] NAO



---------------------------- IDENTIFICACAO DO CONTRIBUINTE ------------------------------------------------------------------------

02)  INSCRICAO ESTADUAL                                    03)  C.N.P.J 
     438010070113                                               53.113.791/0017-90

04)  FIRMA/RAZAO SOCIAL
     Estabelecimento TOTVS - Ñ ALTERAR CONTAS



---------------------------- ESPECIFICACAO DO ARQUIVO ENTREGUE --------------------------------------------------------------------

05)  MEIO MAGNETICO ENTREGUE
     [ ] DISCO FLEXIVEL 3 1/2''        [ ] DISCO FLEXIVEL 5 1/4''  [ ] FITA MAGNETICA (ESPECIFICAR)     [X] OUTROS (ESPECIFICAR)

                                                           


06) NUMERO DE MIDIAS DO ARQUIVO                            07) PERIODO

    001                                                         01/05/11    A  31/05/11



---------------------------- RESPONSAVEL PELAS INFORMACOES ------------------------------------------------------------------------

08) NOME                                                   09) TELEFONE

    EDUARDO TADAIASSU TERAOKA                                  014340229922


10) DATA                                                   11) ASSINATURA

    TODAY                                                 ........................................



---------------------------- PARA USO DA REPARTICAO -------------------------------------------------------------------------------

12) RESPONSAVEL PELO RECEBIMENTO                           13) RESPONSAVEL PELO PROCESSAMENTO


    DATA  .../.../                                             DATA  .../.../     


    ....................  .........                            ....................  .........
    ASSINATURA            MATRICULA                            ASSINATURA            MATRICULA

                                                                                                                           SP1151  R E C I B O  D E  E N T R E G A                            01) Primeira Apresentacao
D E  A R Q U I V O   M A G N E T I C O
                                                              [X] SIM
                                                              [ ] NAO



---------------------------- IDENTIFICACAO DO CONTRIBUINTE ------------------------------------------------------------------------

02)  INSCRICAO ESTADUAL                                    03)  C.N.P.J 
     438010070113                                               53.113.791/0017-90

04)  FIRMA/RAZAO SOCIAL
     Estabelecimento TOTVS - Ñ ALTERAR CONTAS



---------------------------- ESPECIFICACAO DO ARQUIVO ENTREGUE --------------------------------------------------------------------

05)  MEIO MAGNETICO ENTREGUE
     [ ] DISCO FLEXIVEL 3 1/2''        [ ] DISCO FLEXIVEL 5 1/4''  [ ] FITA MAGNETICA (ESPECIFICAR)     [X] OUTROS (ESPECIFICAR)

                                                           


06) NUMERO DE MIDIAS DO ARQUIVO                            07) PERIODO

    001                                                         01/05/11    A  31/05/11



---------------------------- RESPONSAVEL PELAS INFORMACOES ------------------------------------------------------------------------

08) NOME                                                   09) TELEFONE

    EDUARDO TADAIASSU TERAOKA                                  014340229922


10) DATA                                                   11) ASSINATURA

    TODAY                                                 ........................................



---------------------------- PARA USO DA REPARTICAO -------------------------------------------------------------------------------

12) RESPONSAVEL PELO RECEBIMENTO                           13) RESPONSAVEL PELO PROCESSAMENTO


    DATA  .../.../                                             DATA  .../.../     


    ....................  .........                            ....................  .........
    ASSINATURA            MATRICULA                            ASSINATURA            MATRICULA

                                                                                                                           SP1151  ------------------------------------------------------------------------------------------------------------------------------------
SASAZAKI IND. E COM. LTDA                        Geração do Arquivo Magnético para o Fisco                              Página:    5
-------------------------------------------------------------------------------------------------------------- TODAY - 00:00:00



SELEÇÃO

                     Data Documento: 01/05/11       |<  >|  31/05/11
               Unidade da Federação: SP             |<  >|  SP

PARÂMETROS

                    Estabelecimento: 1

         Considera Notas de Entrada: Sim
   Converte para a Unidade do Fisco: Sim

        Padrão do Arquivo Magnético: Operações Interestaduais Subst Tributári
         Finalidade da Apresentação: Emissão Normal

IMPRESSÃO

                            Destino: Arquivo
                            Usuário: super

Diretório para Geração dos Arquivos: c:/automacao/arquivos//




































------------------------------------------------------------------------------DATASUL - OBRIGAÇÕES FISCAIS - OF0735B - V:0.00.00.000
