I--------------   C O N T R I B U I N T E    ----------------I DEMONSTRATIVO DE ESTORNO DE CREDITO DE ICMS      PAG:               1
I EMPRESA  :  1                                              I
I ENDERECO :  Av. Santos Dumont, 831/100
                                                             I  (SAIDAS NAO TRIBUTADAS - SEM MANUTENCAO DE CREDITO)
I MUNICicmsO:  Joinville                 UF:                 I
I C.N.P.J. :  53113791001790      I.EST: 255721161           I
I------------------------------------------------------------I        PERIODO:   01/07/2011 A 31/07/2011

*--------- DADOS  RELATIVOS  A  SAIDA  ISENTA -------------------* *- DADOS RELATIVOS AO ESTORNO DE MATERIA PRIMA / COMPONENTES -*

CFOP : 5.101    - VENDA DE PRODUTOS

NR. NF          SER DATA     CODIGO DO ITEM  QUANTIDADE    UN COMPONENTE          QUANTIDADE UN PRECO UNITAR ALIQ        TOT.IMPOSTO
------------------------------------------------------------------------------------------------------------------------------------
0000004         UN  15/07/11 .COMPRAS              70,0000 PC .compras               70,0000 PC        5,00 17,00              59,50
                                                                                        Total do Item ..........:              59,50
                                                                                        Total da Nota ..........:              59,50
0000005         un  15/07/11 .compras              70,0000 PC .compras               70,0000 PC        5,00 17,00              59,50
                                                                                        Total do Item ..........:              59,50
                                                                                        Total da Nota ..........:              59,50
0076043         5   15/07/11 13t                   10,0000 PC 13T                    10,0000 PC       10,00 12,00              12,00
                                                                                        Total do Item ..........:              12,00
                                                                                        Total da Nota ..........:              12,00
0076045         5   15/07/11 .compras              10,0000 PC .compras               10,0000 PC        5,00 17,00               8,50
                                                                                        Total do Item ..........:               8,50
                                                                                        Total da Nota ..........:               8,50
0076089         5   20/07/11 .comprasdd            10,0000 PC .comprasDD             10,0000 PC                                 0,00
                                                                                        Total do Item ..........:               0,00
                                                                                        Total da Nota ..........:               0,00
0076090         5   20/07/11 .comprasdd             5,0000 PC .comprasDD              5,0000 PC                                 0,00
                                                                                        Total do Item ..........:               0,00
                                                                                        Total da Nota ..........:               0,00
0076091         5   20/07/11 .comprasdd             2,0000 PC .comprasDD              2,0000 PC                                 0,00
                                                                                        Total do Item ..........:               0,00
                                                                                        Total da Nota ..........:               0,00
0076128         5   25/07/11 .comprasDD            10,0000 PC .comprasDD             10,0000 PC                                 0,00
                                                                                        Total do Item ..........:               0,00
                                                                                        Total da Nota ..........:               0,00
0076131         5   25/07/11 .comprasDD            12,0000 PC .comprasDD             12,0000 PC                                 0,00
                                                                                        Total do Item ..........:               0,00
                                                                                        Total da Nota ..........:               0,00
0076137         5   25/07/11 .comprasDD             2,0000 PC .comprasDD              2,0000 PC                                 0,00
                                                                                        Total do Item ..........:               0,00
                                                                                        Total da Nota ..........:               0,00
0076138         5   25/07/11 .comprasDD             2,0000 PC .comprasDD              2,0000 PC                                 0,00
                                                                                        Total do Item ..........:               0,00
                                                                                        Total da Nota ..........:               0,00
                                                                                        Total da Natureza ......:             139,50















---------------------------------------------------------------------------------DATASUL - OBRIGACOES FISCAIS - OF/0607 - V:G.02.005
I--------------   C O N T R I B U I N T E    ----------------I DEMONSTRATIVO DE ESTORNO DE CREDITO DE ICMS      PAG:               2
I EMPRESA  :  1                                              I
I ENDERECO :  Av. Santos Dumont, 831/100
                                                             I  (SAIDAS NAO TRIBUTADAS - SEM MANUTENCAO DE CREDITO)
I MUNICicmsO:  Joinville                 UF:                 I
I C.N.P.J. :  53113791001790      I.EST: 255721161           I
I------------------------------------------------------------I        PERIODO:   01/07/2011 A 31/07/2011

*--------- DADOS  RELATIVOS  A  SAIDA  ISENTA -------------------* *- DADOS RELATIVOS AO ESTORNO DE MATERIA PRIMA / COMPONENTES -*

CFOP : 6.101    - Venda Mercadoria

NR. NF          SER DATA     CODIGO DO ITEM  QUANTIDADE    UN COMPONENTE          QUANTIDADE UN PRECO UNITAR ALIQ        TOT.IMPOSTO
------------------------------------------------------------------------------------------------------------------------------------
0013000         un  13/07/11 13d                    1,0000 pc 13D                     1,0000 pc                                 0,00
                                                                                        Total do Item ..........:               0,00
0013000         un  13/07/11 13f                    1,0000 PC 13F                     1,0000 PC                                 0,00
                                                                                        Total do Item ..........:               0,00
                                                                                        Total da Nota ..........:               0,00
                                                                                        Total da Natureza ......:               0,00
                                                                                        Total Ge             139,50










































---------------------------------------------------------------------------------DATASUL - OBRIGACOES FISCAIS - OF/0607 - V:G.02.005

