FIRMA: Estabelecimento TOTVS - Ñ ALTERAR CONTAS  INSCR. EST.: 255721161               CGC(MF): 53113791001790      Folha:          1

PERIODO: 01/05/2011 A 31/05/2011

                                INFORMACOES PARA A APURACAO DO ICMS SUBSTITUICAO TRIBUTARIA

FEDERACAO          INSC. EST.             VALOR PRODUTOS       VALOR DO IPI     DESPES ACESS      BASE ICMS PROP        ICMS PROPRIO
                                        BASE ICMS SUBST.        ICMS RETIDO   ICMS SUBST DEV.       ICMS RESSARC.  CRE. PERIODO ANT.
                                                                                                CRE. PROXIMO PER.   ICMS. SUBS. REC.

MINAS GERAIS       0014673520009               303227,52             15,08           1612,59            304840,11           36580,82
                                               436754,41          42035,11              0,00                 0,00               0,00
                                                                                                             0,00           42035,11

MATO GROSSO DO SU  282906380                    40118,44              0,00              0,00             40118,44            2808,31
                                                55363,42           6603,50              0,00                 0,00               0,00
                                                                                                             0,00            6603,50

MATO GROSSO        134006453                   114316,79             13,01              0,00            114316,79            8002,17
                                               165778,29          11604,49              0,00                 0,00               0,00
                                                                                                             0,00           11604,49

RIO DE JANEIRO     255721161                    95904,11              0,00           1595,84             97499,95           11700,01
                                               137822,09          14486,21              0,00                 0,00               0,00
                                                                                                             0,00           14486,21

RIO GRANDE DO SUL  255721161                    61006,52              0,00              0,00             61006,52            7320,78
                                                86660,70           7411,53              0,00                 0,00               0,00
                                                                                                             0,00            7411,53

SANTA CATARINA     256179301                     4046,78              0,00              0,00              4046,78             485,61
                                                 5204,75            138,95              0,00                 0,00             500,60
                                                                                                           361,65               0,00

São Paulo          438010070113               1499962,19            289,70              0,00           1499962,19          270098,12
                                              1993142,20          88922,54            104,14                 0,00               0,00
                                                                                                             0,00           88818,40


























-------------------------------------------------------------------------------------DATASUL - OBRIGACÕES FISCAIS - OF/0631 - V:I.00
