------------------------------------------------------------------------------------------------------------------------------------
FIRMA: Estabelecimento TOTVS - Ñ ALTERAR CONTAS  INSCR.EST.: 255721161                CNPJ   : 53.113.791/0017-90  Folha:       1

PERÍODO: 01/05/2011 A 30/08/2011
------------------------------------------------------------------------------------------------------------------------------------

                                      ENTRADAS DE MERCADORIAS, BENS E/OU AQUISIÇÕES DE SERVIÇOS

  COD. UNIDADE DA                                                                      SUBSTITUIÇÃO
SINIEF  FEDERAÇÃO              VALOR CONTABIL   BASE DE CALCULO            OUTRAS        TRIBUTÁRIA

05     BAHIA                         41664,00          41664,00              0,00              0,00
00     DISTRITO FEDERAL                150,00              0,00            150,00              0,00
10     GOIAS                           525,00              0,00            525,00              0,00
14     MINAS GERAIS                 332107,35         327407,17           4052,55              0,00
13     MATO GROSSO                 1136696,34              0,00        1136696,34              0,00
17     PARANA                      5715534,37        5101326,69         614207,37              0,00
22     RIO DE JANEIRO               118872,47         118672,47            200,00              0,00
25     SANTA CATARINA              1089246,57        1007047,44          52911,58              0,00
00     São Paulo                   2589347,46        1865112,68         712890,14           1548,49

TOTAL GE                          11024143,56        8461230,45        2521632,98           1548,49









































-----------------------------------------------------------------------------DATASUL - OBRIGAÇÕES FISCAIS - OF0505RP - V:0.00.00.000
------------------------------------------------------------------------------------------------------------------------------------
FIRMA: Estabelecimento TOTVS - Ñ ALTERAR CONTAS  INSCR.EST.: 255721161                CNPJ   : 53.113.791/0017-90  Folha:       2

PERÍODO: 01/05/2011 A 30/08/2011
------------------------------------------------------------------------------------------------------------------------------------

                                      ENTRADAS DE MERCADORIAS, BENS E/OU AQUISIÇÕES DE SERVIÇOS


         SELEÇÃO

                  Estabelecimento: 1
                             U.F.: AC            |<    >|     TO
                          Período: 01/05/2011    |<    >|     30/08/2011
                            Moeda: 0

         IMPRESSÃO

                          Destino: Arquivo   -   c:/automacao/relatorios/OF
                          Usuário: super











































-----------------------------------------------------------------------------DATASUL - OBRIGAÇÕES FISCAIS - OF0505RP - V:0.00.00.000
