                                                R E G I S T R O  DE  S A I D A S
FIRMA: Estabelecimento TOTVS - Ñ ALTERAR CONTAS
INSCR. EST.: 255721161             CNPJ: 53.113.791/0017-90
FOLHA:       2          MES OU PERIODO/ANO: 01/07/2011 A 31/07/2011


*-- DOCUMENTOS FISCAIS --*                         *----------------- V A L O R E S  F I S C A I S ----------------------*
    SER                UF    VALOR        CODIFICACAO        ICMS OPERACOES COM DEBITO DO IMPOSTO OPERACOES SEM DEBITO DO IMPOSTO
ESP SUB-   NUMERO  DIA DEST  CONTABIL  CONTABIL      FISCAL  IPI   BASE CALCULO ALIQ   IMPOSTO  ISENTAS OU NAO   OUTRAS OBSERVAÇÕES
    SERIE                                                                              DEBITADO   TRIBUTADAS

NFS 5         75955  1                                                                                                                  
NFS 5         75956  1 SC      1155,00               5.101   ICMS      1155,00 18,00      207,90        0,00         0,00
                                513000300000003
                                                             IPI          0,00              0,00        0,00      1155,00
NFS 5         75957  1                                                                                                                  
NFS 5         75958  4                                                                                                                  
NFS 5         75959  4                                                                                                                  
NFS 5         75960  4                                                                                                                  
NFS 5         75961  4                                                                                                                  
NFS 5         75962  4 sp       101,00               6.102   ICMS       101,00 12,00       12,12        0,00         0,00
                                112110500000105
                                                             IPI          0,00              0,00        0,00       101,00
NFS 5         75963  4 sp       101,00               6.102   ICMS       101,00 12,00       12,12        0,00         0,00
                                112110500000105
                                                             IPI          0,00              0,00        0,00       101,00
NFS 5         75964  4 SC       962,50               5.101   ICMS       962,50 18,00      173,25        0,00         0,00
                                513000300000003
                                                             IPI          0,00              0,00        0,00       962,50
NFS 5         75965  5                                                                                                                  
NFS 5         75966  5 SC      1342,08               5.101   ICMS      1342,08 18,00      241,57        0,00         0,00
                                513000300000003
                                                             IPI          0,00              0,00        0,00      1342,08
NFS 5         75967  5 SC        96,25               5.101   ICMS        96,25 18,00       17,33        0,00         0,00
                                513000300000003
                                                             IPI          0,00              0,00        0,00        96,25
NFS 5         75968  5 sc       962,50               5.101   ICMS       962,50 18,00      173,25        0,00         0,00
                                513000300000003
                                                             IPI          0,00              0,00        0,00       962,50
NFS 5         75969  5 sc       962,50               5.101   ICMS       962,50 18,00      173,25        0,00         0,00
                                513000300000003
                                                             IPI          0,00              0,00        0,00       962,50
NFS un          123  5 SP      1314,60               5.101   ICMS      1252,00 12,00      150,24        0,00         0,00
                                511110100000101
                                                             IPI       1252,00             62,60        0,00         0,00
NFS un         1500  5                                                                                                                  
NFS un         4580  5                                                                                                                  
NFS 11       290622  8                                                                                                                  
NFS 11       290623  8                                                                                                                  
NFS 11       290624  8                                                                                                                  
NFS 5         75987  8 SP       101,00               6.102   ICMS       101,00 12,00       12,12        0,00         0,00
                                112110500000105
                                                             IPI          0,00              0,00        0,00       101,00
NFS 5         75988  8 SP       206,00               6.102   ICMS       206,00 12,00       24,72        0,00         0,00
                                112110500000105
                                                             IPI          0,00              0,00        0,00       206,00
NFS 5         75989  8 SP       100,00               6.102   ICMS       100,00 12,00       12,00        0,00         0,00
                                112110500000105
                                                             IPI          0,00              0,00        0,00       100,00
NFS 5         75990  8 SP     40541,53               6.102   ICMS     40541,53 12,00     4864,98        0,00         0,00
                                112110500000105
                                                             IPI          0,00              0,00        0,00     40541,53
                                                                                                                                    
                                                R E G I S T R O  DE  S A I D A S
FIRMA: Estabelecimento TOTVS - Ñ ALTERAR CONTAS
INSCR. EST.: 255721161             CNPJ: 53.113.791/0017-90
FOLHA:       3          MES OU PERIODO/ANO: 01/07/2011 A 31/07/2011


*-- DOCUMENTOS FISCAIS --*                         *----------------- V A L O R E S  F I S C A I S ----------------------*
    SER                UF    VALOR        CODIFICACAO        ICMS OPERACOES COM DEBITO DO IMPOSTO OPERACOES SEM DEBITO DO IMPOSTO
ESP SUB-   NUMERO  DIA DEST  CONTABIL  CONTABIL      FISCAL  IPI   BASE CALCULO ALIQ   IMPOSTO  ISENTAS OU NAO   OUTRAS OBSERVAÇÕES
    SERIE                                                                              DEBITADO   TRIBUTADAS

NFS 5         75991  8 SP     40541,53               6.102   ICMS     40541,53 12,00     4864,98        0,00         0,00
                                112110500000105
                                                             IPI          0,00              0,00        0,00     40541,53
NFS 5         75992  8 SP     40541,53               6.102   ICMS     40541,53 12,00     4864,98        0,00         0,00
                                112110500000105
                                                             IPI          0,00              0,00        0,00     40541,53
NFS graos        10  8 PR     13400,00               6.201   ICMS         0,00  0,00        0,00    13400,00         0,00IPI-        
                                                             IPI          0,00              0,00        0,00     13400,00    2.010,00
NFS graos        11  8                                                                                                                  
NFS graos        12  8 PR      6700,00               6.949   ICMS         0,00  0,00        0,00     6700,00         0,00
                                                             IPI          0,00              0,00     6700,00         0,00
NFS un        12000 12                                                                                                                  
NFS un        13000 13 SP     13400,00               6.101   ICMS         0,00 25,00        0,00    12000,00         0,00
                                511110100000101
                                                             IPI      12000,00           1400,00        0,00         0,00
NFS 11       290668 14 SP       100,00               6.101   ICMS         0,00  0,00        0,00      100,00         0,00
                                511110100000101
                                                             IPI          0,00              0,00        0,00       100,00
NFS 11       290669 14 SP       100,00               6.101   ICMS         0,00  0,00        0,00      100,00         0,00
                                511110100000101
                                                             IPI          0,00              0,00      100,00         0,00
NFS 11       290670 14 SP       100,00               6.101   ICMS         0,00  0,00        0,00      100,00         0,00
                                511110100000101
                                                             IPI          0,00              0,00      100,00         0,00
NFS 11       290671 14 SP       100,00               6.101   ICMS         0,00  0,00        0,00      100,00         0,00
                                511110100000101
                                                             IPI          0,00              0,00      100,00         0,00
NFS 11       290672 14                                                                                                                  
NFS 11       290673 14                                                                                                                  
NFS 11       290674 14 SP       600,00               6.101   ICMS         0,00  0,00        0,00        0,00       600,00
                                112110500000105
                                                             IPI          0,00              0,00        0,00       600,00
NFS 5         76032 14 SC       962,50               5.101   ICMS       962,50 17,00      163,63        0,00         0,00
                                513000300000003
                                                             IPI          0,00              0,00        0,00       962,50
NFS 5         76033 14 SP       108,00               6.102   ICMS       108,00 25,00       27,00        0,00         0,00
                                112110500000105
                                                             IPI          0,00              0,00        0,00       108,00
NFS 5         76034 14 SC       407,93               5.101   ICMS       407,93 17,00       69,35        0,00         0,00
                                513000300000003
                                                             IPI          0,00              0,00        0,00       407,93
NFS 5         76035 14 SP       108,00               6.102   ICMS       108,00 25,00       27,00        0,00         0,00
                                112110500000105
                                                             IPI          0,00              0,00        0,00       108,00
NFS 5         76036 14 SC       962,50               5.101   ICMS       962,50 17,00      163,63        0,00         0,00
                                513000300000003
                                                             IPI          0,00              0,00        0,00       962,50
NFS 5         76037 14 SC       962,50               5.101   ICMS       962,50 17,00      163,63        0,00         0,00
                                513000300000003
                                                             IPI          0,00              0,00        0,00       962,50
NFS 5         76038 14 SC       962,50               5.101   ICMS       962,50 17,00      163,63        0,00         0,00
                                513000300000003
                                                R E G I S T R O  DE  S A I D A S
FIRMA: Estabelecimento TOTVS - Ñ ALTERAR CONTAS
INSCR. EST.: 255721161             CNPJ: 53.113.791/0017-90
FOLHA:       4          MES OU PERIODO/ANO: 01/07/2011 A 31/07/2011


*-- DOCUMENTOS FISCAIS --*                         *----------------- V A L O R E S  F I S C A I S ----------------------*
    SER                UF    VALOR        CODIFICACAO        ICMS OPERACOES COM DEBITO DO IMPOSTO OPERACOES SEM DEBITO DO IMPOSTO
ESP SUB-   NUMERO  DIA DEST  CONTABIL  CONTABIL      FISCAL  IPI   BASE CALCULO ALIQ   IMPOSTO  ISENTAS OU NAO   OUTRAS OBSERVAÇÕES
    SERIE                                                                              DEBITADO   TRIBUTADAS

                                                             IPI          0,00              0,00        0,00       962,50
NFS 5         76039 14 SC      1155,00               5.101   ICMS      1155,00 17,00      196,35        0,00         0,00
                                513000300000003
                                                             IPI          0,00              0,00        0,00      1155,00
NFS un            3 14 SC       916,70               5.101   ICMS       916,70 17,00      155,84        0,00         0,00
                                513000300000003
                                                             IPI          0,00              0,00        0,00       916,70
NFS 11       290678 15                                                                                                                  
NFS 11       290679 15                                                                                                                  
NFS 11       290680 15                                                                                                                  
NFS 11       290681 15 SP       600,00               6.101   ICMS         0,00  0,00        0,00        0,00       600,00
                                112110500000105
                                                             IPI          0,00              0,00        0,00       600,00
NFS 11       290681 15 SP       160,31               6.403   ICMS       142,50 25,00       35,63        0,00         7,50
                                112110500000105
                                                             IPI          0,00              0,00      150,00         0,00
NFS 11       290681 15 SP       600,00               6.101   ICMS         0,00  0,00        0,00        0,00       600,00
                                112110500000105
                                                             IPI          0,00              0,00        0,00       600,00
NFS 11       290681 15 SP       105,63               6.403   ICMS       100,00 25,00       25,00        0,00         0,00
                                112110500000105
                                                             IPI          0,00              0,00      100,00         0,00
NFS 11       290681 15 SP      3260,00               6.101   ICMS      2900,00 25,00      725,00        0,00         0,00
                                112110500000105
                                                             IPI       2400,00            360,00        0,00       500,00
NFS 5           157 15                                                                                                                  
NFS 5         76043 15 SC         0,00               5.101   ICMS         0,00  0,00        0,00        0,00         0,00SIMPLES     
                                112110500000105
                                                             IPI          0,00              0,00        0,00       962,50FATURAMENTO 
NFS 5         76044 15 SP       202,00               6.102   ICMS       202,00 25,00       50,50        0,00         0,00
                                112110500000105
                                                             IPI          0,00              0,00        0,00       202,00
NFS 5         76045 15 SC         0,00               5.101   ICMS         0,00  0,00        0,00        0,00         0,00SIMPLES     
                                112110500000105
                                                             IPI       1000,00             50,00        0,00         0,00FATURAMENTO 
NFS 5         76046 15 SC       525,00               5.101   ICMS       500,00 17,00       85,00        0,00         0,00NF 0076045  
                                                             IPI          0,00              0,00        0,00         0,0015/07/2011  
NFS 5         76047 15 SP       101,00               6.102   ICMS       101,00 25,00       25,25        0,00         0,00
                                112110500000105
                                                             IPI          0,00              0,00        0,00       101,00
NFS 5         76048 15 SP       102,00               6.102   ICMS       102,00 25,00       25,50        0,00         0,00
                                112110500000105
                                                             IPI          0,00              0,00        0,00       102,00
NFS UN            4 15 SC         0,00               5.101   ICMS         0,00  0,00        0,00        0,00         0,00SIMPLES     
                                112110500000105
                                                             IPI       1750,00             87,50        0,00         0,00FATURAMENTO 
NFS un            5 15 SC         0,00               5.101   ICMS         0,00  0,00        0,00        0,00         0,00SIMPLES     
                                112110500000105
                                                             IPI       1750,00             87,50        0,00         0,00FATURAMENTO 
NFS un            6 15 SC      9167,00               5.101   ICMS      9167,00 17,00     1558,39        0,00         0,00
                                112110500000105
                                                                                                                                    
                                                R E G I S T R O  DE  S A I D A S
FIRMA: Estabelecimento TOTVS - Ñ ALTERAR CONTAS
INSCR. EST.: 255721161             CNPJ: 53.113.791/0017-90
FOLHA:       5          MES OU PERIODO/ANO: 01/07/2011 A 31/07/2011


*-- DOCUMENTOS FISCAIS --*                         *----------------- V A L O R E S  F I S C A I S ----------------------*
    SER                UF    VALOR        CODIFICACAO        ICMS OPERACOES COM DEBITO DO IMPOSTO OPERACOES SEM DEBITO DO IMPOSTO
ESP SUB-   NUMERO  DIA DEST  CONTABIL  CONTABIL      FISCAL  IPI   BASE CALCULO ALIQ   IMPOSTO  ISENTAS OU NAO   OUTRAS OBSERVAÇÕES
    SERIE                                                                              DEBITADO   TRIBUTADAS

                                                             IPI          0,00              0,00        0,00      9167,00
NFS 11       290695 20 SP      2079,00               6.101   ICMS      1890,00 25,00      472,50        0,00         0,00
                                112110500000105
                                                             IPI       1890,00            189,00        0,00         0,00
NFS 11       290696 20 SP      3118,50               6.101   ICMS      2835,00 25,00      708,75        0,00         0,00
                                112110500000105
                                                             IPI       2835,00            283,50        0,00         0,00
NFS 11       290697 20 SP
** Value 1481080346,13 cannot be displayed using >>>>>>>>9.99. (74)
                          ????????????               6.101   ICMS1346436678,30 25,00
** Value 336609169,58 cannot be displayed using >>>>>>>9.99. (74)
                                                                                     ???????????        0,00         0,00
                                112110500000105
                                                             IPI
** Value 1346436678,3 cannot be displayed using >>>>>>>>9.99. (74)
                                                                  ????????????
** Value 134643667,83 cannot be displayed using >>>>>>>9.99. (74)
                                                                                     ???????????        0,00         0,00
NFS 11       290800 20 SP       891,00               6.101   ICMS       810,00 25,00      202,50        0,00         0,00
                                112110500000105
                                                             IPI        810,00             81,00        0,00         0,00
NFS 11       290801 20 SP
** Value 1488080346,13 cannot be displayed using >>>>>>>>9.99. (74)
                          ????????????               6.101   ICMS1346436678,30 25,00
** Value 336609169,58 cannot be displayed using >>>>>>>9.99. (74)
                                                                                     ???????????        0,00         0,00
                                112110500000105
                                                             IPI
** Value 1346436678,3 cannot be displayed using >>>>>>>>9.99. (74)
                                                                  ????????????
** Value 134643667,83 cannot be displayed using >>>>>>>9.99. (74)
                                                                                     ???????????        0,00         0,00
NFS 11       290811 20 SP       148,50               6.101   ICMS       135,00 25,00       33,75        0,00         0,00
                                112110500000105
                                                             IPI        135,00             13,50        0,00         0,00
NFS 11       290812 20 SP      3861,00               6.101   ICMS      3510,00 25,00      877,50        0,00         0,00
                                112110500000105
                                                             IPI       3510,00            351,00        0,00         0,00
NFS 5         76088 20 SP       206,00               6.102   ICMS       206,00 25,00       51,50        0,00         0,00
                                112210600000106
                                                             IPI          0,00              0,00        0,00       206,00
NFS 5         76089 20 SC         0,00               5.101   ICMS         0,00  0,00        0,00        0,00         0,00SIMPLES     
                                112110500000105
                                                             IPI         20,00              1,00        0,00         0,00FATURAMENTO 
NFS 5         76090 20 SC         0,00               5.101   ICMS         0,00  0,00        0,00        0,00         0,00SIMPLES     
                                112110500000105
                                                             IPI         15,00              0,75        0,00         0,00FATURAMENTO 
NFS 5         76091 20 SC         0,00               5.101   ICMS         0,00  0,00        0,00        0,00         0,00SIMPLES     
                                112110500000105
                                                             IPI          4,00              0,20        0,00         0,00FATURAMENTO 
NFS 5         76092 20 SC         4,20               5.101   ICMS         4,00 17,00        0,68        0,00         0,00
                                513000300000003
                                                R E G I S T R O  DE  S A I D A S
FIRMA: Estabelecimento TOTVS - Ñ ALTERAR CONTAS
INSCR. EST.: 255721161             CNPJ: 53.113.791/0017-90
FOLHA:       6          MES OU PERIODO/ANO: 01/07/2011 A 31/07/2011


*-- DOCUMENTOS FISCAIS --*                         *----------------- V A L O R E S  F I S C A I S ----------------------*
    SER                UF    VALOR        CODIFICACAO        ICMS OPERACOES COM DEBITO DO IMPOSTO OPERACOES SEM DEBITO DO IMPOSTO
ESP SUB-   NUMERO  DIA DEST  CONTABIL  CONTABIL      FISCAL  IPI   BASE CALCULO ALIQ   IMPOSTO  ISENTAS OU NAO   OUTRAS OBSERVAÇÕES
    SERIE                                                                              DEBITADO   TRIBUTADAS

                                                             IPI          4,00              0,20        0,00         0,00
NFS 5         76093 20 SP      5265,00               6.102   ICMS      5265,00 25,00     1316,25        0,00         0,00
                                112210600000106
                                                             IPI          0,00              0,00        0,00      5265,00
NFS 5         76094 20 SP       309,00               6.102   ICMS       309,00 25,00       77,25        0,00         0,00
                                112210600000106
                                                             IPI          0,00              0,00        0,00       309,00
NFS 5         76095 20 SC       962,50               5.101   ICMS       962,50 17,00      163,63        0,00         0,00
                                513000300000003
                                                             IPI          0,00              0,00        0,00       962,50
NFS 5         76096 20 SC      1888,40               5.101   ICMS      1888,40 17,00      321,03        0,00         0,00
                                513000300000003
                                                             IPI          0,00              0,00        0,00      1888,40
NFS 5         76097 20                                                                                                                  
NFS 5         76098 20 SC       962,50               5.101   ICMS       962,50 17,00      163,63        0,00         0,00
                                513000300000003
                                                             IPI          0,00              0,00        0,00       962,50
NFS 11       290813 21 SP       148,50               6.101   ICMS       135,00 25,00       33,75        0,00         0,00
                                112110500000105
                                                             IPI        135,00             13,50        0,00         0,00
NFS 12       302011 21 SP 122222222,10               6.101   ICMS 111111111,00 25,00 27777777,75        0,00         0,00
                                112110500000105
                                                             IPI  111111111,00       11111111,10        0,00         0,00
NFS 5         76099 21 SP       412,00               6.102   ICMS       412,00 25,00      103,00        0,00         0,00
                                112210600000106
                                                             IPI          0,00              0,00        0,00       412,00
NFS 5         76100 21 SP     10500,00               6.102   ICMS     10500,00 25,00     2625,00        0,00         0,00
                                112210600000106
                                                             IPI          0,00              0,00        0,00     10500,00
NFS 5         76101 21 SP        12,10               5.101   ICMS        12,10 25,00        3,03        0,00         0,00
                                513000300000003
                                                             IPI          0,00              0,00        0,00        12,10
NFS 5         76103 22                                                                                                                  
NFS 5         76104 22                                                                                                                  
NFS 5         76105 22 SP       900,00               6.101   ICMS       900,00 25,00      225,00        0,00         0,00NF 0076102  
                                                             IPI          0,00              0,00        0,00         0,0022/07/2011  
NFS 5         76106 22 SP       707,00               6.102   ICMS       707,00 25,00      176,75        0,00         0,00
                                112210600000106
                                                             IPI          0,00              0,00        0,00       707,00
NFS 5         76109 22                                                                                                                  
NFS 5         76111 22                                                                                                                  
NFS 5         76112 22 SC       157,50               5.901   ICMS       150,00 17,00       25,50        0,00         0,00
                                                             IPI        150,00              7,50        0,00         0,00
NFS 5         76114 22 SC       110,25               5.901   ICMS       105,00 17,00       17,85        0,00         0,00
                                                             IPI        105,00              5,25        0,00         0,00
NFS 5         76115 22                                                                                                                  
NFS 5         76116 22 SP       101,00               6.102   ICMS       101,00 25,00       25,25        0,00         0,00
                                112210600000106
                                                             IPI          0,00              0,00        0,00       101,00
NFS 5         76117 22 SP       909,00               6.102   ICMS       909,00 25,00      227,25        0,00         0,00
                                112210600000106
                                                                                                                                    
                                                R E G I S T R O  DE  S A I D A S
FIRMA: Estabelecimento TOTVS - Ñ ALTERAR CONTAS
INSCR. EST.: 255721161             CNPJ: 53.113.791/0017-90
FOLHA:       7          MES OU PERIODO/ANO: 01/07/2011 A 31/07/2011


*-- DOCUMENTOS FISCAIS --*                         *----------------- V A L O R E S  F I S C A I S ----------------------*
    SER                UF    VALOR        CODIFICACAO        ICMS OPERACOES COM DEBITO DO IMPOSTO OPERACOES SEM DEBITO DO IMPOSTO
ESP SUB-   NUMERO  DIA DEST  CONTABIL  CONTABIL      FISCAL  IPI   BASE CALCULO ALIQ   IMPOSTO  ISENTAS OU NAO   OUTRAS OBSERVAÇÕES
    SERIE                                                                              DEBITADO   TRIBUTADAS

                                                             IPI          0,00              0,00        0,00       909,00
NFS 5         76118 22 SP        93,50               6.102   ICMS        93,50 25,00       23,38        0,00         0,00
                                112210600000106
                                                             IPI          0,00              0,00        0,00        93,50
NFS 5         76119 22 SP       101,00               6.102   ICMS       101,00 25,00       25,25        0,00         0,00
                                112210600000106
                                                             IPI          0,00              0,00        0,00       101,00
NFS 5         76120 22 SP     10500,00               6.102   ICMS     10500,00 25,00     2625,00        0,00         0,00
                                112210600000106
                                                             IPI          0,00              0,00        0,00     10500,00
NFS 5         76121 22 SP       101,00               6.102   ICMS       101,00 25,00       25,25        0,00         0,00
                                112210600000106
                                                             IPI          0,00              0,00        0,00       101,00
NFS 12       302021 25 SP 352093749,65               6.403   ICMS 333333333,00 25,00 83333333,25        0,00         0,00
                                112110500000105
                                                             IPI          0,00              0,00333333333,00         0,00
NFS 12       302022 25 SP 555555555,00               6.101   ICMS         0,00  0,00        0,00555555555,00         0,00
                                112110500000105
                                                             IPI          0,00              0,00555555555,00         0,00
NFS 12       302023 25 SP 696189235,42               6.101   ICMS         0,00  0,00        0,00611111110,50         0,00
                                112110500000105
                                                             IPI          0,00              0,00333333333,00 277777777,50
NFS 5         76122 25 SP       101,00               6.102   ICMS       101,00 25,00       25,25        0,00         0,00
                                112210600000106
                                                             IPI          0,00              0,00        0,00       101,00
NFS 5         76123 25 SP       202,00               6.102   ICMS       202,00 25,00       50,50        0,00         0,00
                                112210600000106
                                                             IPI          0,00              0,00        0,00       202,00
NFS 5         76124 25 SP       766,48               6.102   ICMS       766,48 25,00      191,62        0,00         0,00
                                112210600000106
                                                             IPI          0,00              0,00        0,00       766,48
NFS 5         76125 25 SC       953,40               5.101   ICMS       953,40 17,00      162,08        0,00         0,00
                                513000300000003
                                                             IPI          0,00              0,00        0,00       953,40
NFS 5         76126 25 SC      1144,08               5.101   ICMS      1144,08 17,00      194,49        0,00         0,00
                                513000300000003
                                                             IPI          0,00              0,00        0,00      1144,08
NFS 5         76127 25 SC         0,06               5.201   ICMS         0,00  0,00        0,00        0,05         0,00IPI-        
                                                             IPI          0,00              0,00        0,00         0,05        0,01
NFS 5         76128 25 SC         0,00               5.101   ICMS         0,00  0,00        0,00        0,00         0,00SIMPLES     
                                112110500000105
                                                             IPI         20,00              1,00        0,00         0,00FATURAMENTO 
NFS 5         76130 25 SP       425,00               6.102   ICMS       425,00 25,00      106,25        0,00         0,00
                                112210600000106
                                                             IPI          0,00              0,00        0,00       425,00
NFS 5         76131 25 SC         0,00               5.101   ICMS         0,00  0,00        0,00        0,00         0,00SIMPLES     
                                112110500000105
                                                             IPI         30,00              1,50        0,00         0,00FATURAMENTO 
NFS 5         76132 25 SC       953,40               5.101   ICMS       953,40 17,00      162,08        0,00         0,00
                                513000300000003
                                                             IPI          0,00              0,00        0,00       953,40
                                                                                                                                    
                                                R E G I S T R O  DE  S A I D A S
FIRMA: Estabelecimento TOTVS - Ñ ALTERAR CONTAS
INSCR. EST.: 255721161             CNPJ: 53.113.791/0017-90
FOLHA:       8          MES OU PERIODO/ANO: 01/07/2011 A 31/07/2011


*-- DOCUMENTOS FISCAIS --*                         *----------------- V A L O R E S  F I S C A I S ----------------------*
    SER                UF    VALOR        CODIFICACAO        ICMS OPERACOES COM DEBITO DO IMPOSTO OPERACOES SEM DEBITO DO IMPOSTO
ESP SUB-   NUMERO  DIA DEST  CONTABIL  CONTABIL      FISCAL  IPI   BASE CALCULO ALIQ   IMPOSTO  ISENTAS OU NAO   OUTRAS OBSERVAÇÕES
    SERIE                                                                              DEBITADO   TRIBUTADAS

NFS 5         76133 25                                                                                                                  
NFS 5         76134 25 SC       648,13               5.101   ICMS       648,13 17,00      110,18        0,00         0,00
                                513000300000003
                                                             IPI          0,00              0,00        0,00       648,13
NFS 5         76135 25 SC         4,20               5.101   ICMS         4,00 17,00        0,68        0,00         0,00
                                513000300000003
                                                             IPI          4,00              0,20        0,00         0,00
NFS 5         76136 25 SP        93,50               6.102   ICMS        93,50 25,00       23,38        0,00         0,00
                                112210600000106
                                                             IPI          0,00              0,00        0,00        93,50
NFS 5         76137 25 SC         0,00               5.101   ICMS         0,00  0,00        0,00        0,00         0,00SIMPLES     
                                112110500000105
                                                             IPI          4,00              0,20        0,00         0,00FATURAMENTO 
NFS 5         76138 25 SC         0,00               5.101   ICMS         0,00  0,00        0,00        0,00         0,00SIMPLES     
                                112110500000105
                                                             IPI          4,00              0,20        0,00         0,00FATURAMENTO 
NFS 5         76139 25 SP      1000,00               6.109   ICMS      1000,00 25,00      250,00        0,00         0,00
                                112110500000105
                                                             IPI          0,00              0,00        0,00      1000,00
NFS 5         76141 25 SP      1944,00               6.102   ICMS      1944,00 25,00      486,00        0,00         0,00
                                112210600000106
                                                             IPI          0,00              0,00        0,00      1944,00
NFS 5         76144 25 SP        93,50               6.102   ICMS        93,50 25,00       23,38        0,00         0,00
                                112210600000106
                                                             IPI          0,00              0,00        0,00        93,50
NFS 5         76145 25 SC       935,00               5.101   ICMS       935,00 17,00      158,95        0,00         0,00
                                513000300000003
                                                             IPI          0,00              0,00        0,00       935,00
NFS 5         76146 25                                                                                                                  
NFS 11       290829 26 SP         1,10               6.101   ICMS         1,00 25,00        0,25        0,00         0,00
                                112110500000105
                                                             IPI          1,00              0,10        0,00         0,00
NFS 11       290830 26 SP      3692,70               6.101   ICMS      3357,00 25,00      839,25        0,00         0,00
                                112110500000105
                                                             IPI       3357,00            335,70        0,00         0,00
NFS 11       290831 26 SP
** Value 1268760415,4 cannot be displayed using >>>>>>>>9.99. (74)
                          ????????????               6.101   ICMS         0,00  0,00        0,00666666666,00         0,00
                                112110500000105
                                                             ICMS         0,00  0,00        0,00499999999,50         0,00
                                511110100000101
                                                             IPI          0,00              0,00333333333,00 833333332,50
NFS 12       302024 26 SP 469458332,87               6.403   ICMS 444444444,00 25,00
** Value 111111111 cannot be displayed using >>>>>>>9.99. (74)
                                                                                     ???????????        0,00         0,00
                                112110500000105
                                                             IPI          0,00              0,00444444444,00         0,00
NFS 12       302025 26 SP 666666666,00               6.101   ICMS 322222221,90 25,00 80555555,48333333333,00  11111111,10
                                112110500000105
                                                             IPI          0,00              0,00333333333,00 333333333,00
NFS 12       302026 26 SP 699999999,30               6.101   ICMS 222222222,00 25,00 55555555,50222222222,00 222222222,00
                                112110500000105
                                                R E G I S T R O  DE  S A I D A S
FIRMA: Estabelecimento TOTVS - Ñ ALTERAR CONTAS
INSCR. EST.: 255721161             CNPJ: 53.113.791/0017-90
FOLHA:       9          MES OU PERIODO/ANO: 01/07/2011 A 31/07/2011


*-- DOCUMENTOS FISCAIS --*                         *----------------- V A L O R E S  F I S C A I S ----------------------*
    SER                UF    VALOR        CODIFICACAO        ICMS OPERACOES COM DEBITO DO IMPOSTO OPERACOES SEM DEBITO DO IMPOSTO
ESP SUB-   NUMERO  DIA DEST  CONTABIL  CONTABIL      FISCAL  IPI   BASE CALCULO ALIQ   IMPOSTO  ISENTAS OU NAO   OUTRAS OBSERVAÇÕES
    SERIE                                                                              DEBITADO   TRIBUTADAS

                                                             IPI  222222222,00       33333333,30222222222,00 222222222,00
NFS 12       302029 26 SP       122,10               6.101   ICMS       111,00 25,00       27,75        0,00         0,00
                                112110500000105
                                                             IPI        111,00             11,10        0,00         0,00
NFS 5         76148 26                                                                                                                  
NFS 5         76151 26                                                                                                                  
NFS 5         76152 26                                                                                                                  
NFS 5         76153 26 SP        13,00               6.102   ICMS        12,04 25,00        3,01        0,00         0,00
                                112210600000106
                                                             IPI         12,04              0,96        0,00         0,00
NFS 999           2 26 SP 733333332,60               6.101   ICMS 666666666,00 25,00
** Value 166666666,5 cannot be displayed using >>>>>>>9.99. (74)
                                                                                     ???????????        0,00         0,00
                                112110500000105
                                                             IPI  666666666,00       66666666,60        0,00         0,00
NFS 999           3 26 SP 366666666,30               6.101   ICMS 333333333,00 25,00 83333333,25        0,00         0,00
                                112110500000105
                                                             IPI  333333333,00       33333333,30        0,00         0,00
NFS 999           4 26 SP     12222,10               6.101   ICMS     11111,00 25,00     2777,75        0,00         0,00
                                112110500000105
                                                             IPI      11111,00           1111,10        0,00         0,00
NFS 999           5 26 SP 469458332,98               6.403   ICMS 444444444,11 25,00
** Value 111111111,03 cannot be displayed using >>>>>>>9.99. (74)
                                                                                     ???????????        0,00         0,00
                                112110500000105
                                                             IPI          0,00              0,00444444444,11         0,00
NFS 999           6 26 SP 666666666,33               6.101   ICMS 599999999,70 25,00
** Value 149999999,93 cannot be displayed using >>>>>>>9.99. (74)
                                                                                     ???????????        0,00  66666666,63
                                112110500000105
                                                             IPI          0,00              0,00        0,00 666666666,33
NFS 999           7 26 SP 744830176,80               6.101   ICMS         0,00  0,00        0,00222222222,33         0,00
                                112110500000105
                                                             ICMS         0,00  0,00        0,00454545454,43         0,00
                                511110100000101
                                                             IPI          0,00              0,00454545454,43 222222222,33
NFS 12       302039 27 SP 122222222,10               6.101   ICMS 111111111,00 25,00 27777777,75        0,00         0,00
                                112110500000105
                                                             IPI  111111111,00       11111111,10        0,00         0,00
NFS 5         76154 27 SP       100,00               6.102   ICMS       100,00 25,00       25,00        0,00         0,00
                                112210600000106
                                                             IPI          0,00              0,00        0,00       100,00
NFS 5         76155 27 SP       105,00               6.102   ICMS       105,00 25,00       26,25        0,00         0,00
                                112210600000106
                                                             IPI          0,00              0,00        0,00       105,00
NFS 5         76156 27 SP       200,00               6.102   ICMS         0,00  0,00        0,00      200,00         0,00
                                112210600000106
                                                             IPI          0,00              0,00      200,00         0,00
NFS 5         76157 27 SP      8430,00               6.102   ICMS      8430,00 25,00     2107,50        0,00         0,00
                                112210600000106
                                                             IPI          0,00              0,00        0,00      8430,00
                                                                                                                                    
                                                R E G I S T R O  DE  S A I D A S
FIRMA: Estabelecimento TOTVS - Ñ ALTERAR CONTAS
INSCR. EST.: 255721161             CNPJ: 53.113.791/0017-90
FOLHA:      10          MES OU PERIODO/ANO: 01/07/2011 A 31/07/2011


*-- DOCUMENTOS FISCAIS --*                         *----------------- V A L O R E S  F I S C A I S ----------------------*
    SER                UF    VALOR        CODIFICACAO        ICMS OPERACOES COM DEBITO DO IMPOSTO OPERACOES SEM DEBITO DO IMPOSTO
ESP SUB-   NUMERO  DIA DEST  CONTABIL  CONTABIL      FISCAL  IPI   BASE CALCULO ALIQ   IMPOSTO  ISENTAS OU NAO   OUTRAS OBSERVAÇÕES
    SERIE                                                                              DEBITADO   TRIBUTADAS

NFS 5         76158 27 MT      6666,67               6.109   ICMS         0,00  0,00        0,00     6600,00         0,00
                                112110500000105
                                                             IPI          0,00              0,00     6600,00         0,00
NFS 999        1011 27 SP 111111111,00               6.101   ICMS         0,00  0,00        0,00111111111,00         0,00
                                112110500000105
                                                             IPI          0,00              0,00111111111,00         0,00
NFS 999        1012 27 SP 691111110,53               6.101   ICMS         0,00  0,00        0,00222222222,00 468888888,53
                                112110500000105
                                                             IPI          0,00              0,00222222222,00 468888888,53
NFS un            7 27 sc       962,64 5111101       5.101   ICMS       916,80 17,00      155,86        0,00         0,00
                                                             IPI        916,80             45,84        0,00         0,00
NFS 12       302041 28 SP       165,00               6.101   ICMS       150,00 25,00       37,50        0,00         0,00
                                112110500000105
                                                             IPI        150,00             15,00        0,00         0,00
NFS 12       302042 28 SP        60,50               6.101   ICMS        55,00 25,00       13,75        0,00         0,00
                                112110500000105
                                                             IPI         55,00              5,50        0,00         0,00
NFS 12       302043 28 SP       110,00               6.101   ICMS       100,00 25,00       25,00        0,00         0,00
                                112110500000105
                                                             IPI        100,00             10,00        0,00         0,00
NFS 12       302044 28 SP        48,40               6.101   ICMS        44,00 25,00       11,00        0,00         0,00
                                112110500000105
                                                             IPI         44,00              4,40        0,00         0,00
NFS 12345         1 28 SP       137,44               6.102   ICMS       127,26 25,00       31,82        0,00         0,00
                                112110500000105
                                                             IPI        127,26             10,18        0,00         0,00
NFS 12345         2 28 SP     10846,66               6.102   ICMS     10846,66 25,00     2711,67        0,00         0,00
                                112110500000105
                                                             IPI          0,00              0,00        0,00     10846,66
NFS 12345         3 28 SP     10846,66               6.102   ICMS     10846,66 25,00     2711,67        0,00         0,00
                                112110500000105
                                                             IPI          0,00              0,00        0,00     10846,66
NFS 15    234567891 28 SP       346,66               6.102   ICMS       346,66 25,00       86,67        0,00         0,00
                                112110500000105
                                                             IPI          0,00              0,00        0,00       346,66
NFS 15    234567892 28 SP     10500,00               6.102   ICMS     10500,00 25,00     2625,00        0,00         0,00
                                112110500000105
                                                             IPI          0,00              0,00        0,00     10500,00
NFS 15    234567893 28 SP    262626,00               6.102   ICMS    262626,00 25,00    65656,50        0,00         0,00
                                112110500000105
                                                             IPI          0,00              0,00        0,00    262626,00
NFS 5         76159 28 MT      3333,33               6.109   ICMS         0,00  0,00        0,00     3300,00         0,00
                                                             IPI          0,00              0,00     3300,00         0,00
NFS 5         76161 28 SC       757,22               5.101   ICMS       705,88 17,00      120,00        0,00         0,00
                                513000300000003
                                                             IPI        641,69             51,34        0,00        64,19
NFS 5         76163 28 MT     10000,00               6.109   ICMS         0,00  0,00        0,00     9900,00         0,00
                                                             IPI          0,00              0,00     9900,00         0,00
NFS 5         76164 28 SP      1992,30               6.109   ICMS         0,00  0,00        0,00     1992,30         0,00
                                112110500000105
                                                             IPI          0,00              0,00     1992,30         0,00
                                                                                                                                    
                                                R E G I S T R O  DE  S A I D A S
FIRMA: Estabelecimento TOTVS - Ñ ALTERAR CONTAS
INSCR. EST.: 255721161             CNPJ: 53.113.791/0017-90
FOLHA:      11          MES OU PERIODO/ANO: 01/07/2011 A 31/07/2011


*-- DOCUMENTOS FISCAIS --*                         *----------------- V A L O R E S  F I S C A I S ----------------------*
    SER                UF    VALOR        CODIFICACAO        ICMS OPERACOES COM DEBITO DO IMPOSTO OPERACOES SEM DEBITO DO IMPOSTO
ESP SUB-   NUMERO  DIA DEST  CONTABIL  CONTABIL      FISCAL  IPI   BASE CALCULO ALIQ   IMPOSTO  ISENTAS OU NAO   OUTRAS OBSERVAÇÕES
    SERIE                                                                              DEBITADO   TRIBUTADAS

NFS 12       302045 29 SP 122222222,10               6.101   ICMS 111111111,00 25,00 27777777,75        0,00         0,00
                                112110500000105
                                                             IPI  111111111,00       11111111,10        0,00         0,00
NFS 12       302046 29 SP      1222,10               6.101   ICMS      1111,00 25,00      277,75        0,00         0,00
                                112110500000105
                                                             IPI       1111,00            111,10        0,00         0,00
NFS 12       302047 29 SP 704187499,41               6.403   ICMS 666666666,11 25,00
** Value 166666666,53 cannot be displayed using >>>>>>>9.99. (74)
                                                                                     ???????????        0,00         0,00
                                112110500000105
                                                             IPI          0,00              0,00666666666,11         0,00
NFS 12       302048 29 SP 444444444,55               6.101   ICMS 400000000,10 25,00
** Value 100000000,03 cannot be displayed using >>>>>>>9.99. (74)
                                                                                     ???????????        0,00  44444444,45
                                112110500000105
                                                             IPI          0,00              0,00        0,00 444444444,55
NFS 12       302049 29 SP     12222,10               6.101   ICMS     11111,00 25,00     2777,75        0,00         0,00
                                112110500000105
                                                             IPI      11111,00           1111,10        0,00         0,00
NFS 12       302053 29 SP       110,00               6.101   ICMS       100,00 25,00       25,00        0,00         0,00
                                112110500000105
                                                             IPI        100,00             10,00        0,00         0,00
NFS 5         76160 29 SC      1364,04               5.101   ICMS      1364,04 17,00      231,89        0,00         0,00
                                513000300000003
                                                             IPI          0,00              0,00        0,00      1364,04
NFS 5         76165 29 SP       104,00               6.102   ICMS       104,00 25,00       26,00        0,00         0,00
                                112210600000106
                                                             IPI          0,00              0,00        0,00       104,00
NFS 5         76166 29 MT     10000,00               6.109   ICMS         0,00  0,00        0,00     9900,00         0,00
                                                             IPI          0,00              0,00     9900,00         0,00
NFS 5         76167 29                                                                                                                  
NFS 999        1014 29 SP     12222,10               6.101   ICMS     11111,00 25,00     2777,75        0,00         0,00
                                112110500000105
                                                             IPI      11111,00           1111,10        0,00         0,00
                                                                                                                                    
SUBTOTAL DE 01/07/2011 A 31/07/2011                          ICMS7460086906,56     1865003074,46
** Value 3899054288,11 cannot be displayed using >>>>>>>>9.99. (74)
                                                                                                ???????????? 813335140,21
                                                             IPI 4248498797,39      435960943,78
** Value 4454584592,95 cannot be displayed using >>>>>>>>9.99. (74)
                                                                                                ????????????
** Value 3469397104,04 cannot be displayed using >>>>>>>>9.99. (74)
                                                                                                             ????????????
                                                                                                                                    
TOTAL GERAL 01/07/2011 A 31/07/2011                          ICMS7460086906,56
** Value 1865003074,46 cannot be displayed using >>>>>>>>9.99. (74)
                                                                                    ????????????
** Value 3899054288,11 cannot be displayed using >>>>>>>>9.99. (74)
                                                                                                ???????????? 813335140,21               
                                                             IPI 4248498797,39      435960943,78
** Value 4454584592,95 cannot be displayed using >>>>>>>>9.99. (74)
                                                                                                ????????????3469397104,04               
                                                R E G I S T R O  DE  S A I D A S
FIRMA: Estabelecimento TOTVS - Ñ ALTERAR CONTAS
INSCR. EST.: 255721161             CNPJ: 53.113.791/0017-90
FOLHA:      12          MES OU PERIODO/ANO: 01/07/2011 A 31/07/2011


*-- DOCUMENTOS FISCAIS --*                         *----------------- V A L O R E S  F I S C A I S ----------------------*
    SER                UF    VALOR        CODIFICACAO        ICMS OPERACOES COM DEBITO DO IMPOSTO OPERACOES SEM DEBITO DO IMPOSTO
ESP SUB-   NUMERO  DIA DEST  CONTABIL  CONTABIL      FISCAL  IPI   BASE CALCULO ALIQ   IMPOSTO  ISENTAS OU NAO   OUTRAS OBSERVAÇÕES
    SERIE                                                                              DEBITADO   TRIBUTADAS

                                                                                                                                        
                                                                                                                                    
                                                                                                                                    
                                                                                                                                    
                                                                                                                                    
                                                                                                                                    
                                                                                                                                    
                                                                                                                                    
                                                                                                                                    
                                                                                                                                    
                                                                                                                                    
                                                                                                                                    
                                                                                                                                    
                                                                                                                                    
                                                                                                                                    
                                                                                                                                    
                                                                                                                                    
                                                                                                                                    
                                                                                                                                    
                                                                                                                                    
                                                                                                                                    
                                                                                                                                    
                                                                                                                                    
                                                                                                                                    
                                                                                                                                    
                                                                                                                                    
                                                                                                                                    
                                                                                                                                    
                                                                                                                                    
                                                                                                                                    
                                                                                                                                    
                                                                                                                                    
                                                                                                                                    
                                                                                                                                    
                                                                                                                                    
                                                                                                                                    
                                                                                                                                    
                                                                                                                                    
                                                                                                                                    
                                                                                                                                    
                                                                                                                                    
                                                                                                                                    
                                                                                                                                    
                                                                                                                                    
                                                                                                                                    
                                                                                                                                    
                                                                                                                                    
                                                                                                                                    
                                                                                                                                    
                                                                                                                                    
                                                                                                                                    
                                                                                                                                    
                                                R E G I S T R O  DE  S A I D A S
FIRMA: Estabelecimento TOTVS - Ñ ALTERAR CONTAS
INSCR. EST.: 255721161             CNPJ: 53.113.791/0017-90
FOLHA:      13          MES OU PERIODO/ANO: 01/07/2011 A 31/07/2011
------------------------------------------------------------------------------------------------------------------------------------
                                   RESUMO DE OPERACOES E PRESTACOES POR CODIGO FISCAL (CFOP) -  MENSAL
------------------------------------------------------------------------------------------------------------------------------------

CFOP    NATUREZA                  VALOR CONTABIL            BASE CALCULO ALIQ.      IMPOSTO DEBIT   ISENTAS/N.TRIB            OUTRAS

5.000  Saidas e/ou Prestacoes de Servicos para o Estado        
                                                                                                                                    
5.101   VENDA DE PRODUTOS                   0,00 ICMS               0,00    0                0,00             0,00              0,00
                                                 IPI             4597,00                   229,85             0,00            962,50
                                                                                                                                    
5.101   VENDA DE PRODUTOS                1314,60 ICMS            1252,00    12             150,24             0,00              0,00
                                                 IPI             1252,00                    62,60             0,00              0,00
                                                                                                                                    
5.101   VENDA DE PRODUTOS               27561,34 ICMS           27438,76    17            4664,63             0,00              0,00
                                                 IPI             1566,49                    97,58             0,00          25372,27
                                                                                                                                    
5.101   VENDA DE PRODUTOS                5480,83 ICMS            5480,83    18             986,55             0,00              0,00
                                                 IPI                0,00                     0,00             0,00           5480,83
                                                                                                                                    
5.101   VENDA DE PRODUTOS                  12,10 ICMS              12,10    25               3,03             0,00              0,00
                                                 IPI                0,00                     0,00             0,00             12,10
                                                                                                                                    
5.201   DEVOLUCAO DE MATERIA PRIM           0,06 ICMS               0,00    0                0,00             0,05              0,00
                                                 IPI                0,00                     0,00             0,00              0,05
                                                                                                                                    
5.901   REMESSA P/ INDUST.                267,75 ICMS             255,00    17              43,35             0,00              0,00
                                                 IPI              255,00                    12,75             0,00              0,00
                                                                                                                                    
   S U B T           5.000  -           34636,68 ICMS           34438,69                  5847,80             0,05              0,00
                                                 IPI             7670,49                   402,78             0,00          31827,75
6.000  Saidas e/ou Prestacoes de Servicos para Outros Estados  
                                                                                                                                    
6.101   Venda Mercadoria           4845337581,15 ICMS               0,00    0                0,00    3898990295,76      691112910,53
                                                 IPI                0,00                     0,00    2565656863,43     2024446342,86
                                                                                                                                    
6.101   Venda Mercadoria           6135897361,34 ICMS      5570702609,30    25      1392675652,35         12000,00      122222222,18
                                                 IPI       4248490987,60             435960529,86             0,00     1444444943,88
                                                                                                                                    
6.102   VENDA DE MERCADORIAS              200,00 ICMS               0,00    0                0,00           200,00              0,00
                                                 IPI                0,00                     0,00           200,00              0,00
                                                                                                                                    
6.102   VENDA DE MERCADORIAS           122233,59 ICMS          122233,59    12           14668,02             0,00              0,00
                                                 IPI                0,00                     0,00             0,00         122233,59
                                                                                                                                    
6.102   VENDA DE MERCADORIAS           337506,40 ICMS          337495,26    25           84373,85             0,00              0,00
                                                 IPI              139,30                    11,14             0,00         337355,96
                                                                                                                                    
6.109   VENDA DE PRODUTOS ZFM/ALC       31992,30 ICMS               0,00    0                0,00         31692,30              0,00
                                                 IPI                0,00                     0,00         31692,30              0,00
                                                                                                                                    
6.109   VENDA DE PRODUTOS ZFM/ALC        1000,00 ICMS            1000,00    25             250,00             0,00              0,00
                                                 IPI                0,00                     0,00             0,00           1000,00
                                                                                                                                    
6.201   DEVOLUCAO DE MATERIA PRIM       13400,00 ICMS               0,00    0                0,00         13400,00              0,00
                                                 IPI                0,00                     0,00             0,00          13400,00
                                                                                                                                    
6.403   VENDA DE MERCADORIAS-ST    1995198180,85 ICMS      1888889129,72    25       472222282,44             0,00              7,50
                                                 IPI                0,00                     0,00    1888889137,22              0,00
                                                R E G I S T R O  DE  S A I D A S
FIRMA: Estabelecimento TOTVS - Ñ ALTERAR CONTAS
INSCR. EST.: 255721161             CNPJ: 53.113.791/0017-90
FOLHA:      14          MES OU PERIODO/ANO: 01/07/2011 A 31/07/2011
------------------------------------------------------------------------------------------------------------------------------------
                                   RESUMO DE OPERACOES E PRESTACOES POR CODIGO FISCAL (CFOP) -  MENSAL
------------------------------------------------------------------------------------------------------------------------------------

CFOP    NATUREZA                  VALOR CONTABIL            BASE CALCULO ALIQ.      IMPOSTO DEBIT   ISENTAS/N.TRIB            OUTRAS

                                                                                                                                    
6.949   OUTRAS SAIDAS                    6700,00 ICMS               0,00    0                0,00          6700,00              0,00
                                                 IPI                0,00                     0,00          6700,00              0,00
                                                                                                                                    
   S U B T           6.000  -     12976946155,63 ICMS      7460052467,87            1864997226,66    3899054288,06      813335140,21
                                                 IPI       4248491126,90             435960541,00    4454584592,95     3469365276,29
                                                                                                                                    
   T O T A L  G E R A L           12976980792,31 ICMS      7460086906,56            1865003074,46    3899054288,11      813335140,21
                                                 IPI       4248498797,39             435960943,78    4454584592,95     3469397104,04
                                                                                                                                    
                                                                                                                                    
                                                                                                                                    
                                                                                                                                    
                                                                                                                                    
                                                                                                                                    
                                                                                                                                    
                                                                                                                                    
                                                                                                                                    
                                                                                                                                    
                                                                                                                                    
                                                                                                                                    
                                                                                                                                    
                                                                                                                                    
                                                                                                                                    
                                                                                                                                    
                                                                                                                                    
                                                                                                                                    
                                                                                                                                    
                                                                                                                                    
                                                                                                                                    
                                                                                                                                    
                                                                                                                                    
                                                                                                                                    
                                                                                                                                    
                                                                                                                                    
                                                                                                                                    
                                                                                                                                    
                                                                                                                                    
                                                                                                                                    
                                                                                                                                    
                                                                                                                                    
                                                                                                                                    
                                                                                                                                    
                                                                                                                                    
                                                                                                                                    
                                                                                                                                    
                                                                                                                                    
                                                                                                                                    
                                                                                                                                    
                                                                                                                                    
                                                                                                                                    
                                                                                                                                    
                                                                                                                                    
                                                R E G I S T R O  DE  S A I D A S
FIRMA: Estabelecimento TOTVS - Ñ ALTERAR CONTAS
INSCR. EST.: 255721161             CNPJ: 53.113.791/0017-90
FOLHA:      15          MES OU PERIODO/ANO: 01/07/2011 A 31/07/2011
------------------------------------------------------------------------------------------------------------------------------------
                                         DEMONSTRATIVO DE ICMS POR ESTADO DE DESTINO OPERACOES COM CONTRIBUINTES
------------------------------------------------------------------------------------------------------------------------------------

ESTADO                                     VALOR CONTABIL                  BASE CALCULO          VALOR SUBST
                  OUTRAS
DESTINO

SP   São Paulo                             3083765.888,54               3335062.803,62            361543.418,49                0,00
                                                                                                                                    
       T O T A L  G E R A L                3083765.888,54               3335062.803,62            361543.418,49                0,00
                                                                                                                                    
                                                                                                                                    
                                                                                                                                    
                                                                                                                                    
                                                                                                                                    
                                                                                                                                    
                                                                                                                                    
                                                                                                                                    
                                                                                                                                    
                                                                                                                                    
                                                                                                                                    
                                                                                                                                    
                                                                                                                                    
                                                                                                                                    
                                                                                                                                    
                                                                                                                                    
                                                                                                                                    
                                                                                                                                    
                                                                                                                                    
                                                                                                                                    
                                                                                                                                    
                                                                                                                                    
                                                                                                                                    
                                                                                                                                    
                                                                                                                                    
                                                                                                                                    
                                                                                                                                    
                                                                                                                                    
                                                                                                                                    
                                                                                                                                    
                                                                                                                                    
                                                                                                                                    
                                                                                                                                    
                                                                                                                                    
                                                                                                                                    
                                                                                                                                    
                                                                                                                                    
                                                                                                                                    
                                                                                                                                    
                                                                                                                                    
                                                                                                                                    
                                                                                                                                    
                                                                                                                                    
                                                                                                                                    
                                                                                                                                    
                                                                                                                                    
                                                                                                                                    
                                                                                                                                    
                                                R E G I S T R O  DE  S A I D A S
FIRMA: Estabelecimento TOTVS - Ñ ALTERAR CONTAS
INSCR. EST.: 255721161             CNPJ: 53.113.791/0017-90
FOLHA:      16          MES OU PERIODO/ANO: 01/07/2011 A 31/07/2011
------------------------------------------------------------------------------------------------------------------------------------
                                         DEMONSTRATIVO DE ICMS POR ESTADO DE DESTINO OPERACOES COM NAO CONTRIBUINTES
------------------------------------------------------------------------------------------------------------------------------------

ESTADO                                     VALOR CONTABIL                  BASE CALCULO          VALOR SUBST
                  OUTRAS
DESTINO

       T O T A L  G E R A L                          0,00                         0,00                     0,00                0,00
                                                                                                                                    
                                                                                                                                    
                                                                                                                                    
                                                                                                                                    
                                                                                                                                    
                                                                                                                                    
                                                                                                                                    
                                                                                                                                    
                                                                                                                                    
                                                                                                                                    
                                                                                                                                    
                                                                                                                                    
                                                                                                                                    
                                                                                                                                    
                                                                                                                                    
                                                                                                                                    
                                                                                                                                    
                                                                                                                                    
                                                                                                                                    
                                                                                                                                    
                                                                                                                                    
                                                                                                                                    
                                                                                                                                    
                                                                                                                                    
                                                                                                                                    
                                                                                                                                    
                                                                                                                                    
                                                                                                                                    
                                                                                                                                    
                                                                                                                                    
                                                                                                                                    
                                                                                                                                    
                                                                                                                                    
                                                                                                                                    
                                                                                                                                    
                                                                                                                                    
                                                                                                                                    
                                                                                                                                    
                                                                                                                                    
                                                                                                                                    
                                                                                                                                    
                                                                                                                                    
                                                                                                                                    
                                                                                                                                    
                                                                                                                                    
                                                                                                                                    
                                                                                                                                    
                                                                                                                                    
                                                                                                                                    
                                                                                                                                    
