                                  CONTROLE DE CREDITO DE ICMS DO ATIVO PERMANENTE - CIAP (MODELO C)
MES/ANO:01 A 12/2013                                                                                             ANO/PAG:  2013/019
-----------------------------------------------------------------------------------------------------------------------------------
1- IDENTIFICACAO DO ESTABELECIMENTO
-----------------------------------------------------------------------------------------------------------------------------------
    Nome: SASAZAKI INDÚSTRIA E COMÉRCIO LTDA         CNPJ: 52045697000110     Inscricao Estadual: 438.010.070.113
Endereco: Avenida Eugênio Coneglian, nº 1.060      Bairro: D.Industrial                Municipio: MARILIA
-----------------------------------------------------------------------------------------------------------------------------------

-----------------------------------------------------------------------------------------------------------------------------------
2- DEMONSTRATIVO DA BASE PARA APROPRIACAO DO CREDITO (VALORES EM REAL)
-----------------------------------------------------------------------------------------------------------------------------------
                       IDENTIFICACAO DO BEM                             |                  VALOR DO ICMS
-----------------------------------------------------------------------------------------------------------------------------------
NUMERO OU DATA           NOTA     DESCRICAO RESUMIDA                    |     ENTRADA            SAIDA OU       TOTAL DO CREDITO
CODIGO                   FISCAL                                         |     (CREDITO)            BAIXA            A APROPRIAR
-----------------------------------------------------------------------------------------------------------------------------------
      113 01/01/2013                12/Bem 12                                       480,00               0,00          1.138.199,74
      213 01/01/2013                13/Bem 13                                       480,00               0,00          1.138.679,74
      313 01/01/2013                14/Bem 14                                20.833.333,33               0,00         21.972.013,07
      413 01/01/2013                7/Bem 7                                         480,00               0,00         21.972.493,07
      513 01/01/2013                8/Bem 8                                          22,82               0,00         21.972.515,89
      613 01/01/2013                9/Bem 9                                           5,04               0,00         21.972.520,93
      713 01/01/2013                10/Bem 10                                         0,30               0,00         21.972.521,23
      813 01/01/2013                11/Bem 11                                        63,11               0,00         21.972.584,34
      913 31/01/2013                *decurso*1/Bem 1                                  0,00             480,00         21.972.104,34
     1013 31/01/2013     00010542   *decurso*54/Esterira                              0,00          33.353,85         21.938.750,49
     1113 31/07/2013                *decurso*2/Bem 2                                  0,00             480,00         21.938.270,49
     1213 31/08/2013                *decurso*57/Bem pai                               0,00             960,00         21.937.310,49
     1313 31/08/2013     0105611    *decurso*56/escovas de extrusora                  0,00           2.234,09         21.935.076,40
                                  CONTROLE DE CREDITO DE ICMS DO ATIVO PERMANENTE - CIAP (MODELO C)
MES/ANO:01 A 12/2013                                                                                             ANO/PAG:  2013/020
-----------------------------------------------------------------------------------------------------------------------------------
3- DEMONSTRATIVO DA APROPRIACAO MENSAL DE CREDITO (VALORES EM REAL)
-----------------------------------------------------------------------------------------------------------------------------------
         |       OPERACOES E PRESTACOES      |
         |-----------------------------------|
         |                        TOTAL DAS  |    COEFICIENTE                TOTAL DE             FRACAO             CREDITO MENSAL
   MES   |      TRIBUTADAS         SAIDAS    |   DE APROPRIACAO              CREDITO A            MENSAL              A APROPRIAR
         |         (1)               (2)     |      (3=1/2)                  APROPRIAR             (5)               (6=3 x 4 x 5)
         |                                   |                                  (4)
         |                                   |
-----------------------------------------------------------------------------------------------------------------------------------
Janeiro               1,00              1,00     1,00000000            21.938.750,49               1/48                  457.057,30
Fevereiro             1,00              1,00     1,00000000            21.938.750,49               1/48                  457.057,30
Marco                 1,00              1,00     1,00000000            21.938.750,49               1/48                  457.057,30
Abril                 1,00              1,00     1,00000000            21.938.750,49               1/48                  457.057,30
Maio                  1,00              1,00     1,00000000            21.938.750,49               1/48                  457.057,30
Junho                 1,00              1,00     1,00000000            21.938.750,49               1/48                  457.057,30
Julho                 1,00              1,00     1,00000000            21.938.270,49               1/48                  457.047,30
Agosto                1,00              1,00     1,00000000            21.935.076,40               1/48                  456.980,76
Setembro              1,00              1,00     1,00000000            21.935.076,40               1/48                  456.980,76
Outubro               1,00              1,00     1,00000000            21.935.076,40               1/48                  456.980,76
Novembro              1,00              1,00     1,00000000            21.935.076,40               1/48                  456.980,76
Dezembro              1,00              1,00     1,00000000            21.935.076,40               1/48                  456.980,76
