                                  CONTROLE DE CREDITO DE ICMS DO ATIVO PERMANENTE - CIAP (MODELO C)
MES/ANO:01 A 12/2015                                                                                             ANO/PAG:  2015/023
-----------------------------------------------------------------------------------------------------------------------------------
1- IDENTIFICACAO DO ESTABELECIMENTO
-----------------------------------------------------------------------------------------------------------------------------------
    Nome: SASAZAKI INDÚSTRIA E COMÉRCIO LTDA         CNPJ: 52045697000110     Inscricao Estadual: 438.010.070.113
Endereco: Avenida Eugênio Coneglian, nº 1.060      Bairro: D.Industrial                Municipio: MARILIA
-----------------------------------------------------------------------------------------------------------------------------------

-----------------------------------------------------------------------------------------------------------------------------------
2- DEMONSTRATIVO DA BASE PARA APROPRIACAO DO CREDITO (VALORES EM REAL)
-----------------------------------------------------------------------------------------------------------------------------------
                       IDENTIFICACAO DO BEM                             |                  VALOR DO ICMS
-----------------------------------------------------------------------------------------------------------------------------------
NUMERO OU DATA           NOTA     DESCRICAO RESUMIDA                    |     ENTRADA            SAIDA OU       TOTAL DO CREDITO
CODIGO                   FISCAL                                         |     (CREDITO)            BAIXA            A APROPRIAR
-----------------------------------------------------------------------------------------------------------------------------------
      115 31/01/2015                *decurso*5/Bem 5                                  0,00             480,00         21.932.916,40
      215 31/01/2015     1          *decurso*41/Teste automacao                       0,00             100,00         21.932.816,40
      315 30/04/2015                *decurso*50/Optiplex 7011                         0,00             480,00         21.932.336,40
      415 31/05/2015                *decurso*51/Optiplex 7010 - 2                     0,00             900,00         21.931.436,40
      515 31/05/2015     5          *decurso*48/Chamado TVKPI9                        0,00             336,00         21.931.100,40
      615 31/07/2015                *decurso*6/Bem 6                                  0,00             480,00         21.930.620,40
      715 31/07/2015                *decurso*10/Bem 10                                0,00               0,30         21.930.620,10
      815 30/11/2015     9282015    *decurso*29/Material D.Direto - TRIB              0,00           1.739,50         21.928.880,60
      915 30/11/2015     9312015    *decurso*32/Material D.Direto - TRIB              0,00           1.622,84         21.927.257,76
     1015 30/11/2015     9332015    *decurso*34/Material D.Direto - TRIB              0,00       1.076.526,91         20.850.730,85
     1115 30/11/2015     9362016    *decurso*37/Material D.Direto - TRIB              0,00          18.888,89         20.831.841,96
     1215 30/11/2015     9372016    *decurso*38/Material D.Direto - TRIB              0,00           1.700,04         20.830.141,92
     1315 30/11/2015     9382016    *decurso*39/Material D.Direto - TRIB              0,00              56,63         20.830.085,29
     1415 30/11/2015     9392016    *decurso*40/Material D.Direto - TRIB              0,00              20,99         20.830.064,30
                                  CONTROLE DE CREDITO DE ICMS DO ATIVO PERMANENTE - CIAP (MODELO C)
MES/ANO:01 A 12/2015                                                                                             ANO/PAG:  2015/024
-----------------------------------------------------------------------------------------------------------------------------------
3- DEMONSTRATIVO DA APROPRIACAO MENSAL DE CREDITO (VALORES EM REAL)
-----------------------------------------------------------------------------------------------------------------------------------
         |       OPERACOES E PRESTACOES      |
         |-----------------------------------|
         |                        TOTAL DAS  |    COEFICIENTE                TOTAL DE             FRACAO             CREDITO MENSAL
   MES   |      TRIBUTADAS         SAIDAS    |   DE APROPRIACAO              CREDITO A            MENSAL              A APROPRIAR
         |         (1)               (2)     |      (3=1/2)                  APROPRIAR             (5)               (6=3 x 4 x 5)
         |                                   |                                  (4)
         |                                   |
-----------------------------------------------------------------------------------------------------------------------------------
Janeiro               1,00              1,00     1,00000000            21.932.816,40               1/48                  456.933,68
Fevereiro             1,00              1,00     1,00000000            21.932.816,40               1/48                  456.933,68
Marco                 1,00              1,00     1,00000000            21.932.816,40               1/48                  456.933,68
Abril                 1,00              1,00     1,00000000            21.932.336,40               1/48                  456.923,68
Maio                  1,00              1,00     1,00000000            21.931.100,40               1/48                  456.897,93
Junho                 1,00              1,00     1,00000000            21.931.100,40               1/48                  456.897,93
Julho                 1,00              1,00     1,00000000            21.930.620,10               1/48                  456.887,92
Agosto                1,00              1,00     1,00000000            21.930.620,10               1/48                  456.887,92
Setembro              1,00              1,00     1,00000000            21.930.620,10               1/48                  456.887,92
Outubro               1,00              1,00     1,00000000            21.930.620,10               1/48                  456.887,92
Novembro              1,00              1,00     1,00000000            20.830.064,30               1/48                  433.959,67
Dezembro              1,00              1,00     1,00000000            20.830.064,30               1/48                  433.959,67
