------------------------------------------------------------------------------------------------------------------------------------
TOTVS S.A.                                       Extrator TAF                                                           Página:    1
-------------------------------------------------------------------------------------------------------------- TODAY - 00:00:00


    Parâmetros

                           Empresa: 10
                   Estabelecimento: 1                |< >| 1
                             Série:                  |< >| ZZZZZ
                         Documento:                  |< >| ZZZZZZZZZZZZZZZZ
                     Data Extração: 01/08/11         |< >| 31/08/11
            Extrair Somente REINF?: Não

                   Tipo de Geração: Arquivo Texto


                   Apuração de ICMS / ICMS ST

                                          Considerar CFOP de serviços?: Sim

                   Documentos Fiscais

                                                               Entrada: Sim
                                                                 Saída: Sim
                                                               Serviço: Sim

                   Plano de Contas Contábeis

                                                          Empresa EMS5:
                                                      Matriz de Contas:

                   Controle de Crédito de ICMS do Ativo Permanente

                           Primeira Entrega do Bloco G no SPED Fiscal?: Não

                   CPRB - Notas Fiscais de Exportação pela Data de: Emissão

                   Inventário

                    Motivo                            Dt Fechamento  Preço Base ICMS  %Margem  Estab x Item
                    --------------------------------  -------------  ---------------  -------  ------------
                    Final do Período...........: Não
                    Mudança Forma Tributação...: Não
                    Solicitação Baixa Cadastral: Não
                    Alteração Regime Pagamento.: Não
                    Solicitação da Fiscalização: Não

                    Período para Média das Entradas

                    Data Transação Inicial:
                    Data Transação Final:

                    Inventário em Processo

                    Considera Produtos em Fabricação: Não


    Impressão

        Destino: Arquivo
        Arquivo: c:/automacao/relatorios/CN01_Acompa
        Usuário: super




---------------------------------------------------------------------------------------------------------------------------------------------------------------------TOTVS -  - OF1001RP - V:0.00.00.000
------------------------------------------------------------------------------------------------------------------------------------
TOTVS S.A.                                       Extrator TAF                                                           Página:    2
-------------------------------------------------------------------------------------------------------------- TODAY - 00:00:00


    Registros Selecionados:

                    Apuração do ICMS
                    Apuração do ICMS ST
                    Apuração do IPI


Erro(s) Encontrado(s)
----------------------------------------------------------------------------------------------------

T007     Tipo do item não parametrizado para o item 40t
T007     Tipo do item não parametrizado para o item 40f
T020AF   Conta contábil não informada para o item 13t da nota fiscal 0290845
T020AF   Conta contábil não informada para o item .danfe-tributado da nota fiscal 0290846
T020AF   Conta contábil não informada para o item .compras da nota fiscal 0290847
T020AF   Conta contábil não informada para o item 40f da nota fiscal 0290847
T020AF   Conta contábil não informada para o item  da nota fiscal 0290848
T020AF   Conta contábil não informada para o item 13d da nota fiscal 0290848
T020AF   Conta contábil não informada para o item 40f da nota fiscal 0290849
T020AF   Conta contábil não informada para o item 13d da nota fiscal 0290849
T020AF   Conta contábil não informada para o item 40t da nota fiscal 0290850
T020AF   Conta contábil não informada para o item 13d da nota fiscal 0290850
T020AF   Conta contábil não informada para o item .compras da nota fiscal 0290850
T020AF   Conta contábil não informada para o item 40f da nota fiscal 0290851
T020AF   Conta contábil não informada para o item 13f da nota fiscal 0290851
T020AF   Conta contábil não informada para o item .compras da nota fiscal 0290851
T020AF   Conta contábil não informada para o item .danfe-tamanhoCP da nota fiscal 0290855
T020AF   Conta contábil não informada para o item .compras da nota fiscal 0290852
T020AF   Conta contábil não informada para o item .DANF-e da nota fiscal 0290852
T020AF   Conta contábil não informada para o item 40f da nota fiscal 0290853
T020AF   Conta contábil não informada para o item 40t da nota fiscal 0290853
T020AF   Conta contábil não informada para o item 40f da nota fiscal 0290854
T020AF   Conta contábil não informada para o item 40t da nota fiscal 0290854
T020AF   Conta contábil não informada para o item 13c da nota fiscal 0076726
T020AF   Conta contábil não informada para o item 13f da nota fiscal 0076726
T020AF   Conta contábil não informada para o item 13t da nota fiscal 0076726
T020AF   Conta contábil não informada para o item 13c da nota fiscal 0076727
T020AF   Conta contábil não informada para o item 13f da nota fiscal 0076727
T020AF   Conta contábil não informada para o item 13t da nota fiscal 0076727
T020AF   Conta contábil não informada para o item 13c da nota fiscal 0076728
T020AF   Conta contábil não informada para o item 13f da nota fiscal 0076728
T020AF   Conta contábil não informada para o item 13t da nota fiscal 0076728
T020AF   Conta contábil não informada para o item 13c da nota fiscal 0076729
T020AF   Conta contábil não informada para o item 13ff da nota fiscal 0076729
T020AF   Conta contábil não informada para o item  da nota fiscal 0076729
T020AF   Conta contábil não informada para o item 13d da nota fiscal 0076729
T020AF   Conta contábil não informada para o item 13C da nota fiscal 0076730
T020AF   Conta contábil não informada para o item 13T da nota fiscal 0076730
T020AF   Conta contábil não informada para o item 13F da nota fiscal 0076730
T020AF   Conta contábil não informada para o item P2 da nota fiscal 0076730
T020AF   Conta contábil não informada para o item REF da nota fiscal 0076730
T020AF   Conta contábil não informada para o item CONF da nota fiscal 0076730
T020AF   Conta contábil não informada para o item 13F da nota fiscal 0290857
T020AF   Conta contábil não informada para o item 40F da nota fiscal 0290857
T020AF   Conta contábil não informada para o item .COMPRAS da nota fiscal 0290857
T020AF   Conta contábil não informada para o item  da nota fiscal 0290857
T020AF   Conta contábil não informada para o item .DANFE da nota fiscal 0290857
T020AF   Conta contábil não informada para o item 40T da nota fiscal 0290857
---------------------------------------------------------------------------------------------------------------------------------------------------------------------TOTVS -  - OF1001RP - V:0.00.00.000

------------------------------------------------------------------------------------------------------------------------------------
TOTVS S.A.                                       Extrator TAF                                                           Página:    3
-------------------------------------------------------------------------------------------------------------- TODAY - 00:00:00


T020AF   Conta contábil não informada para o item .DANFE-TamanhoCP da nota fiscal 0290857
T020AF   Conta contábil não informada para o item .DANF-e da nota fiscal 0290857
T020AF   Conta contábil não informada para o item .compras.fisico da nota fiscal 0290857
T020AF   Conta contábil não informada para o item 13d da nota fiscal 0290857
T020AF   Conta contábil não informada para o item 13t da nota fiscal 0290844
T020AF   Conta contábil não informada para o item 13f da nota fiscal 0290843



Arquivo Gerado
----------------------------------------------------------------------------------------------------
c:\automacao\relatorios\Estab-1_TAFTODAY172451.txt

Relatório Conferência Gerado
----------------------------------------------------------------------------------------------------
c:\automacao\relatorios\RELAT_CONF_TAFTODAY172451.xlsx









































---------------------------------------------------------------------------------------------------------------------------------------------------------------------TOTVS -  - OF1001RP - V:0.00.00.000
