------------------------------------------------------------------------------------------------------------------------------------
SASAZAKI IND. E COM. LTDA                        DIPI-Dados Remetentes de 01/05/2011 a 31/05/2011                       Página:    1
-------------------------------------------------------------------------------------------------------------- TODAY - 00:00:00

FIRMA: Estabelecimento TOTVS - Ñ ALTERAR CONTAS INSCRIÇÃO ESTADUAL:            255721161           C.N.P.J.: 53113791001790

CNPJ/CPF                  Código  Cliente                                              Valor        %        Vl. Acumulado         %
-------------------  -----------  -------------------------------------    -----------------   ------    -----------------    ------
23.637.697/0020-74         74804  ALCOA ALUMINIO S.A.                             853.487,50    56,59           853.487,50     56,59
60.894.730/0025-82         73699  USIMINAS-USINAS SID.DE MINAS GERAIS S/A.        339.287,73    22,50         1.192.775,23     79,09
07.358.761/0001-69         75342  GERDAU AÇOS LONGOS S/A.                         108.812,25     7,22         1.301.587,48     86,31
61.144.150/0006-78         73354  PADO S/A. INDUSTRIAL, COML.E IMPORTADORA         44.290,40     2,94         1.345.877,88     89,24
02.214.604/0001-66         76719  PAPAIZ NORDESTE IND. E COM. LTDA                 41.664,00     2,76         1.387.541,88     92,01
76.029.180/0001-04         73921  FERMAX IND.COMPONENTES P/ESQUADRIAS LTDA         27.644,81     1,83         1.415.186,69     93,84
62.365.804/0001-41         71123  DIFUS-AR IND.BRASIL.ACESS.TECNICOS LTDA.         18.103,00     1,20         1.433.289,69     95,04
81.905.176/0001-94         77533  BERNECK S.A. PAINEIS E SERRADOS                  10.923,07     0,72         1.444.212,76     95,76
11.252.642/0010-95         77988  TROMBINI EMBALAGENS S/A                          10.866,75     0,72         1.455.079,51     96,48
30.560.205/0001-92         72280  STAM METALURGICA S/A.                             8.060,00     0,53         1.463.139,51     97,02
69.177.426/0001-11         73981  GARMAX - SERRALH INDL LTDA-ME                     7.000,00     0,46         1.470.139,51     97,48
04.137.003/0001-22         74878  ICILEGEL IND. E COM. IBAITI LTDA.                 6.092,10     0,40         1.476.231,61     97,89
07.327.788/0001-94         78645  TCA SIST COM MAQUI EQUIP PINTURA LTDA ME          6.000,00     0,40         1.482.231,61     98,28
04.163.173/0001-81         78683  GABRIEL ABDUL MASSIH NETO ME                      5.900,00     0,39         1.488.131,61     98,68
61.135.414/0001-12         77852  PRODEC PROTECAO E DECORACAO METAIS LT             4.693,28     0,31         1.492.824,89     98,99
01.070.163/0001-03         76493  AGM - IND. E COM. DE EMBALAGENS LTDA.             3.588,00     0,24         1.496.412,89     99,23
10.311.551/0001-20         77222  TAGPLAST FERRAM. INJECAO LTDA. - ME               3.125,00     0,21         1.499.537,89     99,43
03.840.986/0048-60         19071  SAINT-GOBAIN DISTRIBUICAO BRASIL LTDA             1.805,84     0,12         1.501.343,73     99,55
31.465.255/0001-53         75793  POSTO E CHURRASCARIA EMBAIXADOR LTDA              1.100,22     0,07         1.502.443,95     99,63
96.623.988/0001-14         78721  BORSSATO SUMARE AUTO POSTO LTDA                     827,60     0,05         1.503.271,55     99,68
00.118.442/0001-37         78149  POSTO KM 13 DA DUTRA LTDA                           700,00     0,05         1.503.971,55     99,73
68.877.752/0001-79         75229  MERSE ARTIGOS PARA LABORATORIO LTDA.                609,00     0,04         1.504.580,55     99,77
04.683.269/0001-70         76166  IRAMILDO PEREIRA RESENDE & CIA LTDA.                493,00     0,03         1.505.073,55     99,80
52.045.697/0001-10             1  SASAZAKI INDÚSTRIA E COMÉRCIO LTDA AÇÃO.            395,00     0,03         1.505.468,55     99,83
10.834.443/0003-01         78511  BOX3 CENTRO AUTOMOTIVO LTDA                         390,00     0,03         1.505.858,55     99,85
01.857.582/0001-90         73204  HOTEL MAX PLAZA DE MARILIA LTDA.                    384,00     0,03         1.506.242,55     99,88
01.369.330/0001-11         78206  AUTO POSTO GLOBAL DE CAMPINAS LTDA                  265,61     0,02         1.506.508,16     99,89
47.610.100/0005-27         78513  AOKI LTDA                                           250,00     0,02         1.506.758,16     99,91
02.736.256/0001-97         75617  POSTO GAVIAO DA ANHANGUERA LTDA.                    242,08     0,02         1.507.000,24     99,93
09.472.083/0001-96         78272  AUTO POSTO QUINTA DO MARQUES LTDA                   225,37     0,01         1.507.225,61     99,94
03.576.562/0001-76         78342  D PEDRO PARKING POSTO LTDA                          139,01     0,01         1.507.364,62     99,95
08.699.770/0001-86         78118  CENTRO AUTOMOTIVO ITUZAO LTDA                       129,02     0,01         1.507.493,64     99,96
52.058.450/0001-39         70001  A. REPETTE & FILHOS LTDA.                           120,00     0,01         1.507.613,64     99,97
68.890.649/0001-69         76545  AUTO POSTO RIO PRETAO LTDA.                         119,96     0,01         1.507.733,60     99,98
01.820.806/0005-12         78716  REDE LK DE POSTOS LTDA                              107,00     0,01         1.507.840,60     99,98
05.405.414/0001-14         78304  POSTO DE SERVICOS GRANDE ALIANCA LTDA               100,00     0,01         1.507.940,60     99,99
49.858.806/0001-04         78717  EUGENIO BRAZ ARROTEIA & CIA LTDA                     89,25     0,01         1.508.029,85    100,00
04.583.463/0001-84         78201  POSTO QUALITY CASABLANCA LTDA                        66,00     0,00         1.508.095,85    100,00

















-----------------------------------------------------------------------------DATASUL - OBRIGACOES FISCAIS - OF0722RP - V:0.00.00.000
------------------------------------------------------------------------------------------------------------------------------------
SASAZAKI IND. E COM. LTDA                        DIPI-Dados Remetentes de 01/05/2011 a 31/05/2011                       Página:    2
-------------------------------------------------------------------------------------------------------------- TODAY - 00:00:00


                        Seleção

                    Estabelecimento: 1
                            Período: 01/05/2011  |<         >| 31/05/2011



                        Parâmetros

           Perc Máximo do Relatório: 100,00
        Natureza do Estabelecimento: Industrial
Considera Nat Oper com Cod Vinc IPI: Sim
              Apropriar Valores por: Valor Contábil

---------------------- CFOP's Excluidas -----------------

1101   



                        Impressão

                            Destino: Impressora
                            Arquivo: c:/automacao/relatorios


































-----------------------------------------------------------------------------DATASUL - OBRIGACOES FISCAIS - OF0722RP - V:0.00.00.000
