FIRMA: Estabelecimento TOTVS - Ñ ALTERAR CONTAS  INSCR. EST.: 255721161               CNPJ   : 53113791001790      Folha:          1
PERIODO: 01/05/2011 A 31/05/2011  APURACAO DE ICMS POR GRUPO DE CFOP E CLASSIFICACAO FISCAL

GRUPO FISCAL : 10 - Entrada                   -  1101

CLASSIFICACAO COD UN.
       FISCAL UN. ABR.     QUANTIDADE   VLR CONTABIL    BASE ICMS      I C M S      BASE ST     VALOR ST  ISENTA/N.TRIB       OUTRAS

2807.00.10     00 KG          90,0000         270,00       270,00        48,60         0,00         0,00          0,00          0,00
2827.39.96     00 KG        1400,0000        3108,00      3108,00       559,44         0,00         0,00          0,00          0,00
2909.49.49     00 lt         200,0000        1882,00      1882,00       338,76         0,00         0,00          0,00          0,00
2915.21.00     00 un         300,0000        1323,00      1323,00       238,14         0,00         0,00          0,00          0,00
3208.10.10     00 Lt         335,0340        3600,52      3429,07       617,23         0,00         0,00          0,00          0,00
3208.20.19     00 LT        1152,0000       13995,07     13328,64      2399,16         0,00         0,00          0,00          0,00
3208.90.10     00 KG        4608,0000       71656,71     68244,48     12284,01         0,00         0,00          0,00          0,00
3209.90.19     00 KG        2995,2000       43041,02     43041,02      7747,39         0,00         0,00          0,00          0,00
3209.90.20     00 KG       10846,0000      112256,10    112256,10     20206,10         0,00         0,00          0,00          0,00
3215.19.00     00 LT          68,4000        1991,46      1991,46       358,46         0,00         0,00          0,00          0,00
3402.90.39     00 kg        1000,0000        9754,50      9290,00      1672,21         0,00         0,00          0,00          0,00
3824.90.79     00 KG        3000,0000       44253,00     40230,00      7241,40         0,00         0,00          0,00          0,00
3824.90.89     00 KG          90,0000        1965,15      1786,50       321,57         0,00         0,00          0,00          0,00
3908.10.24     00 KG        2000,0000       19551,00     18620,00      3351,60         0,00         0,00          0,00          0,00
3919.10.00     00 MT       12720,0000        6845,90      5952,96      1071,53         0,00         0,00          0,00          0,00
3919.90.00     00 MT       60000,0000        3622,50      3150,00       567,00         0,00         0,00          0,00          0,00
3920.10.99     00 KG         101,0000         627,21       545,40        98,17         0,00         0,00          0,00          0,00
3921.19.00     00 KG        9200,0000        2846,02      2474,80       445,46         0,00         0,00          0,00          0,00
3925.30.00     00 PC          10,0000       12012,00     11440,00      2059,20         0,00         0,00          0,00          0,00
3925.90.00     00 PC          41,6000       14390,25     13705,00      2466,90         0,00         0,00          0,00          0,00
4006.90.00     00 PR          72,0000        3635,31      3462,20       623,19         0,00         0,00          0,00          0,00
4008.29.00     00 MT       48100,0000       17072,87     15704,72      2826,85         0,00         0,00          0,00          0,00
4016.93.00     00           6000,0000        8359,20      7740,00      1393,20         0,00         0,00          0,00          0,00
4407.29.90     00 MT        7431,0000        8251,04      7959,04       226,04         0,00         0,00        292,00          0,00
4407.99.90     00 PC       23200,0000       18277,00         0,00         0,00         0,00         0,00      18277,00          0,00
4808.10.00     00 UN        7050,0000       10458,11      9094,00      1636,92         0,00         0,00          0,00          0,00
4819.10.00     00 UN       65020,0000       21619,11     18799,21      3383,89         0,00         0,00          0,00          0,00
4821.10.00     00 PC       18000,0000        1048,50      1048,50        35,43         0,00         0,00          0,00          0,00
4911.10.10     00 KG       25000,0000        6565,80      6565,80       196,81         0,00         0,00          0,00          0,00
5911.90.00     00 MT       23200,0000        3348,24      3188,80       573,98         0,00         0,00          0,00          0,00
7003.19.00     00 M2        3884,4652       42009,16     40008,72      7201,57         0,00         0,00          0,00          0,00
7005.29.00     00 pc        6217,2000      120351,42    114620,40     20631,70         0,00         0,00          0,00          0,00
7215.50.00     00 KG       54670,0000      155071,86    147687,49     26583,75         0,00         0,00          0,00          0,00
7225.50.90     00 KG       23210,0000       63073,39     60069,89     10812,58         0,00         0,00          0,00          0,00
7308.30.00     00 PC          28,0000        1000,00       110,00        18,70         0,00         0,00        330,00        560,00
7308.90.90     00 PC         310,0000         436,80        69,30         1,29         0,00         0,00          0,00        350,00
7318.15.00     00 PC       23509,0000       63063,10     57330,09     10319,42         0,00         0,00          0,00          0,00
7318.16.00     00 PC       37000,0000        2573,01      2339,10       421,04         0,00         0,00          0,00          0,00
7604.21.00     00 Mt         173,0000       10628,58     10628,58      1913,14         0,00         0,00          0,00          0,00
7604.29.20     00 Mt         270,0000        4370,63      4370,63       786,72         0,00         0,00          0,00          0,00
7610.10.00     00 PC          15,4000       40495,66     40106,70      7219,20         0,00         0,00          0,00          0,00
7610.90.00     00 PC        4531,1000      154484,55    154484,55     27807,22         0,00         0,00          0,00          0,00
8301.40.00     00 PC           0,1500         565,80       565,80       101,84         0,00         0,00          0,00          0,00
8302.10.00     00 PC        1992,0000        1590,11      1590,11       286,22         0,00         0,00          0,00          0,00
8302.20.00     00 pc          90,0000        9481,50      9030,00      1625,40         0,00         0,00          0,00          0,00
8302.49.00     00 PÇ        3000,0000        7810,00      7100,00      1278,00         0,00         0,00          0,00          0,00
8305.20.00     00 pc      346320,0000         876,19       796,54       143,38         0,00         0,00          0,00          0,00

TOTAL DO GRUPO 10 :                       1145508,35   1080538,60    192139,81         0,00         0,00      18899,00        910,00






---------------------------------------------------------------------------------DATASUL - OBRIGACOES FISCAIS - OF/0715 - V:G.00.002
FIRMA: Estabelecimento TOTVS - Ñ ALTERAR CONTAS  INSCR. EST.: 255721161               CNPJ   : 53113791001790      Folha:          2
PERIODO: 01/05/2011 A 31/05/2011  APURACAO DE ICMS POR GRUPO DE CFOP E CLASSIFICACAO FISCAL

GRUPO FISCAL : 20 - Entrada Inter             -  2101

CLASSIFICACAO COD UN.
       FISCAL UN. ABR.     QUANTIDADE   VLR CONTABIL    BASE ICMS      I C M S      BASE ST     VALOR ST  ISENTA/N.TRIB       OUTRAS

3920.10.99     00 KG      120000,0000        3588,00      3120,00       374,40         0,00         0,00          0,00          0,00
3925.20.00     00 MT           8,0000         616,00       616,00        73,92         0,00         0,00          0,00          0,00
4411.12.10     00 MT        3663,0000       10923,07     10402,92      1248,35         0,00         0,00          0,00          0,00
4808.10.00     00 UN        3221,0000        8970,45      8543,27      1025,19         0,00         0,00          0,00          0,00
4819.10.00     00 UN        1400,0000        1896,30      1806,00       216,72         0,00         0,00          0,00          0,00
5911.90.00     00 MT       43800,0000        6092,10      5802,00       696,24         0,00         0,00          0,00          0,00
7019.59.00     00 MT         974,7800        3109,81      2827,10       339,26         0,00         0,00          0,00          0,00
7214.91.00     00 TN       26404,0000       71999,77     71999,77      8639,97         0,00         0,00          0,00          0,00
7214.99.90     00 Kg       13500,0000       36812,48     36812,48      4417,50         0,00         0,00          0,00          0,00
7215.50.00     00 KG       91330,0000      232095,51    221043,34     26525,20         0,00         0,00          0,00          0,00
7225.50.90     00 KG       42330,0000      107192,22    102087,83     12250,55         0,00         0,00          0,00          0,00
7604.21.00     00 Mt       14894,1250      497389,50    497389,50     59686,73         0,00         0,00          0,00          0,00
7604.29.19     00 MT           5,0000          43,71        43,71         5,24         0,00         0,00          0,00          0,00
7604.29.20     00 Mt       19304,8000      355897,95    355897,95     42707,72         0,00         0,00          0,00          0,00
7608.20.90     00 MT           2,0000         156,34       156,34        18,76         0,00         0,00          0,00          0,00
7610.90.00     00 PC          67,5000       23919,00     23919,00      2870,28         0,00         0,00          0,00          0,00
8301.40.00     00 PC         542,0000       52350,40     52350,40      6282,05         0,00         0,00          0,00          0,00
8302.10.00     00 PC       36360,0000       41664,00     41664,00      4999,68         0,00         0,00          0,00          0,00

TOTAL DO GRUPO 20 :                       1454716,61   1436481,61    172377,76         0,00         0,00          0,00          0,00



































---------------------------------------------------------------------------------DATASUL - OBRIGACOES FISCAIS - OF/0715 - V:G.00.002
FIRMA: Estabelecimento TOTVS - Ñ ALTERAR CONTAS  INSCR. EST.: 255721161               CNPJ   : 53113791001790      Folha:          3
PERIODO: 01/05/2011 A 31/05/2011  APURACAO DE ICMS POR GRUPO DE CFOP E CLASSIFICACAO FISCAL

GRUPO FISCAL : 30 - Entrada Import            -  3101

CLASSIFICACAO COD UN.
       FISCAL UN. ABR.     QUANTIDADE   VLR CONTABIL    BASE ICMS      I C M S      BASE ST     VALOR ST  ISENTA/N.TRIB       OUTRAS

0000.00.00     00 pc           1,0000        1100,00      1000,00       180,00         0,00         0,00          0,00          0,00
7308.30.00     00 PC           2,0000        2000,00      2000,00       360,00         0,00         0,00          0,00          0,00

TOTAL DO GRUPO 30 :                          3100,00      3000,00       540,00         0,00         0,00          0,00          0,00



















































---------------------------------------------------------------------------------DATASUL - OBRIGACOES FISCAIS - OF/0715 - V:G.00.002
FIRMA: Estabelecimento TOTVS - Ñ ALTERAR CONTAS  INSCR. EST.: 255721161               CNPJ   : 53113791001790      Folha:          4
PERIODO: 01/05/2011 A 31/05/2011  APURACAO DE ICMS POR GRUPO DE CFOP E CLASSIFICACAO FISCAL

GRUPO FISCAL : 40 - Saída                     -  5101

CLASSIFICACAO COD UN.
       FISCAL UN. ABR.     QUANTIDADE   VLR CONTABIL    BASE ICMS      I C M S      BASE ST     VALOR ST  ISENTA/N.TRIB       OUTRAS

7308.30.00     00 PC        2084,0000      680576,29    641545,79    115478,20    854586,59     39030,50          0,00          0,00
7308.90.90     00 PC         175,0000        6561,99      5793,13      1042,77      8455,11       479,16          0,00          0,00
7610.10.00     00 PC         133,0000       23509,45     23509,45      4231,70         0,00         0,00          0,00          0,00
7610.90.00     00 PC         117,0000        2603,00      2603,00       468,54         0,00         0,00          0,00          0,00

TOTAL DO GRUPO 40 :                        713250,73    673451,37    121221,21    863041,70     39509,66          0,00          0,00

















































---------------------------------------------------------------------------------DATASUL - OBRIGACOES FISCAIS - OF/0715 - V:G.00.002
FIRMA: Estabelecimento TOTVS - Ñ ALTERAR CONTAS  INSCR. EST.: 255721161               CNPJ   : 53113791001790      Folha:          5
PERIODO: 01/05/2011 A 31/05/2011  APURACAO DE ICMS POR GRUPO DE CFOP E CLASSIFICACAO FISCAL

GRUPO FISCAL : 50 - Saída 2                   -  5401

CLASSIFICACAO COD UN.
       FISCAL UN. ABR.     QUANTIDADE   VLR CONTABIL    BASE ICMS      I C M S      BASE ST     VALOR ST  ISENTA/N.TRIB       OUTRAS

7610.10.00     00 PC        1250,0000      869062,59    821730,87    147911,53   1084684,79     47331,72          0,00          0,00
7610.90.00     00 PC         330,0000       24055,62     22745,48      4094,16     30024,01      1310,14          0,00          0,00

TOTAL DO GRUPO 50 :                        893118,21    844476,35    152005,69   1114708,80     48641,86          0,00          0,00



















































---------------------------------------------------------------------------------DATASUL - OBRIGACOES FISCAIS - OF/0715 - V:G.00.002
FIRMA: Estabelecimento TOTVS - Ñ ALTERAR CONTAS  INSCR. EST.: 255721161               CNPJ   : 53113791001790      Folha:          6
PERIODO: 01/05/2011 A 31/05/2011  APURACAO DE ICMS POR GRUPO DE CFOP E CLASSIFICACAO FISCAL

GRUPO FISCAL : 60 - Saída Inter               -  6101

CLASSIFICACAO COD UN.
       FISCAL UN. ABR.     QUANTIDADE   VLR CONTABIL    BASE ICMS      I C M S      BASE ST     VALOR ST  ISENTA/N.TRIB       OUTRAS

7308.30.00     00 PC        1507,0000      359777,49    359652,49     35438,05         0,00         0,00          0,00        125,00
7308.90.90     00 PC          22,0000        2699,69      2571,13       255,96         0,00         0,00          0,00          0,00
7610.10.00     00 PC         302,0000      156134,66    156134,66     14537,66         0,00         0,00          0,00          0,00
7610.90.00     00 PC          43,0000        2461,22      2461,22       235,42         0,00         0,00          0,00          0,00

TOTAL DO GRUPO 60 :                        521073,06    520819,50     50467,09         0,00         0,00          0,00        125,00

















































---------------------------------------------------------------------------------DATASUL - OBRIGACOES FISCAIS - OF/0715 - V:G.00.002
FIRMA: Estabelecimento TOTVS - Ñ ALTERAR CONTAS  INSCR. EST.: 255721161               CNPJ   : 53113791001790      Folha:          7
PERIODO: 01/05/2011 A 31/05/2011  APURACAO DE ICMS POR GRUPO DE CFOP E CLASSIFICACAO FISCAL

GRUPO FISCAL : 70 - Saída Inter 2             -  6401

CLASSIFICACAO COD UN.
       FISCAL UN. ABR.     QUANTIDADE   VLR CONTABIL    BASE ICMS      I C M S      BASE ST     VALOR ST  ISENTA/N.TRIB       OUTRAS

7308.30.00     00 PC        1662,0000      498776,81    439003,35     49094,12    625914,79     59773,46          0,00          0,00
7308.90.90     00 PC          38,0000         666,58       561,90        54,43       868,70        76,59          0,00          0,00
7610.10.00     00 PC         209,0000      111604,68     98047,28     11739,68    139037,83     13557,40          0,00          0,00
7610.90.00     00 PC          34,0000        2596,48      2286,84       274,42      3238,82       309,64          0,00          0,00

TOTAL DO GRUPO 70 :                        613644,55    539899,37     61162,65    769060,14     73717,09          0,00          0,00

















































---------------------------------------------------------------------------------DATASUL - OBRIGACOES FISCAIS - OF/0715 - V:G.00.002
FIRMA: Estabelecimento TOTVS - Ñ ALTERAR CONTAS  INSCR. EST.: 255721161               CNPJ   : 53113791001790      Folha:          8
PERIODO: 01/05/2011 A 31/05/2011  APURACAO DE ICMS POR GRUPO DE CFOP E CLASSIFICACAO FISCAL

GRUPO FISCAL : 80 - Saída Export              -  7101

CLASSIFICACAO COD UN.
       FISCAL UN. ABR.     QUANTIDADE   VLR CONTABIL    BASE ICMS      I C M S      BASE ST     VALOR ST  ISENTA/N.TRIB       OUTRAS

0000.00.00     00 pc           1,0000        1100,00         0,00         0,00         0,00         0,00       1000,00          0,00
3210.00.10     00 LT           1,0000        1000,00         0,00         0,00         0,00         0,00       1000,00          0,00
7308.30.00     00 PC           4,0000        1300,00         0,00         0,00         0,00         0,00       1300,00          0,00
7308.90.90     00 PC           0,0000        1800,00         0,00         0,00         0,00         0,00       1800,00          0,00

TOTAL DO GRUPO 80 :                          5200,00         0,00         0,00         0,00         0,00       5100,00          0,00

















































---------------------------------------------------------------------------------DATASUL - OBRIGACOES FISCAIS - OF/0715 - V:G.00.002
FIRMA: Estabelecimento TOTVS - Ñ ALTERAR CONTAS  INSCR. EST.: 255721161               CNPJ   : 53113791001790      Folha:          9
PERIODO: 01/05/2011 A 31/05/2011  APURACAO DE ICMS POR GRUPO DE CFOP E CLASSIFICACAO FISCAL




                   SELECAO

                       Estabelecimento: 1

                   c-lbl-liter-digitacao
                   ---------------------
                   DIGITAÇÃO

                        Grupo: 10

                         CFOP: 1101


                        Grupo: 20

                         CFOP: 2101


                        Grupo: 30

                         CFOP: 3101


                        Grupo: 40

                         CFOP: 5101


                        Grupo: 50

                         CFOP: 5401


                        Grupo: 60

                         CFOP: 6101


                        Grupo: 70

                         CFOP: 6401


                        Grupo: 80

                         CFOP: 7101











---------------------------------------------------------------------------------DATASUL - OBRIGACOES FISCAIS - OF/0715 - V:G.00.002
FIRMA: Estabelecimento TOTVS - Ñ ALTERAR CONTAS  INSCR. EST.: 255721161               CNPJ   : 53113791001790      Folha:         10
PERIODO: 01/05/2011 A 31/05/2011  APURACAO DE ICMS POR GRUPO DE CFOP E CLASSIFICACAO FISCAL

                   PARAMETROS

                                  Período: 01/05/2011  |<  >|  31/05/2011
                           Tipo Relatório: Detalhado
Considerar Documentos Fiscais de Serviço?: Sim

                   IMPRESSAO

                                  Destino:    Arquivo          -   c:/automacao/relatorios/OF0715_01.LST
                                  Usuário:    super


















































---------------------------------------------------------------------------------DATASUL - OBRIGACOES FISCAIS - OF/0715 - V:G.00.002
