------------------------------------------------------------------------------------------------------------------------------------
SASAZAKI IND. E COM. LTDA                        DIPI-Dados Remetentes de 01/05/2011 a 31/05/2011                       Página:    1
-------------------------------------------------------------------------------------------------------------- TODAY - 00:00:00

FIRMA: Estabelecimento TOTVS - Ñ ALTERAR CONTAS INSCRIÇÃO ESTADUAL:            255721161           C.N.P.J.: 53113791001790

CNPJ/CPF                  Código  Cliente                                              Valor        %        Vl. Acumulado         %
-------------------  -----------  -------------------------------------    -----------------   ------    -----------------    ------
60.894.730/0025-82         73699  USIMINAS-USINAS SID.DE MINAS GERAIS S/A.        339.287,73    30,46           339.287,73     30,46
60.894.730/0063-08         77322  USINAS SID.DE MINAS GERAIS S/A. USIMINAS        218.145,25    19,58           557.432,98     50,04
00.007.750/0004-38         75315  P.K.O. DO BRASIL IMP. & EXP. LTDA.              162.360,58    14,58           719.793,56     64,62
61.064.929/0008-45         75543  DUPONT DO BRASIL S/A.                            69.741,45     6,26           789.535,01     70,88
44.645.471/0001-22         73777  METALURGICA REALEZA IND. E COM. LTDA.            61.499,12     5,52           851.034,13     76,40
02.777.131/0023-10         75194  HENKEL LTDA                                      55.972,65     5,02           907.006,78     81,42
61.553.301/0001-37         70215  PAPAIZ - UDINESE METAIS IND E COM LTDA           30.412,41     2,73           937.419,19     84,15
61.531.323/0001-04         73628  INDUSTRIA METALURGICA DATTI LTDA.                21.449,50     1,93           958.868,69     86,08
61.064.929/0071-81         74575  DUPONT  BRASIL S/A.                              19.551,00     1,76           978.419,69     87,83
43.996.693/0001-27         74545  PPG INDL. DO BRASIL TINTAS E VERNIZES LT         19.510,85     1,75           997.930,54     89,59
08.789.050/0001-01         77525  BONSUCESSO IND COM EMB PAP PAPELAO LTDA          15.117,34     1,36         1.013.047,88     90,94
69.308.518/0002-74         76363  TEC BOR BORRACHA TECNICA LTDA.                   15.049,65     1,35         1.028.097,53     92,29
01.029.767/0001-06         74170  PROESPUMA COMERCIO E INDUSTRIA LTDA.             13.327,23     1,20         1.041.424,76     93,49
03.638.179/0003-67         76969  ROMANA IND E COM EMBALAGENS LTDA.                13.244,92     1,19         1.054.669,68     94,68
81.905.176/0001-94         77533  BERNECK S.A. PAINEIS E SERRADOS                  10.923,07     0,98         1.065.592,75     95,66
11.252.642/0010-95         77988  TROMBINI EMBALAGENS S/A                          10.866,75     0,98         1.076.459,50     96,64
55.009.971/0001-94         70183  MARTINS E MANSANO LTDA.                           8.359,20     0,75         1.084.818,70     97,39
04.137.003/0001-22         74878  ICILEGEL IND. E COM. IBAITI LTDA.                 6.092,10     0,55         1.090.910,80     97,93
46.149.456/0003-80         78432  CITROPLAST IND COM PAPEIS PLASTICOS LTDA          3.714,96     0,33         1.094.625,76     98,27
60.219.250/0002-20         74237  PROMAFLEX INDUSTRIAL LTDA.                        3.622,50     0,33         1.098.248,26     98,59
01.070.163/0001-03         76493  AGM - IND. E COM. DE EMBALAGENS LTDA.             3.588,00     0,32         1.101.836,26     98,91
07.295.484/0001-92         75800  SCHLEGEL AM.SUL VED. CONSTR. CIVIL LTDA.          3.348,24     0,30         1.105.184,50     99,21
76.029.180/0001-04         73921  FERMAX IND.COMPONENTES P/ESQUADRIAS LTDA          3.109,81     0,28         1.108.294,31     99,49
57.482.713/0001-56         70134  HERAL S/A.INDUSTRIA METALURGICA                   2.573,01     0,23         1.110.867,32     99,72
56.057.672/0001-98         74040  INOX-PAR IND. E COM. LTDA.                        1.563,98     0,14         1.112.431,30     99,87
07.483.511/0001-50         75469  NO-SAG MOLAS E FIXADORES LTDA.                      876,19     0,08         1.113.307,49     99,94
00.314.544/0001-28         74644  THR IND. E COM. DE EMBALAGENS LTDA.                 627,21     0,06         1.113.934,70    100,00




























-----------------------------------------------------------------------------DATASUL - OBRIGACOES FISCAIS - OF0722RP - V:0.00.00.000
------------------------------------------------------------------------------------------------------------------------------------
SASAZAKI IND. E COM. LTDA                        DIPI-Dados Remetentes de 01/05/2011 a 31/05/2011                       Página:    2
-------------------------------------------------------------------------------------------------------------- TODAY - 00:00:00


                        Seleção

                    Estabelecimento: 1
                            Período: 01/05/2011  |<         >| 31/05/2011



                        Parâmetros

           Perc Máximo do Relatório: 100,00
        Natureza do Estabelecimento: Equiparado a Industrial
Considera Nat Oper com Cod Vinc IPI: Sim
              Apropriar Valores por: Valor Contábil

---------------------- CFOP's Excluidas -----------------




                        Impressão

                            Destino: Impressora
                            Arquivo: c:/automacao/relatorios



































-----------------------------------------------------------------------------DATASUL - OBRIGACOES FISCAIS - OF0722RP - V:0.00.00.000
