------------------------------------------------------------------------------------------------------------------------------------
SASAZAKI IND. E COM. LTDA                        DIPI-Dados Remetentes de 01/05/2011 a 31/05/2011                       Página:    1
-------------------------------------------------------------------------------------------------------------- TODAY - 00:00:00

FIRMA: Estabelecimento TOTVS - Ñ ALTERAR CONTAS INSCRIÇÃO ESTADUAL:            255721161           C.N.P.J.: 53113791001790

CNPJ/CPF                  Código  Cliente                                              Valor        %        Vl. Acumulado         %
-------------------  -----------  -------------------------------------    -----------------   ------    -----------------    ------
23.637.697/0020-74         74804  ALCOA ALUMINIO S.A.                             853.487,50    32,96           853.487,50     32,96
60.894.730/0025-82         73699  USIMINAS-USINAS SID.DE MINAS GERAIS S/A.        323.131,17    12,48         1.176.618,67     45,44
61.064.929/0008-45         75543  DUPONT DO BRASIL S/A.                           224.922,55     8,69         1.401.541,22     54,13
60.894.730/0063-08         77322  USINAS SID.DE MINAS GERAIS S/A. USIMINAS        207.757,38     8,02         1.609.298,60     62,15
61.531.323/0001-04         73628  INDUSTRIA METALURGICA DATTI LTDA.               174.574,55     6,74         1.783.873,15     68,90
00.007.750/0004-38         75315  P.K.O. DO BRASIL IMP. & EXP. LTDA.              154.629,12     5,97         1.938.502,27     74,87
07.358.761/0001-69         75342  GERDAU AÇOS LONGOS S/A.                         108.812,25     4,20         2.047.314,52     79,07
61.553.301/0001-37         70215  PAPAIZ - UDINESE METAIS IND E COM LTDA           61.291,70     2,37         2.108.606,22     81,44
44.645.471/0001-22         73777  METALURGICA REALEZA IND. E COM. LTDA.            55.908,29     2,16         2.164.514,51     83,60
02.777.131/0023-10         75194  HENKEL LTDA                                      54.414,50     2,10         2.218.929,01     85,70
61.144.150/0006-78         73354  PADO S/A. INDUSTRIAL, COML.E IMPORTADORA         44.290,40     1,71         2.263.219,41     87,41
02.214.604/0001-66         76719  PAPAIZ NORDESTE IND. E COM. LTDA                 41.664,00     1,61         2.304.883,41     89,02
76.029.180/0001-04         73921  FERMAX IND.COMPONENTES P/ESQUADRIAS LTDA         27.362,10     1,06         2.332.245,51     90,08
61.064.929/0071-81         74575  DUPONT  BRASIL S/A.                              18.620,00     0,72         2.350.865,51     90,80
43.996.693/0001-27         74545  PPG INDL. DO BRASIL TINTAS E VERNIZES LT         18.581,76     0,72         2.369.447,27     91,51
00.164.960/0001-97         77601  EMBAMAC IND COMERCIO DE EMBALAGENS LTDA          18.569,00     0,72         2.388.016,27     92,23
62.365.804/0001-41         71123  DIFUS-AR IND.BRASIL.ACESS.TECNICOS LTDA.         18.103,00     0,70         2.406.119,27     92,93
23.637.697/0098-34         73101  ALCOA ALUMINIO S/A.                              14.999,21     0,58         2.421.118,48     93,51
69.308.518/0002-74         76363  TEC BOR BORRACHA TECNICA LTDA.                   13.681,50     0,53         2.434.799,98     94,04
08.789.050/0001-01         77525  BONSUCESSO IND COM EMB PAP PAPELAO LTDA          13.145,50     0,51         2.447.945,48     94,54
01.029.767/0001-06         74170  PROESPUMA COMERCIO E INDUSTRIA LTDA.             11.889,96     0,46         2.459.835,44     95,00
03.638.179/0003-67         76969  ROMANA IND E COM EMBALAGENS LTDA.                11.517,31     0,44         2.471.352,75     95,45
81.905.176/0001-94         77533  BERNECK S.A. PAINEIS E SERRADOS                  10.402,92     0,40         2.481.755,67     95,85
11.252.642/0010-95         77988  TROMBINI EMBALAGENS S/A                          10.349,27     0,40         2.492.104,94     96,25
30.560.205/0001-92         72280  STAM METALURGICA S/A.                             8.060,00     0,31         2.500.164,94     96,56
07.316.338/0001-04         75715  GJ EMBALAGENS DE MADEIRA LTDA. - ME               7.959,04     0,31         2.508.123,98     96,87
55.009.971/0001-94         70183  MARTINS E MANSANO LTDA.                           7.740,00     0,30         2.515.863,98     97,17
69.177.426/0001-11         73981  GARMAX - SERRALH INDL LTDA-ME                     7.000,00     0,27         2.522.863,98     97,44
07.327.788/0001-94         78645  TCA SIST COM MAQUI EQUIP PINTURA LTDA ME          6.000,00     0,23         2.528.863,98     97,67
04.163.173/0001-81         78683  GABRIEL ABDUL MASSIH NETO ME                      5.900,00     0,23         2.534.763,98     97,90
04.137.003/0001-22         74878  ICILEGEL IND. E COM. IBAITI LTDA.                 5.802,00     0,22         2.540.565,98     98,12
02.129.099/0001-51         73100  PORTES PINHEIRO & CIA. LTDA.                      5.223,50     0,20         2.545.789,48     98,32
61.135.414/0001-12         77852  PRODEC PROTECAO E DECORACAO METAIS LT             4.693,28     0,18         2.550.482,76     98,51
46.149.456/0003-80         78432  CITROPLAST IND COM PAPEIS PLASTICOS LTDA          3.230,40     0,12         2.553.713,16     98,63
07.295.484/0001-92         75800  SCHLEGEL AM.SUL VED. CONSTR. CIVIL LTDA.          3.188,80     0,12         2.556.901,96     98,75
60.219.250/0002-20         74237  PROMAFLEX INDUSTRIAL LTDA.                        3.150,00     0,12         2.560.051,96     98,87
10.311.551/0001-20         77222  TAGPLAST FERRAM. INJECAO LTDA. - ME               3.125,00     0,12         2.563.176,96     99,00
01.070.163/0001-03         76493  AGM - IND. E COM. DE EMBALAGENS LTDA.             3.120,00     0,12         2.566.296,96     99,12
69.328.896/0001-39         76267  GRAFICA CENTRAL DE GARCA LTDA. - ME               2.390,80     0,09         2.568.687,76     99,21
57.482.713/0001-56         70134  HERAL S/A.INDUSTRIA METALURGICA                   2.339,10     0,09         2.571.026,86     99,30
61.628.384/0001-86         73775  NEOBOR INDUSTRIA E COMERCIO LTDA.                 2.023,22     0,08         2.573.050,08     99,38
02.167.712/0001-25         76902  FS GUARU IND.DE TINTAS SERIGRÁFICAS LTDA          1.991,46     0,08         2.575.041,54     99,45
03.840.986/0048-60         19071  SAINT-GOBAIN DISTRIBUICAO BRASIL LTDA             1.805,84     0,07         2.576.847,38     99,52
11.284.925/0001-28         78334  MF FERRAGENS  LTDA                                1.590,11     0,06         2.578.437,49     99,58
56.057.672/0001-98         74040  INOX-PAR IND. E COM. LTDA.                        1.421,80     0,05         2.579.859,29     99,64
31.465.255/0001-53         75793  POSTO E CHURRASCARIA EMBAIXADOR LTDA              1.100,22     0,04         2.580.959,51     99,68
96.623.988/0001-14         78721  BORSSATO SUMARE AUTO POSTO LTDA                     827,60     0,03         2.581.787,11     99,71
07.483.511/0001-50         75469  NO-SAG MOLAS E FIXADORES LTDA.                      796,54     0,03         2.582.583,65     99,74
52.045.697/0001-10             1  SASAZAKI INDÚSTRIA E COMÉRCIO LTDA AÇÃO.            725,00     0,03         2.583.308,65     99,77
00.118.442/0001-37         78149  POSTO KM 13 DA DUTRA LTDA                           700,00     0,03         2.584.008,65     99,80
68.877.752/0001-79         75229  MERSE ARTIGOS PARA LABORATORIO LTDA.                609,00     0,02         2.584.617,65     99,82
01.211.626/0001-00         70166  YALE LA FONTE SISTEMAS DE SEGURANCA LTDA            565,80     0,02         2.585.183,45     99,85
00.314.544/0001-28         74644  THR IND. E COM. DE EMBALAGENS LTDA.                 545,40     0,02         2.585.728,85     99,87
04.683.269/0001-70         76166  IRAMILDO PEREIRA RESENDE & CIA LTDA.                493,00     0,02         2.586.221,85     99,89
10.834.443/0003-01         78511  BOX3 CENTRO AUTOMOTIVO LTDA                         390,00     0,02         2.586.611,85     99,90
-----------------------------------------------------------------------------DATASUL - OBRIGACOES FISCAIS - OF0722RP - V:0.00.00.000
------------------------------------------------------------------------------------------------------------------------------------
SASAZAKI IND. E COM. LTDA                        DIPI-Dados Remetentes de 01/05/2011 a 31/05/2011                       Página:    2
-------------------------------------------------------------------------------------------------------------- TODAY - 00:00:00

FIRMA: Estabelecimento TOTVS - Ñ ALTERAR CONTAS INSCRIÇÃO ESTADUAL:            255721161           C.N.P.J.: 53113791001790

CNPJ/CPF                  Código  Cliente                                              Valor        %        Vl. Acumulado         %
-------------------  -----------  -------------------------------------    -----------------   ------    -----------------    ------
01.857.582/0001-90         73204  HOTEL MAX PLAZA DE MARILIA LTDA.                    384,00     0,01         2.586.995,85     99,92
01.437.603/0001-18         73251  GALTRON QUIMICA IND. E COM. LTDA.                   270,00     0,01         2.587.265,85     99,93
01.369.330/0001-11         78206  AUTO POSTO GLOBAL DE CAMPINAS LTDA                  265,61     0,01         2.587.531,46     99,94
47.610.100/0005-27         78513  AOKI LTDA                                           250,00     0,01         2.587.781,46     99,95
02.736.256/0001-97         75617  POSTO GAVIAO DA ANHANGUERA LTDA.                    242,08     0,01         2.588.023,54     99,96
09.472.083/0001-96         78272  AUTO POSTO QUINTA DO MARQUES LTDA                   225,37     0,01         2.588.248,91     99,96
03.576.562/0001-76         78342  D PEDRO PARKING POSTO LTDA                          139,01     0,01         2.588.387,92     99,97
08.699.770/0001-86         78118  CENTRO AUTOMOTIVO ITUZAO LTDA                       129,02     0,00         2.588.516,94     99,97
52.058.450/0001-39         70001  A. REPETTE & FILHOS LTDA.                           120,00     0,00         2.588.636,94     99,98
68.890.649/0001-69         76545  AUTO POSTO RIO PRETAO LTDA.                         119,96     0,00         2.588.756,90     99,98
01.820.806/0005-12         78716  REDE LK DE POSTOS LTDA                              107,00     0,00         2.588.863,90     99,99
05.405.414/0001-14         78304  POSTO DE SERVICOS GRANDE ALIANCA LTDA               100,00     0,00         2.588.963,90     99,99
49.858.806/0001-04         78717  EUGENIO BRAZ ARROTEIA & CIA LTDA                     89,25     0,00         2.589.053,15     99,99
07.343.859/0001-42         78512  ANTONIO CARLOS DE OLIVEIRA PLASTICOS ME              69,30     0,00         2.589.122,45    100,00
04.583.463/0001-84         78201  POSTO QUALITY CASABLANCA LTDA                        66,00     0,00         2.589.188,45    100,00








































-----------------------------------------------------------------------------DATASUL - OBRIGACOES FISCAIS - OF0722RP - V:0.00.00.000
------------------------------------------------------------------------------------------------------------------------------------
SASAZAKI IND. E COM. LTDA                        DIPI-Dados Remetentes de 01/05/2011 a 31/05/2011                       Página:    3
-------------------------------------------------------------------------------------------------------------- TODAY - 00:00:00


                        Seleção

                    Estabelecimento: 1
                            Período: 01/05/2011  |<         >| 31/05/2011



                        Parâmetros

           Perc Máximo do Relatório: 100,00
        Natureza do Estabelecimento: Industrial
Considera Nat Oper com Cod Vinc IPI: Sim
              Apropriar Valores por: Valor Contábil - Valor do IPI

---------------------- CFOP's Excluidas -----------------




                        Impressão

                            Destino: Impressora
                            Arquivo: c:/automacao/relatorios



































-----------------------------------------------------------------------------DATASUL - OBRIGACOES FISCAIS - OF0722RP - V:0.00.00.000
