------------------------------------------------------------------------------------------------------------------------------------
SASAZAKI IND. E COM. LTDA                        DIPI-Dados Remetentes de 01/05/2011 a 31/05/2011                       Página:    1
-------------------------------------------------------------------------------------------------------------- TODAY - 00:00:00

FIRMA: Estabelecimento TOTVS - Ñ ALTERAR CONTAS INSCRIÇÃO ESTADUAL:            255721161           C.N.P.J.: 53113791001790

CNPJ/CPF                  Código  Cliente                                              Valor        %        Vl. Acumulado         %
-------------------  -----------  -------------------------------------    -----------------   ------    -----------------    ------
23.637.697/0020-74         74804  ALCOA ALUMINIO S.A.                             853.487,50    32,18           853.487,50     32,18
60.894.730/0025-82         73699  USIMINAS-USINAS SID.DE MINAS GERAIS S/A.        339.287,73    12,79         1.192.775,23     44,97
61.064.929/0008-45         75543  DUPONT DO BRASIL S/A.                           228.243,57     8,60         1.421.018,80     53,57
60.894.730/0063-08         77322  USINAS SID.DE MINAS GERAIS S/A. USIMINAS        218.145,25     8,22         1.639.164,05     61,80
61.531.323/0001-04         73628  INDUSTRIA METALURGICA DATTI LTDA.               175.934,05     6,63         1.815.098,10     68,43
00.007.750/0004-38         75315  P.K.O. DO BRASIL IMP. & EXP. LTDA.              162.360,58     6,12         1.977.458,68     74,55
07.358.761/0001-69         75342  GERDAU AÇOS LONGOS S/A.                         108.812,25     4,10         2.086.270,93     78,65
61.553.301/0001-37         70215  PAPAIZ - UDINESE METAIS IND E COM LTDA           62.739,91     2,37         2.149.010,84     81,02
44.645.471/0001-22         73777  METALURGICA REALEZA IND. E COM. LTDA.            61.499,12     2,32         2.210.509,96     83,33
02.777.131/0023-10         75194  HENKEL LTDA                                      59.080,65     2,23         2.269.590,61     85,56
61.144.150/0006-78         73354  PADO S/A. INDUSTRIAL, COML.E IMPORTADORA         44.290,40     1,67         2.313.881,01     87,23
02.214.604/0001-66         76719  PAPAIZ NORDESTE IND. E COM. LTDA                 41.664,00     1,57         2.355.545,01     88,80
76.029.180/0001-04         73921  FERMAX IND.COMPONENTES P/ESQUADRIAS LTDA         27.644,81     1,04         2.383.189,82     89,84
61.064.929/0071-81         74575  DUPONT  BRASIL S/A.                              19.551,00     0,74         2.402.740,82     90,58
43.996.693/0001-27         74545  PPG INDL. DO BRASIL TINTAS E VERNIZES LT         19.510,85     0,74         2.422.251,67     91,32
00.164.960/0001-97         77601  EMBAMAC IND COMERCIO DE EMBALAGENS LTDA          18.569,00     0,70         2.440.820,67     92,02
62.365.804/0001-41         71123  DIFUS-AR IND.BRASIL.ACESS.TECNICOS LTDA.         18.103,00     0,68         2.458.923,67     92,70
08.789.050/0001-01         77525  BONSUCESSO IND COM EMB PAP PAPELAO LTDA          15.117,34     0,57         2.474.041,01     93,27
69.308.518/0002-74         76363  TEC BOR BORRACHA TECNICA LTDA.                   15.049,65     0,57         2.489.090,66     93,84
23.637.697/0098-34         73101  ALCOA ALUMINIO S/A.                              14.999,21     0,57         2.504.089,87     94,40
01.029.767/0001-06         74170  PROESPUMA COMERCIO E INDUSTRIA LTDA.             13.327,23     0,50         2.517.417,10     94,90
03.638.179/0003-67         76969  ROMANA IND E COM EMBALAGENS LTDA.                13.244,92     0,50         2.530.662,02     95,40
81.905.176/0001-94         77533  BERNECK S.A. PAINEIS E SERRADOS                  10.923,07     0,41         2.541.585,09     95,82
11.252.642/0010-95         77988  TROMBINI EMBALAGENS S/A                          10.866,75     0,41         2.552.451,84     96,23
55.009.971/0001-94         70183  MARTINS E MANSANO LTDA.                           8.359,20     0,32         2.560.811,04     96,54
30.560.205/0001-92         72280  STAM METALURGICA S/A.                             8.060,00     0,30         2.568.871,04     96,84
07.316.338/0001-04         75715  GJ EMBALAGENS DE MADEIRA LTDA. - ME               7.959,04     0,30         2.576.830,08     97,14
69.177.426/0001-11         73981  GARMAX - SERRALH INDL LTDA-ME                     7.000,00     0,26         2.583.830,08     97,41
04.137.003/0001-22         74878  ICILEGEL IND. E COM. IBAITI LTDA.                 6.092,10     0,23         2.589.922,18     97,64
07.327.788/0001-94         78645  TCA SIST COM MAQUI EQUIP PINTURA LTDA ME          6.000,00     0,23         2.595.922,18     97,86
04.163.173/0001-81         78683  GABRIEL ABDUL MASSIH NETO ME                      5.900,00     0,22         2.601.822,18     98,09
02.129.099/0001-51         73100  PORTES PINHEIRO & CIA. LTDA.                      5.223,50     0,20         2.607.045,68     98,28
61.135.414/0001-12         77852  PRODEC PROTECAO E DECORACAO METAIS LT             4.693,28     0,18         2.611.738,96     98,46
46.149.456/0003-80         78432  CITROPLAST IND COM PAPEIS PLASTICOS LTDA          3.714,96     0,14         2.615.453,92     98,60
60.219.250/0002-20         74237  PROMAFLEX INDUSTRIAL LTDA.                        3.622,50     0,14         2.619.076,42     98,74
01.070.163/0001-03         76493  AGM - IND. E COM. DE EMBALAGENS LTDA.             3.588,00     0,14         2.622.664,42     98,87
07.295.484/0001-92         75800  SCHLEGEL AM.SUL VED. CONSTR. CIVIL LTDA.          3.348,24     0,13         2.626.012,66     99,00
10.311.551/0001-20         77222  TAGPLAST FERRAM. INJECAO LTDA. - ME               3.125,00     0,12         2.629.137,66     99,12
57.482.713/0001-56         70134  HERAL S/A.INDUSTRIA METALURGICA                   2.573,01     0,10         2.631.710,67     99,21
69.328.896/0001-39         76267  GRAFICA CENTRAL DE GARCA LTDA. - ME               2.390,80     0,09         2.634.101,47     99,30
61.628.384/0001-86         73775  NEOBOR INDUSTRIA E COMERCIO LTDA.                 2.023,22     0,08         2.636.124,69     99,38
02.167.712/0001-25         76902  FS GUARU IND.DE TINTAS SERIGRÁFICAS LTDA          1.991,46     0,08         2.638.116,15     99,46
03.840.986/0048-60         19071  SAINT-GOBAIN DISTRIBUICAO BRASIL LTDA             1.805,84     0,07         2.639.921,99     99,52
11.284.925/0001-28         78334  MF FERRAGENS  LTDA                                1.590,11     0,06         2.641.512,10     99,58
56.057.672/0001-98         74040  INOX-PAR IND. E COM. LTDA.                        1.563,98     0,06         2.643.076,08     99,64
31.465.255/0001-53         75793  POSTO E CHURRASCARIA EMBAIXADOR LTDA              1.100,22     0,04         2.644.176,30     99,68
07.483.511/0001-50         75469  NO-SAG MOLAS E FIXADORES LTDA.                      876,19     0,03         2.645.052,49     99,72
96.623.988/0001-14         78721  BORSSATO SUMARE AUTO POSTO LTDA                     827,60     0,03         2.645.880,09     99,75
52.045.697/0001-10             1  SASAZAKI INDÚSTRIA E COMÉRCIO LTDA AÇÃO.            725,00     0,03         2.646.605,09     99,78
00.118.442/0001-37         78149  POSTO KM 13 DA DUTRA LTDA                           700,00     0,03         2.647.305,09     99,80
00.314.544/0001-28         74644  THR IND. E COM. DE EMBALAGENS LTDA.                 627,21     0,02         2.647.932,30     99,83
68.877.752/0001-79         75229  MERSE ARTIGOS PARA LABORATORIO LTDA.                609,00     0,02         2.648.541,30     99,85
01.211.626/0001-00         70166  YALE LA FONTE SISTEMAS DE SEGURANCA LTDA            565,80     0,02         2.649.107,10     99,87
04.683.269/0001-70         76166  IRAMILDO PEREIRA RESENDE & CIA LTDA.                493,00     0,02         2.649.600,10     99,89
10.834.443/0003-01         78511  BOX3 CENTRO AUTOMOTIVO LTDA                         390,00     0,01         2.649.990,10     99,90
-----------------------------------------------------------------------------DATASUL - OBRIGACOES FISCAIS - OF0722RP - V:0.00.00.000
------------------------------------------------------------------------------------------------------------------------------------
SASAZAKI IND. E COM. LTDA                        DIPI-Dados Remetentes de 01/05/2011 a 31/05/2011                       Página:    2
-------------------------------------------------------------------------------------------------------------- TODAY - 00:00:00

FIRMA: Estabelecimento TOTVS - Ñ ALTERAR CONTAS INSCRIÇÃO ESTADUAL:            255721161           C.N.P.J.: 53113791001790

CNPJ/CPF                  Código  Cliente                                              Valor        %        Vl. Acumulado         %
-------------------  -----------  -------------------------------------    -----------------   ------    -----------------    ------
01.857.582/0001-90         73204  HOTEL MAX PLAZA DE MARILIA LTDA.                    384,00     0,01         2.650.374,10     99,92
01.437.603/0001-18         73251  GALTRON QUIMICA IND. E COM. LTDA.                   270,00     0,01         2.650.644,10     99,93
01.369.330/0001-11         78206  AUTO POSTO GLOBAL DE CAMPINAS LTDA                  265,61     0,01         2.650.909,71     99,94
47.610.100/0005-27         78513  AOKI LTDA                                           250,00     0,01         2.651.159,71     99,95
02.736.256/0001-97         75617  POSTO GAVIAO DA ANHANGUERA LTDA.                    242,08     0,01         2.651.401,79     99,96
09.472.083/0001-96         78272  AUTO POSTO QUINTA DO MARQUES LTDA                   225,37     0,01         2.651.627,16     99,96
03.576.562/0001-76         78342  D PEDRO PARKING POSTO LTDA                          139,01     0,01         2.651.766,17     99,97
08.699.770/0001-86         78118  CENTRO AUTOMOTIVO ITUZAO LTDA                       129,02     0,00         2.651.895,19     99,97
52.058.450/0001-39         70001  A. REPETTE & FILHOS LTDA.                           120,00     0,00         2.652.015,19     99,98
68.890.649/0001-69         76545  AUTO POSTO RIO PRETAO LTDA.                         119,96     0,00         2.652.135,15     99,98
01.820.806/0005-12         78716  REDE LK DE POSTOS LTDA                              107,00     0,00         2.652.242,15     99,99
05.405.414/0001-14         78304  POSTO DE SERVICOS GRANDE ALIANCA LTDA               100,00     0,00         2.652.342,15     99,99
49.858.806/0001-04         78717  EUGENIO BRAZ ARROTEIA & CIA LTDA                     89,25     0,00         2.652.431,40     99,99
07.343.859/0001-42         78512  ANTONIO CARLOS DE OLIVEIRA PLASTICOS ME              69,30     0,00         2.652.500,70    100,00
04.583.463/0001-84         78201  POSTO QUALITY CASABLANCA LTDA                        66,00     0,00         2.652.566,70    100,00








































-----------------------------------------------------------------------------DATASUL - OBRIGACOES FISCAIS - OF0722RP - V:0.00.00.000
------------------------------------------------------------------------------------------------------------------------------------
SASAZAKI IND. E COM. LTDA                        DIPI-Dados Remetentes de 01/05/2011 a 31/05/2011                       Página:    3
-------------------------------------------------------------------------------------------------------------- TODAY - 00:00:00


                        Seleção

                    Estabelecimento: 1
                            Período: 01/05/2011  |<         >| 31/05/2011



                        Parâmetros

           Perc Máximo do Relatório: 100,00
        Natureza do Estabelecimento: Industrial
Considera Nat Oper com Cod Vinc IPI: Sim
              Apropriar Valores por: Valor Contábil

---------------------- CFOP's Excluidas -----------------




                        Impressão

                            Destino: Impressora
                            Arquivo: c:/automacao/relatorios



































-----------------------------------------------------------------------------DATASUL - OBRIGACOES FISCAIS - OF0722RP - V:0.00.00.000
