------------------------------------------------------------------------------------------------------------------------------------
SASAZAKI IND. E COM. LTDA                        Relatório de Contabilização - Período: 05/2011                         Página:    1
-------------------------------------------------------------------------------------------------------------- 06/02/2020 - 15:30:40

2521 - Contabilização efetuada com sucesso !                 Empresa:          10 Referência:  RI015111   Est:  1
Estab Cta Contábil/CCusto  Titulo                              UN  Bem           Nr. Pat.  Seq. Tp  Grupo       Debito      Credito
----- -------------------- ----------------------------------- --- ------------ --------- ----- -- ------ ------------ ------------
1     121020400000204      ICMS Pendente de Ativo Imobilizados     48                   0     0 00      1       480,00         0,00
                                                                                                09      1         0,00       480,00
                                                                                                04      1         0,00         9,60
                                                                   51                   0     0 00      1       900,00         0,00
                                                                                                09      1         0,00       900,00
                                                                                                          ------------ ------------
                                                                                             TOTAL:            1380,00      1389,60


      211050400000507      ICMS Ativo a Recuperar                  48                   0     0 00      1         0,00       480,00
      010701010000101                                              51                   0     0 00      1         0,00       900,00
                                                                                                          ------------ ------------
                                                                                             TOTAL:               0,00      1380,00


                                                                   1                    0     0 10      1        10,00         0,00
                                                                   2                    0     0 10      1        10,00         0,00
                                                                   3                    0     0 10      1        10,00         0,00
                                                                   4                    0     0 10      1        10,00         0,00
                                                                   5                    0     0 10      1        10,00         0,00
                                                                   41                   0     0 10      1         2,08         0,00
                                                                   42                   0     0 10      1        10,00         0,00
                                                                   43                   0     0 10      1        10,00         0,00
                                                                   48                   0     0 10      1         7,00         0,00
                                                                   50                   0     0 10      1        10,00         0,00
                                                                   51                   0     0 10      1        18,75         0,00
                                                                   54                   0     0 10      1       694,87         0,00
                                                                   56                   0     0 10      1        46,54         0,00
                                                                   57                   0     0 10      1        20,00         0,00
                                                                                                          ------------ ------------
                                                                                             TOTAL:             869,24      1380,00


      211050400000521      PIS Ativo Recup                         1                    0     0 10      2        10,00         0,00
      010702010000201                                              2                    0     0 10      2        10,00         0,00
                                                                   3                    0     0 10      2        10,00         0,00
                                                                   4                    0     0 10      2        10,00         0,00
                                                                   5                    0     0 10      2        10,00         0,00
                                                                   41                   0     0 10      2         2,09         0,00
                                                                   56                   0     0 10      2        40,92         0,00
                                                                                                          ------------ ------------
                                                                                             TOTAL:              93,01         0,00


      211050400000522      COFINS Ativo Recup                      1                    0     0 10      3        10,00         0,00
      010702010000201                                              2                    0     0 10      3        10,00         0,00
                                                                   3                    0     0 10      3        10,00         0,00
                                                                   4                    0     0 10      3        10,00         0,00
                                                                   5                    0     0 10      3        10,00         0,00
                                                                   41                   0     0 10      3         2,09         0,00
                                                                   56                   0     0 10      3        61,38         0,00
                                                                                                          ------------ ------------
                                                                                             TOTAL:             113,47         0,00


      311111111111001      ICMS Imp. Rec. Longo Prazo              1                    0     0 12      1         0,00        10,00
-----------------------------------------------------------------------------------------------DATASUL -  - RI0412RP - V:2.00.00.076
------------------------------------------------------------------------------------------------------------------------------------
SASAZAKI IND. E COM. LTDA                        Relatório de Contabilização - Período: 05/2011                         Página:    2
-------------------------------------------------------------------------------------------------------------- 06/02/2020 - 15:30:40

Estab Cta Contábil/CCusto  Titulo                              UN  Bem           Nr. Pat.  Seq. Tp  Grupo       Debito      Credito
----- -------------------- ----------------------------------- --- ------------ --------- ----- -- ------ ------------ ------------
                                                                   2                    0     0 12      1         0,00        10,00
                                                                   3                    0     0 12      1         0,00        10,00
                                                                   4                    0     0 12      1         0,00        10,00
                                                                   5                    0     0 12      1         0,00        10,00
                                                                   41                   0     0 12      1         0,00         2,08
                                                                   42                   0     0 12      1         0,00        10,00
                                                                   43                   0     0 12      1         0,00        10,00
                                                                   48                   0     0 09      1       360,00         0,00
                                                                                                12      1         0,00         7,00
                                                                                                05      1         0,00        43,20
                                                                                                06      1         0,00        21,60
                                                                                                07      1         0,00        36,00
                                                                   50                   0     0 12      1         0,00        10,00
                                                                   51                   0     0 09      1       675,00         0,00
                                                                                                12      1         0,00        18,75
                                                                   54                   0     0 12      1         0,00       694,87
                                                                   56                   0     0 12      1         0,00        46,54
                                                                   57                   0     0 12      1         0,00        20,00
                                                                                                          ------------ ------------
                                                                                             TOTAL:            1035,00       970,04


      311111111111002      ICMS Imp. Rec. Curto Prazo              1                    0     0 12      1        10,00         0,00
                                                                                                10      1         0,00        10,00
                                                                   2                    0     0 12      1        10,00         0,00
                                                                                                10      1         0,00        10,00
                                                                   3                    0     0 12      1        10,00         0,00
                                                                                                10      1         0,00        10,00
                                                                   4                    0     0 10      1         0,00        10,00
                                                                                                12      1        10,00         0,00
                                                                   5                    0     0 10      1         0,00        10,00
                                                                                                12      1        10,00         0,00
                                                                   41                   0     0 12      1         2,08         0,00
                                                                                                10      1         0,00         2,08
                                                                   42                   0     0 10      1         0,00        10,00
                                                                                                12      1        10,00         0,00
                                                                   43                   0     0 10      1         0,00        10,00
                                                                                                12      1        10,00         0,00
                                                                   48                   0     0 09      1       120,00         0,00
                                                                                                10      1         0,00         7,00
                                                                                                06      1         0,00         7,20
                                                                                                07      1         0,00        12,00
                                                                                                05      1         0,00        14,40
                                                                                                12      1         7,00         0,00
                                                                   50                   0     0 12      1        10,00         0,00
                                                                                                10      1         0,00        10,00
                                                                   51                   0     0 09      1       225,00         0,00
                                                                                                12      1        18,75         0,00
                                                                                                10      1         0,00        18,75
                                                                   54                   0     0 10      1         0,00       694,87
                                                                                                12      1       694,87         0,00
                                                                   56                   0     0 12      1        46,54         0,00
                                                                                                10      1         0,00        46,54
                                                                   57                   0     0 10      1         0,00        20,00
                                                                                                12      1        20,00         0,00
                                                                                                          ------------ ------------
                                                                                             TOTAL:            1214,24       902,84

-----------------------------------------------------------------------------------------------DATASUL -  - RI0412RP - V:2.00.00.076
------------------------------------------------------------------------------------------------------------------------------------
SASAZAKI IND. E COM. LTDA                        Relatório de Contabilização - Período: 05/2011                         Página:    3
-------------------------------------------------------------------------------------------------------------- 06/02/2020 - 15:30:40

Estab Cta Contábil/CCusto  Titulo                              UN  Bem           Nr. Pat.  Seq. Tp  Grupo       Debito      Credito
----- -------------------- ----------------------------------- --- ------------ --------- ----- -- ------ ------------ ------------
      311111111111005      ICMS Vendas                             48                   0     0 04      1         9,60         0,00

                                                                                                          ------------ ------------
                                                                                             TOTAL:               9,60         0,00


      311111111111006      ICMS Devolução                          48                   0     0 07      1        48,00         0,00

                                                                                                          ------------ ------------
                                                                                             TOTAL:              48,00         0,00


      311111111111008      ICMS Quebra                             48                   0     0 06      1        28,80         0,00

                                                                                                          ------------ ------------
                                                                                             TOTAL:              28,80         0,00


      311111111111010      ICMS Transferencia                      48                   0     0 05      1        57,60         0,00

                                                                                                          ------------ ------------
                                                                                             TOTAL:              57,60         0,00


      311111111111012      PIS Rec. Longo Prazo                    1                    0     0 12      2         0,00        10,00
                                                                   2                    0     0 12      2         0,00        10,00
                                                                   3                    0     0 12      2         0,00        10,00
                                                                   4                    0     0 12      2         0,00        10,00
                                                                   5                    0     0 12      2         0,00        10,00
                                                                   41                   0     0 12      2         0,00         2,09
                                                                                                          ------------ ------------
                                                                                             TOTAL:               0,00        52,09


      311111111111013      PIS Rec. Curto Prazo                    1                    0     0 10      2         0,00        10,00
                                                                                                12      2        10,00         0,00
                                                                   2                    0     0 10      2         0,00        10,00
                                                                                                12      2        10,00         0,00
                                                                   3                    0     0 12      2        10,00         0,00
                                                                                                10      2         0,00        10,00
                                                                   4                    0     0 10      2         0,00        10,00
                                                                                                12      2        10,00         0,00
                                                                   5                    0     0 10      2         0,00        10,00
                                                                                                12      2        10,00         0,00
                                                                   41                   0     0 12      2         2,09         0,00
                                                                                                10      2         0,00         2,09
                                                                   56                   0     0 10      2         0,00        40,92
                                                                                                          ------------ ------------
                                                                                             TOTAL:              52,09        93,01


      311111111111023      COFINS Rec. Longo Prazo                 1                    0     0 12      3         0,00        10,00
                                                                   2                    0     0 12      3         0,00        10,00
                                                                   3                    0     0 12      3         0,00        10,00
                                                                   4                    0     0 12      3         0,00        10,00
                                                                   5                    0     0 12      3         0,00        10,00
                                                                   41                   0     0 12      3         0,00         2,09
-----------------------------------------------------------------------------------------------DATASUL -  - RI0412RP - V:2.00.00.076
------------------------------------------------------------------------------------------------------------------------------------
SASAZAKI IND. E COM. LTDA                        Relatório de Contabilização - Período: 05/2011                         Página:    4
-------------------------------------------------------------------------------------------------------------- 06/02/2020 - 15:30:40

                                                                                                          ------------ ------------
                                                                                             TOTAL:               0,00        52,09


Estab Cta Contábil/CCusto  Titulo                              UN  Bem           Nr. Pat.  Seq. Tp  Grupo       Debito      Credito
----- -------------------- ----------------------------------- --- ------------ --------- ----- -- ------ ------------ ------------
      311111111111024      COFINS Rec. Curto Prazo                 1                    0     0 10      3         0,00        10,00
                                                                                                12      3        10,00         0,00
                                                                   2                    0     0 10      3         0,00        10,00
                                                                                                12      3        10,00         0,00
                                                                   3                    0     0 10      3         0,00        10,00
                                                                                                12      3        10,00         0,00
                                                                   4                    0     0 12      3        10,00         0,00
                                                                                                10      3         0,00        10,00
                                                                   5                    0     0 12      3        10,00         0,00
                                                                                                10      3         0,00        10,00
                                                                   41                   0     0 12      3         2,09         0,00
                                                                                                10      3         0,00         2,09
                                                                   56                   0     0 10      3         0,00        61,38
                                                                                                          ------------ ------------
                                                                                             TOTAL:              52,09       113,47






































-----------------------------------------------------------------------------------------------DATASUL -  - RI0412RP - V:2.00.00.076
------------------------------------------------------------------------------------------------------------------------------------
SASAZAKI IND. E COM. LTDA                        Relatório de Contabilização - Período: 05/2011                         Página:    5
-------------------------------------------------------------------------------------------------------------- 06/02/2020 - 15:30:40

                                                                                                    --------------- ---------------
                                                                                     TOTAL GERAL          4.953,14        6.333,14

























































-----------------------------------------------------------------------------------------------DATASUL -  - RI0412RP - V:2.00.00.076
------------------------------------------------------------------------------------------------------------------------------------
SASAZAKI IND. E COM. LTDA                        Relatório de Contabilização - Período: 05/2011                         Página:    6
-------------------------------------------------------------------------------------------------------------- 06/02/2020 - 15:30:40


------- RESUMO POR ESTABELECIMENTO x GRUPO x PERÍODO -------

Estab  Grupo Período       Val Recuperado Val Não Recuperado
----- ------ ---------- ----------------- ------------------
1          1 01/05/2011            869,24               0,00
1          2 01/05/2011             93,01               0,00
1          3 01/05/2011            113,47               0,00

LEGENDA:

0 -> TRANSFERÊNCIA DE IMPOSTO ATIVO A RECUPERAR PARA CONTA DE IMPOSTOS PENDENTE
1 -> IMPOSTO ATIVO PENDENTE DE INICIO DE CREDITO
4 -> BAIXA IMPOSTO ATIVO POR VENDAS
5 -> BAIXA IMPOSTO ATIVO POR TRANSFERENCIA
6 -> BAIXA IMPOSTO ATIVO POR QUEBRA
7 -> BAIXA IMPOSTO ATIVO POR DEVOLUCAO
8 -> BAIXA IMPOSTO ATIVO POR INUTILIZACAO
9 -> INICIO DE CREDITO IMPOSTO ATIVO
10 -> IMPOSTO ATIVO APROPRIADO NO PERIODO
11 -> IMPOSTO ATIVO NAO APROPRIADO NO PERIODO
12 -> TRANSFERENCIA 1 PARCELA DE LP PARA CP NO PERIODO
13 -> ESTORNO DE CREDITO INDEVIDO.
14 -> BAIXA IMPOSTO ATIVO POR EXAUSTAO OU PERDA.
16 -> CORRECAO IMPOSTO ATIVO POR MOEDA ALTERNATIVA.
17 -> IMPOSTO ATIVO NAO APROPRIADO POR ARREDONDAMENTO - Curto Prazo



SELEÇÃO :           

Estabelecimento :   1       |<  >|     1       


PARÂMETRO :

                      Período: 05/2011
 Integração com Contabilidade: Sim
                  Contabiliza: Sim
               Descontabiliza: Não
                    Impressão: Detalhada


IMPRESSÃO :

         Destino:   2 - c:/automacao/relatorios/CN_RI0412_201105.lst
         Usuário:   SUPER












-----------------------------------------------------------------------------------------------DATASUL -  - RI0412RP - V:2.00.00.076
