------------------------------------------------------------------------------------------------------------------------------------
SASAZAKI IND. E COM. LTDA                        Relatório de Contabilização - Período: 11/2011                         Página:    1
-------------------------------------------------------------------------------------------------------------- 06/02/2020 - 17:02:12

2521 - Contabilização efetuada com sucesso !                 Empresa:          10 Referência:  RI01B111   Est:  1
Estab Cta Contábil/CCusto  Titulo                              UN  Bem           Nr. Pat.  Seq. Tp  Grupo       Debito      Credito
----- -------------------- ----------------------------------- --- ------------ --------- ----- -- ------ ------------ ------------
1     121020400000204      ICMS Pendente de Ativo Imobilizados     29                   0     0 00      1      1739,50         0,00
                                                                                                09      1         0,00      1739,50
                                                                   30                   0     0 00      1        56,65         0,00
                                                                   32                   0     0 09      1         0,00      1622,84
                                                                                                00      1      1622,84         0,00
                                                                   34                   0     0 09      1         0,00   1076526,91
                                                                                                00      1   1076526,91         0,00
                                                                   35                   0     0 00      1     54666,07         0,00
                                                                   36                   0     0 00      1         0,17         0,00
                                                                   37                   0     0 00      1     18888,89         0,00
                                                                                                09      1         0,00     18888,89
                                                                   38                   0     0 00      1      1700,04         0,00
                                                                                                09      1         0,00      1700,04
                                                                   39                   0     0 00      1        56,63         0,00
                                                                                                09      1         0,00        56,63
                                                                   40                   0     0 00      1        20,99         0,00
                                                                                                09      1         0,00        20,99
                                                                                                          ------------ ------------
                                                                                             TOTAL:         1155278,69   1100555,80


      121020500000205      COFINS Pendente de Ativo Imobilizad     30                   0     0 00      3        25,32         0,00
                                                                   31                   0     0 00      3       277,63         0,00
                                                                                                09      3         0,00       277,63
                                                                   32                   0     0 00      3       725,50         0,00
                                                                   33                   0     0 09      3         0,00       118,83
                                                                                                00      3       118,83         0,00
                                                                   34                   0     0 00      3    481270,85         0,00
                                                                                                09      3         0,00    481270,85
                                                                   35                   0     0 00      3     24438,95         0,00
                                                                   37                   0     0 00      3      8444,44         0,00
                                                                                                09      3         0,00      8444,44
                                                                   38                   0     0 09      3         0,00       760,02
                                                                                                00      3       760,02         0,00
                                                                   39                   0     0 00      3        25,32         0,00
                                                                                                09      3         0,00        25,32
                                                                   40                   0     0 09      3         0,00         9,38
                                                                                                00      3         9,38         0,00
                                                                                                          ------------ ------------
                                                                                             TOTAL:          516096,24    490906,47


      121020600000206      PIS Pendente de Ativo Imobilizados      29                   0     0 00      2       168,83         0,00
                                                                   30                   0     0 00      2         5,50         0,00
                                                                                                09      2         0,00         5,50
                                                                   32                   0     0 00      2       157,51         0,00
                                                                                                09      2         0,00       157,51
                                                                   33                   0     0 09      2         0,00        25,80
                                                                                                00      2        25,80         0,00
                                                                   34                   0     0 09      2         0,00    104486,44
                                                                                                00      2    104486,44         0,00
                                                                   35                   0     0 00      2      5305,82         0,00
                                                                   37                   0     0 00      2      1833,33         0,00
                                                                                                09      2         0,00      1833,33
                                                                   38                   0     0 00      2       165,00         0,00
                                                                                                09      2         0,00       165,00
-----------------------------------------------------------------------------------------------DATASUL -  - RI0412RP - V:2.00.00.076
------------------------------------------------------------------------------------------------------------------------------------
SASAZAKI IND. E COM. LTDA                        Relatório de Contabilização - Período: 11/2011                         Página:    2
-------------------------------------------------------------------------------------------------------------- 06/02/2020 - 17:02:12

Estab Cta Contábil/CCusto  Titulo                              UN  Bem           Nr. Pat.  Seq. Tp  Grupo       Debito      Credito
----- -------------------- ----------------------------------- --- ------------ --------- ----- -- ------ ------------ ------------
                                                                   39                   0     0 00      2         5,50         0,00
                                                                                                09      2         0,00         5,50
                                                                   40                   0     0 09      2         0,00         2,04
                                                                                                00      2         2,04         0,00
                                                                                                          ------------ ------------
                                                                                             TOTAL:          112155,77    106681,12


      211050400000507      ICMS Ativo a Recuperar                  29                   0     0 00      1         0,00      1739,50
      010701010000101                                              30                   0     0 00      1         0,00        56,65
                                                                   32                   0     0 00      1         0,00      1622,84
                                                                   34                   0     0 00      1         0,00   1076526,91
                                                                   35                   0     0 00      1         0,00     54666,07
                                                                   36                   0     0 00      1         0,00         0,17
                                                                   37                   0     0 00      1         0,00     18888,89
                                                                   38                   0     0 00      1         0,00      1700,04
                                                                   39                   0     0 00      1         0,00        56,63
                                                                   40                   0     0 00      1         0,00        20,99
                                                                                                          ------------ ------------
                                                                                             TOTAL:               0,00   1155278,69


                                                                   1                    0     0 10      1        10,00         0,00
                                                                   2                    0     0 10      1        10,00         0,00
                                                                   3                    0     0 10      1        10,00         0,00
                                                                   4                    0     0 10      1        10,00         0,00
                                                                   5                    0     0 10      1        10,00         0,00
                                                                   6                    0     0 10      1        10,00         0,00
                                                                   29                   0     0 10      1        36,24         0,00
                                                                   32                   0     0 10      1        33,81         0,00
                                                                   34                   0     0 10      1     22427,64         0,00
                                                                   37                   0     0 10      1       393,52         0,00
                                                                   38                   0     0 10      1        35,42         0,00
                                                                   39                   0     0 10      1         1,18         0,00
                                                                   40                   0     0 10      1         0,44         0,00
                                                                   41                   0     0 10      1         2,08         0,00
                                                                   42                   0     0 10      1        10,00         0,00
                                                                   43                   0     0 10      1        10,00         0,00
                                                                   48                   0     0 10      1         7,00         0,00
                                                                   50                   0     0 10      1        10,00         0,00
                                                                   51                   0     0 10      1        18,75         0,00
                                                                   54                   0     0 10      1       694,87         0,00
                                                                   56                   0     0 10      1        46,54         0,00
                                                                   57                   0     0 10      1        20,00         0,00
                                                                                                          ------------ ------------
                                                                                             TOTAL:           23807,49   1155278,69


      211050400000521      PIS Ativo Recup                         29                   0     0 00      2         0,00       168,83
      010701010000101                                              30                   0     0 00      2         0,00         5,50
                                                                   32                   0     0 00      2         0,00       157,51
                                                                   33                   0     0 00      2         0,00        25,80
                                                                   34                   0     0 00      2         0,00    104486,44
                                                                   35                   0     0 00      2         0,00      5305,82
                                                                   37                   0     0 00      2         0,00      1833,33
                                                                   38                   0     0 00      2         0,00       165,00
                                                                   39                   0     0 00      2         0,00         5,50
-----------------------------------------------------------------------------------------------DATASUL -  - RI0412RP - V:2.00.00.076
------------------------------------------------------------------------------------------------------------------------------------
SASAZAKI IND. E COM. LTDA                        Relatório de Contabilização - Período: 11/2011                         Página:    3
-------------------------------------------------------------------------------------------------------------- 06/02/2020 - 17:02:12

Estab Cta Contábil/CCusto  Titulo                              UN  Bem           Nr. Pat.  Seq. Tp  Grupo       Debito      Credito
----- -------------------- ----------------------------------- --- ------------ --------- ----- -- ------ ------------ ------------
                                                                   40                   0     0 00      2         0,00         2,04
                                                                                                          ------------ ------------
                                                                                             TOTAL:               0,00    112155,77


                                                                   1                    0     0 10      2        10,00         0,00
                                                                   2                    0     0 10      2        10,00         0,00
                                                                   3                    0     0 10      2        10,00         0,00
                                                                   4                    0     0 10      2        10,00         0,00
                                                                   5                    0     0 10      2        10,00         0,00
                                                                   6                    0     0 10      2        10,00         0,00
                                                                   30                   0     0 10      2         0,12         0,00
                                                                   32                   0     0 10      2         3,29         0,00
                                                                   33                   0     0 10      2         0,54         0,00
                                                                   34                   0     0 10      2      2176,81         0,00
                                                                   37                   0     0 10      2        38,20         0,00
                                                                   38                   0     0 10      2         3,44         0,00
                                                                   39                   0     0 10      2         0,12         0,00
                                                                   40                   0     0 10      2         0,05         0,00
                                                                   41                   0     0 10      2         2,09         0,00
                                                                                                          ------------ ------------
                                                                                             TOTAL:            2284,66    112155,77


      211050400000522      COFINS Ativo Recup                      30                   0     0 00      3         0,00        25,32
      010701010000101                                              31                   0     0 00      3         0,00       277,63
                                                                   32                   0     0 00      3         0,00       725,50
                                                                   33                   0     0 00      3         0,00       118,83
                                                                   34                   0     0 00      3         0,00    481270,85
                                                                   35                   0     0 00      3         0,00     24438,95
                                                                   37                   0     0 00      3         0,00      8444,44
                                                                   38                   0     0 00      3         0,00       760,02
                                                                   39                   0     0 00      3         0,00        25,32
                                                                   40                   0     0 00      3         0,00         9,38
                                                                                                          ------------ ------------
                                                                                             TOTAL:               0,00    516096,24


                                                                   1                    0     0 10      3        10,00         0,00
                                                                   2                    0     0 10      3        10,00         0,00
                                                                   3                    0     0 10      3        10,00         0,00
                                                                   4                    0     0 10      3        10,00         0,00
                                                                   5                    0     0 10      3        10,00         0,00
                                                                   6                    0     0 10      3        10,00         0,00
                                                                   31                   0     0 10      3         5,79         0,00
                                                                   33                   0     0 10      3         2,48         0,00
                                                                   34                   0     0 10      3     10026,48         0,00
                                                                   37                   0     0 10      3       175,93         0,00
                                                                   38                   0     0 10      3        15,84         0,00
                                                                   39                   0     0 10      3         0,53         0,00
                                                                   40                   0     0 10      3         0,20         0,00
                                                                   41                   0     0 10      3         2,09         0,00
                                                                                                          ------------ ------------
                                                                                             TOTAL:           10289,34    516096,24


      311111111111001      ICMS Imp. Rec. Longo Prazo              1                    0     0 12      1         0,00        10,00
-----------------------------------------------------------------------------------------------DATASUL -  - RI0412RP - V:2.00.00.076
------------------------------------------------------------------------------------------------------------------------------------
SASAZAKI IND. E COM. LTDA                        Relatório de Contabilização - Período: 11/2011                         Página:    4
-------------------------------------------------------------------------------------------------------------- 06/02/2020 - 17:02:12

Estab Cta Contábil/CCusto  Titulo                              UN  Bem           Nr. Pat.  Seq. Tp  Grupo       Debito      Credito
----- -------------------- ----------------------------------- --- ------------ --------- ----- -- ------ ------------ ------------
                                                                   2                    0     0 12      1         0,00        10,00
                                                                   3                    0     0 12      1         0,00        10,00
                                                                   4                    0     0 12      1         0,00        10,00
                                                                   5                    0     0 12      1         0,00        10,00
                                                                   6                    0     0 12      1         0,00        10,00
                                                                   29                   0     0 12      1         0,00        36,24
                                                                                                09      1      1304,62         0,00
                                                                   32                   0     0 12      1         0,00        33,81
                                                                                                09      1      1217,12         0,00
                                                                   34                   0     0 12      1         0,00     22427,64
                                                                                                09      1    807395,23         0,00
                                                                   37                   0     0 12      1         0,00       393,52
                                                                                                09      1     14166,65         0,00
                                                                   38                   0     0 12      1         0,00        35,42
                                                                                                09      1      1275,00         0,00
                                                                   39                   0     0 12      1         0,00         1,18
                                                                                                09      1        42,47         0,00
                                                                   40                   0     0 12      1         0,00         0,44
                                                                                                09      1        15,71         0,00
                                                                   41                   0     0 12      1         0,00         2,08
                                                                   42                   0     0 12      1         0,00        10,00
                                                                   43                   0     0 12      1         0,00        10,00
                                                                   48                   0     0 12      1         0,00         7,00
                                                                   50                   0     0 12      1         0,00        10,00
                                                                   51                   0     0 12      1         0,00        18,75
                                                                   54                   0     0 12      1         0,00       694,87
                                                                   56                   0     0 12      1         0,00        46,54
                                                                   57                   0     0 12      1         0,00        20,00
                                                                                                          ------------ ------------
                                                                                             TOTAL:          825416,80     23807,49


      311111111111002      ICMS Imp. Rec. Curto Prazo              1                    0     0 10      1         0,00        10,00
                                                                                                12      1        10,00         0,00
                                                                   2                    0     0 10      1         0,00        10,00
                                                                                                12      1        10,00         0,00
                                                                   3                    0     0 10      1         0,00        10,00
                                                                                                12      1        10,00         0,00
                                                                   4                    0     0 10      1         0,00        10,00
                                                                                                12      1        10,00         0,00
                                                                   5                    0     0 10      1         0,00        10,00
                                                                                                12      1        10,00         0,00
                                                                   6                    0     0 10      1         0,00        10,00
                                                                                                12      1        10,00         0,00
                                                                   29                   0     0 09      1       434,88         0,00
                                                                                                12      1        36,24         0,00
                                                                                                10      1         0,00        36,24
                                                                   32                   0     0 10      1         0,00        33,81
                                                                                                12      1        33,81         0,00
                                                                                                09      1       405,72         0,00
                                                                   34                   0     0 12      1     22427,64         0,00
                                                                                                10      1         0,00     22427,64
                                                                                                09      1    269131,68         0,00
                                                                   37                   0     0 10      1         0,00       393,52
                                                                                                09      1      4722,24         0,00
                                                                                                12      1       393,52         0,00
                                                                   38                   0     0 12      1        35,42         0,00
-----------------------------------------------------------------------------------------------DATASUL -  - RI0412RP - V:2.00.00.076
------------------------------------------------------------------------------------------------------------------------------------
SASAZAKI IND. E COM. LTDA                        Relatório de Contabilização - Período: 11/2011                         Página:    5
-------------------------------------------------------------------------------------------------------------- 06/02/2020 - 17:02:12

Estab Cta Contábil/CCusto  Titulo                              UN  Bem           Nr. Pat.  Seq. Tp  Grupo       Debito      Credito
----- -------------------- ----------------------------------- --- ------------ --------- ----- -- ------ ------------ ------------
                                                                                                09      1       425,04         0,00
                                                                                                10      1         0,00        35,42
                                                                   39                   0     0 09      1        14,16         0,00
                                                                                                12      1         1,18         0,00
                                                                                                10      1         0,00         1,18
                                                                   40                   0     0 12      1         0,44         0,00
                                                                                                10      1         0,00         0,44
                                                                                                09      1         5,28         0,00
                                                                   41                   0     0 12      1         2,08         0,00
                                                                                                10      1         0,00         2,08
                                                                   42                   0     0 10      1         0,00        10,00
                                                                                                12      1        10,00         0,00
                                                                   43                   0     0 10      1         0,00        10,00
                                                                                                12      1        10,00         0,00
                                                                   48                   0     0 10      1         0,00         7,00
                                                                                                12      1         7,00         0,00
                                                                   50                   0     0 10      1         0,00        10,00
                                                                                                12      1        10,00         0,00
                                                                   51                   0     0 10      1         0,00        18,75
                                                                                                12      1        18,75         0,00
                                                                   54                   0     0 12      1       694,87         0,00
                                                                                                10      1         0,00       694,87
                                                                   56                   0     0 10      1         0,00        46,54
                                                                                                12      1        46,54         0,00
                                                                   57                   0     0 10      1         0,00        20,00
                                                                                                12      1        20,00         0,00
                                                                                                          ------------ ------------
                                                                                             TOTAL:          298946,49     23807,49


      311111111111012      PIS Rec. Longo Prazo                    1                    0     0 12      2         0,00        10,00
                                                                   2                    0     0 12      2         0,00        10,00
                                                                   3                    0     0 12      2         0,00        10,00
                                                                   4                    0     0 12      2         0,00        10,00
                                                                   5                    0     0 12      2         0,00        10,00
                                                                   6                    0     0 12      2         0,00        10,00
                                                                   30                   0     0 12      2         0,00         0,12
                                                                                                09      2         4,06         0,00
                                                                   32                   0     0 09      2       118,03         0,00
                                                                                                12      2         0,00         3,29
                                                                   33                   0     0 12      2         0,00         0,54
                                                                                                09      2        19,32         0,00
                                                                   34                   0     0 09      2     78364,72         0,00
                                                                                                12      2         0,00      2176,81
                                                                   37                   0     0 12      2         0,00        38,20
                                                                                                09      2      1374,93         0,00
                                                                   38                   0     0 09      2       123,72         0,00
                                                                                                12      2         0,00         3,44
                                                                   39                   0     0 12      2         0,00         0,12
                                                                                                09      2         4,06         0,00
                                                                   40                   0     0 09      2         1,44         0,00
                                                                                                12      2         0,00         0,05
                                                                   41                   0     0 12      2         0,00         2,09
                                                                                                          ------------ ------------
                                                                                             TOTAL:           80010,28      2284,66


-----------------------------------------------------------------------------------------------DATASUL -  - RI0412RP - V:2.00.00.076
------------------------------------------------------------------------------------------------------------------------------------
SASAZAKI IND. E COM. LTDA                        Relatório de Contabilização - Período: 11/2011                         Página:    6
-------------------------------------------------------------------------------------------------------------- 06/02/2020 - 17:02:12

Estab Cta Contábil/CCusto  Titulo                              UN  Bem           Nr. Pat.  Seq. Tp  Grupo       Debito      Credito
----- -------------------- ----------------------------------- --- ------------ --------- ----- -- ------ ------------ ------------
      311111111111013      PIS Rec. Curto Prazo                    1                    0     0 12      2        10,00         0,00
                                                                                                10      2         0,00        10,00
                                                                   2                    0     0 10      2         0,00        10,00
                                                                                                12      2        10,00         0,00
                                                                   3                    0     0 12      2        10,00         0,00
                                                                                                10      2         0,00        10,00
                                                                   4                    0     0 10      2         0,00        10,00
                                                                                                12      2        10,00         0,00
                                                                   5                    0     0 10      2         0,00        10,00
                                                                                                12      2        10,00         0,00
                                                                   6                    0     0 10      2         0,00        10,00
                                                                                                12      2        10,00         0,00
                                                                   30                   0     0 10      2         0,00         0,12
                                                                                                12      2         0,12         0,00
                                                                                                09      2         1,44         0,00
                                                                   32                   0     0 09      2        39,48         0,00
                                                                                                10      2         0,00         3,29
                                                                                                12      2         3,29         0,00
                                                                   33                   0     0 10      2         0,00         0,54
                                                                                                12      2         0,54         0,00
                                                                                                09      2         6,48         0,00
                                                                   34                   0     0 09      2     26121,72         0,00
                                                                                                12      2      2176,81         0,00
                                                                                                10      2         0,00      2176,81
                                                                   37                   0     0 12      2        38,20         0,00
                                                                                                10      2         0,00        38,20
                                                                                                09      2       458,40         0,00
                                                                   38                   0     0 09      2        41,28         0,00
                                                                                                10      2         0,00         3,44
                                                                                                12      2         3,44         0,00
                                                                   39                   0     0 12      2         0,12         0,00
                                                                                                10      2         0,00         0,12
                                                                                                09      2         1,44         0,00
                                                                   40                   0     0 09      2         0,60         0,00
                                                                                                12      2         0,05         0,00
                                                                                                10      2         0,00         0,05
                                                                   41                   0     0 10      2         0,00         2,09
                                                                                                12      2         2,09         0,00
                                                                                                          ------------ ------------
                                                                                             TOTAL:           28955,50      2284,66


      311111111111023      COFINS Rec. Longo Prazo                 1                    0     0 12      3         0,00        10,00
                                                                   2                    0     0 12      3         0,00        10,00
                                                                   3                    0     0 12      3         0,00        10,00
                                                                   4                    0     0 12      3         0,00        10,00
                                                                   5                    0     0 12      3         0,00        10,00
                                                                   6                    0     0 12      3         0,00        10,00
                                                                   31                   0     0 12      3         0,00         5,79
                                                                                                09      3       208,15         0,00
                                                                   33                   0     0 09      3        89,07         0,00
                                                                                                12      3         0,00         2,48
                                                                   34                   0     0 12      3         0,00     10026,48
                                                                                                09      3    360953,09         0,00
                                                                   37                   0     0 09      3      6333,28         0,00
                                                                                                12      3         0,00       175,93
                                                                   38                   0     0 12      3         0,00        15,84
-----------------------------------------------------------------------------------------------DATASUL -  - RI0412RP - V:2.00.00.076
------------------------------------------------------------------------------------------------------------------------------------
SASAZAKI IND. E COM. LTDA                        Relatório de Contabilização - Período: 11/2011                         Página:    7
-------------------------------------------------------------------------------------------------------------- 06/02/2020 - 17:02:13

Estab Cta Contábil/CCusto  Titulo                              UN  Bem           Nr. Pat.  Seq. Tp  Grupo       Debito      Credito
----- -------------------- ----------------------------------- --- ------------ --------- ----- -- ------ ------------ ------------
                                                                                                09      3       569,94         0,00
                                                                   39                   0     0 09      3        18,96         0,00
                                                                                                12      3         0,00         0,53
                                                                   40                   0     0 12      3         0,00         0,20
                                                                                                09      3         6,98         0,00
                                                                   41                   0     0 12      3         0,00         2,09
                                                                                                          ------------ ------------
                                                                                             TOTAL:          368179,47     10289,34


      311111111111024      COFINS Rec. Curto Prazo                 1                    0     0 10      3         0,00        10,00
                                                                                                12      3        10,00         0,00
                                                                   2                    0     0 10      3         0,00        10,00
                                                                                                12      3        10,00         0,00
                                                                   3                    0     0 10      3         0,00        10,00
                                                                                                12      3        10,00         0,00
                                                                   4                    0     0 10      3         0,00        10,00
                                                                                                12      3        10,00         0,00
                                                                   5                    0     0 10      3         0,00        10,00
                                                                                                12      3        10,00         0,00
                                                                   6                    0     0 10      3         0,00        10,00
                                                                                                12      3        10,00         0,00
                                                                   31                   0     0 12      3         5,79         0,00
                                                                                                10      3         0,00         5,79
                                                                                                09      3        69,48         0,00
                                                                   33                   0     0 09      3        29,76         0,00
                                                                                                12      3         2,48         0,00
                                                                                                10      3         0,00         2,48
                                                                   34                   0     0 12      3     10026,48         0,00
                                                                                                10      3         0,00     10026,48
                                                                                                09      3    120317,76         0,00
                                                                   37                   0     0 09      3      2111,16         0,00
                                                                                                12      3       175,93         0,00
                                                                                                10      3         0,00       175,93
                                                                   38                   0     0 12      3        15,84         0,00
                                                                                                10      3         0,00        15,84
                                                                                                09      3       190,08         0,00
                                                                   39                   0     0 09      3         6,36         0,00
                                                                                                12      3         0,53         0,00
                                                                                                10      3         0,00         0,53
                                                                   40                   0     0 12      3         0,20         0,00
                                                                                                10      3         0,00         0,20
                                                                                                09      3         2,40         0,00
                                                                   41                   0     0 10      3         0,00         2,09
                                                                                                12      3         2,09         0,00
                                                                                                          ------------ ------------
                                                                                             TOTAL:          133016,34     10289,34










-----------------------------------------------------------------------------------------------DATASUL -  - RI0412RP - V:2.00.00.076
------------------------------------------------------------------------------------------------------------------------------------
SASAZAKI IND. E COM. LTDA                        Relatório de Contabilização - Período: 11/2011                         Página:    8
-------------------------------------------------------------------------------------------------------------- 06/02/2020 - 17:02:13

                                                                                                    --------------- ---------------
                                                                                     TOTAL GERAL      3.554.437,07    5.337.967,77

























































-----------------------------------------------------------------------------------------------DATASUL -  - RI0412RP - V:2.00.00.076
------------------------------------------------------------------------------------------------------------------------------------
SASAZAKI IND. E COM. LTDA                        Relatório de Contabilização - Período: 11/2011                         Página:    9
-------------------------------------------------------------------------------------------------------------- 06/02/2020 - 17:02:13


------- RESUMO POR ESTABELECIMENTO x GRUPO x PERÍODO -------

Estab  Grupo Período       Val Recuperado Val Não Recuperado
----- ------ ---------- ----------------- ------------------
1          1 01/11/2011         23.807,49               0,00
1          2 01/11/2011          2.284,66               0,00
1          3 01/11/2011         10.289,34               0,00

LEGENDA:

0 -> TRANSFERÊNCIA DE IMPOSTO ATIVO A RECUPERAR PARA CONTA DE IMPOSTOS PENDENTE
1 -> IMPOSTO ATIVO PENDENTE DE INICIO DE CREDITO
4 -> BAIXA IMPOSTO ATIVO POR VENDAS
5 -> BAIXA IMPOSTO ATIVO POR TRANSFERENCIA
6 -> BAIXA IMPOSTO ATIVO POR QUEBRA
7 -> BAIXA IMPOSTO ATIVO POR DEVOLUCAO
8 -> BAIXA IMPOSTO ATIVO POR INUTILIZACAO
9 -> INICIO DE CREDITO IMPOSTO ATIVO
10 -> IMPOSTO ATIVO APROPRIADO NO PERIODO
11 -> IMPOSTO ATIVO NAO APROPRIADO NO PERIODO
12 -> TRANSFERENCIA 1 PARCELA DE LP PARA CP NO PERIODO
13 -> ESTORNO DE CREDITO INDEVIDO.
14 -> BAIXA IMPOSTO ATIVO POR EXAUSTAO OU PERDA.
16 -> CORRECAO IMPOSTO ATIVO POR MOEDA ALTERNATIVA.
17 -> IMPOSTO ATIVO NAO APROPRIADO POR ARREDONDAMENTO - Curto Prazo



SELEÇÃO :           

Estabelecimento :   1       |<  >|     1       


PARÂMETRO :

                      Período: 11/2011
 Integração com Contabilidade: Sim
                  Contabiliza: Sim
               Descontabiliza: Não
                    Impressão: Detalhada


IMPRESSÃO :

         Destino:   2 - c:/automacao/relatorios/CN_RI0412_201111_contMesBaixa.lst
         Usuário:   SUPER












-----------------------------------------------------------------------------------------------DATASUL -  - RI0412RP - V:2.00.00.076
