------------------------------------------------------------------------------------------------------------------------------------
SASAZAKI IND. E COM. LTDA                        Relatório de Contabilização - Período: 09/2009                         Página:    1
-------------------------------------------------------------------------------------------------------------- 06/02/2020 - 16:27:43

Erro na integração, verifique o arquivo.   C:\\Temp\RI0190911.log
Referência gerada, mas atualize através da Módulo CT ou FASB
28407 - Houve erro na Integração com a Contabilidade do EMS5 Empresa:          10 Referência:  RI019091   Est:  1
Estab Cta Contábil/CCusto  Titulo                              UN  Bem           Nr. Pat.  Seq. Tp  Grupo       Debito      Credito
----- -------------------- ----------------------------------- --- ------------ --------- ----- -- ------ ------------ ------------
1     121020400000204      ICMS Pendente de Ativo Imobilizados     55                   0     0 07      1         0,00        12,25
                                                                                                07      1         0,00        49,00
                                                                   61                   0     0 06      1         0,00      4800,00
                                                                                                          ------------ ------------
                                                                                             TOTAL:               0,00      4861,25


      121020500000205      COFINS Pendente de Ativo Imobilizad     61                   0     0 06      3         0,00       400,00

                                                                                                          ------------ ------------
                                                                                             TOTAL:               0,00       400,00


      121020600000206      PIS Pendente de Ativo Imobilizados      61                   0     0 06      2         0,00       240,00

                                                                                                          ------------ ------------
                                                                                             TOTAL:               0,00       240,00


      211050400000507      ICMS Ativo a Recuperar                  1                    0     0 10      1        10,00         0,00
      010702010000201                                              2                    0     0 10      1        10,00         0,00
                                                                   49                   0     0 10      1       100,00         0,00
                                                                   54                   0     0 10      1       694,87         0,00
                                                                   56                   0     0 10      1        75,83         0,00
                                                                   57                   0     0 10      1        20,00         0,00
                                                                                                          ------------ ------------
                                                                                             TOTAL:             910,70         0,00


      211050400000521      PIS Ativo Recup                         1                    0     0 10      2        10,00         0,00
      010702010000201                                              2                    0     0 10      2        10,00         0,00
                                                                   56                   0     0 10      2        66,67         0,00
                                                                                                          ------------ ------------
                                                                                             TOTAL:              86,67         0,00


      211050400000522      COFINS Ativo Recup                      1                    0     0 10      3        10,00         0,00
      010702010000201                                              2                    0     0 10      3        10,00         0,00
                                                                   56                   0     0 10      3       100,00         0,00
                                                                                                          ------------ ------------
                                                                                             TOTAL:             120,00         0,00


      311111111111001      ICMS Imp. Rec. Longo Prazo              1                    0     0 12      1         0,00        10,00
                                                                   2                    0     0 12      1         0,00        10,00
                                                                   49                   0     0 12      1         0,00       100,00
                                                                   54                   0     0 12      1         0,00       694,87
                                                                   56                   0     0 06      1         0,00         7,03
                                                                                                12      1         0,00        75,83
                                                                   57                   0     0 12      1         0,00        20,00
                                                                                                          ------------ ------------
                                                                                             TOTAL:               0,00       917,73


-----------------------------------------------------------------------------------------------DATASUL -  - RI0412RP - V:2.00.00.076
------------------------------------------------------------------------------------------------------------------------------------
SASAZAKI IND. E COM. LTDA                        Relatório de Contabilização - Período: 09/2009                         Página:    2
-------------------------------------------------------------------------------------------------------------- 06/02/2020 - 16:27:44

Estab Cta Contábil/CCusto  Titulo                              UN  Bem           Nr. Pat.  Seq. Tp  Grupo       Debito      Credito
----- -------------------- ----------------------------------- --- ------------ --------- ----- -- ------ ------------ ------------
      311111111111002      ICMS Imp. Rec. Curto Prazo              1                    0     0 10      1         0,00        10,00
                                                                                                12      1        10,00         0,00
                                                                   2                    0     0 10      1         0,00        10,00
                                                                                                12      1        10,00         0,00
                                                                   49                   0     0 12      1       100,00         0,00
                                                                                                10      1         0,00       100,00
                                                                   54                   0     0 12      1       694,87         0,00
                                                                                                10      1         0,00       694,87
                                                                   56                   0     0 12      1        75,83         0,00
                                                                                                06      1         0,00         2,40
                                                                                                10      1         0,00        75,83
                                                                   57                   0     0 10      1         0,00        20,00
                                                                                                12      1        20,00         0,00
                                                                                                          ------------ ------------
                                                                                             TOTAL:             910,70       913,10


      311111111111006      ICMS Devolução                          55                   0     0 07      1        12,25         0,00
                                                                                                07      1        49,00         0,00
                                                                                                          ------------ ------------
                                                                                             TOTAL:              61,25         0,00


      311111111111008      ICMS Quebra                             56                   0     0 06      1         9,43         0,00
                                                                   61                   0     0 06      1      4800,00         0,00
                                                                                                          ------------ ------------
                                                                                             TOTAL:            4809,43         0,00


      311111111111012      PIS Rec. Longo Prazo                    1                    0     0 12      2         0,00        10,00
                                                                   2                    0     0 12      2         0,00        10,00
                                                                   56                   0     0 06      2         0,00         2,01
                                                                                                12      2         0,00        66,67
                                                                                                          ------------ ------------
                                                                                             TOTAL:               0,00        88,68


      311111111111013      PIS Rec. Curto Prazo                    1                    0     0 12      2        10,00         0,00
                                                                                                10      2         0,00        10,00
                                                                   2                    0     0 12      2        10,00         0,00
                                                                                                10      2         0,00        10,00
                                                                   56                   0     0 10      2         0,00        66,67
                                                                                                06      2         0,00         2,04
                                                                                                12      2        66,67         0,00
                                                                                                          ------------ ------------
                                                                                             TOTAL:              86,67        88,71


      311111111111019      PIS Quebra                              56                   0     0 06      2         4,05         0,00
                                                                   61                   0     0 06      2       240,00         0,00
                                                                   56                   0     0 06      3         6,09         0,00
                                                                   61                   0     0 06      3       400,00         0,00
                                                                                                          ------------ ------------
                                                                                             TOTAL:             650,14         0,00


      311111111111023      COFINS Rec. Longo Prazo                 1                    0     0 12      3         0,00        10,00
-----------------------------------------------------------------------------------------------DATASUL -  - RI0412RP - V:2.00.00.076
------------------------------------------------------------------------------------------------------------------------------------
SASAZAKI IND. E COM. LTDA                        Relatório de Contabilização - Período: 09/2009                         Página:    3
-------------------------------------------------------------------------------------------------------------- 06/02/2020 - 16:27:45

Estab Cta Contábil/CCusto  Titulo                              UN  Bem           Nr. Pat.  Seq. Tp  Grupo       Debito      Credito
----- -------------------- ----------------------------------- --- ------------ --------- ----- -- ------ ------------ ------------
                                                                   2                    0     0 12      3         0,00        10,00
                                                                   56                   0     0 06      3         0,00         2,97
                                                                                                12      3         0,00       100,00
                                                                                                          ------------ ------------
                                                                                             TOTAL:               0,00       122,97


      311111111111024      COFINS Rec. Curto Prazo                 1                    0     0 12      3        10,00         0,00
                                                                                                10      3         0,00        10,00
                                                                   2                    0     0 12      3        10,00         0,00
                                                                                                10      3         0,00        10,00
                                                                   56                   0     0 06      3         0,00         3,12
                                                                                                10      3         0,00       100,00
                                                                                                12      3       100,00         0,00
                                                                                                          ------------ ------------
                                                                                             TOTAL:             120,00       123,12









































-----------------------------------------------------------------------------------------------DATASUL -  - RI0412RP - V:2.00.00.076
------------------------------------------------------------------------------------------------------------------------------------
SASAZAKI IND. E COM. LTDA                        Relatório de Contabilização - Período: 09/2009                         Página:    4
-------------------------------------------------------------------------------------------------------------- 06/02/2020 - 16:27:45

                                                                                                    --------------- ---------------
                                                                                     TOTAL GERAL          7.755,56        7.755,56

























































-----------------------------------------------------------------------------------------------DATASUL -  - RI0412RP - V:2.00.00.076
------------------------------------------------------------------------------------------------------------------------------------
SASAZAKI IND. E COM. LTDA                        Relatório de Contabilização - Período: 09/2009                         Página:    5
-------------------------------------------------------------------------------------------------------------- 06/02/2020 - 16:27:45


------- RESUMO POR ESTABELECIMENTO x GRUPO x PERÍODO -------

Estab  Grupo Período       Val Recuperado Val Não Recuperado
----- ------ ---------- ----------------- ------------------
1          1 01/09/2009            910,70               0,00
1          2 01/09/2009             86,67               0,00
1          3 01/09/2009            120,00               0,00

LEGENDA:

0 -> TRANSFERÊNCIA DE IMPOSTO ATIVO A RECUPERAR PARA CONTA DE IMPOSTOS PENDENTE
1 -> IMPOSTO ATIVO PENDENTE DE INICIO DE CREDITO
4 -> BAIXA IMPOSTO ATIVO POR VENDAS
5 -> BAIXA IMPOSTO ATIVO POR TRANSFERENCIA
6 -> BAIXA IMPOSTO ATIVO POR QUEBRA
7 -> BAIXA IMPOSTO ATIVO POR DEVOLUCAO
8 -> BAIXA IMPOSTO ATIVO POR INUTILIZACAO
9 -> INICIO DE CREDITO IMPOSTO ATIVO
10 -> IMPOSTO ATIVO APROPRIADO NO PERIODO
11 -> IMPOSTO ATIVO NAO APROPRIADO NO PERIODO
12 -> TRANSFERENCIA 1 PARCELA DE LP PARA CP NO PERIODO
13 -> ESTORNO DE CREDITO INDEVIDO.
14 -> BAIXA IMPOSTO ATIVO POR EXAUSTAO OU PERDA.
16 -> CORRECAO IMPOSTO ATIVO POR MOEDA ALTERNATIVA.
17 -> IMPOSTO ATIVO NAO APROPRIADO POR ARREDONDAMENTO - Curto Prazo



SELEÇÃO :           

Estabelecimento :   1       |<  >|     1       


PARÂMETRO :

                      Período: 09/2009
 Integração com Contabilidade: Sim
                  Contabiliza: Sim
               Descontabiliza: Não
                    Impressão: Detalhada


IMPRESSÃO :

         Destino:   2 - c:/automacao/relatorios/CN_RI0412_200909_contMesBaixa.lst
         Usuário:   SUPER












-----------------------------------------------------------------------------------------------DATASUL -  - RI0412RP - V:2.00.00.076
