------------------------------------------------------------------------------------------------------------------------------------
SASAZAKI IND. E COM. LTDA                        Relatório de Contabilização - Período: 07/2010                         Página:    1
-------------------------------------------------------------------------------------------------------------- 06/02/2020 - 16:36:17

Erro na integração, verifique o arquivo.   C:\\Temp\RI0171011.log
Referência gerada, mas atualize através da Módulo CT ou FASB
28407 - Houve erro na Integração com a Contabilidade do EMS5 Empresa:          10 Referência:  RI017101   Est:  1
Estab Cta Contábil/CCusto  Titulo                              UN  Bem           Nr. Pat.  Seq. Tp  Grupo       Debito      Credito
----- -------------------- ----------------------------------- --- ------------ --------- ----- -- ------ ------------ ------------
1     121020400000204      ICMS Pendente de Ativo Imobilizados     4                    0     0 00      1       480,00         0,00
                                                                                                09      1         0,00       480,00
                                                                                                          ------------ ------------
                                                                                             TOTAL:             480,00       480,00


      121020500000205      COFINS Pendente de Ativo Imobilizad     4                    0     0 09      3         0,00       480,00
                                                                                                00      3       480,00         0,00
                                                                                                          ------------ ------------
                                                                                             TOTAL:             480,00       480,00


      121020600000206      PIS Pendente de Ativo Imobilizados      4                    0     0 09      2         0,00       480,00
                                                                                                00      2       480,00         0,00
                                                                                                          ------------ ------------
                                                                                             TOTAL:             480,00       480,00


      211050400000507      ICMS Ativo a Recuperar                  4                    0     0 00      1         0,00       480,00
      010701010000101
                                                                                                          ------------ ------------
                                                                                             TOTAL:               0,00       480,00


                                                                   1                    0     0 10      1        10,00         0,00
      010702010000201                                              2                    0     0 10      1        10,00         0,00
                                                                   3                    0     0 10      1        10,00         0,00
                                                                   4                    0     0 10      1        10,00         0,00
                                                                   49                   0     0 10      1       100,00         0,00
                                                                   54                   0     0 10      1       694,87         0,00
                                                                   56                   0     0 10      1        64,40         0,00
                                                                   57                   0     0 10      1        20,00         0,00
                                                                                                          ------------ ------------
                                                                                             TOTAL:             919,27       480,00


      211050400000521      PIS Ativo Recup                         4                    0     0 00      2         0,00       480,00
      010701010000101
                                                                                                          ------------ ------------
                                                                                             TOTAL:               0,00       480,00


                                                                   1                    0     0 10      2        10,00         0,00
      010702010000201                                              2                    0     0 10      2        10,00         0,00
                                                                   3                    0     0 10      2        10,00         0,00
                                                                   4                    0     0 10      2        10,00         0,00
                                                                   56                   0     0 10      2        56,62         0,00
                                                                                                          ------------ ------------
                                                                                             TOTAL:              96,62       480,00


      211050400000522      COFINS Ativo Recup                      4                    0     0 00      3         0,00       480,00
      010701010000101
                                                                                                          ------------ ------------
-----------------------------------------------------------------------------------------------DATASUL -  - RI0412RP - V:2.00.00.076
------------------------------------------------------------------------------------------------------------------------------------
SASAZAKI IND. E COM. LTDA                        Relatório de Contabilização - Período: 07/2010                         Página:    2
-------------------------------------------------------------------------------------------------------------- 06/02/2020 - 16:36:18

                                                                                             TOTAL:               0,00       480,00


Estab Cta Contábil/CCusto  Titulo                              UN  Bem           Nr. Pat.  Seq. Tp  Grupo       Debito      Credito
----- -------------------- ----------------------------------- --- ------------ --------- ----- -- ------ ------------ ------------
                                                                   1                    0     0 10      3        10,00         0,00
      010702010000201                                              2                    0     0 10      3        10,00         0,00
                                                                   3                    0     0 10      3        10,00         0,00
                                                                   4                    0     0 10      3        10,00         0,00
                                                                   56                   0     0 10      3        84,93         0,00
                                                                                                          ------------ ------------
                                                                                             TOTAL:             124,93       480,00


      311111111111001      ICMS Imp. Rec. Longo Prazo              1                    0     0 12      1         0,00        10,00
                                                                   2                    0     0 12      1         0,00        10,00
                                                                   3                    0     0 12      1         0,00        10,00
                                                                   4                    0     0 09      1       360,00         0,00
                                                                                                12      1         0,00        10,00
                                                                   54                   0     0 12      1         0,00       694,87
                                                                   56                   0     0 06      1         0,00       293,36
                                                                                                12      1         0,00        64,40
                                                                   57                   0     0 12      1         0,00        20,00
                                                                                                          ------------ ------------
                                                                                             TOTAL:             360,00      1112,63


      311111111111002      ICMS Imp. Rec. Curto Prazo              1                    0     0 12      1        10,00         0,00
                                                                                                10      1         0,00        10,00
                                                                   2                    0     0 12      1        10,00         0,00
                                                                                                10      1         0,00        10,00
                                                                   3                    0     0 10      1         0,00        10,00
                                                                                                12      1        10,00         0,00
                                                                   4                    0     0 09      1       120,00         0,00
                                                                                                12      1        10,00         0,00
                                                                                                10      1         0,00        10,00
                                                                   49                   0     0 10      1         0,00       100,00
                                                                   54                   0     0 10      1         0,00       694,87
                                                                                                12      1       694,87         0,00
                                                                   56                   0     0 12      1        64,40         0,00
                                                                                                10      1         0,00        64,40
                                                                                                06      1         0,00       140,88
                                                                   57                   0     0 10      1         0,00        20,00
                                                                                                12      1        20,00         0,00
                                                                                                          ------------ ------------
                                                                                             TOTAL:             939,27      1060,15


      311111111111008      ICMS Quebra                             56                   0     0 06      1       434,24         0,00

                                                                                                          ------------ ------------
                                                                                             TOTAL:             434,24         0,00


      311111111111012      PIS Rec. Longo Prazo                    1                    0     0 12      2         0,00        10,00
                                                                   2                    0     0 12      2         0,00        10,00
                                                                   3                    0     0 12      2         0,00        10,00
                                                                   4                    0     0 09      2       360,00         0,00
                                                                                                12      2         0,00        10,00
-----------------------------------------------------------------------------------------------DATASUL -  - RI0412RP - V:2.00.00.076
------------------------------------------------------------------------------------------------------------------------------------
SASAZAKI IND. E COM. LTDA                        Relatório de Contabilização - Período: 07/2010                         Página:    3
-------------------------------------------------------------------------------------------------------------- 06/02/2020 - 16:36:18

Estab Cta Contábil/CCusto  Titulo                              UN  Bem           Nr. Pat.  Seq. Tp  Grupo       Debito      Credito
----- -------------------- ----------------------------------- --- ------------ --------- ----- -- ------ ------------ ------------
                                                                   56                   0     0 12      2         0,00        56,47
                                                                                                          ------------ ------------
                                                                                             TOTAL:             360,00        96,47


      311111111111013      PIS Rec. Curto Prazo                    1                    0     0 10      2         0,00        10,00
                                                                                                12      2        10,00         0,00
                                                                   2                    0     0 12      2        10,00         0,00
                                                                                                10      2         0,00        10,00
                                                                   3                    0     0 12      2        10,00         0,00
                                                                                                10      2         0,00        10,00
                                                                   4                    0     0 12      2        10,00         0,00
                                                                                                09      2       120,00         0,00
                                                                                                10      2         0,00        10,00
                                                                   56                   0     0 12      2        56,47         0,00
                                                                                                10      2         0,00        56,62
                                                                                                06      2         0,00       134,12
                                                                                                          ------------ ------------
                                                                                             TOTAL:             216,47       230,74


      311111111111019      PIS Quebra                              56                   0     0 06      2       134,12         0,00
                                                                   56                   0     0 06      3       201,19         0,00
                                                                                                          ------------ ------------
                                                                                             TOTAL:             335,31         0,00


      311111111111023      COFINS Rec. Longo Prazo                 1                    0     0 12      3         0,00        10,00
                                                                   2                    0     0 12      3         0,00        10,00
                                                                   3                    0     0 12      3         0,00        10,00
                                                                   4                    0     0 09      3       360,00         0,00
                                                                                                12      3         0,00        10,00
                                                                   56                   0     0 12      3         0,00        84,71
                                                                                                          ------------ ------------
                                                                                             TOTAL:             360,00       124,71


      311111111111024      COFINS Rec. Curto Prazo                 1                    0     0 10      3         0,00        10,00
                                                                                                12      3        10,00         0,00
                                                                   2                    0     0 12      3        10,00         0,00
                                                                                                10      3         0,00        10,00
                                                                   3                    0     0 10      3         0,00        10,00
                                                                                                12      3        10,00         0,00
                                                                   4                    0     0 10      3         0,00        10,00
                                                                                                09      3       120,00         0,00
                                                                                                12      3        10,00         0,00
                                                                   56                   0     0 06      3         0,00       201,19
                                                                                                10      3         0,00        84,93
                                                                                                12      3        84,71         0,00
                                                                                                          ------------ ------------
                                                                                             TOTAL:             244,71       326,12






-----------------------------------------------------------------------------------------------DATASUL -  - RI0412RP - V:2.00.00.076
------------------------------------------------------------------------------------------------------------------------------------
SASAZAKI IND. E COM. LTDA                        Relatório de Contabilização - Período: 07/2010                         Página:    4
-------------------------------------------------------------------------------------------------------------- 06/02/2020 - 16:36:18

                                                                                                    --------------- ---------------
                                                                                     TOTAL GERAL          5.830,82        7.270,82

























































-----------------------------------------------------------------------------------------------DATASUL -  - RI0412RP - V:2.00.00.076
------------------------------------------------------------------------------------------------------------------------------------
SASAZAKI IND. E COM. LTDA                        Relatório de Contabilização - Período: 07/2010                         Página:    5
-------------------------------------------------------------------------------------------------------------- 06/02/2020 - 16:36:18


------- RESUMO POR ESTABELECIMENTO x GRUPO x PERÍODO -------

Estab  Grupo Período       Val Recuperado Val Não Recuperado
----- ------ ---------- ----------------- ------------------
1          1 01/07/2010            919,27               0,00
1          2 01/07/2010             96,62               0,00
1          3 01/07/2010            124,93               0,00

LEGENDA:

0 -> TRANSFERÊNCIA DE IMPOSTO ATIVO A RECUPERAR PARA CONTA DE IMPOSTOS PENDENTE
1 -> IMPOSTO ATIVO PENDENTE DE INICIO DE CREDITO
4 -> BAIXA IMPOSTO ATIVO POR VENDAS
5 -> BAIXA IMPOSTO ATIVO POR TRANSFERENCIA
6 -> BAIXA IMPOSTO ATIVO POR QUEBRA
7 -> BAIXA IMPOSTO ATIVO POR DEVOLUCAO
8 -> BAIXA IMPOSTO ATIVO POR INUTILIZACAO
9 -> INICIO DE CREDITO IMPOSTO ATIVO
10 -> IMPOSTO ATIVO APROPRIADO NO PERIODO
11 -> IMPOSTO ATIVO NAO APROPRIADO NO PERIODO
12 -> TRANSFERENCIA 1 PARCELA DE LP PARA CP NO PERIODO
13 -> ESTORNO DE CREDITO INDEVIDO.
14 -> BAIXA IMPOSTO ATIVO POR EXAUSTAO OU PERDA.
16 -> CORRECAO IMPOSTO ATIVO POR MOEDA ALTERNATIVA.
17 -> IMPOSTO ATIVO NAO APROPRIADO POR ARREDONDAMENTO - Curto Prazo



SELEÇÃO :           

Estabelecimento :   1       |<  >|     1       


PARÂMETRO :

                      Período: 07/2010
 Integração com Contabilidade: Sim
                  Contabiliza: Sim
               Descontabiliza: Não
                    Impressão: Detalhada


IMPRESSÃO :

         Destino:   2 - c:/automacao/relatorios/CN_RI0412_201007_contMesBaixa.lst
         Usuário:   SUPER












-----------------------------------------------------------------------------------------------DATASUL -  - RI0412RP - V:2.00.00.076
