------------------------------------------------------------------------------------------------------------------------------------
SASAZAKI IND. E COM. LTDA                        Relatório de Contabilização - Período: 05/2010                         Página:    1
-------------------------------------------------------------------------------------------------------------- 06/02/2020 - 15:20:31

Erro na integração, verifique o arquivo.   C:\\Temp\RI0151011.log
Referência gerada, mas atualize através da Módulo CT ou FASB
28407 - Houve erro na Integração com a Contabilidade do EMS5 Empresa:          10 Referência:  RI015101   Est:  1
Estab Cta Contábil/CCusto  Titulo                              UN  Bem           Nr. Pat.  Seq. Tp  Grupo       Debito      Credito
----- -------------------- ----------------------------------- --- ------------ --------- ----- -- ------ ------------ ------------
1     211050400000507      ICMS Ativo a Recuperar                  1                    0     0 10      1        10,00         0,00
      010702010000201                                              2                    0     0 10      1        10,00         0,00
                                                                   3                    0     0 10      1        10,00         0,00
                                                                   49                   0     0 10      1       100,00         0,00
                                                                   54                   0     0 10      1       694,87         0,00
                                                                   56                   0     0 10      1        64,90         0,00
                                                                   57                   0     0 10      1        20,00         0,00
                                                                                                          ------------ ------------
                                                                                             TOTAL:             909,77         0,00


      211050400000521      PIS Ativo Recup                         1                    0     0 10      2        10,00         0,00
      010702010000201                                              2                    0     0 10      2        10,00         0,00
                                                                   3                    0     0 10      2        10,00         0,00
                                                                   56                   0     0 10      2        57,06         0,00
                                                                                                          ------------ ------------
                                                                                             TOTAL:              87,06         0,00


      211050400000522      COFINS Ativo Recup                      1                    0     0 10      3        10,00         0,00
      010702010000201                                              2                    0     0 10      3        10,00         0,00
                                                                   3                    0     0 10      3        10,00         0,00
                                                                   56                   0     0 10      3        85,59         0,00
                                                                                                          ------------ ------------
                                                                                             TOTAL:             115,59         0,00


      311111111111001      ICMS Imp. Rec. Longo Prazo              1                    0     0 12      1         0,00        10,00
                                                                   2                    0     0 12      1         0,00        10,00
                                                                   3                    0     0 12      1         0,00        10,00
                                                                   54                   0     0 12      1         0,00       694,87
                                                                   56                   0     0 06      1         0,00       273,56
                                                                                                12      1         0,00        64,90
                                                                                                06      1         0,00       273,56
                                                                   57                   0     0 12      1         0,00        20,00
                                                                                                          ------------ ------------
                                                                                             TOTAL:               0,00      1356,89


      311111111111002      ICMS Imp. Rec. Curto Prazo              1                    0     0 10      1         0,00        10,00
                                                                                                12      1        10,00         0,00
                                                                   2                    0     0 10      1         0,00        10,00
                                                                                                12      1        10,00         0,00
                                                                   3                    0     0 12      1        10,00         0,00
                                                                                                10      1         0,00        10,00
                                                                   49                   0     0 10      1         0,00       100,00
                                                                   54                   0     0 10      1         0,00       694,87
                                                                                                12      1       694,87         0,00
                                                                   56                   0     0 12      1        64,90         0,00
                                                                                                10      1         0,00        64,90
                                                                                                06      1         0,00       121,56
                                                                                                06      1         0,00       121,56
                                                                   57                   0     0 12      1        20,00         0,00
                                                                                                10      1         0,00        20,00
-----------------------------------------------------------------------------------------------DATASUL -  - RI0412RP - V:2.00.00.076
------------------------------------------------------------------------------------------------------------------------------------
SASAZAKI IND. E COM. LTDA                        Relatório de Contabilização - Período: 05/2010                         Página:    2
-------------------------------------------------------------------------------------------------------------- 06/02/2020 - 15:20:32

                                                                                                          ------------ ------------
                                                                                             TOTAL:             809,77      1152,89


Estab Cta Contábil/CCusto  Titulo                              UN  Bem           Nr. Pat.  Seq. Tp  Grupo       Debito      Credito
----- -------------------- ----------------------------------- --- ------------ --------- ----- -- ------ ------------ ------------
      311111111111008      ICMS Quebra                             56                   0     0 06      1       395,12         0,00
                                                                                                06      1       395,12         0,00
                                                                                                          ------------ ------------
                                                                                             TOTAL:             790,24         0,00


      311111111111012      PIS Rec. Longo Prazo                    1                    0     0 12      2         0,00        10,00
                                                                   2                    0     0 12      2         0,00        10,00
                                                                   3                    0     0 12      2         0,00        10,00
                                                                   56                   0     0 12      2         0,00        57,06
                                                                                                06      2         0,00        26,68
                                                                                                06      2         0,00        26,68
                                                                                                          ------------ ------------
                                                                                             TOTAL:               0,00       140,42


      311111111111013      PIS Rec. Curto Prazo                    1                    0     0 12      2        10,00         0,00
                                                                                                10      2         0,00        10,00
                                                                   2                    0     0 10      2         0,00        10,00
                                                                                                12      2        10,00         0,00
                                                                   3                    0     0 12      2        10,00         0,00
                                                                                                10      2         0,00        10,00
                                                                   56                   0     0 10      2         0,00        57,06
                                                                                                06      2         0,00       106,92
                                                                                                06      2         0,00       106,92
                                                                                                12      2        57,06         0,00
                                                                                                          ------------ ------------
                                                                                             TOTAL:              87,06       300,90


      311111111111019      PIS Quebra                              56                   0     0 06      2       133,60         0,00
                                                                                                06      2       133,60         0,00
                                                                   56                   0     0 06      3       200,39         0,00
                                                                                                06      3       200,39         0,00
                                                                                                          ------------ ------------
                                                                                             TOTAL:             667,98         0,00


      311111111111023      COFINS Rec. Longo Prazo                 1                    0     0 12      3         0,00        10,00
                                                                   2                    0     0 12      3         0,00        10,00
                                                                   3                    0     0 12      3         0,00        10,00
                                                                   56                   0     0 06      3         0,00        40,07
                                                                                                06      3         0,00        40,07
                                                                                                12      3         0,00        85,59
                                                                                                          ------------ ------------
                                                                                             TOTAL:               0,00       195,73


      311111111111024      COFINS Rec. Curto Prazo                 1                    0     0 12      3        10,00         0,00
                                                                                                10      3         0,00        10,00
                                                                   2                    0     0 12      3        10,00         0,00
                                                                                                10      3         0,00        10,00
                                                                   3                    0     0 10      3         0,00        10,00
-----------------------------------------------------------------------------------------------DATASUL -  - RI0412RP - V:2.00.00.076
------------------------------------------------------------------------------------------------------------------------------------
SASAZAKI IND. E COM. LTDA                        Relatório de Contabilização - Período: 05/2010                         Página:    3
-------------------------------------------------------------------------------------------------------------- 06/02/2020 - 15:20:32

Estab Cta Contábil/CCusto  Titulo                              UN  Bem           Nr. Pat.  Seq. Tp  Grupo       Debito      Credito
----- -------------------- ----------------------------------- --- ------------ --------- ----- -- ------ ------------ ------------
                                                                                                12      3        10,00         0,00
                                                                   56                   0     0 06      3         0,00       160,32
                                                                                                10      3         0,00        85,59
                                                                                                06      3         0,00       160,32
                                                                                                12      3        85,59         0,00
                                                                                                          ------------ ------------
                                                                                             TOTAL:             115,59       436,23


















































-----------------------------------------------------------------------------------------------DATASUL -  - RI0412RP - V:2.00.00.076
------------------------------------------------------------------------------------------------------------------------------------
SASAZAKI IND. E COM. LTDA                        Relatório de Contabilização - Período: 05/2010                         Página:    4
-------------------------------------------------------------------------------------------------------------- 06/02/2020 - 15:20:32

                                                                                                    --------------- ---------------
                                                                                     TOTAL GERAL          3.583,06        3.583,06

























































-----------------------------------------------------------------------------------------------DATASUL -  - RI0412RP - V:2.00.00.076
------------------------------------------------------------------------------------------------------------------------------------
SASAZAKI IND. E COM. LTDA                        Relatório de Contabilização - Período: 05/2010                         Página:    5
-------------------------------------------------------------------------------------------------------------- 06/02/2020 - 15:20:32


------- RESUMO POR ESTABELECIMENTO x GRUPO x PERÍODO -------

Estab  Grupo Período       Val Recuperado Val Não Recuperado
----- ------ ---------- ----------------- ------------------
1          1 01/05/2010            909,77               0,00
1          2 01/05/2010             87,06               0,00
1          3 01/05/2010            115,59               0,00

LEGENDA:

0 -> TRANSFERÊNCIA DE IMPOSTO ATIVO A RECUPERAR PARA CONTA DE IMPOSTOS PENDENTE
1 -> IMPOSTO ATIVO PENDENTE DE INICIO DE CREDITO
4 -> BAIXA IMPOSTO ATIVO POR VENDAS
5 -> BAIXA IMPOSTO ATIVO POR TRANSFERENCIA
6 -> BAIXA IMPOSTO ATIVO POR QUEBRA
7 -> BAIXA IMPOSTO ATIVO POR DEVOLUCAO
8 -> BAIXA IMPOSTO ATIVO POR INUTILIZACAO
9 -> INICIO DE CREDITO IMPOSTO ATIVO
10 -> IMPOSTO ATIVO APROPRIADO NO PERIODO
11 -> IMPOSTO ATIVO NAO APROPRIADO NO PERIODO
12 -> TRANSFERENCIA 1 PARCELA DE LP PARA CP NO PERIODO
13 -> ESTORNO DE CREDITO INDEVIDO.
14 -> BAIXA IMPOSTO ATIVO POR EXAUSTAO OU PERDA.
16 -> CORRECAO IMPOSTO ATIVO POR MOEDA ALTERNATIVA.
17 -> IMPOSTO ATIVO NAO APROPRIADO POR ARREDONDAMENTO - Curto Prazo



SELEÇÃO :           

Estabelecimento :   1       |<  >|     1       


PARÂMETRO :

                      Período: 05/2010
 Integração com Contabilidade: Sim
                  Contabiliza: Sim
               Descontabiliza: Não
                    Impressão: Detalhada


IMPRESSÃO :

         Destino:   2 - c:/automacao/relatorios/CN_RI0412_201005.lst
         Usuário:   SUPER












-----------------------------------------------------------------------------------------------DATASUL -  - RI0412RP - V:2.00.00.076
