------------------------------------------------------------------------------------------------------------------------------------
SASAZAKI IND. E COM. LTDA                        Relatório de Contabilização - Período: 01/2010                         Página:    1
-------------------------------------------------------------------------------------------------------------- 06/02/2020 - 15:18:25

Erro na integração, verifique o arquivo.   C:\\Temp\RI0111011.log
Referência gerada, mas atualize através da Módulo CT ou FASB
28407 - Houve erro na Integração com a Contabilidade do EMS5 Empresa:          10 Referência:  RI011101   Est:  1
Estab Cta Contábil/CCusto  Titulo                              UN  Bem           Nr. Pat.  Seq. Tp  Grupo       Debito      Credito
----- -------------------- ----------------------------------- --- ------------ --------- ----- -- ------ ------------ ------------
1     121020400000204      ICMS Pendente de Ativo Imobilizados     3                    0     0 00      1       480,00         0,00
                                                                                                09      1         0,00       480,00
                                                                                                          ------------ ------------
                                                                                             TOTAL:             480,00       480,00


      121020500000205      COFINS Pendente de Ativo Imobilizad     3                    0     0 09      3         0,00       480,00
                                                                                                00      3       480,00         0,00
                                                                                                          ------------ ------------
                                                                                             TOTAL:             480,00       480,00


      121020600000206      PIS Pendente de Ativo Imobilizados      3                    0     0 09      2         0,00       480,00
                                                                                                00      2       480,00         0,00
                                                                                                          ------------ ------------
                                                                                             TOTAL:             480,00       480,00


      211050400000507      ICMS Ativo a Recuperar                  3                    0     0 00      1         0,00       480,00
      010701010000101
                                                                                                          ------------ ------------
                                                                                             TOTAL:               0,00       480,00


                                                                   1                    0     0 10      1        10,00         0,00
      010702010000201                                              2                    0     0 10      1        10,00         0,00
                                                                   3                    0     0 10      1        10,00         0,00
                                                                   49                   0     0 10      1       100,00         0,00
                                                                   54                   0     0 10      1       694,87         0,00
                                                                   56                   0     0 10      1        75,03         0,00
                                                                   57                   0     0 10      1        20,00         0,00
                                                                                                          ------------ ------------
                                                                                             TOTAL:             919,90       480,00


      211050400000521      PIS Ativo Recup                         3                    0     0 00      2         0,00       480,00
      010701010000101
                                                                                                          ------------ ------------
                                                                                             TOTAL:               0,00       480,00


                                                                   1                    0     0 10      2        10,00         0,00
      010702010000201                                              2                    0     0 10      2        10,00         0,00
                                                                   3                    0     0 10      2        10,00         0,00
                                                                   56                   0     0 10      2        65,97         0,00
                                                                                                          ------------ ------------
                                                                                             TOTAL:              95,97       480,00


      211050400000522      COFINS Ativo Recup                      3                    0     0 00      3         0,00       480,00
      010701010000101
                                                                                                          ------------ ------------
                                                                                             TOTAL:               0,00       480,00


-----------------------------------------------------------------------------------------------DATASUL -  - RI0412RP - V:2.00.00.076
------------------------------------------------------------------------------------------------------------------------------------
SASAZAKI IND. E COM. LTDA                        Relatório de Contabilização - Período: 01/2010                         Página:    2
-------------------------------------------------------------------------------------------------------------- 06/02/2020 - 15:18:27

Estab Cta Contábil/CCusto  Titulo                              UN  Bem           Nr. Pat.  Seq. Tp  Grupo       Debito      Credito
----- -------------------- ----------------------------------- --- ------------ --------- ----- -- ------ ------------ ------------
                                                                   1                    0     0 10      3        10,00         0,00
      010702010000201                                              2                    0     0 10      3        10,00         0,00
                                                                   3                    0     0 10      3        10,00         0,00
                                                                   56                   0     0 10      3        98,95         0,00
                                                                                                          ------------ ------------
                                                                                             TOTAL:             128,95       480,00


      311111111111001      ICMS Imp. Rec. Longo Prazo              1                    0     0 12      1         0,00        10,00
                                                                   2                    0     0 12      1         0,00        10,00
                                                                   3                    0     0 12      1         0,00        10,00
                                                                                                09      1       360,00         0,00
                                                                   49                   0     0 12      1         0,00       100,00
                                                                   54                   0     0 12      1         0,00       694,87
                                                                   56                   0     0 06      1         0,00         6,23
                                                                                                12      1         0,00        75,03
                                                                   57                   0     0 12      1         0,00        20,00
                                                                                                          ------------ ------------
                                                                                             TOTAL:             360,00       926,13


      311111111111002      ICMS Imp. Rec. Curto Prazo              1                    0     0 12      1        10,00         0,00
                                                                                                10      1         0,00        10,00
                                                                   2                    0     0 12      1        10,00         0,00
                                                                                                10      1         0,00        10,00
                                                                   3                    0     0 09      1       120,00         0,00
                                                                                                12      1        10,00         0,00
                                                                                                10      1         0,00        10,00
                                                                   49                   0     0 10      1         0,00       100,00
                                                                                                12      1       100,00         0,00
                                                                   54                   0     0 12      1       694,87         0,00
                                                                                                10      1         0,00       694,87
                                                                   56                   0     0 06      1         0,00         2,40
                                                                                                12      1        75,03         0,00
                                                                                                10      1         0,00        75,03
                                                                   57                   0     0 10      1         0,00        20,00
                                                                                                12      1        20,00         0,00
                                                                                                          ------------ ------------
                                                                                             TOTAL:            1039,90       922,30


      311111111111008      ICMS Quebra                             56                   0     0 06      1         8,63         0,00

                                                                                                          ------------ ------------
                                                                                             TOTAL:               8,63         0,00


      311111111111012      PIS Rec. Longo Prazo                    1                    0     0 12      2         0,00        10,00
                                                                   2                    0     0 12      2         0,00        10,00
                                                                   3                    0     0 09      2       360,00         0,00
                                                                                                12      2         0,00        10,00
                                                                   56                   0     0 06      2         0,00         1,31
                                                                                                12      2         0,00        65,97
                                                                                                          ------------ ------------
                                                                                             TOTAL:             360,00        97,28


-----------------------------------------------------------------------------------------------DATASUL -  - RI0412RP - V:2.00.00.076
------------------------------------------------------------------------------------------------------------------------------------
SASAZAKI IND. E COM. LTDA                        Relatório de Contabilização - Período: 01/2010                         Página:    3
-------------------------------------------------------------------------------------------------------------- 06/02/2020 - 15:18:27

Estab Cta Contábil/CCusto  Titulo                              UN  Bem           Nr. Pat.  Seq. Tp  Grupo       Debito      Credito
----- -------------------- ----------------------------------- --- ------------ --------- ----- -- ------ ------------ ------------
      311111111111013      PIS Rec. Curto Prazo                    1                    0     0 10      2         0,00        10,00
                                                                                                12      2        10,00         0,00
                                                                   2                    0     0 12      2        10,00         0,00
                                                                                                10      2         0,00        10,00
                                                                   3                    0     0 12      2        10,00         0,00
                                                                                                10      2         0,00        10,00
                                                                                                09      2       120,00         0,00
                                                                   56                   0     0 10      2         0,00        65,97
                                                                                                06      2         0,00         2,04
                                                                                                12      2        65,97         0,00
                                                                                                          ------------ ------------
                                                                                             TOTAL:             215,97        98,01


      311111111111019      PIS Quebra                              56                   0     0 06      2         3,35         0,00
                                                                   56                   0     0 06      3         5,03         0,00
                                                                                                          ------------ ------------
                                                                                             TOTAL:               8,38         0,00


      311111111111023      COFINS Rec. Longo Prazo                 1                    0     0 12      3         0,00        10,00
                                                                   2                    0     0 12      3         0,00        10,00
                                                                   3                    0     0 12      3         0,00        10,00
                                                                                                09      3       360,00         0,00
                                                                   56                   0     0 06      3         0,00         1,91
                                                                                                12      3         0,00        98,95
                                                                                                          ------------ ------------
                                                                                             TOTAL:             360,00       130,86


      311111111111024      COFINS Rec. Curto Prazo                 1                    0     0 10      3         0,00        10,00
                                                                                                12      3        10,00         0,00
                                                                   2                    0     0 10      3         0,00        10,00
                                                                                                12      3        10,00         0,00
                                                                   3                    0     0 12      3        10,00         0,00
                                                                                                09      3       120,00         0,00
                                                                                                10      3         0,00        10,00
                                                                   56                   0     0 10      3         0,00        98,95
                                                                                                06      3         0,00         3,12
                                                                                                12      3        98,95         0,00
                                                                                                          ------------ ------------
                                                                                             TOTAL:             248,95       132,07















-----------------------------------------------------------------------------------------------DATASUL -  - RI0412RP - V:2.00.00.076
------------------------------------------------------------------------------------------------------------------------------------
SASAZAKI IND. E COM. LTDA                        Relatório de Contabilização - Período: 01/2010                         Página:    4
-------------------------------------------------------------------------------------------------------------- 06/02/2020 - 15:18:27

                                                                                                    --------------- ---------------
                                                                                     TOTAL GERAL          5.186,65        6.626,65

























































-----------------------------------------------------------------------------------------------DATASUL -  - RI0412RP - V:2.00.00.076
------------------------------------------------------------------------------------------------------------------------------------
SASAZAKI IND. E COM. LTDA                        Relatório de Contabilização - Período: 01/2010                         Página:    5
-------------------------------------------------------------------------------------------------------------- 06/02/2020 - 15:18:27


------- RESUMO POR ESTABELECIMENTO x GRUPO x PERÍODO -------

Estab  Grupo Período       Val Recuperado Val Não Recuperado
----- ------ ---------- ----------------- ------------------
1          1 01/01/2010            919,90               0,00
1          2 01/01/2010             95,97               0,00
1          3 01/01/2010            128,95               0,00

LEGENDA:

0 -> TRANSFERÊNCIA DE IMPOSTO ATIVO A RECUPERAR PARA CONTA DE IMPOSTOS PENDENTE
1 -> IMPOSTO ATIVO PENDENTE DE INICIO DE CREDITO
4 -> BAIXA IMPOSTO ATIVO POR VENDAS
5 -> BAIXA IMPOSTO ATIVO POR TRANSFERENCIA
6 -> BAIXA IMPOSTO ATIVO POR QUEBRA
7 -> BAIXA IMPOSTO ATIVO POR DEVOLUCAO
8 -> BAIXA IMPOSTO ATIVO POR INUTILIZACAO
9 -> INICIO DE CREDITO IMPOSTO ATIVO
10 -> IMPOSTO ATIVO APROPRIADO NO PERIODO
11 -> IMPOSTO ATIVO NAO APROPRIADO NO PERIODO
12 -> TRANSFERENCIA 1 PARCELA DE LP PARA CP NO PERIODO
13 -> ESTORNO DE CREDITO INDEVIDO.
14 -> BAIXA IMPOSTO ATIVO POR EXAUSTAO OU PERDA.
16 -> CORRECAO IMPOSTO ATIVO POR MOEDA ALTERNATIVA.
17 -> IMPOSTO ATIVO NAO APROPRIADO POR ARREDONDAMENTO - Curto Prazo



SELEÇÃO :           

Estabelecimento :   1       |<  >|     1       


PARÂMETRO :

                      Período: 01/2010
 Integração com Contabilidade: Sim
                  Contabiliza: Sim
               Descontabiliza: Não
                    Impressão: Detalhada


IMPRESSÃO :

         Destino:   2 - c:/automacao/relatorios/CN_RI0412_201001.lst
         Usuário:   SUPER












-----------------------------------------------------------------------------------------------DATASUL -  - RI0412RP - V:2.00.00.076
