------------------------------------------------------------------------------------------------------------------------------------
SASAZAKI IND. E COM. LTDA                        Relatório de Contabilização - Período: 01/2011                         Página:    1
-------------------------------------------------------------------------------------------------------------- 06/02/2020 - 15:25:39

Erro na integração, verifique o arquivo.   C:\\Temp\RI0111111.log
Referência gerada, mas atualize através da Módulo CT ou FASB
28407 - Houve erro na Integração com a Contabilidade do EMS5 Empresa:          10 Referência:  RI011111   Est:  1
Estab Cta Contábil/CCusto  Titulo                              UN  Bem           Nr. Pat.  Seq. Tp  Grupo       Debito      Credito
----- -------------------- ----------------------------------- --- ------------ --------- ----- -- ------ ------------ ------------
1     121020400000204      ICMS Pendente de Ativo Imobilizados     5                    0     0 00      1       480,00         0,00
                                                                                                09      1         0,00       480,00
                                                                   41                   0     0 00      1       100,00         0,00
                                                                                                09      1         0,00       100,00
                                                                   42                   0     0 09      1         0,00       360,00
                                                                                                00      1       360,00         0,00
                                                                   43                   0     0 00      1       360,00         0,00
                                                                                                09      1         0,00       360,00
                                                                                                          ------------ ------------
                                                                                             TOTAL:            1300,00      1300,00


      121020500000205      COFINS Pendente de Ativo Imobilizad     5                    0     0 09      3         0,00       480,00
                                                                                                00      3       480,00         0,00
                                                                   41                   0     0 09      3         0,00       100,00
                                                                                                00      3       100,00         0,00
                                                                                                          ------------ ------------
                                                                                             TOTAL:             580,00       580,00


      121020600000206      PIS Pendente de Ativo Imobilizados      5                    0     0 00      2       480,00         0,00
                                                                                                09      2         0,00       480,00
                                                                   41                   0     0 09      2         0,00       100,00
                                                                                                00      2       100,00         0,00
                                                                                                          ------------ ------------
                                                                                             TOTAL:             580,00       580,00


      211050400000507      ICMS Ativo a Recuperar                  5                    0     0 00      1         0,00       480,00
      010701010000101                                              41                   0     0 00      1         0,00       100,00
                                                                   42                   0     0 00      1         0,00       360,00
                                                                   43                   0     0 00      1         0,00       360,00
                                                                                                          ------------ ------------
                                                                                             TOTAL:               0,00      1300,00


                                                                   1                    0     0 10      1        10,00         0,00
                                                                   2                    0     0 10      1        10,00         0,00
                                                                   3                    0     0 10      1        10,00         0,00
                                                                   4                    0     0 10      1        10,00         0,00
                                                                   5                    0     0 10      1        10,00         0,00
                                                                   41                   0     0 10      1         2,08         0,00
                                                                   42                   0     0 10      1        10,00         0,00
                                                                   43                   0     0 10      1        10,00         0,00
                                                                   49                   0     0 10      1       100,00         0,00
                                                                   54                   0     0 10      1       694,87         0,00
                                                                   56                   0     0 10      1        46,54         0,00
                                                                   57                   0     0 10      1        20,00         0,00
                                                                                                          ------------ ------------
                                                                                             TOTAL:             933,49      1300,00


      211050400000521      PIS Ativo Recup                         5                    0     0 00      2         0,00       480,00
      010701010000101                                              41                   0     0 00      2         0,00       100,00
-----------------------------------------------------------------------------------------------DATASUL -  - RI0412RP - V:2.00.00.076
------------------------------------------------------------------------------------------------------------------------------------
SASAZAKI IND. E COM. LTDA                        Relatório de Contabilização - Período: 01/2011                         Página:    2
-------------------------------------------------------------------------------------------------------------- 06/02/2020 - 15:25:40

                                                                                                          ------------ ------------
                                                                                             TOTAL:               0,00       580,00


Estab Cta Contábil/CCusto  Titulo                              UN  Bem           Nr. Pat.  Seq. Tp  Grupo       Debito      Credito
----- -------------------- ----------------------------------- --- ------------ --------- ----- -- ------ ------------ ------------
                                                                   1                    0     0 10      2        10,00         0,00
                                                                   2                    0     0 10      2        10,00         0,00
                                                                   3                    0     0 10      2        10,00         0,00
                                                                   4                    0     0 10      2        10,00         0,00
                                                                   5                    0     0 10      2        10,00         0,00
                                                                   41                   0     0 10      2         2,09         0,00
                                                                   56                   0     0 10      2        40,92         0,00
                                                                                                          ------------ ------------
                                                                                             TOTAL:              93,01       580,00


      211050400000522      COFINS Ativo Recup                      5                    0     0 00      3         0,00       480,00
      010701010000101                                              41                   0     0 00      3         0,00       100,00
                                                                                                          ------------ ------------
                                                                                             TOTAL:               0,00       580,00


                                                                   1                    0     0 10      3        10,00         0,00
                                                                   2                    0     0 10      3        10,00         0,00
                                                                   3                    0     0 10      3        10,00         0,00
                                                                   4                    0     0 10      3        10,00         0,00
                                                                   5                    0     0 10      3        10,00         0,00
                                                                   41                   0     0 10      3         2,09         0,00
                                                                   56                   0     0 10      3        61,38         0,00
                                                                                                          ------------ ------------
                                                                                             TOTAL:             113,47       580,00


      311111111111001      ICMS Imp. Rec. Longo Prazo              1                    0     0 12      1         0,00        10,00
                                                                   2                    0     0 12      1         0,00        10,00
                                                                   3                    0     0 12      1         0,00        10,00
                                                                   4                    0     0 12      1         0,00        10,00
                                                                   5                    0     0 12      1         0,00        10,00
                                                                                                09      1       360,00         0,00
                                                                   41                   0     0 09      1        75,04         0,00
                                                                                                12      1         0,00         2,08
                                                                   42                   0     0 12      1         0,00        10,00
                                                                                                09      1       240,00         0,00
                                                                   43                   0     0 09      1       240,00         0,00
                                                                                                12      1         0,00        10,00
                                                                   54                   0     0 12      1         0,00       694,87
                                                                   56                   0     0 12      1         0,00        46,54
                                                                   57                   0     0 12      1         0,00        20,00
                                                                                                          ------------ ------------
                                                                                             TOTAL:             915,04       833,49


      311111111111002      ICMS Imp. Rec. Curto Prazo              1                    0     0 10      1         0,00        10,00
                                                                                                12      1        10,00         0,00
                                                                   2                    0     0 12      1        10,00         0,00
                                                                                                10      1         0,00        10,00
                                                                   3                    0     0 10      1         0,00        10,00
                                                                                                12      1        10,00         0,00
-----------------------------------------------------------------------------------------------DATASUL -  - RI0412RP - V:2.00.00.076
------------------------------------------------------------------------------------------------------------------------------------
SASAZAKI IND. E COM. LTDA                        Relatório de Contabilização - Período: 01/2011                         Página:    3
-------------------------------------------------------------------------------------------------------------- 06/02/2020 - 15:25:40

Estab Cta Contábil/CCusto  Titulo                              UN  Bem           Nr. Pat.  Seq. Tp  Grupo       Debito      Credito
----- -------------------- ----------------------------------- --- ------------ --------- ----- -- ------ ------------ ------------
                                                                   4                    0     0 10      1         0,00        10,00
                                                                                                12      1        10,00         0,00
                                                                   5                    0     0 09      1       120,00         0,00
                                                                                                12      1        10,00         0,00
                                                                                                10      1         0,00        10,00
                                                                   41                   0     0 12      1         2,08         0,00
                                                                                                10      1         0,00         2,08
                                                                                                09      1        24,96         0,00
                                                                   42                   0     0 12      1        10,00         0,00
                                                                                                09      1       120,00         0,00
                                                                                                10      1         0,00        10,00
                                                                   43                   0     0 10      1         0,00        10,00
                                                                                                09      1       120,00         0,00
                                                                                                12      1        10,00         0,00
                                                                   49                   0     0 10      1         0,00       100,00
                                                                   54                   0     0 10      1         0,00       694,87
                                                                                                12      1       694,87         0,00
                                                                   56                   0     0 10      1         0,00        46,54
                                                                                                12      1        46,54         0,00
                                                                   57                   0     0 10      1         0,00        20,00
                                                                                                12      1        20,00         0,00
                                                                                                          ------------ ------------
                                                                                             TOTAL:            1218,45       933,49


      311111111111012      PIS Rec. Longo Prazo                    1                    0     0 12      2         0,00        10,00
                                                                   2                    0     0 12      2         0,00        10,00
                                                                   3                    0     0 12      2         0,00        10,00
                                                                   4                    0     0 12      2         0,00        10,00
                                                                   5                    0     0 09      2       360,00         0,00
                                                                                                12      2         0,00        10,00
                                                                   41                   0     0 12      2         0,00         2,09
                                                                                                09      2        74,92         0,00
                                                                                                          ------------ ------------
                                                                                             TOTAL:             434,92        52,09


      311111111111013      PIS Rec. Curto Prazo                    1                    0     0 10      2         0,00        10,00
                                                                                                12      2        10,00         0,00
                                                                   2                    0     0 12      2        10,00         0,00
                                                                                                10      2         0,00        10,00
                                                                   3                    0     0 12      2        10,00         0,00
                                                                                                10      2         0,00        10,00
                                                                   4                    0     0 12      2        10,00         0,00
                                                                                                10      2         0,00        10,00
                                                                   5                    0     0 10      2         0,00        10,00
                                                                                                09      2       120,00         0,00
                                                                                                12      2        10,00         0,00
                                                                   41                   0     0 12      2         2,09         0,00
                                                                                                09      2        25,08         0,00
                                                                                                10      2         0,00         2,09
                                                                   56                   0     0 10      2         0,00        40,92
                                                                                                          ------------ ------------
                                                                                             TOTAL:             197,17        93,01


      311111111111023      COFINS Rec. Longo Prazo                 1                    0     0 12      3         0,00        10,00
-----------------------------------------------------------------------------------------------DATASUL -  - RI0412RP - V:2.00.00.076
------------------------------------------------------------------------------------------------------------------------------------
SASAZAKI IND. E COM. LTDA                        Relatório de Contabilização - Período: 01/2011                         Página:    4
-------------------------------------------------------------------------------------------------------------- 06/02/2020 - 15:25:40

Estab Cta Contábil/CCusto  Titulo                              UN  Bem           Nr. Pat.  Seq. Tp  Grupo       Debito      Credito
----- -------------------- ----------------------------------- --- ------------ --------- ----- -- ------ ------------ ------------
                                                                   2                    0     0 12      3         0,00        10,00
                                                                   3                    0     0 12      3         0,00        10,00
                                                                   4                    0     0 12      3         0,00        10,00
                                                                   5                    0     0 09      3       360,00         0,00
                                                                                                12      3         0,00        10,00
                                                                   41                   0     0 09      3        74,92         0,00
                                                                                                12      3         0,00         2,09
                                                                                                          ------------ ------------
                                                                                             TOTAL:             434,92        52,09


      311111111111024      COFINS Rec. Curto Prazo                 1                    0     0 12      3        10,00         0,00
                                                                                                10      3         0,00        10,00
                                                                   2                    0     0 12      3        10,00         0,00
                                                                                                10      3         0,00        10,00
                                                                   3                    0     0 10      3         0,00        10,00
                                                                                                12      3        10,00         0,00
                                                                   4                    0     0 10      3         0,00        10,00
                                                                                                12      3        10,00         0,00
                                                                   5                    0     0 10      3         0,00        10,00
                                                                                                12      3        10,00         0,00
                                                                                                09      3       120,00         0,00
                                                                   41                   0     0 10      3         0,00         2,09
                                                                                                12      3         2,09         0,00
                                                                                                09      3        25,08         0,00
                                                                   56                   0     0 10      3         0,00        61,38
                                                                                                          ------------ ------------
                                                                                             TOTAL:             197,17       113,47





























-----------------------------------------------------------------------------------------------DATASUL -  - RI0412RP - V:2.00.00.076
------------------------------------------------------------------------------------------------------------------------------------
SASAZAKI IND. E COM. LTDA                        Relatório de Contabilização - Período: 01/2011                         Página:    5
-------------------------------------------------------------------------------------------------------------- 06/02/2020 - 15:25:40

                                                                                                    --------------- ---------------
                                                                                     TOTAL GERAL          6.997,64        9.457,64

























































-----------------------------------------------------------------------------------------------DATASUL -  - RI0412RP - V:2.00.00.076
------------------------------------------------------------------------------------------------------------------------------------
SASAZAKI IND. E COM. LTDA                        Relatório de Contabilização - Período: 01/2011                         Página:    6
-------------------------------------------------------------------------------------------------------------- 06/02/2020 - 15:25:40


------- RESUMO POR ESTABELECIMENTO x GRUPO x PERÍODO -------

Estab  Grupo Período       Val Recuperado Val Não Recuperado
----- ------ ---------- ----------------- ------------------
1          1 01/01/2011            933,49               0,00
1          2 01/01/2011             93,01               0,00
1          3 01/01/2011            113,47               0,00

LEGENDA:

0 -> TRANSFERÊNCIA DE IMPOSTO ATIVO A RECUPERAR PARA CONTA DE IMPOSTOS PENDENTE
1 -> IMPOSTO ATIVO PENDENTE DE INICIO DE CREDITO
4 -> BAIXA IMPOSTO ATIVO POR VENDAS
5 -> BAIXA IMPOSTO ATIVO POR TRANSFERENCIA
6 -> BAIXA IMPOSTO ATIVO POR QUEBRA
7 -> BAIXA IMPOSTO ATIVO POR DEVOLUCAO
8 -> BAIXA IMPOSTO ATIVO POR INUTILIZACAO
9 -> INICIO DE CREDITO IMPOSTO ATIVO
10 -> IMPOSTO ATIVO APROPRIADO NO PERIODO
11 -> IMPOSTO ATIVO NAO APROPRIADO NO PERIODO
12 -> TRANSFERENCIA 1 PARCELA DE LP PARA CP NO PERIODO
13 -> ESTORNO DE CREDITO INDEVIDO.
14 -> BAIXA IMPOSTO ATIVO POR EXAUSTAO OU PERDA.
16 -> CORRECAO IMPOSTO ATIVO POR MOEDA ALTERNATIVA.
17 -> IMPOSTO ATIVO NAO APROPRIADO POR ARREDONDAMENTO - Curto Prazo



SELEÇÃO :           

Estabelecimento :   1       |<  >|     1       


PARÂMETRO :

                      Período: 01/2011
 Integração com Contabilidade: Sim
                  Contabiliza: Sim
               Descontabiliza: Não
                    Impressão: Detalhada


IMPRESSÃO :

         Destino:   2 - c:/automacao/relatorios/CN_RI0412_201101.lst
         Usuário:   SUPER












-----------------------------------------------------------------------------------------------DATASUL -  - RI0412RP - V:2.00.00.076
