------------------------------------------------------------------------------------------------------------------------------------
SASAZAKI IND. E COM. LTDA                        Relatório de Contabilização - Período: 10/2010                         Página:    1
-------------------------------------------------------------------------------------------------------------- 06/02/2020 - 15:23:38

Erro na integração, verifique o arquivo.   C:\\Temp\RI01A1011.log
Referência gerada, mas atualize através da Módulo CT ou FASB
28407 - Houve erro na Integração com a Contabilidade do EMS5 Empresa:          10 Referência:  RI01A101   Est:  1
Estab Cta Contábil/CCusto  Titulo                              UN  Bem           Nr. Pat.  Seq. Tp  Grupo       Debito      Credito
----- -------------------- ----------------------------------- --- ------------ --------- ----- -- ------ ------------ ------------
1     211050400000507      ICMS Ativo a Recuperar                  1                    0     0 10      1        10,00         0,00
      010702010000201                                              2                    0     0 10      1        10,00         0,00
                                                                   3                    0     0 10      1        10,00         0,00
                                                                   4                    0     0 10      1        10,00         0,00
                                                                   49                   0     0 10      1       100,00         0,00
                                                                   54                   0     0 10      1       694,87         0,00
                                                                   56                   0     0 10      1        47,55         0,00
                                                                   57                   0     0 10      1        20,00         0,00
                                                                                                          ------------ ------------
                                                                                             TOTAL:             902,42         0,00


      211050400000521      PIS Ativo Recup                         1                    0     0 10      2        10,00         0,00
      010702010000201                                              2                    0     0 10      2        10,00         0,00
                                                                   3                    0     0 10      2        10,00         0,00
                                                                   4                    0     0 10      2        10,00         0,00
                                                                   56                   0     0 10      2        41,80         0,00
                                                                                                          ------------ ------------
                                                                                             TOTAL:              81,80         0,00


      211050400000522      COFINS Ativo Recup                      1                    0     0 10      3        10,00         0,00
      010702010000201                                              2                    0     0 10      3        10,00         0,00
                                                                   3                    0     0 10      3        10,00         0,00
                                                                   4                    0     0 10      3        10,00         0,00
                                                                   56                   0     0 10      3        62,70         0,00
                                                                                                          ------------ ------------
                                                                                             TOTAL:             102,70         0,00


      311111111111001      ICMS Imp. Rec. Longo Prazo              1                    0     0 12      1         0,00        10,00
                                                                   2                    0     0 12      1         0,00        10,00
                                                                   3                    0     0 12      1         0,00        10,00
                                                                   4                    0     0 12      1         0,00        10,00
                                                                   54                   0     0 12      1         0,00       694,87
                                                                   56                   0     0 12      1         0,00        47,55
                                                                   57                   0     0 12      1         0,00        20,00
                                                                                                          ------------ ------------
                                                                                             TOTAL:               0,00       802,42


      311111111111002      ICMS Imp. Rec. Curto Prazo              1                    0     0 10      1         0,00        10,00
                                                                                                12      1        10,00         0,00
                                                                   2                    0     0 10      1         0,00        10,00
                                                                                                12      1        10,00         0,00
                                                                   3                    0     0 10      1         0,00        10,00
                                                                                                12      1        10,00         0,00
                                                                   4                    0     0 10      1         0,00        10,00
                                                                                                12      1        10,00         0,00
                                                                   49                   0     0 10      1         0,00       100,00
                                                                   54                   0     0 10      1         0,00       694,87
                                                                                                12      1       694,87         0,00
                                                                   56                   0     0 10      1         0,00        47,55
                                                                                                12      1        47,55         0,00
-----------------------------------------------------------------------------------------------DATASUL -  - RI0412RP - V:2.00.00.076
------------------------------------------------------------------------------------------------------------------------------------
SASAZAKI IND. E COM. LTDA                        Relatório de Contabilização - Período: 10/2010                         Página:    2
-------------------------------------------------------------------------------------------------------------- 06/02/2020 - 15:23:39

Estab Cta Contábil/CCusto  Titulo                              UN  Bem           Nr. Pat.  Seq. Tp  Grupo       Debito      Credito
----- -------------------- ----------------------------------- --- ------------ --------- ----- -- ------ ------------ ------------
                                                                   57                   0     0 10      1         0,00        20,00
                                                                                                12      1        20,00         0,00
                                                                                                          ------------ ------------
                                                                                             TOTAL:             802,42       902,42


      311111111111012      PIS Rec. Longo Prazo                    1                    0     0 12      2         0,00        10,00
                                                                   2                    0     0 12      2         0,00        10,00
                                                                   3                    0     0 12      2         0,00        10,00
                                                                   4                    0     0 12      2         0,00        10,00
                                                                                                          ------------ ------------
                                                                                             TOTAL:               0,00        40,00


      311111111111013      PIS Rec. Curto Prazo                    1                    0     0 12      2        10,00         0,00
                                                                                                10      2         0,00        10,00
                                                                   2                    0     0 10      2         0,00        10,00
                                                                                                12      2        10,00         0,00
                                                                   3                    0     0 10      2         0,00        10,00
                                                                                                12      2        10,00         0,00
                                                                   4                    0     0 10      2         0,00        10,00
                                                                                                12      2        10,00         0,00
                                                                   56                   0     0 10      2         0,00        41,80
                                                                                                          ------------ ------------
                                                                                             TOTAL:              40,00        81,80


      311111111111023      COFINS Rec. Longo Prazo                 1                    0     0 12      3         0,00        10,00
                                                                   2                    0     0 12      3         0,00        10,00
                                                                   3                    0     0 12      3         0,00        10,00
                                                                   4                    0     0 12      3         0,00        10,00
                                                                                                          ------------ ------------
                                                                                             TOTAL:               0,00        40,00


      311111111111024      COFINS Rec. Curto Prazo                 1                    0     0 12      3        10,00         0,00
                                                                                                10      3         0,00        10,00
                                                                   2                    0     0 12      3        10,00         0,00
                                                                                                10      3         0,00        10,00
                                                                   3                    0     0 12      3        10,00         0,00
                                                                                                10      3         0,00        10,00
                                                                   4                    0     0 10      3         0,00        10,00
                                                                                                12      3        10,00         0,00
                                                                   56                   0     0 10      3         0,00        62,70
                                                                                                          ------------ ------------
                                                                                             TOTAL:              40,00       102,70











-----------------------------------------------------------------------------------------------DATASUL -  - RI0412RP - V:2.00.00.076
------------------------------------------------------------------------------------------------------------------------------------
SASAZAKI IND. E COM. LTDA                        Relatório de Contabilização - Período: 10/2010                         Página:    3
-------------------------------------------------------------------------------------------------------------- 06/02/2020 - 15:23:39

                                                                                                    --------------- ---------------
                                                                                     TOTAL GERAL          1.969,34        1.969,34

























































-----------------------------------------------------------------------------------------------DATASUL -  - RI0412RP - V:2.00.00.076
------------------------------------------------------------------------------------------------------------------------------------
SASAZAKI IND. E COM. LTDA                        Relatório de Contabilização - Período: 10/2010                         Página:    4
-------------------------------------------------------------------------------------------------------------- 06/02/2020 - 15:23:39


------- RESUMO POR ESTABELECIMENTO x GRUPO x PERÍODO -------

Estab  Grupo Período       Val Recuperado Val Não Recuperado
----- ------ ---------- ----------------- ------------------
1          1 01/10/2010            902,42               0,00
1          2 01/10/2010             81,80               0,00
1          3 01/10/2010            102,70               0,00

LEGENDA:

0 -> TRANSFERÊNCIA DE IMPOSTO ATIVO A RECUPERAR PARA CONTA DE IMPOSTOS PENDENTE
1 -> IMPOSTO ATIVO PENDENTE DE INICIO DE CREDITO
4 -> BAIXA IMPOSTO ATIVO POR VENDAS
5 -> BAIXA IMPOSTO ATIVO POR TRANSFERENCIA
6 -> BAIXA IMPOSTO ATIVO POR QUEBRA
7 -> BAIXA IMPOSTO ATIVO POR DEVOLUCAO
8 -> BAIXA IMPOSTO ATIVO POR INUTILIZACAO
9 -> INICIO DE CREDITO IMPOSTO ATIVO
10 -> IMPOSTO ATIVO APROPRIADO NO PERIODO
11 -> IMPOSTO ATIVO NAO APROPRIADO NO PERIODO
12 -> TRANSFERENCIA 1 PARCELA DE LP PARA CP NO PERIODO
13 -> ESTORNO DE CREDITO INDEVIDO.
14 -> BAIXA IMPOSTO ATIVO POR EXAUSTAO OU PERDA.
16 -> CORRECAO IMPOSTO ATIVO POR MOEDA ALTERNATIVA.
17 -> IMPOSTO ATIVO NAO APROPRIADO POR ARREDONDAMENTO - Curto Prazo



SELEÇÃO :           

Estabelecimento :   1       |<  >|     1       


PARÂMETRO :

                      Período: 10/2010
 Integração com Contabilidade: Sim
                  Contabiliza: Sim
               Descontabiliza: Não
                    Impressão: Detalhada


IMPRESSÃO :

         Destino:   2 - c:/automacao/relatorios/CN_RI0412_201010.lst
         Usuário:   SUPER












-----------------------------------------------------------------------------------------------DATASUL -  - RI0412RP - V:2.00.00.076
