------------------------------------------------------------------------------------------------------------------------------------
SASAZAKI IND. E COM. LTDA                        Relatório de Contabilização - Período: 01/2009                         Página:    1
-------------------------------------------------------------------------------------------------------------- 06/02/2020 - 15:12:01

Erro na integração, verifique o arquivo.   C:\\Temp\RI0110911.log
Referência gerada, mas atualize através da Módulo CT ou FASB
28407 - Houve erro na Integração com a Contabilidade do EMS5 Empresa:          10 Referência:  RI011091   Est:  1
Estab Cta Contábil/CCusto  Titulo                              UN  Bem           Nr. Pat.  Seq. Tp  Grupo       Debito      Credito
----- -------------------- ----------------------------------- --- ------------ --------- ----- -- ------ ------------ ------------
1     121020400000204      ICMS Pendente de Ativo Imobilizados     1                    0     0 00      1       480,00         0,00
                                                                                                09      1         0,00       480,00
                                                                   53                   0     0 09      1         0,00       254,88
                                                                                                00      1       254,88         0,00
                                                                   54                   0     0 09      1         0,00     33908,71
                                                                                                00      1     33908,71         0,00
                                                                                                          ------------ ------------
                                                                                             TOTAL:           34643,59     34643,59


      121020500000205      COFINS Pendente de Ativo Imobilizad     1                    0     0 09      3         0,00       480,00
                                                                                                00      3       480,00         0,00
                                                                                                          ------------ ------------
                                                                                             TOTAL:             480,00       480,00


      121020600000206      PIS Pendente de Ativo Imobilizados      1                    0     0 09      2         0,00       480,00
                                                                                                00      2       480,00         0,00
                                                                                                          ------------ ------------
                                                                                             TOTAL:             480,00       480,00


      211050400000507      ICMS Ativo a Recuperar                  1                    0     0 00      1         0,00       480,00
      010701010000101                                              53                   0     0 00      1         0,00       254,88
                                                                   54                   0     0 00      1         0,00     33908,71
                                                                                                          ------------ ------------
                                                                                             TOTAL:               0,00     34643,59


                                                                   1                    0     0 10      1        10,00         0,00
                                                                   49                   0     0 10      1       100,00         0,00
                                                                   53                   0     0 10      1         5,31         0,00
                                                                   54                   0     0 10      1       706,43         0,00
                                                                                                          ------------ ------------
                                                                                             TOTAL:             821,74     34643,59


      211050400000521      PIS Ativo Recup                         1                    0     0 00      2         0,00       480,00
      010701010000101
                                                                                                          ------------ ------------
                                                                                             TOTAL:               0,00       480,00


                                                                   1                    0     0 10      2        10,00         0,00
      010702010000201
                                                                                                          ------------ ------------
                                                                                             TOTAL:              10,00       480,00


      211050400000522      COFINS Ativo Recup                      1                    0     0 00      3         0,00       480,00
      010701010000101
                                                                                                          ------------ ------------
                                                                                             TOTAL:               0,00       480,00


-----------------------------------------------------------------------------------------------DATASUL -  - RI0412RP - V:2.00.00.076
------------------------------------------------------------------------------------------------------------------------------------
SASAZAKI IND. E COM. LTDA                        Relatório de Contabilização - Período: 01/2009                         Página:    2
-------------------------------------------------------------------------------------------------------------- 06/02/2020 - 15:12:03

Estab Cta Contábil/CCusto  Titulo                              UN  Bem           Nr. Pat.  Seq. Tp  Grupo       Debito      Credito
----- -------------------- ----------------------------------- --- ------------ --------- ----- -- ------ ------------ ------------
                                                                   1                    0     0 10      3        10,00         0,00
      010702010000201
                                                                                                          ------------ ------------
                                                                                             TOTAL:              10,00       480,00


      311111111111001      ICMS Imp. Rec. Longo Prazo              1                    0     0 09      1       360,00         0,00
                                                                                                12      1         0,00        10,00
                                                                   49                   0     0 12      1         0,00       100,00
                                                                   53                   0     0 09      1       191,16         0,00
                                                                                                12      1         0,00         5,31
                                                                   54                   0     0 12      1         0,00       706,43
                                                                                                09      1     25431,55         0,00
                                                                                                          ------------ ------------
                                                                                             TOTAL:           25982,71       821,74


      311111111111002      ICMS Imp. Rec. Curto Prazo              1                    0     0 09      1       120,00         0,00
                                                                                                12      1        10,00         0,00
                                                                                                10      1         0,00        10,00
                                                                   49                   0     0 12      1       100,00         0,00
                                                                                                10      1         0,00       100,00
                                                                   53                   0     0 09      1        63,72         0,00
                                                                                                10      1         0,00         5,31
                                                                                                12      1         5,31         0,00
                                                                   54                   0     0 12      1       706,43         0,00
                                                                                                10      1         0,00       706,43
                                                                                                09      1      8477,16         0,00
                                                                                                          ------------ ------------
                                                                                             TOTAL:            9482,62       821,74


      311111111111012      PIS Rec. Longo Prazo                    1                    0     0 09      2       360,00         0,00
                                                                                                12      2         0,00        10,00
                                                                                                          ------------ ------------
                                                                                             TOTAL:             360,00        10,00


      311111111111013      PIS Rec. Curto Prazo                    1                    0     0 10      2         0,00        10,00
                                                                                                12      2        10,00         0,00
                                                                                                09      2       120,00         0,00
                                                                                                          ------------ ------------
                                                                                             TOTAL:             130,00        10,00


      311111111111023      COFINS Rec. Longo Prazo                 1                    0     0 09      3       360,00         0,00
                                                                                                12      3         0,00        10,00
                                                                                                          ------------ ------------
                                                                                             TOTAL:             360,00        10,00


      311111111111024      COFINS Rec. Curto Prazo                 1                    0     0 09      3       120,00         0,00
                                                                                                10      3         0,00        10,00
                                                                                                12      3        10,00         0,00
                                                                                                          ------------ ------------
                                                                                             TOTAL:             130,00        10,00


-----------------------------------------------------------------------------------------------DATASUL -  - RI0412RP - V:2.00.00.076
------------------------------------------------------------------------------------------------------------------------------------
SASAZAKI IND. E COM. LTDA                        Relatório de Contabilização - Período: 01/2009                         Página:    3
-------------------------------------------------------------------------------------------------------------- 06/02/2020 - 15:12:03

                                                                                                    --------------- ---------------
                                                                                     TOTAL GERAL         72.890,66      108.494,25

























































-----------------------------------------------------------------------------------------------DATASUL -  - RI0412RP - V:2.00.00.076
------------------------------------------------------------------------------------------------------------------------------------
SASAZAKI IND. E COM. LTDA                        Relatório de Contabilização - Período: 01/2009                         Página:    4
-------------------------------------------------------------------------------------------------------------- 06/02/2020 - 15:12:03


------- RESUMO POR ESTABELECIMENTO x GRUPO x PERÍODO -------

Estab  Grupo Período       Val Recuperado Val Não Recuperado
----- ------ ---------- ----------------- ------------------
1          1 01/01/2009            821,74               0,00
1          2 01/01/2009             10,00               0,00
1          3 01/01/2009             10,00               0,00

LEGENDA:

0 -> TRANSFERÊNCIA DE IMPOSTO ATIVO A RECUPERAR PARA CONTA DE IMPOSTOS PENDENTE
1 -> IMPOSTO ATIVO PENDENTE DE INICIO DE CREDITO
4 -> BAIXA IMPOSTO ATIVO POR VENDAS
5 -> BAIXA IMPOSTO ATIVO POR TRANSFERENCIA
6 -> BAIXA IMPOSTO ATIVO POR QUEBRA
7 -> BAIXA IMPOSTO ATIVO POR DEVOLUCAO
8 -> BAIXA IMPOSTO ATIVO POR INUTILIZACAO
9 -> INICIO DE CREDITO IMPOSTO ATIVO
10 -> IMPOSTO ATIVO APROPRIADO NO PERIODO
11 -> IMPOSTO ATIVO NAO APROPRIADO NO PERIODO
12 -> TRANSFERENCIA 1 PARCELA DE LP PARA CP NO PERIODO
13 -> ESTORNO DE CREDITO INDEVIDO.
14 -> BAIXA IMPOSTO ATIVO POR EXAUSTAO OU PERDA.
16 -> CORRECAO IMPOSTO ATIVO POR MOEDA ALTERNATIVA.
17 -> IMPOSTO ATIVO NAO APROPRIADO POR ARREDONDAMENTO - Curto Prazo



SELEÇÃO :           

Estabelecimento :   1       |<  >|     1       


PARÂMETRO :

                      Período: 01/2009
 Integração com Contabilidade: Sim
                  Contabiliza: Sim
               Descontabiliza: Não
                    Impressão: Detalhada


IMPRESSÃO :

         Destino:   2 - c:/automacao/relatorios/CN_RI0412_200901.lst
         Usuário:   SUPER












-----------------------------------------------------------------------------------------------DATASUL -  - RI0412RP - V:2.00.00.076
