------------------------------------------------------------------------------------------------------------------------------------
                                                 Extrator REINF                                                         Página:    1
-------------------------------------------------------------------------------------------------------------- 05/06/2019 - 10:09:13



 REINF Contribuição Previdenciária sobre a Receita Bruta - R-2060:                                   


  Estab Série Docto             Emitente Nat Oper CFOP       Dat Docto   Seq Item             NCM        Serv     Ativid   Recta B. Ativ Est      Vl Acréscimo        Vl Redução        Vl BC CPRB Vl Aliquota     Vl Contr Apur
  ----- ----- ---------------- --------- -------- ---------- --------- ----- ---------------- ---------- -------- -------- ----------------- ----------------- ----------------- ----------------- ----------- -----------------
  1     1     0080010                 13 5101     5101       02/01/14     20 P100N            1991.20.00          19000000          12250,00              0,00              0,00          12250,00        2,50            306,25
  1     1     0080010                 13 5101     5101       02/01/14     10 P100             1991.20.00          1901EX01           6250,00              0,00              0,00           6250,00        1,00             62,50
  1     1     0080015                 13 511FAC   5101       02/01/14     10 40t              7308.30.00          73082000            416,00              0,00              0,00            416,00        2,50             10,40
  1     15    0070015                 13 211dev   2101       04/01/14     10 40t              7308.30.00          73082000              0,00              0,00              0,00           -396,00        2,50             -9,90
  1     15    0080016                 13 610107   6101       04/01/14     10 40t              7308.30.00          73082000            396,00              0,00              0,00            396,00        2,50              9,90
  1     15    0080018                 13 610107   6101       25/01/14     10 40c              7308.30.00          73082000            730,00              0,00              0,00            730,00        2,50             18,25
  1     15    0080019                 13 610107   6101       25/01/14     10 40t              7308.30.00          73082000            128,00              0,00              0,00            128,00        2,50              3,20
  1     15    0080020                 13 5910cp   5910       25/01/14     10 40c              7308.30.00          73082000            110,00              0,00              0,00            110,00        2,50              2,75
  1     15    0080021                 13 6911cp   6911       25/01/14     10 40c              7308.30.00          73082000            165,00              0,00              0,00            165,00        2,50              4,13
  1     15    0080022                 13 5923cp   5923       25/01/14     10 40c              7308.30.00          73082000            330,00              0,00              0,00            330,00        2,50              8,25
  1     15    0070021                 13 511XX    5101       27/01/14     10 40t              7308.30.00          73082000            645,00              0,00             32,25            612,75        2,50             15,32
  1     1     0070013                 14 7cprb    7101       03/01/14     10 79.04.032-0      7610.90.00          76129090            337,05              0,00            353,10            -16,05        2,50             -0,40
  1     1     0070014                 14 7cprb    7101       03/01/14     10 79.04.032-0      7610.90.00          76129090            359,52              0,00            398,04            -38,52        2,50             -0,96
  1     1     0080016                 13 5101     5101       03/01/14     10 79.04.032-0      7610.90.00          76129090            500,00              0,00              0,00            500,00        2,50             12,50






































----------------------------------------------------------------------------------DATASUL - Layout Fiscal - LF0400RP - V:2.00.00.021
------------------------------------------------------------------------------------------------------------------------------------
                                                 Extrator REINF                                                         Página:    2
-------------------------------------------------------------------------------------------------------------- 05/06/2019 - 10:09:13


    Parâmetros:

                   Estabelecimento: 1                |< >| 1
                             Série:                  |< >| ZZZZZ
                         Documento:                  |< >| ZZZZZZZZZZZZZZZZ
                     Data Extração: 01/01/14         |< >| 31/01/14
                          Emitente: 0                |< >| 999999999

    Cadastros:

               Contribuinte R-1000: Não
                Estab Contribuinte: 1
                  Processos R-1070: Não

    Movimentos:

              Serv. Tomados Contas a Pagar R-2010: Não
  Serv. Tomados Recebimento/Obrig. Fiscais R-2010: Não
          Serv. Prestados Contas a Receber R-2020: Não
Serv. Prestados Faturamento/Obrig. Fiscais R-2020: Não
            Comercialização Produção Rural R-2050: Não
   Contrib. Previdenc. sobre receita bruta R-2060: Sim
             Repasse Associação Desportiva R-2040: Não
  CPRB - Notas Fiscais de Exportação pela Data de: Emissão

    Impressão:

        Destino: 2
        Arquivo: c:/automacao/relatorios/CN_LF0400_R
        Usuário: super




























----------------------------------------------------------------------------------DATASUL - Layout Fiscal - LF0400RP - V:2.00.00.021
