                                               REGISTRO DE APURAÇÃO DO ICMS - SAÍDAS

FIRMA:  Estabelecimento TOTVS - Ñ ALTERAR CONTAS

INSC. EST.: 255721161           CNPJ    : 53113791001790

FOLHA:      1        PERIODO: 01/04 À 30/06/11
------------------------------------------   I C M S  -  V A L O R E S    F I S C A I S
------------------------------------------
    CODIFICAÇÃO                                      OPERAÇÕES COM DÉBITO DO IMPOSTO             OPERAÇÕES SEM DÉBITO DO IMPOSTO
CONTÁBIL   FISCAL
            VALOR CONTÁBIL       BASE DE CÁLCULO      IMPOSTO DEBITADO     ISENTAS/NÃO TRIB.                OUTRAS
----------------------------------------------------------------------------------------------------------------------------------
SUBTOTAL 01/04 A 31/03           3.331.577,25          2.697.945,06            396.786,52           151.168,77          310.564,74

             5.11                1.606.368,94          1.517.927,72            273.226,90                 0,00                0,00
             5.12                      543,77                543,77                104,88                 0,00                0,00
             5.31                    1.590,11              1.590,11                286,22                 0,00                0,00
             5.91                    6.388,00                  0,00                  0,00             6.388,00                0,00
             5.93                  310.439,74                  0,00                  0,00                 0,00          310.439,74
             5.95                      220,00                220,00                 55,00                 0,00                0,00
             5.99                   43.576,14             16.412,06              2.954,18            26.543,06                0,00
   SUBTOTAL  5.00                1.969.126,70          1.536.693,66            276.627,18            32.931,06          310.439,74

             6.11                1.237.560,04          1.063.893,87            112.423,49            99.367,43              125,00
             6.12                       61,67                 61,67                  7,40                 0,00                0,00
             6.18                    3.576,43              3.576,43                643,76                 0,00                0,00
             6.86                    2.510,60                  0,00                  0,00             2.510,60                0,00
             6.91                      135,00                  0,00                  0,00               135,00                0,00
             6.99                  113.406,81             93.719,43              7.084,69            11.124,68                0,00
   SUBTOTAL  6.00                1.357.250,55          1.161.251,40            120.159,34           113.137,71              125,00

             7.11                    5.200,00                  0,00                  0,00             5.100,00                0,00
   SUBTOTAL  7.00                    5.200,00                  0,00                  0,00             5.100,00                0,00

 T O T A L   G E R A L           6.663.154,50          5.395.890,12            793.573,04           302.337,54          621.129,48



























-----------------------------------------------------------------------------------DATASUL - OBRIGAÇÕES FISCAIS - OF/0612 - V:
                                               REGISTRO DE APURAÇÃO DO ICMS - SAÍDAS

FIRMA:  Estabelecimento TOTVS - Ñ ALTERAR CONTAS

INSC. EST.: 255721161           CNPJ    : 53113791001790

FOLHA:      2        PERIODO: 01/04 À 30/06/11
------------------------------------------ RESUMO POR CFOP E ALIQUOTA DE ICMS - SAÍDAS
------------------------------------------
CODIF.    ALIQ.                                      OPERAÇÕES COM DÉBITO DO IMPOSTO             OPERAÇÕES SEM DÉBITO DO IMPOSTO
FISCAL    ICMS
            VALOR CONTÁBIL       BASE DE CÁLCULO      IMPOSTO DEBITADO     ISENTAS/NÃO TRIB.                OUTRAS
----------------------------------------------------------------------------------------------------------------------------------
5.00
          0,00                     343.120,80                  0,00                  0,00            32.681,06          310.439,74
          18,00                  1.625.435,90          1.536.373,66            276.547,18                 0,00                0,00
          25,00                        570,00                320,00                 80,00               250,00                0,00
SUBTOTAL  5.00                   1.969.126,70          1.536.693,66            276.627,18            32.931,06          310.439,74
6.00
          0,00                     113.002,71                  0,00                  0,00           113.002,71                0,00
          7,00                     416.736,37            398.462,81             27.892,43                 0,00                0,00
          12,00                    819.256,97            755.094,09             90.611,34                 0,00                0,00
          18,00                      3.829,50              3.829,50                689,32                 0,00                0,00
          25,00                      4.425,00              3.865,00                966,25               135,00              125,00
SUBTOTAL  6.00                   1.357.250,55          1.161.251,40            120.159,34           113.137,71              125,00
7.00
          0,00                       3.400,00                  0,00                  0,00             3.300,00                0,00
          25,00                      1.800,00                  0,00                  0,00             1.800,00                0,00
SUBTOTAL  7.00                       5.200,00                  0,00                  0,00             5.100,00                0,00
 T O T A L    G E R A            6.663.154,50          5.395.890,12            793.573,04           302.337,54          621.129,48

































-----------------------------------------------------------------------------------DATASUL - OBRIGAÇÕES FISCAIS - OF/0612 - V:

