------------------------------------------------------------------------------------------------------------------------------------
TOTVS S.A.                                       EFD Contribuições - Relatório Auxiliar                                 Página:    1
-------------------------------------------------------------------------------------------------------------- TODAY - 00:00:00

OPERAÇÃO SERVIÇO  

RELAÇÃO DOS DOCUMENTOS DE ENTRADA  

Estabele1    - Estabelecimento TOTVS - Ñ ALTERAR CONTAS                    

CST:    99      

Série Documento        Natur  Emitente     ModItem             CFOP CST      Valor Contábil    Valor Mercadoria          Base PIS  Aliq PIS         Valor PIS       Base PIS ST Aliq PIS ST      Valor PIS ST       Base COFINS    Aliq COF      Valor COFINS    Base COFINS ST Ali COF ST   Valor COFINS ST
----- ---------------- ------ ------------ ------------------- ---- --- ------------------- ------------------- ----------------- --------- ----------------- ----------------- ----------- ----------------- -----------------   --------- ----------------- ----------------- ---------- -----------------
5     7052011          1933   18           01 13f              1933 99          1.000,00000         1.000,00000              0,00   0,00000              0,00              0,00     0,00000              0,00              0,00     0,00000              0,00              0,00    0,00000              0,00
5     9152011          2933   13           01 DD               2933 99          1.000,00000         1.000,00000              0,00   0,00000              0,00              0,00     0,00000              0,00              0,00     0,00000              0,00              0,00    0,00000              0,00


                                                                        ------------------- ------------------- -----------------           ----------------- -----------------             ----------------- -----------------             ----------------- -----------------            -----------------
                                                             Subtotal:          2.000,00000         2.000,00000              0,00                        0,00              0,00                          0,00              0,00                          0,00              0,00                         0,00


                                                                        ------------------- ------------------- -----------------           ----------------- -----------------             ----------------- -----------------             ----------------- -----------------            -----------------
                                           Total Estabelecimento 1    :         2.000,00000         2.000,00000              0,00                        0,00              0,00                          0,00              0,00                          0,00              0,00                         0,00

RELAÇÃO DOS DOCUMENTOS DE SAÍDA  

Estabele1    - Estabelecimento TOTVS - Ñ ALTERAR CONTAS                    

CST:    99      

Série Documento        Natur  Emitente     ModItem             CFOP CST      Valor Contábil    Valor Mercadoria          Base PIS  Aliq PIS         Valor PIS       Base PIS ST Aliq PIS ST      Valor PIS ST       Base COFINS    Aliq COF      Valor COFINS    Base COFINS ST Ali COF ST   Valor COFINS ST
----- ---------------- ------ ------------ ------------------- ---- --- ------------------- ------------------- ----------------- --------- ----------------- ----------------- ----------- ----------------- -----------------   --------- ----------------- ----------------- ---------- -----------------
5     8052011          5933   18           01 13f              5933 99          1.000,00000         1.000,00000              0,00   0,00000              0,00              0,00     0,00000              0,00              0,00     0,00000              0,00              0,00    0,00000              0,00
5     9252011          6933   13           01 DD               6933 99          1.000,00000         1.000,00000              0,00   0,00000              0,00              0,00     0,00000              0,00              0,00     0,00000              0,00              0,00    0,00000              0,00


                                                                        ------------------- ------------------- -----------------           ----------------- -----------------             ----------------- -----------------             ----------------- -----------------            -----------------
                                                             Subtotal:          2.000,00000         2.000,00000              0,00                        0,00              0,00                          0,00              0,00                          0,00              0,00                         0,00


                                                                        ------------------- ------------------- -----------------           ----------------- -----------------             ----------------- -----------------             ----------------- -----------------            -----------------
                                           Total Estabelecimento 1    :         2.000,00000         2.000,00000              0,00                        0,00              0,00                          0,00              0,00                          0,00              0,00                         0,00



                                                                        ------------------- ------------------- -----------------           ----------------- -----------------             ----------------- -----------------             ----------------- -----------------            -----------------

                                           Total Entrada Empresa 10   :         2.000,00000         2.000,00000              0,00                        0,00              0,00                          0,00              0,00                          0,00              0,00                         0,00



                                                                        ------------------- ------------------- -----------------           ----------------- -----------------             ----------------- -----------------             ----------------- -----------------            -----------------

                                           Total Saída Empresa   10   :         2.000,00000         2.000,00000              0,00                        0,00              0,00                          0,00              0,00                          0,00              0,00                         0,00








--------------------------------------------------------------------------------------------------------------------------------------------------------------------------------------------------------
------------------------------------------------------------------------------------------------------------------------------------
TOTVS S.A.                                       EFD Contribuições - Relatório Auxiliar                                 Página:    2
-------------------------------------------------------------------------------------------------------------- TODAY - 00:00:00


PARÂMETROS


                          Seleção

            Data Docto Inicial: 01/05/2011
              Data Docto Final: 31/05/2011

                          Parâmetro

                       Empresa: 10
                 Tipo Operação: Operação Serviço
                Tipo Documento: Ambos (Entrada e Saída)
                 Classificação: Por CST
 Docto Exportação pela Data de: Emissão

                          Impressão

                       Destino: Arquivo - C:/Automacao/Relatorios/CN01_LF0216_Servico_CST_Ambos_Emissao.LST







































--------------------------------------------------------------------------------------------------------------------------------------------------------------------------------------------------------
