

                                  CONTROLE DE CREDITO DE COFINS DO ATIVO PERMANENTE
MES/ANO:01 A 12/2014                                                                                             ANO/PAG:  2014/011
-----------------------------------------------------------------------------------------------------------------------------------
1- IDENTIFICACAO DO ESTABELECIMENTO
-----------------------------------------------------------------------------------------------------------------------------------
    Nome: SASAZAKI INDÚSTRIA E COMÉRCIO LTDA              CNPJ: 52045697000110        Inscricao Estadual: 438.010.070.113
Endereco: Avenida Eugênio Coneglian, nº 1.060           Bairro: D.Industrial                   Municipio: MARILIA
-----------------------------------------------------------------------------------------------------------------------------------

-----------------------------------------------------------------------------------------------------------------------------------
2- DEMONSTRATIVO DA BASE PARA APROPRIACAO DO CREDITO
-----------------------------------------------------------------------------------------------------------------------------------
                       IDENTIFICACAO DO BEM                             |                  VALOR DO COFINS
-----------------------------------------------------------------------------------------------------------------------------------
NUMERO OU DATA           NOTA     DESCRICAO RESUMIDA                    |     ENTRADA            SAIDA OU       TOTAL DO CREDITO
CODIGO                   FISCAL                                         |    (CREDITO)            BAIXA            A APROPRIAR
-----------------------------------------------------------------------------------------------------------------------------------
      114 31/01/2014                *decurso*3/Bem 3                                  0,00             480,00         21.327.311,07
      214 31/07/2014                *decurso*4/Bem 4                                  0,00             480,00         21.326.831,07


                                  CONTROLE DE CREDITO DE COFINS DO ATIVO PERMANENTE
MES/ANO:01 A 12/2014                                                                                             ANO/PAG:  2014/012
-----------------------------------------------------------------------------------------------------------------------------------
3- DEMONSTRATIVO DA APROPRIACAO MENSAL DE CREDITO
-----------------------------------------------------------------------------------------------------------------------------------
         |                          TOTAL DE                          CREDITO MENSAL
   MES   |                          CREDITO A                          A APROPRIAR
         |                          APROPRIAR
-----------------------------------------------------------------------------------------------------------------------------------
Janeiro                       21.327.311,07                            444.319,04
Fevereiro                     21.327.311,07                            444.319,04
Marco                         21.327.311,07                            444.319,04
Abril                         21.327.311,07                            444.319,04
Maio                          21.327.311,07                            444.319,04
Junho                         21.327.311,07                            444.319,04
Julho                         21.326.831,07                            444.309,04
Agosto                        21.326.831,07                            444.309,04
Setembro                      21.326.831,07                            444.309,04
Outubro                       21.326.831,07                            444.309,04
Novembro                      21.326.831,07                            444.309,04
Dezembro                      21.326.831,07                            444.308,72
