

                                  CONTROLE DE CREDITO DE COFINS DO ATIVO PERMANENTE
MES/ANO:01 A 12/2015                                                                                             ANO/PAG:  2015/013
-----------------------------------------------------------------------------------------------------------------------------------
1- IDENTIFICACAO DO ESTABELECIMENTO
-----------------------------------------------------------------------------------------------------------------------------------
    Nome: SASAZAKI INDÚSTRIA E COMÉRCIO LTDA              CNPJ: 52045697000110        Inscricao Estadual: 438.010.070.113
Endereco: Avenida Eugênio Coneglian, nº 1.060           Bairro: D.Industrial                   Municipio: MARILIA
-----------------------------------------------------------------------------------------------------------------------------------

-----------------------------------------------------------------------------------------------------------------------------------
2- DEMONSTRATIVO DA BASE PARA APROPRIACAO DO CREDITO
-----------------------------------------------------------------------------------------------------------------------------------
                       IDENTIFICACAO DO BEM                             |                  VALOR DO COFINS
-----------------------------------------------------------------------------------------------------------------------------------
NUMERO OU DATA           NOTA     DESCRICAO RESUMIDA                    |     ENTRADA            SAIDA OU       TOTAL DO CREDITO
CODIGO                   FISCAL                                         |    (CREDITO)            BAIXA            A APROPRIAR
-----------------------------------------------------------------------------------------------------------------------------------
      115 31/01/2015                *decurso*5/Bem 5                                  0,00             480,00         21.326.351,07
      215 31/01/2015     1          *decurso*41/Teste automacao                       0,00             100,00         21.326.251,07
      315 31/07/2015                *decurso*6/Bem 6                                  0,00             480,00         21.325.771,07
      415 31/07/2015                *decurso*10/Bem 10                                0,00               0,30         21.325.770,77
      515 31/10/2015     9392016    *decurso*40/Material D.Direto - TRIB              0,00               9,38         21.325.761,39
      615 30/11/2015     9302015    *decurso*31/Material D.Direto - TRIB              0,00             277,63         21.325.483,76
      715 30/11/2015     9322015    *decurso*33/Material D.Direto - TRIB              0,00             118,83         21.325.364,93
      815 30/11/2015     9332015    *decurso*34/Material D.Direto - TRIB              0,00         481.270,85         20.844.094,08
      915 30/11/2015     9362016    *decurso*37/Material D.Direto - TRIB              0,00           8.444,44         20.835.649,64
     1015 30/11/2015     9372016    *decurso*38/Material D.Direto - TRIB              0,00             760,02         20.834.889,62
     1115 30/11/2015     9382016    *decurso*39/Material D.Direto - TRIB              0,00              25,32         20.834.864,30


                                  CONTROLE DE CREDITO DE COFINS DO ATIVO PERMANENTE
MES/ANO:01 A 12/2015                                                                                             ANO/PAG:  2015/014
-----------------------------------------------------------------------------------------------------------------------------------
3- DEMONSTRATIVO DA APROPRIACAO MENSAL DE CREDITO
-----------------------------------------------------------------------------------------------------------------------------------
         |                          TOTAL DE                          CREDITO MENSAL
   MES   |                          CREDITO A                          A APROPRIAR
         |                          APROPRIAR
-----------------------------------------------------------------------------------------------------------------------------------
Janeiro                       21.326.251,07                            444.296,95
Fevereiro                     21.326.251,07                            444.296,95
Marco                         21.326.251,07                            444.296,95
Abril                         21.326.251,07                            444.296,95
Maio                          21.326.251,07                            444.296,95
Junho                         21.326.251,07                            444.296,95
Julho                         21.325.770,77                            444.286,94
Agosto                        21.325.770,77                            444.286,94
Setembro                      21.325.770,77                            444.286,92
Outubro                       21.325.761,39                            444.285,43
Novembro                      20.834.864,30                            434.059,69
Dezembro                      20.834.864,30                            434.059,69
