

                                  CONTROLE DE CREDITO DE PIS DO ATIVO PERMANENTE
MES/ANO:01 A 12/2011                                                                                             ANO/PAG:  2011/005
-----------------------------------------------------------------------------------------------------------------------------------
1- IDENTIFICACAO DO ESTABELECIMENTO
-----------------------------------------------------------------------------------------------------------------------------------
    Nome: SASAZAKI INDÚSTRIA E COMÉRCIO LTDA              CNPJ: 52045697000110        Inscricao Estadual: 438.010.070.113
Endereco: Avenida Eugênio Coneglian, nº 1.060           Bairro: D.Industrial                   Municipio: MARILIA
-----------------------------------------------------------------------------------------------------------------------------------

-----------------------------------------------------------------------------------------------------------------------------------
2- DEMONSTRATIVO DA BASE PARA APROPRIACAO DO CREDITO
-----------------------------------------------------------------------------------------------------------------------------------
                       IDENTIFICACAO DO BEM                             |                  VALOR DO PIS
-----------------------------------------------------------------------------------------------------------------------------------
NUMERO OU DATA           NOTA     DESCRICAO RESUMIDA                    |     ENTRADA            SAIDA OU       TOTAL DO CREDITO
CODIGO                   FISCAL                                         |    (CREDITO)            BAIXA            A APROPRIAR
-----------------------------------------------------------------------------------------------------------------------------------
      111 01/01/2011                5/Bem 5                                         480,00               0,00              2.400,00
      211 01/01/2011     1          41/Teste automacao                              100,00               0,00              2.500,00
      311 01/07/2011                6/Bem 6                                         480,00               0,00              2.980,00
      411 07/11/2011     9292015    30/Material D.Direto - TRIBUTADO                  5,50               0,00              2.985,50
      511 07/11/2011     9312015    32/Material D.Direto - TRIBUTADO                157,51               0,00              3.143,01
      611 07/11/2011     9322015    33/Material D.Direto - TRIBUTADO                 25,80               0,00              3.168,81
      711 07/11/2011     9332015    34/Material D.Direto - TRIBUTADO            104.486,44               0,00            107.655,25
      811 07/11/2011     9362016    37/Material D.Direto - TRIBUTADO              1.833,33               0,00            109.488,58
      911 07/11/2011     9372016    38/Material D.Direto - TRIBUTADO                165,00               0,00            109.653,58
     1011 07/11/2011     9382016    39/Material D.Direto - TRIBUTADO                  5,50               0,00            109.659,08
     1111 07/11/2011     9392016    40/Material D.Direto - TRIBUTADO                  2,04               0,00            109.661,12


                                  CONTROLE DE CREDITO DE PIS DO ATIVO PERMANENTE
MES/ANO:01 A 12/2011                                                                                             ANO/PAG:  2011/006
-----------------------------------------------------------------------------------------------------------------------------------
3- DEMONSTRATIVO DA APROPRIACAO MENSAL DE CREDITO
-----------------------------------------------------------------------------------------------------------------------------------
         |                          TOTAL DE                          CREDITO MENSAL
   MES   |                          CREDITO A                          A APROPRIAR
         |                          APROPRIAR
-----------------------------------------------------------------------------------------------------------------------------------
Janeiro                            2.500,00                                 52,09
Fevereiro                          2.500,00                                 52,09
Marco                              2.500,00                                 52,09
Abril                              2.500,00                                 52,09
Maio                               2.500,00                                 52,09
Junho                              2.500,00                                 52,09
Julho                              2.980,00                                 62,09
Agosto                             2.980,00                                 62,09
Setembro                           2.980,00                                 62,09
Outubro                            2.980,00                                 62,09
Novembro                         109.661,12                              2.284,66
Dezembro                         109.661,12                              2.284,66
