

                                  CONTROLE DE CREDITO DE PIS DO ATIVO PERMANENTE
MES/ANO:01 A 12/2013                                                                                             ANO/PAG:  2013/009
-----------------------------------------------------------------------------------------------------------------------------------
1- IDENTIFICACAO DO ESTABELECIMENTO
-----------------------------------------------------------------------------------------------------------------------------------
    Nome: SASAZAKI INDÚSTRIA E COMÉRCIO LTDA              CNPJ: 52045697000110        Inscricao Estadual: 438.010.070.113
Endereco: Avenida Eugênio Coneglian, nº 1.060           Bairro: D.Industrial                   Municipio: MARILIA
-----------------------------------------------------------------------------------------------------------------------------------

-----------------------------------------------------------------------------------------------------------------------------------
2- DEMONSTRATIVO DA BASE PARA APROPRIACAO DO CREDITO
-----------------------------------------------------------------------------------------------------------------------------------
                       IDENTIFICACAO DO BEM                             |                  VALOR DO PIS
-----------------------------------------------------------------------------------------------------------------------------------
NUMERO OU DATA           NOTA     DESCRICAO RESUMIDA                    |     ENTRADA            SAIDA OU       TOTAL DO CREDITO
CODIGO                   FISCAL                                         |    (CREDITO)            BAIXA            A APROPRIAR
-----------------------------------------------------------------------------------------------------------------------------------
      113 01/01/2013                7/Bem 7                                         480,00               0,00            110.141,12
      213 01/01/2013                8/Bem 8                                          22,82               0,00            110.163,94
      313 01/01/2013                9/Bem 9                                           5,04               0,00            110.168,98
      413 01/01/2013                10/Bem 10                                         0,30               0,00            110.169,28
      513 01/01/2013                11/Bem 11                                        63,11               0,00            110.232,39
      613 01/01/2013                12/Bem 12                                       480,00               0,00            110.712,39
      713 01/01/2013                13/Bem 13                                       480,00               0,00            111.192,39
      813 01/01/2013                14/Bem 14                                20.833.333,33               0,00         20.944.525,72
      913 31/01/2013                *decurso*1/Bem 1                                  0,00             480,00         20.944.045,72
     1013 31/07/2013                *decurso*2/Bem 2                                  0,00             480,00         20.943.565,72


                                  CONTROLE DE CREDITO DE PIS DO ATIVO PERMANENTE
MES/ANO:01 A 12/2013                                                                                             ANO/PAG:  2013/010
-----------------------------------------------------------------------------------------------------------------------------------
3- DEMONSTRATIVO DA APROPRIACAO MENSAL DE CREDITO
-----------------------------------------------------------------------------------------------------------------------------------
         |                          TOTAL DE                          CREDITO MENSAL
   MES   |                          CREDITO A                          A APROPRIAR
         |                          APROPRIAR
-----------------------------------------------------------------------------------------------------------------------------------
Janeiro                       20.944.045,72                            436.334,36
Fevereiro                     20.944.045,72                            436.334,36
Marco                         20.944.045,72                            436.334,36
Abril                         20.944.045,72                            436.334,36
Maio                          20.944.045,72                            436.334,36
Junho                         20.944.045,72                            436.334,36
Julho                         20.943.565,72                            436.324,36
Agosto                        20.943.565,72                            436.324,36
Setembro                      20.943.565,72                            436.324,36
Outubro                       20.943.565,72                            436.324,36
Novembro                      20.943.565,72                            436.324,36
Dezembro                      20.943.565,72                            436.324,36
