

                                  CONTROLE DE CREDITO DE COFINS DO ATIVO PERMANENTE
MES/ANO:01 A 12/2011                                                                                             ANO/PAG:  2011/005
-----------------------------------------------------------------------------------------------------------------------------------
1- IDENTIFICACAO DO ESTABELECIMENTO
-----------------------------------------------------------------------------------------------------------------------------------
    Nome: SASAZAKI INDÚSTRIA E COMÉRCIO LTDA              CNPJ: 52045697000110        Inscricao Estadual: 438.010.070.113
Endereco: Avenida Eugênio Coneglian, nº 1.060           Bairro: D.Industrial                   Municipio: MARILIA
-----------------------------------------------------------------------------------------------------------------------------------

-----------------------------------------------------------------------------------------------------------------------------------
2- DEMONSTRATIVO DA BASE PARA APROPRIACAO DO CREDITO
-----------------------------------------------------------------------------------------------------------------------------------
                       IDENTIFICACAO DO BEM                             |                  VALOR DO COFINS
-----------------------------------------------------------------------------------------------------------------------------------
NUMERO OU DATA           NOTA     DESCRICAO RESUMIDA                    |     ENTRADA            SAIDA OU       TOTAL DO CREDITO
CODIGO                   FISCAL                                         |    (CREDITO)            BAIXA            A APROPRIAR
-----------------------------------------------------------------------------------------------------------------------------------
      111 01/01/2011                5/Bem 5                                         480,00               0,00              2.400,00
      211 01/01/2011     1          41/Teste automacao                              100,00               0,00              2.500,00
      311 01/07/2011                6/Bem 6                                         480,00               0,00              2.980,00
      411 07/11/2011     9302015    31/Material D.Direto - TRIBUTADO                277,63               0,00              3.257,63
      511 07/11/2011     9322015    33/Material D.Direto - TRIBUTADO                118,83               0,00              3.376,46
      611 07/11/2011     9332015    34/Material D.Direto - TRIBUTADO            481.270,85               0,00            484.647,31
      711 07/11/2011     9362016    37/Material D.Direto - TRIBUTADO              8.444,44               0,00            493.091,75
      811 07/11/2011     9372016    38/Material D.Direto - TRIBUTADO                760,02               0,00            493.851,77
      911 07/11/2011     9382016    39/Material D.Direto - TRIBUTADO                 25,32               0,00            493.877,09
     1011 07/11/2011     9392016    40/Material D.Direto - TRIBUTADO                  9,38               0,00            493.886,47


                                  CONTROLE DE CREDITO DE COFINS DO ATIVO PERMANENTE
MES/ANO:01 A 12/2011                                                                                             ANO/PAG:  2011/006
-----------------------------------------------------------------------------------------------------------------------------------
3- DEMONSTRATIVO DA APROPRIACAO MENSAL DE CREDITO
-----------------------------------------------------------------------------------------------------------------------------------
         |                          TOTAL DE                          CREDITO MENSAL
   MES   |                          CREDITO A                          A APROPRIAR
         |                          APROPRIAR
-----------------------------------------------------------------------------------------------------------------------------------
Janeiro                            2.500,00                                 52,09
Fevereiro                          2.500,00                                 52,09
Marco                              2.500,00                                 52,09
Abril                              2.500,00                                 52,09
Maio                               2.500,00                                 52,09
Junho                              2.500,00                                 52,09
Julho                              2.980,00                                 62,09
Agosto                             2.980,00                                 62,09
Setembro                           2.980,00                                 62,09
Outubro                            2.980,00                                 62,09
Novembro                         493.886,47                             10.289,34
Dezembro                         493.886,47                             10.289,34
