

                                  CONTROLE DE CREDITO DE PIS DO ATIVO PERMANENTE
MES/ANO:01 A 12/2012                                                                                             ANO/PAG:  2012/007
-----------------------------------------------------------------------------------------------------------------------------------
1- IDENTIFICACAO DO ESTABELECIMENTO
-----------------------------------------------------------------------------------------------------------------------------------
    Nome: SASAZAKI INDÚSTRIA E COMÉRCIO LTDA              CNPJ: 52045697000110        Inscricao Estadual: 438.010.070.113
Endereco: Avenida Eugênio Coneglian, nº 1.060           Bairro: D.Industrial                   Municipio: MARILIA
-----------------------------------------------------------------------------------------------------------------------------------

-----------------------------------------------------------------------------------------------------------------------------------
2- DEMONSTRATIVO DA BASE PARA APROPRIACAO DO CREDITO
-----------------------------------------------------------------------------------------------------------------------------------
                       IDENTIFICACAO DO BEM                             |                  VALOR DO PIS
-----------------------------------------------------------------------------------------------------------------------------------
NUMERO OU DATA           NOTA     DESCRICAO RESUMIDA                    |     ENTRADA            SAIDA OU       TOTAL DO CREDITO
CODIGO                   FISCAL                                         |    (CREDITO)            BAIXA            A APROPRIAR
-----------------------------------------------------------------------------------------------------------------------------------


                                  CONTROLE DE CREDITO DE PIS DO ATIVO PERMANENTE
MES/ANO:01 A 12/2012                                                                                             ANO/PAG:  2012/008
-----------------------------------------------------------------------------------------------------------------------------------
3- DEMONSTRATIVO DA APROPRIACAO MENSAL DE CREDITO
-----------------------------------------------------------------------------------------------------------------------------------
         |                          TOTAL DE                          CREDITO MENSAL
   MES   |                          CREDITO A                          A APROPRIAR
         |                          APROPRIAR
-----------------------------------------------------------------------------------------------------------------------------------
Janeiro                          109.661,12                              2.284,66
Fevereiro                        109.661,12                              2.284,66
Marco                            109.661,12                              2.284,66
Abril                            109.661,12                              2.284,66
Maio                             109.661,12                              2.284,66
Junho                            109.661,12                              2.284,66
Julho                            109.661,12                              2.284,66
Agosto                           109.661,12                              2.284,66
Setembro                         109.661,12                              2.284,66
Outubro                          109.661,12                              2.284,66
Novembro                         109.661,12                              2.284,66
Dezembro                         109.661,12                              2.284,66
