------------------------------------------------------------------------------------------------------------------------------------
SASAZAKI IND. E COM. LTDA                        DIPI-Dados das Entradas de 01/07/2011 a 31/07/2011                     Página:    1
-------------------------------------------------------------------------------------------------------------- TODAY - 00:00:00

 FIRMA: Estabelecimento TOTVS - Ñ ALTERAR CONTAS             INS. ESTADUAL: 255721161              CNPJ    : 53113791001790

 Class. Fiscal EX Cod. Produto     Descricao                                      Valor     %         Vl. Acumulado     %
 ------------- -- ---------------- ------------------------------  -------------------- ------ -------------------- ------
 7308.90.90       af               DESLIZANTE SUP ROD POLIETILENO            210.000,00  99,74           210.000,00  99,74
 7308.90.90       .compras         .Compras - Projeto 87                         502,90   0,24           210.502,90  99,98
 7308.90.90       compras04        Compras 04 - Projeto 87                        12,50   0,01           210.515,40  99,99
 7308.90.90       compras06        Compras 06 - Projeto 87                        10,00   0,00           210.525,40  99,99
 7308.90.90       compras03        Compras 03 - Projeto 87                         7,50   0,00           210.532,90 100,00
 7308.90.90       compras10        Compras 10 - Projeto 87                         4,50   0,00           210.537,40 100,00
 7308.90.90       compras09        Compras 09 - Projeto 87                         3,50   0,00           210.540,90 100,00
















































-----------------------------------------------------------------------------DATASUL - OBRIGACOES FISCAIS - OF0724RP - V:0.00.00.000
------------------------------------------------------------------------------------------------------------------------------------
SASAZAKI IND. E COM. LTDA                        DIPI-Dados das Entradas de 01/07/2011 a 31/07/2011                     Página:    2
-------------------------------------------------------------------------------------------------------------- TODAY - 00:00:00


                        Seleção

                    Estabelecimento: 1
                            Período: 01/07/2011  |<         >| 31/07/2011



                        Parâmetros

           Perc Máximo do Relatório: 100,00
        Natureza do Estabelecimento: Equiparado a Industrial
Considera Nat Oper com Cod Vinc IPI: Não
              Apropriar Valores por: Valor Contábil
              Sumarizar Valores por: Produto e Classificação Fiscal

---------------------- CFOP's Excluidas -----------------




                        Impressão

                            Destino: Impressora
                            Arquivo: C:/automacao/relatorios


































-----------------------------------------------------------------------------DATASUL - OBRIGACOES FISCAIS - OF0724RP - V:0.00.00.000
