------------------------------------------------------------------------------------------------------------------------------------
SASAZAKI IND. E COM. LTDA                        DIPI-Dados das Entradas de 01/07/2011 a 31/07/2011                     Página:    1
-------------------------------------------------------------------------------------------------------------- TODAY - 00:00:00

 FIRMA: Estabelecimento TOTVS - Ñ ALTERAR CONTAS             INS. ESTADUAL: 255721161              CNPJ    : 53113791001790

 Class. Fiscal EX Cod. Produto     Descricao                                      Valor     %         Vl. Acumulado     %
 ------------- -- ---------------- ------------------------------  -------------------- ------ -------------------- ------
 0000.00.00       13d              ITEM D¿BITO DIRETO                        356.500,00  28,16           356.500,00  28,16
 3403.19.00       SOJA             SOJA EM GRÃOS A GRANEL - ORIGI            258.729,74  20,43           615.229,74  48,59
 3403.19.00       MILHO            MILHO EM GRÃOS A GRANEL - ORIG            216.842,32  17,13           832.072,06  65,72
 7308.90.90       af               DESLIZANTE SUP ROD POLIETILENO            200.000,00  15,80         1.032.072,06  81,51
 3403.19.00       TRIGO            TRIGO A GRANEL - ORIGINAÇÃO DE            196.448,25  15,52         1.228.520,31  97,03
 7308.90.90       .compras         .Compras - Projeto 87                      13.344,95   1,05         1.241.865,26  98,08
 0000.00.00       40d              ITEM ATIVO IMOBILIZADO D¿BITO              12.000,00   0,95         1.253.865,26  99,03
 7308.30.00       13c              ITEM CONTROLE CONSIGNADO                    1.000,00   0,08         1.254.865,26  99,11
 7308.30.00       13t              ITEM CONTROLE TOTAL                         1.000,00   0,08         1.255.865,26  99,19
 7308.30.00       ka01l            Karine ka01l LOTE                             948,62   0,07         1.256.813,88  99,26
 7308.30.00       ka01s            Karine ka01s SERIAL                           769,00   0,06         1.257.582,88  99,32
 7308.90.90       compras05        Compras 05 - Projeto 87                       750,00   0,06         1.258.332,88  99,38
 7308.90.90       aaa              teste                                         561,75   0,04         1.258.894,63  99,43
 7308.30.00       ka02r            Karine ka02r Referência                       556,00   0,04         1.259.450,63  99,47
 7308.30.00       ka04s            Karine ka04s Serial                           500,00   0,04         1.259.950,63  99,51
 7308.30.00       ka04l            Karine ka04l LOTE                             424,58   0,03         1.260.375,21  99,54
 7308.30.00       21.21.102-8      JVBSG-100X150X12-6 APDPRA/VLS                 417,92   0,03         1.260.793,13  99,57
 7308.30.00       22.11.202-3      JCBSSGEI100X150X12 APDPRA VLS                 413,80   0,03         1.261.206,93  99,61
 7308.30.00       22.11.102-7      JCBSSSG-100X150X12 APDPRA/VLS                 336,61   0,03         1.261.543,54  99,63
 7308.30.00       ka02l            Karine ka02l LOTE                             333,00   0,03         1.261.876,54  99,66
 7308.30.00       ka03r            Karine ka03r Referência                       301,60   0,02         1.262.178,14  99,68
 7308.30.00       ka03s            Karine ka03s Serial                           301,60   0,02         1.262.479,74  99,71
 7308.90.90       compras10        Compras 10 - Projeto 87                       288,00   0,02         1.262.767,74  99,73
 7308.30.00       66.31.175-9      PAVBE-217X87X6,5-1 APACZA                     275,87   0,02         1.263.043,61  99,75
 7308.30.00       ka02s            Karine ka02s Serial                           251,00   0,02         1.263.294,61  99,77
 7308.90.90       compras04        Compras 04 - Projeto 87                       250,00   0,02         1.263.544,61  99,79
 7308.30.00       62.51.310-1      JVBGE-100X120X12-6 APACZA                     242,93   0,02         1.263.787,54  99,81
 7308.30.00       62.51.301-2      JVBSG-100X150X12-6 APACZA                     240,88   0,02         1.264.028,42  99,83
 7308.90.90       compras09        Compras 09 - Projeto 87                       224,00   0,02         1.264.252,42  99,85
 7308.30.00       ka01r            Karine ka01r Referência                       212,00   0,02         1.264.464,42  99,86
 7308.30.00       63.41.311-9      JCBBDGE-100X150X08 APACZA                     207,93   0,02         1.264.672,35  99,88
 7308.30.00       ka03l            Karine ka03l LOTE                             201,60   0,02         1.264.873,95  99,90
 7308.90.90       compras06        Compras 06 - Projeto 87                       200,00   0,02         1.265.073,95  99,91
 0000.00.00                        Material D.Direto - TRIBUTADO                 200,00   0,02         1.265.273,95  99,93
 7308.90.90       .compras.lote    .Compras Controle Lote - Proje                190,00   0,02         1.265.463,95  99,94
 7308.90.90       compras03        Compras 03 - Projeto 87                       150,00   0,01         1.265.613,95  99,96
 7308.30.00       64.13.204-0      JMGE -060X080X08-1 APACZA                     124,56   0,01         1.265.738,51  99,97
 7308.30.00       ka04r            Karine ka04r Referência                       114,00   0,01         1.265.852,51  99,97
 7308.90.90       .comprasreferênc .Compras Contole por Referênci                100,00   0,01         1.265.952,51  99,98
 7308.90.90       compras02        Compras 02 - Projeto 87                       100,00   0,01         1.266.052,51  99,99
 7308.90.90       compras01        Compras 01 - Projeto 87                       100,00   0,01         1.266.152,51 100,00
 7209.17.00       82.70.004-8      NYLON 6.6 20%FV PRETO                           8,33   0,00         1.266.160,84 100,00
 3908.10.24       80.75.004-8      NYLON 6 NATURAL                                 7,24   0,00         1.266.168,08 100,00
 7308.30.00       al1122s          AL SERIAL 1122                                  7,00   0,00         1.266.175,08 100,00
 7308.30.00       06.01.038-5      BPAE       -280X05 APACZA                       0,00   0,00         1.266.175,08 100,00










-----------------------------------------------------------------------------DATASUL - OBRIGACOES FISCAIS - OF0724RP - V:0.00.00.000
------------------------------------------------------------------------------------------------------------------------------------
SASAZAKI IND. E COM. LTDA                        DIPI-Dados das Entradas de 01/07/2011 a 31/07/2011                     Página:    2
-------------------------------------------------------------------------------------------------------------- TODAY - 00:00:00


                        Seleção

                    Estabelecimento: 1
                            Período: 01/07/2011  |<         >| 31/07/2011



                        Parâmetros

           Perc Máximo do Relatório: 100,00
        Natureza do Estabelecimento: Industrial
Considera Nat Oper com Cod Vinc IPI: Não
              Apropriar Valores por: Valor Contábil - Valor do IPI
              Sumarizar Valores por: Produto e Classificação Fiscal

---------------------- CFOP's Excluidas -----------------




                        Impressão

                            Destino: Impressora
                            Arquivo: C:/automacao/relatorios


































-----------------------------------------------------------------------------DATASUL - OBRIGACOES FISCAIS - OF0724RP - V:0.00.00.000
