------------------------------------------------------------------------------------------------------------------------------------
SASAZAKI IND. E COM. LTDA                        DIPI-Dados das Entradas de 01/07/2011 a 31/07/2011                     Página:    1
-------------------------------------------------------------------------------------------------------------- TODAY - 00:00:00

 FIRMA: Estabelecimento TOTVS - Ñ ALTERAR CONTAS             INS. ESTADUAL: 255721161              CNPJ    : 53113791001790

 Class. Fiscal EX Descricao                                        Valor       %           Vl. Acumulado       %
 ------------- -- ------------------------------    --------------------   ------   --------------------   ------
 7308.90.90       OUTROS DE AÇO                               210.000,00   100,00             210.000,00   100,00






















































-----------------------------------------------------------------------------DATASUL - OBRIGACOES FISCAIS - OF0724RP - V:0.00.00.000
------------------------------------------------------------------------------------------------------------------------------------
SASAZAKI IND. E COM. LTDA                        DIPI-Dados das Entradas de 01/07/2011 a 31/07/2011                     Página:    2
-------------------------------------------------------------------------------------------------------------- TODAY - 00:00:00


                        Seleção

                    Estabelecimento: 1
                            Período: 01/07/2011  |<         >| 31/07/2011



                        Parâmetros

           Perc Máximo do Relatório: 100,00
        Natureza do Estabelecimento: Equiparado a Industrial
Considera Nat Oper com Cod Vinc IPI: Sim
              Apropriar Valores por: Valor Contábil
              Sumarizar Valores por: Classificação Fiscal

---------------------- CFOP's Excluidas -----------------




                        Impressão

                            Destino: Impressora
                            Arquivo: C:/automacao/relatorios


































-----------------------------------------------------------------------------DATASUL - OBRIGACOES FISCAIS - OF0724RP - V:0.00.00.000
