------------------------------------------------------------------------------------------------------------------------------------
SASAZAKI IND. E COM. LTDA                        DIPI-Dados das Entradas de 01/07/2011 a 31/07/2011                     Página:    1
-------------------------------------------------------------------------------------------------------------- TODAY - 00:00:00

 FIRMA: Estabelecimento TOTVS - Ñ ALTERAR CONTAS             INS. ESTADUAL: 255721161              CNPJ    : 53113791001790

 Class. Fiscal EX Cod. Produto     Descricao                                      Valor     %         Vl. Acumulado     %
 ------------- -- ---------------- ------------------------------  -------------------- ------ -------------------- ------
 3403.19.00       SOJA             SOJA EM GRÃOS A GRANEL - ORIGI            232.041,50  31,65           232.041,50  31,65
 7308.90.90       af               DESLIZANTE SUP ROD POLIETILENO            210.000,00  28,64           442.041,50  60,29
 3403.19.00       TRIGO            TRIGO A GRANEL - ORIGINAÇÃO DE            196.448,25  26,79           638.489,75  87,08
 3403.19.00       MILHO            MILHO EM GRÃOS A GRANEL - ORIG             72.541,31   9,89           711.031,06  96,98
 0000.00.00       40d              ITEM ATIVO IMOBILIZADO D¿BITO              12.000,00   1,64           723.031,06  98,62
 7308.30.00       13c              ITEM CONTROLE CONSIGNADO                    1.000,00   0,14           724.031,06  98,75
 7308.30.00       13t              ITEM CONTROLE TOTAL                         1.000,00   0,14           725.031,06  98,89
















































-----------------------------------------------------------------------------DATASUL - OBRIGACOES FISCAIS - OF0724RP - V:0.00.00.000
------------------------------------------------------------------------------------------------------------------------------------
SASAZAKI IND. E COM. LTDA                        DIPI-Dados das Entradas de 01/07/2011 a 31/07/2011                     Página:    2
-------------------------------------------------------------------------------------------------------------- TODAY - 00:00:00


                        Seleção

                    Estabelecimento: 1
                            Período: 01/07/2011  |<         >| 31/07/2011



                        Parâmetros

           Perc Máximo do Relatório: 99,00
        Natureza do Estabelecimento: Industrial
Considera Nat Oper com Cod Vinc IPI: Sim
              Apropriar Valores por: Valor Contábil
              Sumarizar Valores por: Produto e Classificação Fiscal

---------------------- CFOP's Excluidas -----------------




                        Impressão

                            Destino: Impressora
                            Arquivo: C:/automacao/relatorios


































-----------------------------------------------------------------------------DATASUL - OBRIGACOES FISCAIS - OF0724RP - V:0.00.00.000
