EMPRESA:  Estabelecimento TOTVS - Ñ ALTERAR CONTAS                                                                     PAG:       1
INS.EST:  255721161                            PERÍODO DE: 01/05/2011 A   31/05/2011
** FIS/505 **                        RELAÇÃO NOTAS FISCAIS CANCELADAS NO MÊS MAIO      /2011

NUM.NF.        DT. EMIS. VALOR NOTA FISCAL          VALOR ICM            VALOR IPI   UF   R A Z Ã O   S O C I A L

0075197          03/05/2011         1.220,37              85,43               0,00   DF   LEROY MERLIN CIA BRASIL. BRICOLAGEM S/A
                            -----------------   ----------------   ----------------
Total :                             1.220,37              85,43               0,00


0075643          06/05/2011           607,06               0,00               0,00   MG   RENE PASCHOALICK JR
                            -----------------   ----------------   ----------------
Total :                               607,06               0,00               0,00


0075736          06/05/2011         2.245,33             134,96               0,00   MS   BIGOLIN MATS CONSTR LTDA
0075737          06/05/2011         2.516,64             151,27               0,00   MS   BIGOLIN MATS CONSTR LTDA
0075739          06/05/2011         1.199,96              72,13               0,00   MS   BIGOLIN MATS CONSTR LTDA
0075740          06/05/2011         2.671,29             160,56               0,00   MS   BIGOLIN MATS CONSTR LTDA
                            -----------------   ----------------   ----------------
Total :                             8.633,22             518,92               0,00


0075204          03/05/2011           520,39              36,43               0,00   MT   TODIMO MATS CONSTR LTDA
                            -----------------   ----------------   ----------------
Total :                               520,39              36,43               0,00


0075312          04/05/2011         1.164,00             139,68               0,00   PR   J M CAMPIAO & ZANATA LTDA
                            -----------------   ----------------   ----------------
Total :                             1.164,00             139,68               0,00


0075688          06/05/2011         2.251,86             270,22               0,00   RJ   LEROY MERLIN CIA BRASIL. BRICOLAGEM S/A
0075700          06/05/2011        34.619,09           4.154,29               0,00   RJ   FORNEC CHATUBA NILOPOLIS LTDA
0075701          06/05/2011         2.414,46             289,74               0,00   RJ   FORNEC CHATUBA NILOPOLIS LTDA
0075703          06/05/2011         2.406,24             288,75               0,00   RJ   LUZ MAR MADS LTDA
0075705          06/05/2011         8.992,20           1.079,06               0,00   RJ   CASA SHOW S/A
0075706          06/05/2011         1.946,82             233,62               0,00   RJ   CASA SHOW S/A
0075708          06/05/2011         1.846,70             221,60               0,00   RJ   CASA SHOW S/A
0075709          06/05/2011         1.497,12             179,65               0,00   RJ   LEROY MERLIN CIA BRASIL. BRICOLAGEM S/A
0075710          06/05/2011         2.397,66             287,72               0,00   RJ   LEROY MERLIN CIA BRASIL. BRICOLAGEM S/A
0075805          06/05/2011         2.068,70             216,23               0,00   RJ   LEROY MERLIN CIA BRASIL. BRICOLAGEM S/A
0075806          06/05/2011           860,43             103,25               0,00   RJ   LUZ MAR MADS LTDA
0075807          06/05/2011         7.562,01             907,44               0,00   RJ   CASA SHOW S/A
0075808          06/05/2011           550,04              57,49               0,00   RJ   CASA SHOW S/A
0075809          06/05/2011           887,31             106,48               0,00   RJ   LEROY MERLIN CIA BRASIL. BRICOLAGEM S/A
0075810          06/05/2011           135,79              16,29               0,00   RJ   LEROY MERLIN CIA BRASIL. BRICOLAGEM S/A
                            -----------------   ----------------   ----------------
Total :                            70.436,43           8.411,83               0,00


0075477          05/05/2011         1.187,95             127,11               0,00   RS   ADIR MARIANO NOGUEIRA FONTOURA - ME
                            -----------------   ----------------   ----------------
Total :                             1.187,95             127,11               0,00


0075720          06/05/2011         3.570,00               0,00               0,00   SC   ALCOA ALUMINIO S.A.
0083012          03/05/2011         6.600,00               0,00               0,00   SC   Manuela dos Santos



----------------------------------------------------------------------------------------DATASUL - OBRIGAÇÕES FISCAIS - OF/0618 - V:.
EMPRESA:  Estabelecimento TOTVS - Ñ ALTERAR CONTAS                                                                     PAG:       2
INS.EST:  255721161                            PERÍODO DE: 01/05/2011 A   31/05/2011
** FIS/505 **                        RELAÇÃO NOTAS FISCAIS CANCELADAS NO MÊS MAIO      /2011

NUM.NF.        DT. EMIS. VALOR NOTA FISCAL          VALOR ICM            VALOR IPI   UF   R A Z Ã O   S O C I A L

                            -----------------   ----------------   ----------------
Total :                            10.170,00               0,00               0,00


0075258          03/05/2011           360,00              64,80               0,00   SP   COM APARAS PAPEIS MARILIA LTDA
0075288          04/05/2011         2.216,04             377,16               0,00   SP   CONSTRUDECOR S/A
0075298          04/05/2011         2.771,82             470,15               0,00   SP   CONSTRUDECOR S/A
0075764          06/05/2011         8.198,49           1.390,62               0,00   SP   CONSTRUDECOR S/A
0075766          06/05/2011         8.115,59           1.381,25               0,00   SP   CONSTRUDECOR S/A
0075771          06/05/2011        11.717,09           1.987,44               0,00   SP   CONSTRUDECOR S/A
0075772          06/05/2011         3.181,56             539,65               0,00   SP   CONSTRUDECOR S/A
0075773          06/05/2011         1.114,24             189,00               0,00   SP   CONSTRUDECOR S/A
0075774          06/05/2011         4.819,58             820,28               0,00   SP   CONSTRUDECOR S/A
0075812          06/05/2011         8.115,59           1.381,25               0,00   SP   CONSTRUDECOR S/A
0075816          06/05/2011         4.819,58             820,28               0,00   SP   CONSTRUDECOR S/A
0255578          03/05/2011         1.000,00               0,00               0,00   SP   LOJA DO PINTOR E CONSTRUTOR LTDA
0255586          03/05/2011         2.500,00             175,00               0,00   SP   LOJA DO PINTOR E CONSTRUTOR LTDA
745632532153211  06/05/2011         1.808,54             307,81               0,00   SP   CONSTRUDECOR S/A
                            -----------------   ----------------   ----------------
Total :                            60.738,12           9.904,69               0,00





































----------------------------------------------------------------------------------------DATASUL - OBRIGAÇÕES FISCAIS - OF/0618 - V:.
