EMPRESA:  Estabelecimento TOTVS - Ñ ALTERAR CONTAS                                                                     PAG:       1
INS.EST:  255721161                            PERÍODO DE: 01/05/2011 A   31/05/2011
** FIS/505 **                        RELAÇÃO NOTAS FISCAIS CANCELADAS NO MÊS MAIO      /2011

NUM.NF.        DT. EMIS. VALOR NOTA FISCAL          VALOR ICM            VALOR IPI   UF   R A Z Ã O   S O C I A L

0075258          03/05/2011           360,00              64,80               0,00   SP   COM APARAS PAPEIS MARILIA LTDA
0075288          04/05/2011         2.216,04             377,16               0,00   SP   CONSTRUDECOR S/A
0075298          04/05/2011         2.771,82             470,15               0,00   SP   CONSTRUDECOR S/A
0075764          06/05/2011         8.198,49           1.390,62               0,00   SP   CONSTRUDECOR S/A
0075766          06/05/2011         8.115,59           1.381,25               0,00   SP   CONSTRUDECOR S/A
0075771          06/05/2011        11.717,09           1.987,44               0,00   SP   CONSTRUDECOR S/A
0075772          06/05/2011         3.181,56             539,65               0,00   SP   CONSTRUDECOR S/A
0075773          06/05/2011         1.114,24             189,00               0,00   SP   CONSTRUDECOR S/A
0075774          06/05/2011         4.819,58             820,28               0,00   SP   CONSTRUDECOR S/A
0075812          06/05/2011         8.115,59           1.381,25               0,00   SP   CONSTRUDECOR S/A
0075816          06/05/2011         4.819,58             820,28               0,00   SP   CONSTRUDECOR S/A
0255578          03/05/2011         1.000,00               0,00               0,00   SP   LOJA DO PINTOR E CONSTRUTOR LTDA
0255586          03/05/2011         2.500,00             175,00               0,00   SP   LOJA DO PINTOR E CONSTRUTOR LTDA
745632532153211  06/05/2011         1.808,54             307,81               0,00   SP   CONSTRUDECOR S/A
                            -----------------   ----------------   ----------------
Total :                            60.738,12           9.904,69               0,00









































----------------------------------------------------------------------------------------DATASUL - OBRIGAÇÕES FISCAIS - OF/0618 - V:.
