------------------------------------------------------------------------------------------------------------------------------------
SASAZAKI IND. E COM. LTDA                        DIPI-Dados das Entradas de 01/07/2011 a 31/07/2011                     Página:    1
-------------------------------------------------------------------------------------------------------------- TODAY - 00:00:00

 FIRMA: Estabelecimento TOTVS - Ñ ALTERAR CONTAS             INS. ESTADUAL: 255721161              CNPJ    : 53113791001790

 Class. Fiscal EX Descricao                                        Valor       %           Vl. Acumulado       %
 ------------- -- ------------------------------    --------------------   ------   --------------------   ------
 3403.19.00       OLEO                                        501.031,06    68,30             501.031,06    68,30
 7308.90.90       OUTROS DE AÇO                               210.768,60    28,73             711.799,66    97,03
 0000.00.00       VIDRO                                        12.200,00     1,66             723.999,66    98,69
 7308.30.00       PORTAS, JANELAS E SUAS PARTES                 9.594,30     1,31             733.593,96   100,00



















































-----------------------------------------------------------------------------DATASUL - OBRIGACOES FISCAIS - OF0724RP - V:0.00.00.000
------------------------------------------------------------------------------------------------------------------------------------
SASAZAKI IND. E COM. LTDA                        DIPI-Dados das Entradas de 01/07/2011 a 31/07/2011                     Página:    2
-------------------------------------------------------------------------------------------------------------- TODAY - 00:00:00


                        Seleção

                    Estabelecimento: 1
                            Período: 01/07/2011  |<         >| 31/07/2011



                        Parâmetros

           Perc Máximo do Relatório: 100,00
        Natureza do Estabelecimento: Industrial
Considera Nat Oper com Cod Vinc IPI: Sim
              Apropriar Valores por: Valor Contábil
              Sumarizar Valores por: Classificação Fiscal

---------------------- CFOP's Excluidas -----------------




                        Impressão

                            Destino: Impressora
                            Arquivo: C:/automacao/relatorios


































-----------------------------------------------------------------------------DATASUL - OBRIGACOES FISCAIS - OF0724RP - V:0.00.00.000
