------------------------------------------------------------------------------------------------------------------------------------
                                                 Dump 30 primeiros reg. itens NF                                       Página:     1
-------------------------------------------------------------------------------------------------------------- TODAY - 00:00:00

SEQUENCIA POS. ++++.++++1++++.++++2++++.++++3++++.++++4++++.++++5++++.++++6++++.++++7++++.++++8++++.++++9++++.+++10

 0000001    1  S0011    00111       01052011A 52045697000110001  40F                 KG ITEM CONTROLE F?SICO       
          101                                                611   73083000  PC 00000000000000000000000000029339000
          201  000000001500000000000000016500000000000000000000            0000000000000000000000000000000000000000
          301  00000000000000000000N0000000000000000000000000000000000000000001S02500000000000000015000000000000000
          401  0375000000000000015000000000000000015000000000000000000000000000                                    
 0000002    1  S0011    3456789     01052011A 52045697000110001  .COMPRAS            pc .Compras - Projeto 87      
          101                                                711   73089090  PC 00000000000000000000000000000000000
          201  000000001800000000000000018000000000000000000000            0000000000000000000000000000000000000000
          301  00000000000000000001N0050000000000000000000000000000000000000014N02500000000000000000000000000000000
          401  0000000000000000000000000000000000000000000000000000000000000000                                    
 0000003    1  E0015    52011       01052011A 07491528786340001  DD                  pc Material D.Direto - TRIBUTA
          101  DO                                            311   00000000  pc 00000000000001000000000000000000000
          201  000000001000000000000000011000000000000000000000            0000000000000000000000000000000000000000
          301  00000000000000000000S0100000000000000001000000000000000001000000S01800000000000000010000000000000000
          401  0180000000000000000000000000000000000000000000000000000000000000                                    
 0000004    1  E0015    52011       01052011A 07491528786340001  40C                 KG ITEM CONTROLE CONSIGNADO   
          101                                                311   73083000  PC 00000000000001000000000000029339000
          201  000000001000000000000000010000000000000000000000            0000000000000000000000000000000000000000
          301  00000000000000000000N0150000000000000000000000000000000000000000S01800000000000000010000000000000000
          401  0180000000000000000000000000000000000000000000000000000000000000                                    
 0000005    1  E0015    52011       01052011A 07491528786340001  13F                 KG ITEM CONTROLE TOTAL        
          101                                                311   73083000  PC 00000000000001000000000000029339000
          201  000000001000000000000000010000000000000000000000            0000000000000000000000000000000000000000
          301  00000000000000000001N0090000000000000000000000000000000000000010S01800000000000000010000000000000000
          401  0180000000000000000000000000000000000000000000000000000000000000                                    
 0000006    1  S0015    52011       01052011A 07491528786340001  DD                  pc Material D.Direto - TRIBUTA
          101  DO                                            711   00000000  pc 00000000000001000000000000000000000
          201  000000001000000000000000011000000000000000000000            0000000000000000000000000000000000000000
          301  00000000000000000000S0100000000000000001000000000000000001000004N00000000000000000000000000000000000
          401  0000000000000000000000000000000000000000000000000000000000000000                                    
 0000007    1  S0015    52011       01052011A 07491528786340001  40C                 KG ITEM CONTROLE CONSIGNADO   
          101                                                711   32100010  LT 00000000000001000000000000029339000
          201  000000001000000000000000010000000000000000000000            0000000000000000000000000000000000000000
          301  00000000000000000000N0100000000000000000000000000000000000000004N00000000000000000000000000000000000
          401  0000000000000000000000000000000000000000000000000000000000000000                                    
 0000008    1  S0015    52011       01052011A 07491528786340001  13F                 KG ITEM CONTROLE TOTAL        
          101                                                711   73083000  PC 00000000000001000000000000029339000
          201  000000001000000000000000010000000000000000000000            0000000000000000000000000000000000000000
          301  00000000000000000001N0100000000000000000000000000000000000000014N00000000000000000000000000000000000
          401  0000000000000000000000000000000000000000000000000000000000000000                                    
 0000009    1  S0011    83011       03052011A 61101895000498001  13F                 KG ITEM CONTROLE TOTAL        
          101                                                611   73083000  PC 00000000000012000000000000352072000
          201  000000000300000000000000036000000000000000000000            0000000000000000000000000000000000000000
          301  00000000000000000001N0000000000000000000000000000000000000000010S00700000000000000036000000000000000
          401  0252000000000000000000000000000000000000000000000000000000000000                                    
 0000010    1  S0012    55576       03052011C 49889140000151001  40D                 pc prestação de serviço       
          101                                                612   00000000  pc 00000000000001000000000000000000000
          201  000000001000000000000000010000000000000000000000            0000000000000000000000000000000000000000
          301  00000000000000000000N0000000000000000000000000000000000000000000S00700000000000000010000000000000000
          401  0070000000000000000000000000000000000000000000000000000000000000                                    
 0000011    1  S0012    55583       03052011C 49889140000151001  40D                 pc teste                      
          101                                                612   00000000  pc 00000000000001000000000000000000000
          201  000000001000000000000000010000000000000000000000            0000000000000000000000000000000000000000
          301  00000000000000000000N0000000000000000000000000000000000000000000S00700000000000000010000000000000000
          401  0070000000000000000000000000000000000000000000000000000000000000                                    
 0000012    1  S0012    55584       03052011A 61101895000498001  40D                 pc SERVIÇO                    
          101                                                611   00000000  pc 00000000000001000000000000000000000
------------------------------------------------------------------------------DATASUL - OBRIGAÇÕES FISCAIS - OF0739A - V:0.00.00.000
------------------------------------------------------------------------------------------------------------------------------------
                                                 Dump 30 primeiros reg. itens NF                                       Página:     2
-------------------------------------------------------------------------------------------------------------- TODAY - 00:00:00

SEQUENCIA POS. ++++.++++1++++.++++2++++.++++3++++.++++4++++.++++5++++.++++6++++.++++7++++.++++8++++.++++9++++.+++10

          201  000000010000000000000000100000000000000000000000            0000000000000000000000000000000000000000
          301  00000000000000000000N0000000000000000000000000000000000000000000S00700000000000000100000000000000000
          401  0700000000000000000000000000000000000000000000000000000000000000                                    
 0000013    1  S0012    55585       03052011C 49889140000151001  40D                 pc SERVIÇO                    
          101                                                611   00000000  pc 00000000000001000000000000000000000
          201  000000003789000000000000037890000000000000000000            0000000000000000000000000000000000000000
          301  00000000000000000000N0000000000000000000000000000000000000000000S00700000000000000037890000000000000
          401  0265230000000000000000000000000000000000000000000000000000000000                                    
 0000014    1  S0012    55586       03052011C 49889140000151001  40D                 pc servico                    
          101                                                611   00000000  pc 00000000000001000000000000000000000
          201  000000002500000000000000025000000000000000000000            0000000000000000000000000000000000000000
          301  00000000000000000000N0000000000000000000000000000000000000000005S00700000000000000025000000000000000
          401  0175000000000000000000000000000000000000000000000000000000000000                                    
 0000015    1  S0015    75096       03052011A 01438784000520001  71.15.212-0         pc JCFSSGC100X150X9,4 NAC/VLS 
          101                                                611   76101000  PC 00000000000001000000000000019223000
          201  000000000496180000000000005862500000000000000000            0000000000000000000000000000000000000000
          301  00000000000000000000N0000000000000000000000000000000000000000001S01200000000000000005165200000000000
          401  0061980000000000007317000000000000006973000000000000000000000000                                    
 0000016    1  S0015    75096       03052011A 01438784000520002  77.13.501-4         pc PCFHE216X160X8,7-2 ALANAC V
          101  LS                                            611   76101000  PC 00000000000001000000000000037179000
          201  000000000993200000000000011734900000000000000000            0000000000000000000000000000000000000000
          301  00000000000000000000N0000000000000000000000000000000000000000001S01200000000000000010339200000000000
          401  0124070000000000014646500000000000013957000000000000000000000000                                    
 0000017    1  S0015    75097       03052011A 01438784000520001  66.61.451-4         pc PSABGEE-217X087X08 APACZA  
          101                                                611   73083000  PC 00000000000002000000000000046061000
          201  000000000307440000000000007289600000000000000000            0000000000000000000000000000000000000000
          301  00000000000000000000N0000000000000000000000000000000000000000001S01200000000000000006400900000000000
          401  0076810000000000009204500000000000008887000000000000000000000000                                    
 0000018    1  S0015    75098       03052011A 01438784000520001  62.51.311-0         pc JVBGE-100X150X12-6 APACZA  
          101                                                611   73083000  PC 00000000000005000000000000116514000
          201  000000000230580000000000013667900000000000000000            0000000000000000000000000000000000000000
          301  00000000000000000000N0000000000000000000000000000000000000000001S01200000000000000012001600000000000
          401  0144020000000000017258300000000000016663000000000000000000000000                                    
 0000019    1  S0015    75098       03052011A 01438784000520002  63.41.301-1         pc JCBBDSG-100X150X08 APACZA  
          101                                                611   73083000  PC 00000000000004000000000000053572000
          201  000000000148600000000000007046800000000000000000            0000000000000000000000000000000000000000
          301  00000000000000000000N0000000000000000000000000000000000000000001S01200000000000000006187700000000000
          401  0074250000000000008897900000000000008591000000000000000000000000                                    
 0000020    1  S0015    75098       03052011A 01438784000520003  63.41.310-0         pc JCBBDGE-100X120X08 APACZA  
          101                                                611   73083000  PC 00000000000015000000000000213960000
          201  000000000155430000000000027639900000000000000000            0000000000000000000000000000000000000000
          301  00000000000000000000N0000000000000000000000000000000000000000001S01200000000000000024270300000000000
          401  0291250000000000034900700000000000033696000000000000000000000000                                    
 0000021    1  S0015    75098       03052011A 01438784000520004  63.41.311-9         pc JCBBDGE-100X150X08 APACZA  
          101                                                611   73083000  PC 00000000000005000000000000082870000
          201  000000000172510000000000010225700000000000000000            0000000000000000000000000000000000000000
          301  00000000000000000000N0000000000000000000000000000000000000000001S01200000000000000008979100000000000
          401  0107750000000000012911900000000000012466000000000000000000000000                                    
 0000022    1  S0015    75098       03052011A 01438784000520005  65.12.102-6         pc JBSG -060X060X08-2 APACZA  
          101                                                611   73083000  PC 00000000000004000000000000016495000
          201  000000000061490000000000002915900000000000000000            0000000000000000000000000000000000000000
          301  00000000000000000000N0000000000000000000000000000000000000000001S01200000000000000002560400000000000
          401  0030720000000000003681900000000000003555000000000000000000000000                                    
 0000023    1  S0015    75098       03052011A 01438784000520006  66.21.164-9         pc PAAHBD-217X087X6,5 APACZA  
          101                                                611   73083000  PC 00000000000002000000000000030428000
          201  000000000200690000000000004758400000000000000000            0000000000000000000000000000000000000000
          301  00000000000000000000N0000000000000000000000000000000000000000001S01200000000000000004178300000000000
------------------------------------------------------------------------------DATASUL - OBRIGAÇÕES FISCAIS - OF0739A - V:0.00.00.000
------------------------------------------------------------------------------------------------------------------------------------
                                                 Dump 30 primeiros reg. itens NF                                       Página:     3
-------------------------------------------------------------------------------------------------------------- TODAY - 00:00:00

SEQUENCIA POS. ++++.++++1++++.++++2++++.++++3++++.++++4++++.++++5++++.++++6++++.++++7++++.++++8++++.++++9++++.+++10

          401  0050140000000000006008400000000000005801000000000000000000000000                                    
 0000024    1  S0015    75098       03052011A 01438784000520007  66.21.165-7         pc PAAHBE-217X087X6,5 APACZA  
          101                                                611   73083000  PC 00000000000001000000000000015214000
          201  000000000200690000000000002379100000000000000000            0000000000000000000000000000000000000000
          301  00000000000000000000N0000000000000000000000000000000000000000001S01200000000000000002089100000000000
          401  0025070000000000003004100000000000002900000000000000000000000000                                    
 0000025    1  S0015    75098       03052011A 01438784000520008  66.31.178-3         pc PAVBD-217X67X6,5-1 APACZA  
          101                                                611   73083000  PC 00000000000001000000000000015346000
          201  000000000214350000000000002541700000000000000000            0000000000000000000000000000000000000000
          301  00000000000000000000N0000000000000000000000000000000000000000001S01200000000000000002231800000000000
          401  0026780000000000003209300000000000003099000000000000000000000000                                    
 0000026    1  S0015    75099       03052011A 01438784000520001  62.51.311-0         pc JVBGE-100X150X12-6 APACZA  
          101                                                611   73083000  PC 00000000000003000000000000069908000
          201  000000000230580000000000008200700000000000000000            0000000000000000000000000000000000000000
          301  00000000000000000000N0000000000000000000000000000000000000000001S01200000000000000007201000000000000
          401  0086420000000000010355000000000000009997000000000000000000000000                                    
 0000027    1  S0015    75099       03052011A 01438784000520002  63.41.581-2         pc JCSSGEI4 BLFT APA ........-
          101  100X150X14-4                                  611   73083000  PC 00000000000001000000000000020303000
          201  000000000210080000000000002490600000000000000000            0000000000000000000000000000000000000000
          301  00000000000000000000N0000000000000000000000000000000000000000001S01200000000000000002186900000000000
          401  0026240000000000003144800000000000003037000000000000000000000000                                    
 0000028    1  S0015    75099       03052011A 01438784000520003  64.13.203-2         pc JMGE -060X060X08-1 APACZA  
          101                                                611   73083000  PC 00000000000002000000000000011684000
          201  000000000092230000000000002187000000000000000000            0000000000000000000000000000000000000000
          301  00000000000000000000N0000000000000000000000000000000000000000001S01200000000000000001920300000000000
          401  0023040000000000002761400000000000002667000000000000000000000000                                    
 0000029    1  S0015    75100       03052011A 01438784000520001  66.61.451-4         pc PSABGEE-217X087X08 APACZA  
          101                                                611   73083000  PC 00000000000002000000000000046061000
          201  000000000307440000000000007289600000000000000000            0000000000000000000000000000000000000000
          301  00000000000000000000N0000000000000000000000000000000000000000001S01200000000000000006400900000000000
          401  0076810000000000009204500000000000008887000000000000000000000000                                    
 0000030    1  S0015    75101       03052011A 01438784000520001  71.15.101-8         pc JCFSSSG100X120X6,4 NAC/VLS 
          101                                                611   76101000  PC 00000000000004000000000000048840000
          201  000000000256200000000000012108100000000000000000            0000000000000000000000000000000000000000
          301  00000000000000000000N0000000000000000000000000000000000000000001S01200000000000000010668100000000000
          401  0128020000000000015112400000000000014400000000000000000000000000                                    





















------------------------------------------------------------------------------DATASUL - OBRIGAÇÕES FISCAIS - OF0739A - V:0.00.00.000
------------------------------------------------------------------------------------------------------------------------------------
                                                 Dump 30 ultimos reg. itens NF                                         Página:     1
-------------------------------------------------------------------------------------------------------------- TODAY - 00:00:00

SEQUENCIA POS. ++++.++++1++++.++++2++++.++++3++++.++++4++++.++++5++++.++++6++++.++++7++++.++++8++++.++++9++++.+++10

 0003299    1  S0015    75938       06052011A 29911559000155020  66.51.245-2         pc PAABE-217X087X08-1 APACZA  
          101                                                611   73083000  PC 00000000000002000000000000045625000
          201  000000000340400000000000007815800000000000000000            0000000000000000000000000000000000000000
          301  00000000000000000000N0000000000000000000000000000000000000000001S01200000000000000006808000000000000
          401  0081700000000000009604000000000000010078000000000000000000000000                                    
 0003300    1  S0015    75938       06052011A 29911559000155021  66.81.506-4         pc PAQ2 -217X140X08-2 APACZA  
          101                                                611   73083000  PC 00000000000003000000000000108237000
          201  000000000605360000000000020849200000000000000000            0000000000000000000000000000000000000000
          301  00000000000000000000N0000000000000000000000000000000000000000001S01200000000000000018160800000000000
          401  0217930000000000025619400000000000026884000000000000000000000000                                    
 0003301    1  S0015    75939       06052011A 29911559000155001  22.12.112-0         pc JCSSSG120X150X12-4 APDBRA V
          101  LS                                            611   73083000  PC 00000000000002000000000000051749000
          201  000000000348310000000000007997400000000000000000            0000000000000000000000000000000000000000
          301  00000000000000000000N0000000000000000000000000000000000000000001S01200000000000000006966200000000000
          401  0083600000000000009827200000000000010312000000000000000000000000                                    
 0003302    1  S0015    75939       06052011A 29911559000155002  26.32.161-1         pc PCCE -217X160X12-2 APDBRA V
          101  LS                                            611   73083000  PC 00000000000002000000000000112655000
          201  000000000858920000000000019721400000000000000000            0000000000000000000000000000000000000000
          301  00000000000000000000N0000000000000000000000000000000000000000001S01200000000000000017178400000000000
          401  0206140000000000024233600000000000025430000000000000000000000000                                    
 0003303    1  S0015    75940       06052011A 01438784001250001  22.12.202-9         pc JCSSGEI-100X150X12 APDBRA V
          101  LS                                            611   73083000  PC 00000000000001000000000000029339000
          201  000000000361250000000000004317300000000000000000            0000000000000000000000000000000000000000
          301  00000000000000000000N0000000000000000000000000000000000000000001S01200000000000000003760600000000000
          401  0045130000000000005305100000000000005567000000000000000000000000                                    
 0003304    1  S0015    75940       06052011A 01438784001250002  24.16.341-5         pc JMGQ -040X060X08-1 APDBRA V
          101  MB                                            611   73083000  PC 00000000000008000000000000044530000
          201  000000000105040000000000010042700000000000000000            0000000000000000000000000000000000000000
          301  00000000000000000000N0000000000000000000000000000000000000000001S01200000000000000008747700000000000
          401  0104970000000000012340400000000000012950000000000000000000000000                                    
 0003305    1  S0015    75940       06052011A 01438784001250003  24.22.201-2         pc PSAPGED-217X087X08 APDBRA V
          101  MB                                            611   73083000  PC 00000000000002000000000000065258000
          201  000000000480800000000000011492200000000000000000            0000000000000000000000000000000000000000
          301  00000000000000000000N0000000000000000000000000000000000000000001S01200000000000000010010300000000000
          401  0120120000000000014121500000000000014819000000000000000000000000                                    
 0003306    1  S0015    75941       06052011C 00008538696777001  DD                  pc FOLDER PORTA PIVOTANTE     
          101                                                699   49111090  PC 00000000000100000000000000000000000
          201  000000000000540000000000000540000000000000000000            0000000000000000000000000000000000000000
          301  00000000000000000000N0000000000000000000000000000000000000000004N00000000000000000000000000000000000
          401  0000000000000000000000000000000000000000000000000000000000000000                                    
 0003307    1  S0015    75942       06052011C 10918072000176001  21.22.401-4         pc JVCGQ-100X120X12-6 APDBRA V
          101  LS                                            611   73083000  PC 00000000000004000000000000098302000
          201  000000000386450000000000017746300000000000000000            0000000000000000000000000000000000000000
          301  00000000000000000000N0000000000000000000000000000000000000000001S01200000000000000015458000000000000
          401  0185500000000000021806600000000000022883000000000000000000000000                                    
 0003308    1  S0015    75942       06052011C 10918072000176002  21.22.402-2         pc JVCGQ-100X150X12-6 APDBRA V
          101  LS                                            611   73083000  PC 00000000000002000000000000057898000
          201  000000000430220000000000009878200000000000000000            0000000000000000000000000000000000000000
          301  00000000000000000000N0000000000000000000000000000000000000000001S01200000000000000008604400000000000
          401  0103250000000000012138200000000000012738000000000000000000000000                                    
 0003309    1  S0015    75943       06052011C 28200947001137001  24.16.243-5         pc JMGE -060X060X08-1 APDBRA V
          101  MB                                            611   73083000  PC 00000000000010000000000000080053000
          201  000000000136760000000000015700500000000000000000            0000000000000000000000000000000000000000
          301  00000000000000000000N0000000000000000000000000000000000000000001S01200000000000000013676000000000000
          401  0164110000000000019292700000000000020245000000000000000000000000                                    
 0003310    1  S0015    75943       06052011C 28200947001137002  66.31.175-9         pc PAVBE-217X87X6,5-1 APACZA  
          101                                                611   73083000  PC 00000000000002000000000000035119000
------------------------------------------------------------------------------DATASUL - OBRIGAÇÕES FISCAIS - OF0739A - V:0.00.00.000
------------------------------------------------------------------------------------------------------------------------------------
                                                 Dump 30 ultimos reg. itens NF                                         Página:     2
-------------------------------------------------------------------------------------------------------------- TODAY - 00:00:00

SEQUENCIA POS. ++++.++++1++++.++++2++++.++++3++++.++++4++++.++++5++++.++++6++++.++++7++++.++++8++++.++++9++++.+++10

          201  000000000239550000000000005500300000000000000000            0000000000000000000000000000000000000000
          301  00000000000000000000N0000000000000000000000000000000000000000001S01200000000000000004791000000000000
          401  0057490000000000006758700000000000007093000000000000000000000000                                    
 0003311    1  S0015    75944       06052011C 28200947000750001  24.15.244-8         pc JMGE -060X080X08-1 APDPRA V
          101  MB                                            611   73083000  PC 00000000000010000000000000095740000
          201  000000000143020000000000016419200000000000000000            0000000000000000000000000000000000000000
          301  00000000000000000000N0000000000000000000000000000000000000000001S01200000000000000014302000000000000
          401  0171620000000000020175800000000000021172000000000000000000000000                                    
 0003312    1  S0015    75944       06052011C 28200947000750002  69.51.202-0         pc PCBQ4-217X200X12-4 APACZA  
          101                                                611   73083000  PC 00000000000010000000000000484852000
          201  000000000756200000000000086814200000000000000000            0000000000000000000000000000000000000000
          301  00000000000000000000N0000000000000000000000000000000000000000001S01200000000000000075620000000000000
          401  0907440000000000106677100000000000111942000000000000000000000000                                    
 0003313    1  S0015    75945       06052011C 28200947001056001  24.16.243-5         pc JMGE -060X060X08-1 APDBRA V
          101  MB                                            611   73083000  PC 00000000000004000000000000032021000
          201  000000000136760000000000006280100000000000000000            0000000000000000000000000000000000000000
          301  00000000000000000000N0000000000000000000000000000000000000000001S01200000000000000005470400000000000
          401  0065650000000000007717100000000000008097000000000000000000000000                                    
 0003314    1  S0015    75945       06052011C 28200947001056002  66.61.451-4         pc PSABGEE-217X087X08 APACZA  
          101                                                611   73083000  PC 00000000000002000000000000046061000
          201  000000000321790000000000007388500000000000000000            0000000000000000000000000000000000000000
          301  00000000000000000000N0000000000000000000000000000000000000000001S01200000000000000006435800000000000
          401  0077230000000000009079000000000000009527000000000000000000000000                                    
 0003315    1  S0015    75945       06052011C 28200947001056003  69.51.202-0         pc PCBQ4-217X200X12-4 APACZA  
          101                                                611   73083000  PC 00000000000001000000000000048485000
          201  000000000756200000000000008681500000000000000000            0000000000000000000000000000000000000000
          301  00000000000000000000N0000000000000000000000000000000000000000001S01200000000000000007562000000000000
          401  0090740000000000010667700000000000011195000000000000000000000000                                    
 0003316    1  S0015    5632532     06052011C 03439316003350001  70.22.104-7         pc JVC6GC -100X150X12 ALANAC V
          101  LS                                            511   76101000  PC 00000000000002000000000000023920000
          201  000000000855020000000000018085400000000000000000            0000000000000000000000000000000000000000
          301  00000000000000000000N0000000000000000000000000000000000000000001S02500000000000000017100400000000000
          401  0307810000000000022572500000000000009850000000000000000000000000                                    
 0003317    1  S0011    00827       20052011A 52045697000110001  40T                 KG ITEM CONTROLE TOTAL        
          101                                                512   73083000  PC 00000000000010000000000000029339000
          201  000000000010000000000000001000000000000000000000            0000000000000000000000000000000000000000
          301  00000000000000000001S0000000000000000000100000000000000000000010S02500000000000000001000000000000000
          401  0025000000000000000000000000000000000000000000000000000000000000                                    
 0003318    1  S0011    00852       20052011A 52045697000110001  40T                 KG ITEM CONTROLE TOTAL        
          101                                                591   73083000  PC 00000000000010000000000000029339000
          201  000000000025000000000000002500000000000000000000            0000000000000000000000000000000000000000
          301  00000000000000000001N0000000000000000000000000000000000000000014N02500000000000000000000000000000000
          401  0000000000000000000000000000000000000000000000000000000000000000                                    
 0003319    1  S0011    00904       20052011A 52045697000110001  40T                 KG ITEM CONTROLE TOTAL        
          101                                                611   73083000  PC 00000000000002000000000000029339000
          201  000000000095000000000000001900000000000000000000            0000000000000000000000000000000000000000
          301  00000000000000000001S0000000000000000000190000000000000000000010S02500000000000000001900000000000000
          401  0047500000000000000000000000000000000000000000000000000000000000                                    
 0003320    1  S0011    00907       20052011A 07491528786340001  40T                 KG ITEM CONTROLE TOTAL        
          101                                                711   73083000  PC 00000000000003000000000000029339000
          201  000000000100000000000000003000000000000000000000            0000000000000000000000000000000000000000
          301  00000000000000000001S0000000000000000000300000000000000000000014N00000000000000000000000000000000000
          401  0000000000000000000000000000000000000000000000000000000000000000                                    
 0003321    1  S0011    00950       20052011A 52045697000110001  40T                 KG ITEM CONTROLE TOTAL        
          101                                                611   73083000  PC 00000000000001000000000000029339000
          201  000000000125000000000000001250000000000000000000            0000000000000000000000000000000000000000
          301  00000000000000000001S0000000000000000000125000000000000000000017N02500000000000000000000000000000000
------------------------------------------------------------------------------DATASUL - OBRIGAÇÕES FISCAIS - OF0739A - V:0.00.00.000
------------------------------------------------------------------------------------------------------------------------------------
                                                 Dump 30 ultimos reg. itens NF                                         Página:     3
-------------------------------------------------------------------------------------------------------------- TODAY - 00:00:00

SEQUENCIA POS. ++++.++++1++++.++++2++++.++++3++++.++++4++++.++++5++++.++++6++++.++++7++++.++++8++++.++++9++++.+++10

          401  0000000000000000000000000000000000000000000000000000000000000000                                    
 0003322    1  S0011    00957       20052011A 52045697000110001  40T                 KG ITEM CONTROLE TOTAL        
          101                                                611   73083000  PC 00000000000005000000000000029339000
          201  000000000100000000000000005000000000000000000000            0000000000000000000000000000000000000000
          301  00000000000000000001S0000000000000000000500000000000000000000010S02500000000000000005000000000000000
          401  0125000000000000000000000000000000000000000000000000000000000000                                    
 0003323    1  S0011    01035       20052011A 52045697000110001  40T                 KG ITEM CONTROLE TOTAL        
          101                                                611   73083000  PC 00000000000005000000000000029339000
          201  000000000100000000000000005500000000000000000000            0000000000000000000000000000000000000000
          301  00000000000000000001S0100000000000000000500000000000000000500010S02500000000000000005000000000000000
          401  0125000000000000000000000000000000000000000000000000000000000000                                    
 0003324    1  S0011    01035       20052011A 52045697000110002  40T                 KG ITEM CONTROLE TOTAL        
          101                                                611   73083000  PC 00000000000010000000000000029339000
          201  000000000100000000000000011000000000000000000000            0000000000000000000000000000000000000000
          301  00000000000000000001S0100000000000000001000000000000000001000010S02500000000000000010000000000000000
          401  0250000000000000000000000000000000000000000000000000000000000000                                    
 0003325    1  S0011    01338       20052011A 52045697000110001  40T                 KG ITEM CONTROLE TOTAL        
          101                                                611   73083000  PC 00000000000010000000000000029339000
          201  000000000017500000000000001750000000000000000000            0000000000000000000000000000000000000000
          301  00000000000000000001S0000000000000000000175000000000000000000010S02500000000000000001750000000000000
          401  0043750000000000000000000000000000000000000000000000000000000000                                    
 0003326    1  S0011    01502       20052011A 52045697000110001  40T                 KG ITEM CONTROLE TOTAL        
          101                                                691   73083000  PC 00000000000001000000000000029339000
          201  000000000135000000000000001350000000000000000000            0000000000000000000000000000000000000000
          301  00000000000000000001N0000000000000000000000000000000000000000014N02500000000000000000000000000000000
          401  0000000000000000000000000000000000000000000000000000000000000000                                    
 0003327    1  S0011    01600       20052011A 52045697000110001  40T                 KG ITEM CONTROLE TOTAL        
          101                                                595   73083000  PC 00000000000010000000000000029339000
          201  000000000022000000000000002200000000000000000000            0000000000000000000000000000000000000000
          301  00000000000000000001N0000000000000000000000000000000000000000010S02500000000000000002200000000000000
          401  0055000000000000000000000000000000000000000000000000000000000000                                    
 0003328    1  S0011    5263452     20052011A 52045697000110001  40T                 KG ITEM CONTROLE TOTAL        
          101                                                591   73083000  PC 00000000000010000000000000029339000
          201  000000000025000000000000002500000000000000000000            0000000000000000000000000000000000000000
          301  00000000000000000001N0000000000000000000000000000000000000000014N02500000000000000000000000000000000
          401  0000000000000000000000000000000000000000000000000000000000000000                                    





















------------------------------------------------------------------------------DATASUL - OBRIGAÇÕES FISCAIS - OF0739A - V:0.00.00.000
