------------------------------------------------------------------------------------------------------------------------------------
                                                 Dump 30 primeirosreg. Itens NFE                                       Página:     1
-------------------------------------------------------------------------------------------------------------- TODAY - 00:00:00

SEQUENCIA POS. ++++.++++1++++.++++2++++.++++3++++.++++4++++.++++5++++.++++6++++.++++7++++.++++8++++.++++9++++.+++10

 0000001    1  E0025    7052011     01052011C 00086308459966001  13F                 KG ITEM CONTROLE TOTAL        
          101                                                19373083000     PC 00000000000001000000000000029339000
          201  000000001000000000000000010000000000000000000000            0000000000000000000000000000000000000000
          301  00000000000000000001S0000000000000000001000000000000000000000010S01700000000000000010000000000000000
          401  0170000000000000000000000000000000000000000000000000000000000000                                    
 0000002    1  E0025    9152011     01052011A 61101895000498001  DD                  pc Material D.Direto - TRIBUTA
          101  DO                                            29300000000     pc 00000000000001000000000000000000000
          201  000000001000000000000000010000000000000000000000            0000000000000000000000000000000000000000
          301  00000000000000000000S0000000000000000001000000000000000000000000S01700000000000000010000000000000000
          401  0170000000000000000000000000000000000000000000000000000000000000                                    
 0000003    1  E0011    0051917     02052011A 00001114183806001  40F                 KG ITEM CONTROLE F?SICO       
          101                                                29773083000     PC 00000000000001000000000000029339000
          201  000000001500000000000000015000000000000000000000            0000000000000000000000000000000000000000
          301  00000000000000000000N0000000000000000000000000000000000000000007N01200000000000000000000000000000000
          401  0000000000000000000000000000000000000000000000000000000000000000                                    
 0000004    1  E001     0000102     25042011F 04163173000181001  DD                  pc Relógio Bulova - valor unit
          101  ário R$ 1.475,00                              19900000000     pc 00000000000004000000000000000000000
          201  000000001475000000000000059000000000000000000000            0000000000000000000000000000000000000000
          301  00000000000000000000N0000000000000000000000000000000000000000004N00000000000000000000000000000000000
          401  0000000000000000000000000000000000000000000000000000000000000000                                    
 0000005    1  E001     0000275     19042011F 09535195000149001  DD                  pc Material D.Direto - TRIBUTA
          101  DO                                            19700000000     pc 00000000000005000000000000000000000
          201  000000000003400000000000000170000000000000000000            0000000000000000000000000000000000000000
          301  00000000000000000000N0000000000000000000000000000000000000000004N00000000000000000000000000000000000
          401  0000000000000000000000000000000000000000000000000000000000000000                                    
 0000006    1  E001     0000275     19042011F 09535195000149002  DD                  pc Material D.Direto - TRIBUTA
          101  DO                                            19700000000     pc 00000000000004000000000000000000000
          201  000000000002900000000000000116000000000000000000            0000000000000000000000000000000000000000
          301  00000000000000000000N0000000000000000000000000000000000000000004N00000000000000000000000000000000000
          401  0000000000000000000000000000000000000000000000000000000000000000                                    
 0000007    1  E001     0000275     19042011F 09535195000149003  DD                  pc Material D.Direto - TRIBUTA
          101  DO                                            19700000000     pc 00000000000002000000000000000000000
          201  000000000003600000000000000072000000000000000000            0000000000000000000000000000000000000000
          301  00000000000000000000N0000000000000000000000000000000000000000004N00000000000000000000000000000000000
          401  0000000000000000000000000000000000000000000000000000000000000000                                    
 0000008    1  E001     0000275     19042011F 09535195000149004  DD                  pc Material D.Direto - TRIBUTA
          101  DO                                            19700000000     pc 00000000000001000000000000000000000
          201  000000000003300000000000000033000000000000000000            0000000000000000000000000000000000000000
          301  00000000000000000000N0000000000000000000000000000000000000000004N00000000000000000000000000000000000
          401  0000000000000000000000000000000000000000000000000000000000000000                                    
 0000009    1  E001     0000275     19042011F 09535195000149005  DD                  pc Material D.Direto - TRIBUTA
          101  DO                                            19700000000     pc 00000000000004000000000000000000000
          201  000000000006900000000000000276000000000000000000            0000000000000000000000000000000000000000
          301  00000000000000000000N0000000000000000000000000000000000000000004N00000000000000000000000000000000000
          401  0000000000000000000000000000000000000000000000000000000000000000                                    
 0000010    1  E001     0001302     28042011A 07295484000192001  82.60.413-8         m  FITA PP CZA 5X12mm         
          101                                                11159119000     MT 00000000000800000000000000000000000
          201  000000000000320000000000002696400000000000000000            0000000000000000000000000000000000000000
          301  00000000000000000000S0050000000000000000256800000000000000128400S01800000000000000002568000000000000
          401  0046220000000000000000000000000000000000000000000000000000000000                                    
 0000011    1  E001     0001302     28042011A 07295484000192002  82.60.409-0         m  FITA PP CZA 5X5mm          
          101                                                11159119000     MT 00000000020000000000000000000000000
          201  000000000000120000000000025620000000000000000000            0000000000000000000000000000000000000000
          301  00000000000000000000S0050000000000000002440000000000000001220000S01800000000000000024400000000000000
          401  0439200000000000000000000000000000000000000000000000000000000000                                    
 0000012    1  E001     0001762     27042011F 11284925000128001  81.25.004-9         pc DOBR 1290  76X64           
          101                                                11183021000     PC 00000000001992000000000000000000000
------------------------------------------------------------------------------DATASUL - OBRIGAÇÕES FISCAIS - OF0739A - V:0.00.00.000
------------------------------------------------------------------------------------------------------------------------------------
                                                 Dump 30 primeirosreg. Itens NFE                                       Página:     2
-------------------------------------------------------------------------------------------------------------- TODAY - 00:00:00

SEQUENCIA POS. ++++.++++1++++.++++2++++.++++3++++.++++4++++.++++5++++.++++6++++.++++7++++.++++8++++.++++9++++.+++10

          201  000000000000800000000000015901100000000000000000            0000000000000000000000000000000000000000
          301  00000000000000000000N0000000000000000000000000000000000000000000S01800000000000000015901100000000000
          401  0286220000000000000000000000000000000000000000000000000000000000                                    
 0000013    1  E001     0002904     28042011F 04559470000140014  96.02.250-6         pc BORBOLETA SORO 21          
          101                                                19730051090     PC 00000000000020000000000000000000000
          201  000000000000350000000000000070000000000000000000            0000000000000000000000000000000000000000
          301  00000000000000000000N0000000000000000000000000000000000000000007N00000000000000000000000000000000000
          401  0000000000000000000000000000000000000000000000000000000000000000                                    
 0000014    1  E001     0002904     28042011F 04559470000140015  96.30.090-5         pc PAPEL LENCOL 50CM          
          101                                                19730051090     PC 00000000000010000000000000000000000
          201  000000000004000000000000000400000000000000000000            0000000000000000000000000000000000000000
          301  00000000000000000000N0000000000000000000000000000000000000000007N00000000000000000000000000000000000
          401  0000000000000000000000000000000000000000000000000000000000000000                                    
 0000015    1  E001     0002904     28042011F 04559470000140001  96.02.300-6         pc BUSCOPAN COMP.COMPRIM.     
          101                                                19730044090     PC 00000000000002000000000000000000000
          201  000000000009420000000000000188400000000000000000            0000000000000000000000000000000000000000
          301  00000000000000000000N0000000000000000000000000000000000000000007N00000000000000000000000000000000000
          401  0000000000000000000000000000000000000000000000000000000000000000                                    
 0000016    1  E001     0002904     28042011F 04559470000140002  96.02.301-4         pc BUSCOPAN COMP GOTAS        
          101                                                19730051090     PC 00000000000003000000000000000000000
          201  000000000008960000000000000268800000000000000000            0000000000000000000000000000000000000000
          301  00000000000000000000N0000000000000000000000000000000000000000007N00000000000000000000000000000000000
          401  0000000000000000000000000000000000000000000000000000000000000000                                    
 0000017    1  E001     0002904     28042011F 04559470000140003  96.02.302-2         pc BUSCOPAN COMP INJ.5ML      
          101                                                19730051090     PC 00000000000006000000000000000000000
          201  000000000009890000000000000593400000000000000000            0000000000000000000000000000000000000000
          301  00000000000000000000N0000000000000000000000000000000000000000007N00000000000000000000000000000000000
          401  0000000000000000000000000000000000000000000000000000000000000000                                    
 0000018    1  E001     0002904     28042011F 04559470000140004  96.04.100-4         pc NIMESULIDA 100mg           
          101                                                19730049099     PC 00000000000006000000000000000000000
          201  000000000007500000000000000450000000000000000000            0000000000000000000000000000000000000000
          301  00000000000000000000N0000000000000000000000000000000000000000007N00000000000000000000000000000000000
          401  0000000000000000000000000000000000000000000000000000000000000000                                    
 0000019    1  E001     0002904     28042011F 04559470000140005  96.04.129-2         pc CEFALIUM COMPR.            
          101                                                19730051090     PC 00000000000002000000000000000000000
          201  000000000012450000000000000249000000000000000000            0000000000000000000000000000000000000000
          301  00000000000000000000N0000000000000000000000000000000000000000007N00000000000000000000000000000000000
          401  0000000000000000000000000000000000000000000000000000000000000000                                    
 0000020    1  E001     0002904     28042011F 04559470000140006  96.08.200-2         pc ESPARADRAPO 10X4,5         
          101                                                19730051090     PC 00000000000002000000000000000000000
          201  000000000007990000000000000159800000000000000000            0000000000000000000000000000000000000000
          301  00000000000000000000N0000000000000000000000000000000000000000007N00000000000000000000000000000000000
          401  0000000000000000000000000000000000000000000000000000000000000000                                    
 0000021    1  E001     0002904     28042011F 04559470000140007  96.10.380-8         pc FLORATIL 200MG CAP         
          101                                                19730049099     PC 00000000000004000000000000000000000
          201  000000000025500000000000001020000000000000000000            0000000000000000000000000000000000000000
          301  00000000000000000000N0000000000000000000000000000000000000000007N00000000000000000000000000000000000
          401  0000000000000000000000000000000000000000000000000000000000000000                                    
 0000022    1  E001     0002904     28042011F 04559470000140008  96.22.501-6         pc LUVA CIRURG PROCED         
          101                                                19730051090     PC 00000000000002000000000000000000000
          201  000000000017000000000000000340000000000000000000            0000000000000000000000000000000000000000
          301  00000000000000000000N0000000000000000000000000000000000000000007N00000000000000000000000000000000000
          401  0000000000000000000000000000000000000000000000000000000000000000                                    
 0000023    1  E001     0002904     28042011F 04559470000140009  96.26.401-1         pc NOVALGINA GOTAS            
          101                                                19730039078     PC 00000000000010000000000000000000000
          201  000000000001500000000000000150000000000000000000            0000000000000000000000000000000000000000
          301  00000000000000000000N0000000000000000000000000000000000000000007N00000000000000000000000000000000000
------------------------------------------------------------------------------DATASUL - OBRIGAÇÕES FISCAIS - OF0739A - V:0.00.00.000
------------------------------------------------------------------------------------------------------------------------------------
                                                 Dump 30 primeirosreg. Itens NFE                                       Página:     3
-------------------------------------------------------------------------------------------------------------- TODAY - 00:00:00

SEQUENCIA POS. ++++.++++1++++.++++2++++.++++3++++.++++4++++.++++5++++.++++6++++.++++7++++.++++8++++.++++9++++.+++10

          401  0000000000000000000000000000000000000000000000000000000000000000                                    
 0000024    1  E001     0002904     28042011F 04559470000140010  96.12.300-0         pc GLICOSE HIPERT 25%         
          101                                                19730051090     PC 00000000000020000000000000000000000
          201  000000000000220000000000000044000000000000000000            0000000000000000000000000000000000000000
          301  00000000000000000000N0000000000000000000000000000000000000000007N00000000000000000000000000000000000
          401  0000000000000000000000000000000000000000000000000000000000000000                                    
 0000025    1  E001     0002904     28042011F 04559470000140011  96.32.203-8         pc SERINGA DES20MLS/A         
          101                                                19730051090     PC 00000000000020000000000000000000000
          201  000000000000650000000000000130000000000000000000            0000000000000000000000000000000000000000
          301  00000000000000000000N0000000000000000000000000000000000000000007N00000000000000000000000000000000000
          401  0000000000000000000000000000000000000000000000000000000000000000                                    
 0000026    1  E001     0002904     28042011F 04559470000140012  96.32.221-6         pc SERINGA DES 5ML C/AGULHA   
          101                                                19730051090     PC 00000000000030000000000000000000000
          201  000000000000990000000000000297000000000000000000            0000000000000000000000000000000000000000
          301  00000000000000000000N0000000000000000000000000000000000000000007N00000000000000000000000000000000000
          401  0000000000000000000000000000000000000000000000000000000000000000                                    
 0000027    1  E001     0002904     28042011F 04559470000140013  DD                  pc Material D.Direto - TRIBUTA
          101  DO                                            19700000000     pc 00000000000030000000000000000000000
          201  000000000000550000000000000165000000000000000000            0000000000000000000000000000000000000000
          301  00000000000000000000N0000000000000000000000000000000000000000007N00000000000000000000000000000000000
          401  0000000000000000000000000000000000000000000000000000000000000000                                    
 0000028    1  E001     0004038     05042011A 61531323000104001  81.31.204-4         pc FECHO COM TRAVA            
          101                                                11176109000     PC 00000000000300000000000000000000000
          201  000000000006330000000000018990000000000000000000            0000000000000000000000000000000000000000
          301  00000000000000000000N0000000000000000000000000000000000000000000S01800000000000000018990000000000000
          401  0341820000000000000000000000000000000000000000000000000000000000                                    
 0000029    1  E001     0004054     05042011A 61531323000104001  82.60.546-0         pc FECHO MAXIM-AR ALUMIFORT   
          101                                                11176109000     PC 00000000000300000000000000000000000
          201  000000000006050000000000018150000000000000000000            0000000000000000000000000000000000000000
          301  00000000000000000001N0000000000000000000000000000000000000000010S01800000000000000018150000000000000
          401  0326700000000000000000000000000000000000000000000000000000000000                                    
 0000030    1  E001     0004055     05042011A 61531323000104001  82.60.547-9         pc FECHO MAX-AR AL BRANCO     
          101                                                11176109000     PC 00000000000400000000000000000000000
          201  000000000006490000000000025960000000000000000000            0000000000000000000000000000000000000000
          301  00000000000000000001N0000000000000000000000000000000000000000010S01800000000000000025960000000000000
          401  0467280000000000000000000000000000000000000000000000000000000000                                    





















------------------------------------------------------------------------------DATASUL - OBRIGAÇÕES FISCAIS - OF0739A - V:0.00.00.000
------------------------------------------------------------------------------------------------------------------------------------
                                                 Dump 30 ultimosreg. Itens NFE                                         Página:     1
-------------------------------------------------------------------------------------------------------------- TODAY - 00:00:00

SEQUENCIA POS. ++++.++++1++++.++++2++++.++++3++++.++++4++++.++++5++++.++++6++++.++++7++++.++++8++++.++++9++++.+++10

 0000968    1  E003U    0016655     04052011F 59512962000172001  81.71.189-5         pc VD L3X1069X457             
          101                                                16270052900     pc 00000000000000000000000000000000000
          201  000000000135820000000000001358200000000000000000            0000000000000000000000000000000000000000
          301  00000000000000000000N0000000000000000000000000000000000000000000S01200000000000000001358200000000000
          401  0016300000000000000000000000000000000000000000000000000000000000                                    
 0000969    1  E003U    0016655     04052011F 59512962000172002  81.71.192-5         pc VD L3X1064X337             
          101                                                16270052900     pc 00000000000000000000000000000000000
          201  000000000099640000000000000996400000000000000000            0000000000000000000000000000000000000000
          301  00000000000000000000N0000000000000000000000000000000000000000000S01200000000000000000996400000000000
          401  0011960000000000000000000000000000000000000000000000000000000000                                    
 0000970    1  E003U    0016655     04052011F 59512962000172003  81.71.194-1         pc VD L3X1069X271             
          101                                                16270052900     pc 00000000000000000000000000000000000
          201  000000000080500000000000000805000000000000000000            0000000000000000000000000000000000000000
          301  00000000000000000000N0000000000000000000000000000000000000000000S01200000000000000000805000000000000
          401  0009660000000000000000000000000000000000000000000000000000000000                                    
 0000971    1  E003U    0016655     04052011F 59512962000172004  81.71.202-6         pc VD L3X864X337              
          101                                                16270052900     pc 00000000000000000000000000000000000
          201  000000000101150000000000001011500000000000000000            0000000000000000000000000000000000000000
          301  00000000000000000000N0000000000000000000000000000000000000000000S01200000000000000001011500000000000
          401  0012140000000000000000000000000000000000000000000000000000000000                                    
 0000972    1  E003U    0016655     04052011F 59512962000172005  81.71.204-2         pc VD L3X869X257              
          101                                                16270052900     pc 00000000000000000000000000000000000
          201  000000000077560000000000000775600000000000000000            0000000000000000000000000000000000000000
          301  00000000000000000000N0000000000000000000000000000000000000000000S01200000000000000000775600000000000
          401  0009310000000000000000000000000000000000000000000000000000000000                                    
 0000973    1  E003U    0016655     04052011F 59512962000172006  81.71.205-0         pc VD L3X869X346              
          101                                                16270052900     pc 00000000000000000000000000000000000
          201  000000000208940000000000002089400000000000000000            0000000000000000000000000000000000000000
          301  00000000000000000000N0000000000000000000000000000000000000000000S01200000000000000002089400000000000
          401  0025060000000000000000000000000000000000000000000000000000000000                                    
 0000974    1  E003U    0016655     04052011F 59512962000172007  81.71.206-9         pc VD L3X869X332              
          101                                                16270052900     pc 00000000000000000000000000000000000
          201  000000000200550000000000002005500000000000000000            0000000000000000000000000000000000000000
          301  00000000000000000000N0000000000000000000000000000000000000000000S01200000000000000002005500000000000
          401  0024070000000000000000000000000000000000000000000000000000000000                                    
 0000975    1  E003U    0016655     04052011F 59512962000172008  81.71.214-0         pc VD MB3X864X398             
          101                                                16270031900     M2 00000000000000000000000000000000000
          201  000000000160370000000000001603700000000000000000            0000000000000000000000000000000000000000
          301  00000000000000000000N0000000000000000000000000000000000000000000S01200000000000000001603700000000000
          401  0019240000000000000000000000000000000000000000000000000000000000                                    
 0000976    1  E003U    0016655     04052011F 59512962000172009  81.71.215-8         pc VD MB3X864X498             
          101                                                16270031900     M2 00000000000000000000000000000000000
          201  000000000200720000000000002007200000000000000000            0000000000000000000000000000000000000000
          301  00000000000000000000N0000000000000000000000000000000000000000000S01200000000000000002007200000000000
          401  0024090000000000000000000000000000000000000000000000000000000000                                    
 0000977    1  E003U    0016655     04052011F 59512962000172010  81.71.222-0         pc VD MB3X177X745             
          101                                                16270031900     M2 00000000000000000000000000000000000
          201  000000000098390000000000000983900000000000000000            0000000000000000000000000000000000000000
          301  00000000000000000000N0000000000000000000000000000000000000000000S01200000000000000000983900000000000
          401  0011810000000000000000000000000000000000000000000000000000000000                                    
 0000978    1  E003U    0082246     28042011F 03392405000100001  85.10.310-5         kg FILME STRECH 500X0,025     
          101                                                16239201099     KG 00000000000000000000000000000000000
          201  000000000064830000000000000648300000000000000000            0000000000000000000000000000000000000000
          301  00000000000000000001N0000000000000000000000000000000000000000010S01200000000000000000648300000000000
          401  0007780000000000000000000000000000000000000000000000000000000000                                    
 0000979    1  E003U    0082365     04052011F 03392405000100001  82.63.263-8         pc PAR1026000 PF A/A PAN PHILI
          101  PS 4,2 X 19mm IN30                            16273181500     PC 00000000000000000000000000000000000
------------------------------------------------------------------------------DATASUL - OBRIGAÇÕES FISCAIS - OF0739A - V:0.00.00.000
------------------------------------------------------------------------------------------------------------------------------------
                                                 Dump 30 ultimosreg. Itens NFE                                         Página:     2
-------------------------------------------------------------------------------------------------------------- TODAY - 00:00:00

SEQUENCIA POS. ++++.++++1++++.++++2++++.++++3++++.++++4++++.++++5++++.++++6++++.++++7++++.++++8++++.++++9++++.+++10

          201  000000000010440000000000000104400000000000000000            0000000000000000000000000000000000000000
          301  00000000000000000001N0000000000000000000000000000000000000000010S01200000000000000000104400000000000
          401  0001250000000000000000000000000000000000000000000000000000000000                                    
 0000980    1  E003U    0082365     04052011F 03392405000100002  82.63.155-0         pc PAR1011000 PF P.PHILIPS 4,8
          101   X 50mm IN                                    16273181500     PC 00000000000000000000000000000000000
          201  000000000036370000000000000363700000000000000000            0000000000000000000000000000000000000000
          301  00000000000000000001N0000000000000000000000000000000000000000010S01200000000000000000363700000000000
          401  0004360000000000000000000000000000000000000000000000000000000000                                    
 0000981    1  E003U    0082365     04052011F 03392405000100003  82.63.180-1         pc PAR1014000 PF A/A CHATA PHI
          101  LIPS 4,2 X 16mm IN                            16273181500     PC 00000000000000000000000000000000000
          201  000000000002860000000000000028600000000000000000            0000000000000000000000000000000000000000
          301  00000000000000000001N0000000000000000000000000000000000000000010S01200000000000000000028600000000000
          401  0000340000000000000000000000000000000000000000000000000000000000                                    
 0000982    1  E003U    0082365     04052011F 03392405000100004  82.63.158-5         pc PAR1025000 PF A/A PAN PHILI
          101  PS 4,2 X 16mm IN                              16273181500     PC 00000000000000000000000000000000000
          201  000000000050740000000000000507400000000000000000            0000000000000000000000000000000000000000
          301  00000000000000000001N0000000000000000000000000000000000000000010S01200000000000000000507400000000000
          401  0006090000000000000000000000000000000000000000000000000000000000                                    
 0000983    1  E003U    0641796     19042011A 55065981000228001  34                  pc FRETE DA MAQUINA DE VIDRO (
          101  BOTTERO GLASS)                                16200000000     pc 00000000000000240000000000000000000
          201  000000009803250000000000023527800000000000000000            0000000000000000000000000000000000000000
          301  00000000000000000000N0000000000000000000000000000000000000000007N00000000000000000000000000000000000
          401  0000000000000000000000000000000000000000000000000000000000000000                                    
 0000984    1  E003U    0641797     19042011A 55065981000228001  34                  pc FRETE DA MAQUINA DE VIDRO (
          101  BOTTERO GLASS)                                16200000000     pc 00000000000000240000000000000000000
          201  000000009803250000000000023527800000000000000000            0000000000000000000000000000000000000000
          301  00000000000000000000N0000000000000000000000000000000000000000007N00000000000000000000000000000000000
          401  0000000000000000000000000000000000000000000000000000000000000000                                    
 0000985    1  E003U    0725926     28042011A 46174884000100001  26                  pc FRETE REALIZADO PELA EMPRES
          101  A EXPRESSO DE PRAT                            16200000000     pc 00000000000001000000000000000000000
          201  000000000085440000000000000854400000000000000000            0000000000000000000000000000000000000000
          301  00000000000000000000N0000000000000000000000000000000000000000007N00000000000000000000000000000000000
          401  0000000000000000000000000000000000000000000000000000000000000000                                    
 0000986    1  E003U    0733347     04052011A 46174884000100001  81.01.101-0         pc ANEL O'RING 2-320          
          101                                                16240169300        00000000000000000000000000000000000
          201  000000000100390000000000001003900000000000000000            0000000000000000000000000000000000000000
          301  00000000000000000000N0000000000000000000000000000000000000000000S01200000000000000001003900000000000
          401  0012050000000000000000000000000000000000000000000000000000000000                                    
 0000987    1  E003U    0736060     28042011A 46174884000100001  93.91.005-2         l  TTAESM VERDE RALL          
          101                                                16273181600     PC 00000000000000000000000000000000000
          201  000000000086180000000000000861800000000000000000            0000000000000000000000000000000000000000
          301  00000000000000000000N0000000000000000000000000000000000000000007N00000000000000000000000000000000000
          401  0000000000000000000000000000000000000000000000000000000000000000                                    
 0000988    1  E0011    0001054     20052011A 07491528786340001  40T                 KG ITEM CONTROLE TOTAL        
          101                                                39173083000     PC 00000000000007000000000000029339000
          201  000000000031430000000000002200000000000000000000            0000000000000000000000000000000000000000
          301  00000000000000000001N0000000000000000000000000000000000000000017N01200000000000000000000000000000000
          401  0000000000000000000000000000000000000000000000000000000000000000                                    
 0000989    1  E0011    0001116     20052011A 52045697000110001  40T                 KG ITEM CONTROLE TOTAL        
          101                                                15573083000     PC 00000000000005000000000000029339000
          201  000000000028000000000000001400000000000000000000            0000000000000000000000000000000000000000
          301  00000000000000000001S0000000000000000000140000000000000000000017N01700000000000000000000000000000000
          401  0000000000000000000000000000000000000000000000000000000000000000                                    
 0000990    1  E0011    0001136     20052011A 52045697000110001  40T                 KG ITEM CONTROLE TOTAL        
          101                                                21273083000     PC 00000000000001000000000000029339000
          201  000000000120000000000000001200000000000000000000            0000000000000000000000000000000000000000
          301  00000000000000000001N0000000000000000000000000000000000000000010S01200000000000000001200000000000000
------------------------------------------------------------------------------DATASUL - OBRIGAÇÕES FISCAIS - OF0739A - V:0.00.00.000
------------------------------------------------------------------------------------------------------------------------------------
                                                 Dump 30 ultimosreg. Itens NFE                                         Página:     3
-------------------------------------------------------------------------------------------------------------- TODAY - 00:00:00

SEQUENCIA POS. ++++.++++1++++.++++2++++.++++3++++.++++4++++.++++5++++.++++6++++.++++7++++.++++8++++.++++9++++.+++10

          401  0014400000000000000000000000000000000000000000000000000000000000                                    
 0000991    1  E0011    0001145     20052011A 52045697000110001  40T                 KG ITEM CONTROLE TOTAL        
          101                                                11173083000     PC 00000000000003000000000000029339000
          201  000000000110000000000000003300000000000000000000            0000000000000000000000000000000000000000
          301  00000000000000000001N0000000000000000000000000000000000000000014N00000000000000000000000000000000000
          401  0000000000000000000000000000000000000000000000000000000000000000                                    
 0000992    1  E0011    0001345     20052011A 52045697000110001  40T                 KG ITEM CONTROLE TOTAL        
          101                                                11173083000     PC 00000000000010000000000000029339000
          201  000000000011000000000000001100000000000000000000            0000000000000000000000000000000000000000
          301  00000000000000000001S0000000000000000000110000000000000000000010S01700000000000000001100000000000000
          401  0018700000000000000000000000000000000000000000000000000000000000                                    
 0000993    1  E0011    0001510     20052011A 52045697000110001  40T                 KG ITEM CONTROLE TOTAL        
          101                                                13273083000     PC 00000000000010000000000000029339000
          201  000000000016000000000000001600000000000000000000            0000000000000000000000000000000000000000
          301  00000000000000000001S0000000000000000000160000000000000000000010S01800000000000000001600000000000000
          401  0028800000000000000000000000000000000000000000000000000000000000                                    
 0000994    1  E0011    0001623     20052011A 07491528786340001  40T                 KG ITEM CONTROLE TOTAL        
          101                                                39173083000     PC 00000000000001000000000000029339000
          201  000000000195000000000000001950000000000000000000            0000000000000000000000000000000000000000
          301  00000000000000000001N0000000000000000000000000000000000000000017N01800000000000000000000000000000000
          401  0000000000000000000000000000000000000000000000000000000000000000                                    
 0000995    1  E0011    0001227     26052011A 52045697000110001  .COMPRAS            pc .Compras - Projeto 87      
          101                                                11073089090     PC 00000000000010000000000000000000000
          201  000000000035000000000000003675000000000000000000            0000000000000000000000000000000000000000
          301  00000000000000000001S0050000000000000000350000000000000000175017N01700000000000000000000000000000000
          401  0000000000000000000000000000000000000000000000000000000000000000                                    
 0000996    1  E0011    0001232     26052011A 52045697000110001  40T                 KG ITEM CONTROLE TOTAL        
          101                                                11073083000     PC 00000000000015000000000000029339000
          201  000000000037330000000000005600000000000000000000            0000000000000000000000000000000000000000
          301  00000000000000000001N0000000000000000000000000000000000000000017N01700000000000000000000000000000000
          401  0000000000000000000000000000000000000000000000000000000000000000                                    
 0000997    1  E0011    0001409     26052011A 52045697000110001  40T                 KG ITEM CONTROLE TOTAL        
          101                                                10373083000     PC 00000000000010000000000000029339000
          201  000000000027500000000000002750000000000000000000            0000000000000000000000000000000000000000
          301  00000000000000000001N0000000000000000000000000000000000000000010S01200000000000000002750000000000000
          401  0033000000000000000000000000000000000000000000000000000000000000                                    





















------------------------------------------------------------------------------DATASUL - OBRIGAÇÕES FISCAIS - OF0739A - V:0.00.00.000
