------------------------------------------------------------------------------------------------------------------------------------
                                                 Dump 30 primeiros reg. Itens NF Servicos                              Página:     1
-------------------------------------------------------------------------------------------------------------- TODAY - 00:00:00

SEQUENCIA POS. ++++.++++1++++.++++2++++.++++3++++.++++4++++.++++5++++.++++6++++.++++7++++.++++8++++.++++9++++.+++10

 0000001    1  S0025    8052011     01052011C 000863084599660                                                      
          101            000000000001000000000000000000000000000000000000000000000000000000000000000              0
          201  0000000000100000                                                                                    
 0000002    1  S0025    9052011     01052011C 000863084599660                                                      
          101            000000000001000000000000000000000000000000000000000000000000000000000000000              0
          201  0000000000100000                                                                                    
 0000003    1  S0025    9252011     01052011A 611018950004980                                                      
          101            000000000001000000000000000000000000000000000000000000000000000000000000000              0
          201  0000000000100000                                                                                    
 0000004    1  S0025    9352011     01052011A 611018950004980                                                      
          101            000000000010000000000000000000000000000000000000000000000000000000000000000              0
          201  0000000001000000                                                                                    
 0000005    1  S0021    0083010     03052011A 611018950004980                                                      
          101            000000000003800000000000000000000000000000000000000000000000000000000000000              0
          201  0000000000380000                                                                                    
 0000006    1  S0021    0083011     03052011A 61101895000498103                 103 serviço                        
          101            000000000003200000000000000000000000200000000000000032000000000000000006400              0
          201  0000000000320000                                                                                    
 0000007    1  S0021    0083011     03052011A 61101895000498103                 103 serviço                        
          101            000000000001000000000000000000000000500000000000000010000000000000000005000              0
          201  0000000000100000                                                                                    
 0000008    1  S0021    0083012     03052011C 00086308459966103                 103 serviço                        
          101            000000000004800000000000000000000000200000000000000048000000000000000009600              0
          201  0000000000480000                                                                                    
 0000009    1  S0021    0083012     03052011C 00086308459966103                 103 serviço                        
          101            000000000001800000000000000000000001000000000000000018000000000000000018000              0
          201  0000000000180000                                                                                    
 0000010    1  S0021    0083013     03052011A 61101895000498103                 103 serviço                        
          101            000000000002789000000000000000000000500000000000000027890000000000000013945              0
          201  0000000000278900                                                                                    
 0000011    1  S0021    0083013     03052011A 61101895000498103                 103 serviço                        
          101            000000000001200000000000000000000000200000000000000012000000000000000002400              0
          201  0000000000120000                                                                                    
 0000012    1  S0021    0083014     03052011A 61101895000498103                 103 serviço                        
          101            000000000001600000000000000000000000200000000000000016000000000000000003200              0
          201  0000000000160000                                                                                    
 0000013    1  S0021    0083015     03052011A 61101895000498103                 103 serviço                        
          101            000000000006410000000000000000000000200000000000000064100000000000000012820              0
          201  0000000000641000                                                                                    
 0000014    1  S0021    0083015     03052011A 61101895000498103                 103 serviço                        
          101            000000000006000000000000000000000000500000000000000060000000000000000030000              0
          201  0000000000600000                                                                                    
 0000015    1  S0021    0083017     03052011A 61101895000498103                 103 serviço                        
          101            000000000007560000000000000000000000200000000000000075600000000000000015120              0
          201  0000000000756000                                                                                    
 0000016    1  S0021    0083019     03052011A 61101895000498103                 103 serviço                        
          101            000000000020000000000000000000000000200000000000000200000000000000000040000              0
          201  0000000002000000                                                                                    
 0000017    1  S0021    0083020     03052011A 61101895000498103                 103 serviço                        
          101            000000000003450000000000000000000000200000000000000029325000000000000005865              0
          201  0000000000345000                                                                                    
 0000018    1  S0021    0083020     03052011A 61101895000498103                 103 serviço                        
          101            000000000000000000000000000000000000200000000000000000000000000000000000000              0
          201  0000000000000000                                                                                    
 0000019    1  S0021    0083021     03052011A 61101895000498103                 103 serviço                        
          101            000000000001000000000000000000000000000000000000000010000000000000000020000              0
          201  0000000000100000                                                                                    
------------------------------------------------------------------------------DATASUL - OBRIGAÇÕES FISCAIS - OF0739A - V:0.00.00.000
------------------------------------------------------------------------------------------------------------------------------------
                                                 Dump 30 primeiros reg. Itens NF Servicos                              Página:     2
-------------------------------------------------------------------------------------------------------------- TODAY - 00:00:00

SEQUENCIA POS. ++++.++++1++++.++++2++++.++++3++++.++++4++++.++++5++++.++++6++++.++++7++++.++++8++++.++++9++++.+++10

 0000020    1  S0022    0255576     03052011C 49889140000151103                 103 serviço                        
          101            000000000009000000000000000000000000200000000000000090000000000000000018000              0
          201  0000000000900000                                                                                    






















































------------------------------------------------------------------------------DATASUL - OBRIGAÇÕES FISCAIS - OF0739A - V:0.00.00.000
------------------------------------------------------------------------------------------------------------------------------------
                                                 Dump 30 ultimos reg. Itens NF Servicos                                Página:     1
-------------------------------------------------------------------------------------------------------------- TODAY - 00:00:00

SEQUENCIA POS. ++++.++++1++++.++++2++++.++++3++++.++++4++++.++++5++++.++++6++++.++++7++++.++++8++++.++++9++++.+++10

 0000001    1  S0025    8052011     01052011C 000863084599660                                                      
          101            000000000001000000000000000000000000000000000000000000000000000000000000000              0
          201  0000000000100000                                                                                    
 0000002    1  S0025    9052011     01052011C 000863084599660                                                      
          101            000000000001000000000000000000000000000000000000000000000000000000000000000              0
          201  0000000000100000                                                                                    
 0000003    1  S0025    9252011     01052011A 611018950004980                                                      
          101            000000000001000000000000000000000000000000000000000000000000000000000000000              0
          201  0000000000100000                                                                                    
 0000004    1  S0025    9352011     01052011A 611018950004980                                                      
          101            000000000010000000000000000000000000000000000000000000000000000000000000000              0
          201  0000000001000000                                                                                    
 0000005    1  S0021    0083010     03052011A 611018950004980                                                      
          101            000000000003800000000000000000000000000000000000000000000000000000000000000              0
          201  0000000000380000                                                                                    
 0000006    1  S0021    0083011     03052011A 61101895000498103                 103 serviço                        
          101            000000000003200000000000000000000000200000000000000032000000000000000006400              0
          201  0000000000320000                                                                                    
 0000007    1  S0021    0083011     03052011A 61101895000498103                 103 serviço                        
          101            000000000001000000000000000000000000500000000000000010000000000000000005000              0
          201  0000000000100000                                                                                    
 0000008    1  S0021    0083012     03052011C 00086308459966103                 103 serviço                        
          101            000000000004800000000000000000000000200000000000000048000000000000000009600              0
          201  0000000000480000                                                                                    
 0000009    1  S0021    0083012     03052011C 00086308459966103                 103 serviço                        
          101            000000000001800000000000000000000001000000000000000018000000000000000018000              0
          201  0000000000180000                                                                                    
 0000010    1  S0021    0083013     03052011A 61101895000498103                 103 serviço                        
          101            000000000002789000000000000000000000500000000000000027890000000000000013945              0
          201  0000000000278900                                                                                    
 0000011    1  S0021    0083013     03052011A 61101895000498103                 103 serviço                        
          101            000000000001200000000000000000000000200000000000000012000000000000000002400              0
          201  0000000000120000                                                                                    
 0000012    1  S0021    0083014     03052011A 61101895000498103                 103 serviço                        
          101            000000000001600000000000000000000000200000000000000016000000000000000003200              0
          201  0000000000160000                                                                                    
 0000013    1  S0021    0083015     03052011A 61101895000498103                 103 serviço                        
          101            000000000006410000000000000000000000200000000000000064100000000000000012820              0
          201  0000000000641000                                                                                    
 0000014    1  S0021    0083015     03052011A 61101895000498103                 103 serviço                        
          101            000000000006000000000000000000000000500000000000000060000000000000000030000              0
          201  0000000000600000                                                                                    
 0000015    1  S0021    0083017     03052011A 61101895000498103                 103 serviço                        
          101            000000000007560000000000000000000000200000000000000075600000000000000015120              0
          201  0000000000756000                                                                                    
 0000016    1  S0021    0083019     03052011A 61101895000498103                 103 serviço                        
          101            000000000020000000000000000000000000200000000000000200000000000000000040000              0
          201  0000000002000000                                                                                    
 0000017    1  S0021    0083020     03052011A 61101895000498103                 103 serviço                        
          101            000000000003450000000000000000000000200000000000000029325000000000000005865              0
          201  0000000000345000                                                                                    
 0000018    1  S0021    0083020     03052011A 61101895000498103                 103 serviço                        
          101            000000000000000000000000000000000000200000000000000000000000000000000000000              0
          201  0000000000000000                                                                                    
 0000019    1  S0021    0083021     03052011A 61101895000498103                 103 serviço                        
          101            000000000001000000000000000000000000000000000000000010000000000000000020000              0
          201  0000000000100000                                                                                    
------------------------------------------------------------------------------DATASUL - OBRIGAÇÕES FISCAIS - OF0739A - V:0.00.00.000
------------------------------------------------------------------------------------------------------------------------------------
                                                 Dump 30 ultimos reg. Itens NF Servicos                                Página:     2
-------------------------------------------------------------------------------------------------------------- TODAY - 00:00:00

SEQUENCIA POS. ++++.++++1++++.++++2++++.++++3++++.++++4++++.++++5++++.++++6++++.++++7++++.++++8++++.++++9++++.+++10

 0000020    1  S0022    0255576     03052011C 49889140000151103                 103 serviço                        
          101            000000000009000000000000000000000000200000000000000090000000000000000018000              0
          201  0000000000900000                                                                                    






















































------------------------------------------------------------------------------DATASUL - OBRIGAÇÕES FISCAIS - OF0739A - V:0.00.00.000
