------------------------------------------------------------------------------------------------------------------------------------
                                                 Dump 30 primeiros. reg. Notas Fiscais Saida                           Página:     1
-------------------------------------------------------------------------------------------------------------- TODAY - 00:00:00

SEQUENCIA POS. ++++.++++1++++.++++2++++.++++3++++.++++4++++.++++5++++.++++6++++.++++7++++.++++8++++.++++9++++.+++10

 0000001    1  S0011                01052011A 52045697000110B55 010520110000000000015000000000000000165000000000000
          101  00000000                 0000000000000000000000000000000000438010070113                             
          201                    NN                                                                                
 0000002    1  S0011    9           01052011A 52045697000110B01 010520110000000000018000000000000000180000000000000
          101  00000000                 0000000000000000000000000000000000438010070113                             
          201                    NN                                                                                
 0000003    1  E0015                01052011A 07491528786340B01 010520110000000000010000000000000000110000000000000
          101  00000000                 0000000000000000000000000000010000                                         
          201                    NN                                                                                
 0000004    1  E0015                01052011A 07491528786340B01 010520110000000000010000000000000000100000000000000
          101  00000000                 0000000000000000000000000000000000                                         
          201                    NN                                                                                
 0000005    1  E0015                01052011A 07491528786340B01 010520110000000000010000000000000000100000000000000
          101  00000000                 0000000000000000000000000000000000                                         
          201                    NN                                                                                
 0000006    1  S0015                01052011A 07491528786340B01 010520110000000000010000000000000000110000000000000
          101  00000000                 0000000000000000000000000000010000                                         
          201                    NN                                                                                
 0000007    1  S0015                01052011A 07491528786340B01 010520110000000000010000000000000000100000000000000
          101  00000000                 0000000000000000000000000000000000                                         
          201                    NN                                                                                
 0000008    1  S0015                01052011A 07491528786340B01 010520110000000000010000000000000000100000000000000
          101  00000000                 0000000000000000000000000000000000                                         
          201                    NN                                                                                
 0000009    1  S0011                03052011A 61101895000498B01 030520110000000000036000000000000000360000000000000
          101  00000000                 0000000000000000000000000000000000438010070113                             
          201                    NN                                                                                
 0000010    1  S0012                03052011C 49889140000151B01 030520110000000000010000000000000000100000000000000
          101  00000000                 0000000000000000000000000000000000438010070113                             
          201                    NN                                                                                
 0000011    1  S0012                03052011C 49889140000151B01 030520110000000000010000000000000000100000000000000
          101  00000000                 0000000000000000000000000000000000438010070113                             
          201                    NN                                                                                
 0000012    1  S0012                03052011A 61101895000498B55 030520110000000000100000000000000001000000000000000
          101  00000000                 0000000000000000000000000000000000438010070113                             
          201                    SN                                                                                
 0000013    1  S0012                03052011C 49889140000151B55 030520110000000000037890000000000000378900000000000
          101  00000000                 0000000000000000000000000000000000438010070113                             
          201                    SN                                                                                
 0000014    1  S0012                03052011C 49889140000151B55 030520110000000000025000000000000000250000000000000
          101  00000000                 0000000000000000000000000000000000438010070113                             
          201                    SS                                                                                
 0000015    1  S0015                03052011A 01438784000520B55 030520110000000000014893800000000000175974000000000
          101  00000000                 00000000000000000000000000000000000014673520009                            
          201                    NN                                                                                
 0000016    1  S0015                03052011A 01438784000520B55 030520110000000000006148800000000000072896000000000
          101  00000000                 00000000000000000000000000000000000014673520009                            
          201                    NN                                                                                
 0000017    1  S0015                03052011A 01438784000520B55 030520110000000000060036800000000000711754000000000
          101  00000000                 00000000000000000000000000000000000014673520009                            
          201                    NN                                                                                
 0000018    1  S0015                03052011A 01438784000520B55 030520110000000000010862800000000000128783000000000
          101  00000000                 00000000000000000000000000000000000014673520009                            
          201                    NN                                                                                
 0000019    1  S0015                03052011A 01438784000520B55 030520110000000000006148800000000000072896000000000
          101  00000000                 00000000000000000000000000000000000014673520009                            
          201                    NN                                                                                
------------------------------------------------------------------------------DATASUL - OBRIGAÇÕES FISCAIS - OF0739A - V:0.00.00.000
------------------------------------------------------------------------------------------------------------------------------------
                                                 Dump 30 primeiros. reg. Notas Fiscais Saida                           Página:     2
-------------------------------------------------------------------------------------------------------------- TODAY - 00:00:00

SEQUENCIA POS. ++++.++++1++++.++++2++++.++++3++++.++++4++++.++++5++++.++++6++++.++++7++++.++++8++++.++++9++++.+++10

 0000020    1  S0015                03052011A 01438784000520B55 030520110000000000057423300000000000678469000000000
          101  00000000                 00000000000000000000000000000000000014673520009                            
          201                    NN                                                                                
 0000021    1  S0015                03052011A 01438784000520B55 030520110000000000003689300000000000043738000000000
          101  00000000                 00000000000000000000000000000000000014673520009                            
          201                    NN                                                                                
 0000022    1  S0015                03052011A 01438784000520B55 030520110000000000005072800000000000060140000000000
          101  00000000                 00000000000000000000000000000000000014673520009                            
          201                    NN                                                                                
 0000023    1  S0015                03052011A 01438784000520B55 030520110000000000003074400000000000036448000000000
          101  00000000                 00000000000000000000000000000000000014673520009                            
          201                    NN                                                                                
 0000024    1  S0015                03052011A 01438784000520B55 030520110000000000002305800000000000027336000000000
          101  00000000                 00000000000000000000000000000000000014673520009                            
          201                    NN                                                                                
 0000025    1  S0015                03052011A 01438784000520B55 030520110000000000003074400000000000036448000000000
          101  00000000                 00000000000000000000000000000000000014673520009                            
          201                    NN                                                                                
 0000026    1  S0015                03052011A 01438784000520B55 030520110000000000004936100000000000058520000000000
          101  00000000                 00000000000000000000000000000000000014673520009                            
          201                    NN                                                                                
 0000027    1  S0015                03052011A 01438784000520B55 030520110000000000003074400000000000036448000000000
          101  00000000                 00000000000000000000000000000000000014673520009                            
          201                    NN                                                                                
 0000028    1  S0015                03052011A 01438784000520B55 030520110000000000002630400000000000031078000000000
          101  00000000                 00000000000000000000000000000000000014673520009                            
          201                    NN                                                                                
 0000029    1  S0015                03052011C 25682303000162B55 030520110000000000011454800000000000130451000000000
          101  00000000                 00000000000000000000000000000000000014673520009                            
          201                    NN                                                                                
 0000030    1  S0015                03052011C 25618174000143B55 030520110000000000105309800000000001199308000000000
          101  00000000                 00000000000000000000000000000000000014673520009                            
          201                    NN                                                                                
























------------------------------------------------------------------------------DATASUL - OBRIGAÇÕES FISCAIS - OF0739A - V:0.00.00.000
------------------------------------------------------------------------------------------------------------------------------------
                                                 Dump 30 ultimos reg. Notas Fiscais Saida                              Página:     1
-------------------------------------------------------------------------------------------------------------- TODAY - 00:00:00

SEQUENCIA POS. ++++.++++1++++.++++2++++.++++3++++.++++4++++.++++5++++.++++6++++.++++7++++.++++8++++.++++9++++.+++10

 0000848    1  S0015                06052011A 25832809000100B55 060520110000000000006717100000000000076238000000000
          101  00000000                 00000000000000000000000000000000000014673520009                            
          201                    NN                                                                                
 0000849    1  S0015                06052011C 23196397000134B55 060520110000000000014035900000000000159846000000000
          101  00000000                 00000000000000000000000000000000000014673520009                            
          201                    NN                                                                                
 0000850    1  S0015                06052011C 23196397000134B55 060520110000000000058978700000000000669401000000000
          101  00000000                 00000000000000000000000000000000000014673520009                            
          201                    NN                                                                                
 0000851    1  S0015                06052011C 02381891000107B55 060520110000000000066088300000000000752639000000000
          101  00000000                 00000000000000000000000000000000000014673520009                            
          201                    NN                                                                                
 0000852    1  S0015                06052011C 00093786476691B55 060520110000000000001047600000000000010476000000000
          101  00000000                 00000000000000000000000000000000000014673520009                            
          201                    SN                                                                                
 0000853    1  S0015                06052011A 01521598000208B55 060520110000000000106173200000000001126708000000000
          101  00000000                 0000000000000000000000000000000000438010070113                             
          201                    NN                                                                                
 0000854    1  S0015                06052011A 01521598000208B55 060520110000000000011727400000000000124029000000000
          101  00000000                 0000000000000000000000000000000000438010070113                             
          201                    NN                                                                                
 0000855    1  S0015                06052011A 01521598000208B55 060520110000000000009628400000000000102685000000000
          101  00000000                 0000000000000000000000000000000356438010070113                             
          201                    NN                                                                                
 0000856    1  S0015                06052011A 01438784001845B55 060520110000000000014381600000000000171874000000000
          101  00000000                 0000000000000000000000000000000000                                         
          201                    NN                                                                                
 0000857    1  S0015                06052011A 01438784001845B55 060520110000000000023032300000000000275259000000000
          101  00000000                 0000000000000000000000000000000000                                         
          201                    NN                                                                                
 0000858    1  S0015                06052011A 29911559000155B55 060520110000000000346190900000000003974386000000000
          101  00000000                 0000000000000000000000000000000000                                         
          201                    NN                                                                                
 0000859    1  S0015                06052011A 29911559000155B55 060520110000000000024144600000000000277188000000000
          101  00000000                 0000000000000000000000000000000000                                         
          201                    NN                                                                                
 0000860    1  S0015                06052011A 01438784001250B55 060520110000000000021631700000000000258522000000000
          101  00000000                 0000000000000000000000000000000000                                         
          201                    NN                                                                                
 0000861    1  S0015                06052011C 00008538696777B55 060520110000000000000540000000000000005400000000000
          101  00000000                 0000000000000000000000000000000000                                         
          201                    SN                                                                                
 0000862    1  S0015                06052011C 10918072000176B55 060520110000000000024062400000000000276245000000000
          101  00000000                 0000000000000000000000000000000000                                         
          201                    NN                                                                                
 0000863    1  S0015                06052011C 28200947001137B55 060520110000000000018467000000000000212008000000000
          101  00000000                 0000000000000000000000000000000000                                         
          201                    NN                                                                                
 0000864    1  S0015                06052011C 28200947000750B55 060520110000000000089922000000000001032334000000000
          101  00000000                 0000000000000000000000000000000000                                         
          201                    NN                                                                                
 0000865    1  S0015                06052011C 28200947001056B55 060520110000000000019468200000000000223501000000000
          101  00000000                 0000000000000000000000000000000000                                         
          201                    NN                                                                                
 0000866    1  S0015    2153211     06052011C 03439316003350B01 060520110000000000017100400000000000180854000000000
          101  00000000                 0000000000000000000000000000000000438010070113                             
          201                    NS                                                                                
------------------------------------------------------------------------------DATASUL - OBRIGAÇÕES FISCAIS - OF0739A - V:0.00.00.000
------------------------------------------------------------------------------------------------------------------------------------
                                                 Dump 30 ultimos reg. Notas Fiscais Saida                              Página:     2
-------------------------------------------------------------------------------------------------------------- TODAY - 00:00:00

SEQUENCIA POS. ++++.++++1++++.++++2++++.++++3++++.++++4++++.++++5++++.++++6++++.++++7++++.++++8++++.++++9++++.+++10

 0000867    1  S0011                20052011A 52045697000110B55 200520110000000000001000000000000000010000000000000
          101  00000000                 0000000000000000000000000000000000438010070113                             
          201                    SN                                                                                
 0000868    1  S0011                20052011A 52045697000110B55 200520110000000000002500000000000000025000000000000
          101  00000000                 0000000000000000000000000000000000438010070113                             
          201                    SN                                                                                
 0000869    1  S0011                20052011A 52045697000110B01 200520110000000000001900000000000000019000000000000
          101  00000000                 0000000000000000000000000000000000438010070113                             
          201                    NN                                                                                
 0000870    1  S0011                20052011A 07491528786340B01 200520110000000000003000000000000000030000000000000
          101  00000000                 0000000000000000000000000000000000                                         
          201                    NN                                                                                
 0000871    1  S0011                20052011A 52045697000110B55 200520110000000000001250000000000000012500000000000
          101  00000000                 0000000000000000000000000000000000438010070113                             
          201                    NN                                                                                
 0000872    1  S0011                20052011A 52045697000110B55 200520110000000000005000000000000000050000000000000
          101  00000000                 0000000000000000000000000000000000438010070113                             
          201                    NN                                                                                
 0000873    1  S0011                20052011A 52045697000110B01 200520110000000000015000000000000000165000000000000
          101  00000000                 0000000000000000000000000000015000438010070113                             
          201                    NN                                                                                
 0000874    1  S0011                20052011A 52045697000110B55 200520110000000000001750000000000000017500000000000
          101  00000000                 0000000000000000000000000000000000438010070113                             
          201                    NN                                                                                
 0000875    1  S0011                20052011A 52045697000110B55 200520110000000000001350000000000000013500000000000
          101  00000000                 0000000000000000000000000000000000438010070113                             
          201                    SN                                                                                
 0000876    1  S0011                20052011A 52045697000110B55 200520110000000000002200000000000000022000000000000
          101  00000000                 0000000000000000000000000000000000438010070113                             
          201                    SN                                                                                
 0000877    1  S0011    2144521     20052011A 52045697000110B01 200520110000000000002500000000000000025000000000000
          101  00000000                 0000000000000000000000000000000000438010070113                             
          201                    SN                                                                                
























------------------------------------------------------------------------------DATASUL - OBRIGAÇÕES FISCAIS - OF0739A - V:0.00.00.000
