------------------------------------------------------------------------------------------------------------------------------------
                                                 Normativa 86 - Listagem dos Parâmetros                                 Página:    1
-------------------------------------------------------------------------------------------------------------- TODAY - 00:00:00

Data Inicial:                                  01/05/11
Data Final:                                    31/05/11
Estabelecimento:                               1
Considera Notas de Serviço nos arquivo C e D:  Não
Considera Desconto:                            Não
Normativa:                                     IN 68/95
Diretório Arquivos:                            c:\automacao\relatorios\
Nr Max Bytes:                                  999.999.999.999
Tipo Armazenamento:                            Outro
Outro Dispositivo:
Nome Funcionário:                              Testes Automacao Fiscal
CPF Funcionário:                               71754872239
Telefone Funcionário:                          04738017213
Fax Funcionário:                               04738017213
Nome Analista:                                 Testes Automacao Fiscal
Telefone Analista:                             04738017213
Fax Analista:                                  04738017213


                              Seleção de Emitente


                           Naturezas a Desconsiderar




































-----------------------------------------------------------------------------DATASUL - OBRIGAÇÕES FISCAIS - OF0739RP - V:0.00.00.000
