------------------------------------------------------------------------------------------------------------------------------------
                                                 Dump 30 pri.reg. Arq. Mestre Serv. Pessoa Juridica                    Página:     1
-------------------------------------------------------------------------------------------------------------- TODAY - 00:00:00

SEQUENCIA POS. ++++.++++1++++.++++2++++.++++3++++.++++4++++.++++5++++.++++6++++.++++7++++.++++8++++.++++9++++.+++10

 0000001    1  5    0520110105201118            0000000000010000000000000000000000000000000000000000000000000000000
          101  000000N                                                                                             
 0000002    1  5    0520110105201118            0000000000010000000000000000000000000000000000000000000000000000000
          101  000000N                                                                                             
 0000003    1  5    2520110105201113            0000000000010000000000000000000000000000000000000000000000000000000
          101  000000N                                                                                             
 0000004    1  5    3520110105201113            0000000000100000000000000000000000000000000000000000000000000000000
          101  000000N                                                                                             
 0000005    1  1    0830100305201113            0000000000038000000000000000000000012450000000000038000000000000000
          101  047310N                                                                                             
 0000006    1  1    0830110305201113            0000000000042000000000000000000000012450000000000042000000000000000
          101  052290N                                                                                             
 0000007    1  1    0830120305201118            0000000000066000000000000000000000000000000000000000000000000000000
          101  000000S                                                                                             
 0000008    1  1    0830130305201113            0000000000039890000000000000000000012450000000000039890000000000000
          101  049663N                                                                                             
 0000009    1  1    0830140305201113            0000000000016000000000000000000000012450000000000016000000000000000
          101  019920N                                                                                             
 0000010    1  1    0830150305201113            0000000000124100000000000000000000012450000000000124100000000000000
          101  154505N                                                                                             
 0000011    1  1    0830170305201113            0000000000075600000000000000000000012450000000000075600000000000000
          101  094122N                                                                                             
 0000012    1  1    0830180305201113            0000000000010000000000000000000000000000000000000000000000000000000
          101  000000N                                                                                             
 0000013    1  1    0830190305201113            0000000000200000000000000000000000012450000000000200000000000000000
          101  249000N                                                                                             
 0000014    1  1    0830200305201113            0000000000034500000000000000000000012450000000000034500000000000000
          101  042953N                                                                                             
 0000015    1  1    0830210305201113            0000000000010000000000000000000000000000000000000000000000000000000
          101  000000N                                                                                             
 0000016    1  2    2555760305201170            0000000000090000000000000000000000000000000000000000000000000000000
          101  000000N                                                                                             
 0000017    1  2    2555780305201170            0000000000010000000000000000000000000000000000000000000000000000000
          101  000000S                                                                                             
 0000018    1  2    2555790305201170            0000000000394817500000000000000000000000000000000000000000000000000
          101  000000N                                                                                             
 0000019    1  2    2555800305201113            0000000000240000000000000000000000000000000000000000000000000000000
          101  000000N                                                                                             
 0000020    1  2    2555810305201113            0000000000038900000000000000000000000000000000000000000000000000000
          101  000000N                                                                                             
 0000021    1  2    2555820305201113            0000000000054100000000000000000000000000000000000000000000000000000
          101  000000N                                                                                             















------------------------------------------------------------------------------DATASUL - OBRIGAÇÕES FISCAIS - OF0739A - V:0.00.00.000
