------------------------------------------------------------------------------------------------------------------------------------
                                                 Dump 30 ult.reg. Arq. Itens Serv. Pessoa Juridica                     Página:     1
-------------------------------------------------------------------------------------------------------------- TODAY - 00:00:00

SEQUENCIA POS. ++++.++++1++++.++++2++++.++++3++++.++++4++++.++++5++++.++++6++++.++++7++++.++++8++++.++++9++++.+++10

 0000001    1  5    0520110105201100113F                 ITEM CONTROLE TOTAL                          0000000000010
          101  000000000000000000000000000000000000000000000000000000000000                                        
 0000002    1  5    0520110105201100113F                 ITEM CONTROLE TOTAL                          0000000000010
          101  000000000000000000000000000000000000000000000000000000000000                                        
 0000003    1  5    25201101052011001DD                  Material D.Direto - TRIBUTADO                0000000000010
          101  000000000000000000000000000000000000000000000000000000000000                                        
 0000004    1  5    35201101052011001DD                  Material D.Direto - TRIBUTADO                0000000000100
          101  000000000000000000000000000000000000000000000000000000000000                                        
 0000005    1  1    08301003052011001DD                  Material D.Direto - TRIBUTADO                0000000000038
          101  000000000000000000000000000000000000000000000000000000000000                                        
 0000006    1  1    0830110305201100113D                 NARRATIVA INFORMADA \O/ \O/ \O/ \O/ EEEEEEEEE0000000000032
          101  000000000000000000000002000000000000032000000000000000006400                                        
 0000007    1  1    0830110305201100240D                 Prestacão de servico                         0000000000010
          101  000000000000000000000005000000000000010000000000000000005000                                        
 0000008    1  1    0830120305201100140D                 Prestação de serviço de informática          0000000000048
          101  000000000000000000000002000000000000048000000000000000009600                                        
 0000009    1  1    0830120305201100213D                 NARRATIVA INFORMADA \O/ \O/ \O/ \O/ EEEEEEEEE0000000000018
          101  000000000000000000000010000000000000018000000000000000018000                                        
 0000010    1  1    0830130305201100140D                 item serviço                                 0000000000027
          101  890000000000000000000005000000000000027890000000000000013945                                        
 0000011    1  1    0830130305201100213D                 NARRATIVA INFORMADA \O/ \O/ \O/ \O/ EEEEEEEEE0000000000012
          101  000000000000000000000002000000000000012000000000000000002400                                        
 0000012    1  1    0830140305201100140D                 item de serviço                              0000000000016
          101  000000000000000000000002000000000000016000000000000000003200                                        
 0000013    1  1    0830150305201100140D                 serviço informática                          0000000000064
          101  100000000000000000000002000000000000064100000000000000012820                                        
 0000014    1  1    0830150305201100213D                 NARRATIVA INFORMADA \O/ \O/ \O/ \O/ EEEEEEEEE0000000000060
          101  000000000000000000000005000000000000060000000000000000030000                                        
 0000015    1  1    0830170305201100140D                 informática                                  0000000000075
          101  600000000000000000000002000000000000075600000000000000015120                                        
 0000016    1  1    0830180305201100140D                 SERVIÇO                                      0000000000010
          101  000000000000000000000002000000000000010000000000000000002000                                        
 0000017    1  1    0830190305201100140D                 servico Isento                               0000000000200
          101  000000000000000000000002000000000000200000000000000000040000                                        
 0000018    1  1    0830200305201100140D                 Reduzido                                     0000000000034
          101  500000000000000000000002000000000000029325000000000000005865                                        
 0000019    1  1    0830200305201100240D                 Reduzido                                     0000000000000
          101  000000000000000000000002000000000000000000000000000000000000                                        
 0000020    1  1    0830210305201100140D                 servico                                      0000000000010
          101  000000000000000000000000000000000000010000000000000000020000                                        
 0000021    1  2    2555760305201100140D                 prestação de serviço                         0000000000090
          101  000000000000000000000002000000000000090000000000000000018000                                        
 0000022    1  2    2555780305201100140D                 serviço                                      0000000000010
          101  000000000000000000000002000000000000010000000000000000002000                                        
 0000023    1  2    2555790305201100140D                 serviço                                      0000000000394
          101  817500000000000000000002000000000000394817500000000000078964                                        
 0000024    1  2    2555800305201100140D                 serviço prestado                             0000000000240
          101  000000000000000000000002000000000000240000000000000000048000                                        
 0000025    1  2    2555810305201100140D                 serviço                                      0000000000038
          101  900000000000000000000002000000000000038900000000000000007780                                        
 0000026    1  2    2555820305201100140D                 serviço                                      0000000000054
          101  100000000000000000000002000000000000054100000000000000010820                                        





------------------------------------------------------------------------------DATASUL - OBRIGAÇÕES FISCAIS - OF0739A - V:0.00.00.000
