------------------------------------------------------------------------------------------------------------------------------------
                                                 Dump 30 pri.reg. Arq. Mestre Mercadorias/Servicos                     Página:     1
-------------------------------------------------------------------------------------------------------------- TODAY - 00:00:00

SEQUENCIA POS. ++++.++++1++++.++++2++++.++++3++++.++++4++++.++++5++++.++++6++++.++++7++++.++++8++++.++++9++++.+++10

 0000001    1  S551    000111010520111             0105201100000000000150000000000000000000000000000000000000000000
          101  00000000000000000000000000000000000000000000000000000000001500000000000000165000438010070113        
          201                         00000000000000000          0000000000000000000000000000000000CIF             
          301    N1IPI                                                                                             
 0000002    1  S011    456789010520111             0105201100000000000180000000000000000000000000000000000000000000
          101  00000000000000000000000000000000000000000000000000000000000000000000000000180000438010070113        
          201                         00000000000000000          0000000000000000000000000000000000CIF             
          301    N1EXPORTACAO                                                                                      
 0000003    1  E015    0520110105201114            0105201100000000000000000000000000000000000000000000000000000000
          101  00000000000000000000000000000000000000000100000000000000000000000000000000110000                    
          201                         00000000000000000          0000000000000000000000000000000000CIF             
          301    N1                                                                                                
 0000004    1  E015    0520110105201114            0105201100000000000000000000000000000000000000000000000000000000
          101  00000000000000000000000000000000000000000000000000000000000000000000000000100000                    
          201                         00000000000000000          0000000000000000000000000000000000CIF             
          301    N1                                                                                                
 0000005    1  E015    0520110105201114            0105201100000000000000000000000000000000000000000000000000000000
          101  00000000000000000000000000000000000000000000000000000000000000000000000000100000                    
          201                         00000000000000000          0000000000000000000000000000000000CIF             
          301    N1                                                                                                
 0000006    1  S015    0520110105201114            0105201100000000000100000000000000000000000000000000000000000000
          101  00000000000000000000000000000000000000000100000000000000000000000000000000110000                    
          201                         00000000000000000          0000000000000000000000000000000000CIF             
          301    N1IPI                                                                                             
 0000007    1  S015    0520110105201114            0105201100000000000100000000000000000000000000000000000000000000
          101  00000000000000000000000000000000000000000000000000000000000000000000000000100000                    
          201                         00000000000000000          0000000000000000000000000000000000CIF             
          301    N1IPI                                                                                             
 0000008    1  S015    0520110105201114            0105201100000000000100000000000000000000000000000000000000000000
          101  00000000000000000000000000000000000000000000000000000000000000000000000000100000                    
          201                         00000000000000000          0000000000000000000000000000000000CIF             
          301    N1IPI                                                                                             
 0000009    1  S011    0830110305201113            0305201100000000000360000000000000000000000000000000000000000000
          101  00000000000000000000000000000000000000000000000000000000000000000000000000360000438010070113        
          201                         00000000000000000          0000000000000000000000000000000000FOB             
          301    N1ALC-AC                                                                                          
 0000010    1  S012    2555760305201170            0305201100000000000100000000000000000000000000000000000000000000
          101  00000000000000000000000000000000000000000000000000000000000000000000000000100000438010070113  Rodovi
          201  ário                   00000000000000000          0000000000000000000000000000000000FOB             
          301    N1                                                                                                
 0000011    1  S012    2555830305201170            0305201100000000000100000000000000000000000000000000000000000000
          101  00000000000000000000000000000000000000000000000000000000000000000000000000100000438010070113  Rodovi
          201  ário                   00000000000000000          0000000000000000000000000000000000FOB             
          301    N1                                                                                                
 0000012    1  S552    2555840305201113            0305201100000000001000000000000000000000000000000000000000000000
          101  00000000000000000000000000000000000000000000000000000000000000000000000001000000438010070113  Rodovi
          201  ário                   00000000000000000          0000000000000000000000000000000000FOB             
          301    N2IPI                                                                                             
 0000013    1  S552    2555850305201170            0305201100000000000378900000000000000000000000000000000000000000
          101  00000000000000000000000000000000000000000000000000000000000000000000000000378900438010070113  Rodovi
          201  ário                   00000000000000000          0000000000000000000000000000000000FOB             
          301    N1IPI                                                                                             
 0000014    1  S552    2555860305201170            0305201100000000000250000000000000000000000000000000000000000000
          101  00000000000000000000000000000000000000000000000000000000000000000000000000000000438010070113  Rodovi
          201  ário                   00000000000000000          0000000000000000000000000000000000FOB             
          301    S1IPI                                                                                             
 0000015    1  S555    0750960305201112455         0305201100000000000148938000000000000000000000000000000000000000
------------------------------------------------------------------------------DATASUL - OBRIGAÇÕES FISCAIS - OF0739A - V:0.00.00.000
------------------------------------------------------------------------------------------------------------------------------------
                                                 Dump 30 pri.reg. Arq. Mestre Mercadorias/Servicos                     Página:     2
-------------------------------------------------------------------------------------------------------------- TODAY - 00:00:00

SEQUENCIA POS. ++++.++++1++++.++++2++++.++++3++++.++++4++++.++++5++++.++++6++++.++++7++++.++++8++++.++++9++++.+++10

          101  000000000000000000000000061060000000000000000000000000000020930000000000001759740014673520009       
          201                         00000000000000000          0000000000000000000000000000000000CIF             
          301    N1IPI                                                                                             
 0000016    1  S555    0750970305201112455         0305201100000000000061488000000000000000000000000000000000000000
          101  000000000000000000000000025210000000000000000000000000000008887000000000000728960014673520009       
          201                         00000000000000000          0000000000000000000000000000000000CIF             
          301    N1IPI                                                                                             
 0000017    1  S555    0750980305201112455         0305201100000000000600368000000000000000000000000000000000000000
          101  000000000000000000000000246150000000000000000000000000000086771000000000007117540014673520009       
          201                         00000000000000000          0000000000000000000000000000000000CIF             
          301    N1IPI                                                                                             
 0000018    1  S555    0750990305201112455         0305201100000000000108628000000000000000000000000000000000000000
          101  000000000000000000000000044540000000000000000000000000000015701000000000001287830014673520009       
          201                         00000000000000000          0000000000000000000000000000000000CIF             
          301    N1IPI                                                                                             
 0000019    1  S555    0751000305201112455         0305201100000000000061488000000000000000000000000000000000000000
          101  000000000000000000000000025210000000000000000000000000000008887000000000000728960014673520009       
          201                         00000000000000000          0000000000000000000000000000000000CIF             
          301    N1IPI                                                                                             
 0000020    1  S555    0751010305201112455         0305201100000000000574233000000000000000000000000000000000000000
          101  000000000000000000000000235440000000000000000000000000000080692000000000006784690014673520009       
          201                         00000000000000000          0000000000000000000000000000000000CIF             
          301    N1IPI                                                                                             
 0000021    1  S555    0751020305201112455         0305201100000000000036893000000000000000000000000000000000000000
          101  000000000000000000000000015130000000000000000000000000000005332000000000000437380014673520009       
          201                         00000000000000000          0000000000000000000000000000000000CIF             
          301    N1IPI                                                                                             
 0000022    1  S555    0751030305201112455         0305201100000000000050728000000000000000000000000000000000000000
          101  000000000000000000000000020800000000000000000000000000000007332000000000000601400014673520009       
          201                         00000000000000000          0000000000000000000000000000000000CIF             
          301    N1IPI                                                                                             
 0000023    1  S555    0751040305201112455         0305201100000000000030744000000000000000000000000000000000000000
          101  000000000000000000000000012610000000000000000000000000000004443000000000000364480014673520009       
          201                         00000000000000000          0000000000000000000000000000000000CIF             
          301    N1IPI                                                                                             
 0000024    1  S555    0751050305201112455         0305201100000000000023058000000000000000000000000000000000000000
          101  000000000000000000000000009450000000000000000000000000000003333000000000000273360014673520009       
          201                         00000000000000000          0000000000000000000000000000000000CIF             
          301    N1IPI                                                                                             
 0000025    1  S555    0751060305201112455         0305201100000000000030744000000000000000000000000000000000000000
          101  000000000000000000000000012610000000000000000000000000000004443000000000000364480014673520009       
          201                         00000000000000000          0000000000000000000000000000000000CIF             
          301    N1IPI                                                                                             
 0000026    1  S555    0751070305201112455         0305201100000000000049361000000000000000000000000000000000000000
          101  000000000000000000000000020240000000000000000000000000000007135000000000000585200014673520009       
          201                         00000000000000000          0000000000000000000000000000000000CIF             
          301    N1IPI                                                                                             
 0000027    1  S555    0751080305201112455         0305201100000000000030744000000000000000000000000000000000000000
          101  000000000000000000000000012610000000000000000000000000000004443000000000000364480014673520009       
          201                         00000000000000000          0000000000000000000000000000000000CIF             
          301    N1IPI                                                                                             
 0000028    1  S555    0751090305201112455         0305201100000000000026304000000000000000000000000000000000000000
          101  000000000000000000000000010780000000000000000000000000000003696000000000000310780014673520009       
          201                         00000000000000000          0000000000000000000000000000000000CIF             
          301    N1IPI                                                                                             
 0000029    1  S555    0751100305201114094         0305201100000000000114548000000000000000000000000000000000000000
          101  000000000000000000000000000000000000000000000000000000000015903000000000001304510014673520009       
------------------------------------------------------------------------------DATASUL - OBRIGAÇÕES FISCAIS - OF0739A - V:0.00.00.000
------------------------------------------------------------------------------------------------------------------------------------
                                                 Dump 30 pri.reg. Arq. Mestre Mercadorias/Servicos                     Página:     3
-------------------------------------------------------------------------------------------------------------- TODAY - 00:00:00

SEQUENCIA POS. ++++.++++1++++.++++2++++.++++3++++.++++4++++.++++5++++.++++6++++.++++7++++.++++8++++.++++9++++.+++10

          201                         00000000000000000          0000000000000000000000000000000000CIF             
          301    N1IPI                                                                                             
 0000030    1  S555    0751110305201118138         0305201100000000001053098000000000000000000000000000000000000000
          101  000000000000000000000000000000000000000000000000000000000146210000000000011993080014673520009       
          201                         00000000000000000          0000000000000000000000000000000000CIF             
          301    N1IPI                                                                                             



















































------------------------------------------------------------------------------DATASUL - OBRIGAÇÕES FISCAIS - OF0739A - V:0.00.00.000
