------------------------------------------------------------------------------------------------------------------------------------
                                                 Dump 30 primeiros reg. NF Servicos                                    Página:     1
-------------------------------------------------------------------------------------------------------------- TODAY - 00:00:00

SEQUENCIA POS. ++++.++++1++++.++++2++++.++++3++++.++++4++++.++++5++++.++++6++++.++++7++++.++++8++++.++++9++++.+++10

 0000001    1  S0025    8052011     01052011C 00086308459966D01 000000000001000000000000000000000000000000000000000
          101  000000000000000000000000N                                                                           
 0000002    1  S0025    9052011     01052011C 00086308459966D01 000000000001000000000000000000000000000000000000000
          101  000000000000000000000000N                                                                           
 0000003    1  S0025    9252011     01052011A 61101895000498D01 000000000001000000000000000000000000000000000000000
          101  000000000000000000000000N                                                                           
 0000004    1  S0025    9352011     01052011A 61101895000498D01 000000000010000000000000000000000000000000000000000
          101  000000000000000000000000N                                                                           
 0000005    1  S0021    0083010     03052011A 61101895000498D01 000000000003800000000000000000000000012450000000000
          101  038000000000000000047310N                                                                           
 0000006    1  S0021    0083011     03052011A 61101895000498D01 000000000004200000000000000000000000012450000000000
          101  042000000000000000052290N                                                                           
 0000007    1  S0021    0083012     03052011C 00086308459966D01 000000000006600000000000000000000000000000000000000
          101  000000000000000000000000S                                                                           
 0000008    1  S0021    0083013     03052011A 61101895000498D01 000000000003989000000000000000000000012450000000000
          101  039890000000000000049663N                                                                           
 0000009    1  S0021    0083014     03052011A 61101895000498D01 000000000001600000000000000000000000012450000000000
          101  016000000000000000019920N                                                                           
 0000010    1  S0021    0083015     03052011A 61101895000498D01 000000000012410000000000000000000000012450000000000
          101  124100000000000000154505N                                                                           
 0000011    1  S0021    0083017     03052011A 61101895000498D01 000000000007560000000000000000000000012450000000000
          101  075600000000000000094122N                                                                           
 0000012    1  S0021    0083018     03052011A 61101895000498D55 000000000007560000000000000000000000012450000000000
          101  075600000000000000094122N                                                                           
 0000013    1  S0021    0083019     03052011A 61101895000498D01 000000000020000000000000000000000000012450000000000
          101  200000000000000000249000N                                                                           
 0000014    1  S0021    0083020     03052011A 61101895000498D01 000000000003450000000000000000000000012450000000000
          101  034500000000000000042953N                                                                           
 0000015    1  S0021    0083021     03052011A 61101895000498D55 000000000001000000000000000000000000000000000000000
          101  000000000000000000000000N                                                                           
 0000016    1  S0022    0255576     03052011C 49889140000151D01 000000000009000000000000000000000000000000000000000
          101  000000000000000000000000N                                                                           
 0000017    1  S0022    0255578     03052011C 49889140000151D01 000000000009000000000000000000000000000000000000000
          101  000000000000000000000000S                                                                           
 0000018    1  S0022    0255579     03052011C 49889140000151D01 000000000009000000000000000000000000000000000000000
          101  000000000000000000000000N                                                                           
 0000019    1  S0022    0255580     03052011A 61101895000498D01 000000000009000000000000000000000000000000000000000
          101  000000000000000000000000N                                                                           
 0000020    1  S0022    0255581     03052011A 61101895000498D01 000000000009000000000000000000000000000000000000000
          101  000000000000000000000000N                                                                           
 0000021    1  S0022    0255582     03052011A 61101895000498D01 000000000009000000000000000000000000000000000000000
          101  000000000000000000000000N                                                                           















------------------------------------------------------------------------------DATASUL - OBRIGAÇÕES FISCAIS - OF0739A - V:0.00.00.000
------------------------------------------------------------------------------------------------------------------------------------
                                                 Dump 30 ultimos reg. NF Servicos                                      Página:     1
-------------------------------------------------------------------------------------------------------------- TODAY - 00:00:00

SEQUENCIA POS. ++++.++++1++++.++++2++++.++++3++++.++++4++++.++++5++++.++++6++++.++++7++++.++++8++++.++++9++++.+++10

 0000001    1  S0025    8052011     01052011C 00086308459966D01 000000000001000000000000000000000000000000000000000
          101  000000000000000000000000N                                                                           
 0000002    1  S0025    9052011     01052011C 00086308459966D01 000000000001000000000000000000000000000000000000000
          101  000000000000000000000000N                                                                           
 0000003    1  S0025    9252011     01052011A 61101895000498D01 000000000001000000000000000000000000000000000000000
          101  000000000000000000000000N                                                                           
 0000004    1  S0025    9352011     01052011A 61101895000498D01 000000000010000000000000000000000000000000000000000
          101  000000000000000000000000N                                                                           
 0000005    1  S0021    0083010     03052011A 61101895000498D01 000000000003800000000000000000000000012450000000000
          101  038000000000000000047310N                                                                           
 0000006    1  S0021    0083011     03052011A 61101895000498D01 000000000004200000000000000000000000012450000000000
          101  042000000000000000052290N                                                                           
 0000007    1  S0021    0083012     03052011C 00086308459966D01 000000000006600000000000000000000000000000000000000
          101  000000000000000000000000S                                                                           
 0000008    1  S0021    0083013     03052011A 61101895000498D01 000000000003989000000000000000000000012450000000000
          101  039890000000000000049663N                                                                           
 0000009    1  S0021    0083014     03052011A 61101895000498D01 000000000001600000000000000000000000012450000000000
          101  016000000000000000019920N                                                                           
 0000010    1  S0021    0083015     03052011A 61101895000498D01 000000000012410000000000000000000000012450000000000
          101  124100000000000000154505N                                                                           
 0000011    1  S0021    0083017     03052011A 61101895000498D01 000000000007560000000000000000000000012450000000000
          101  075600000000000000094122N                                                                           
 0000012    1  S0021    0083018     03052011A 61101895000498D55 000000000007560000000000000000000000012450000000000
          101  075600000000000000094122N                                                                           
 0000013    1  S0021    0083019     03052011A 61101895000498D01 000000000020000000000000000000000000012450000000000
          101  200000000000000000249000N                                                                           
 0000014    1  S0021    0083020     03052011A 61101895000498D01 000000000003450000000000000000000000012450000000000
          101  034500000000000000042953N                                                                           
 0000015    1  S0021    0083021     03052011A 61101895000498D55 000000000001000000000000000000000000000000000000000
          101  000000000000000000000000N                                                                           
 0000016    1  S0022    0255576     03052011C 49889140000151D01 000000000009000000000000000000000000000000000000000
          101  000000000000000000000000N                                                                           
 0000017    1  S0022    0255578     03052011C 49889140000151D01 000000000009000000000000000000000000000000000000000
          101  000000000000000000000000S                                                                           
 0000018    1  S0022    0255579     03052011C 49889140000151D01 000000000009000000000000000000000000000000000000000
          101  000000000000000000000000N                                                                           
 0000019    1  S0022    0255580     03052011A 61101895000498D01 000000000009000000000000000000000000000000000000000
          101  000000000000000000000000N                                                                           
 0000020    1  S0022    0255581     03052011A 61101895000498D01 000000000009000000000000000000000000000000000000000
          101  000000000000000000000000N                                                                           
 0000021    1  S0022    0255582     03052011A 61101895000498D01 000000000009000000000000000000000000000000000000000
          101  000000000000000000000000N                                                                           















------------------------------------------------------------------------------DATASUL - OBRIGAÇÕES FISCAIS - OF0739A - V:0.00.00.000
