------------------------------------------------------------------------------------------------------------------------------------
                                                 Dump 30 ult.reg. Arq. Mestre Mercadorias/Servicos                     Página:     1
-------------------------------------------------------------------------------------------------------------- TODAY - 00:00:00

SEQUENCIA POS. ++++.++++1++++.++++2++++.++++3++++.++++4++++.++++5++++.++++6++++.++++7++++.++++8++++.++++9++++.+++10

 0000848    1  S555    0759280605201114561         0605201100000000000067171000000000000000000000000000000000000000
          101  000000000000000000000000000000000000000000000000000000000009067000000000000762380014673520009       
          201                         00000000000000000          0000000000000000000000000000000000CIF             
          301    N1IPI                                                                                             
 0000849    1  S555    0759290605201113898         0605201100000000000140359000000000000000000000000000000000000000
          101  000000000000000000000000000000000000000000000000000000000019487000000000001598460014673520009       
          201                         00000000000000000          0000000000000000000000000000000000CIF             
          301    N1IPI                                                                                             
 0000850    1  S555    0759300605201113898         0605201100000000000589787000000000000000000000000000000000000000
          101  000000000000000000000000000000000000000000000000000000000079614000000000006694010014673520009       
          201                         00000000000000000          0000000000000000000000000000000000CIF             
          301    N1IPI                                                                                             
 0000851    1  S555    0759310605201115492         0605201100000000000660883000000000000000000000000000000000000000
          101  000000000000000000000000000000000000000000000000000000000091756000000000007526390014673520009       
          201                         00000000000000000          0000000000000000000000000000000000CIF             
          301    N1IPI                                                                                             
 0000852    1  S555    0759320605201157904         0605201100000000000010476000000000000000000000000000000000000000
          101  000000000000000000000000000000000000000000000000000000000000000000000000000104760014673520009       
          201                         00000000000000000          0000000000000000000000000000000000CIF             
          301    N1                                                                                                
 0000853    1  S555    0759330605201111972         0605201100000000001061732000000000000000000000000000000000000000
          101  00000000000000000000000000000000000000000000000000000000006497600000000001126708438010070113        
          201                         00000000000000000          0000000000000000000000000000000000FOB             
          301    N1IPI                                                                                             
 0000854    1  S555    0759340605201111972         0605201100000000000117274000000000000000000000000000000000000000
          101  00000000000000000000000000000000000000000000000000000000000675500000000000124029438010070113        
          201                         00000000000000000          0000000000000000000000000000000000FOB             
          301    N1IPI                                                                                             
 0000855    1  S555    0759350605201111972         0605201100000000000096284000000000000000000000000000000000000000
          101  00000000000000000000000000000000000000000003560000000000000604500000000000102685438010070113        
          201                         00000000000000000          0000000000000000000000000000000000FOB             
          301    N1IPI                                                                                             
 0000856    1  S555    0759360605201112976         0605201100000000000143816000000000000000000000000000000000000000
          101  00000000000000000000000005896000000000000000000000000000002216200000000000171874                    
          201                         00000000000000000          0000000000000000000000000000000000CIF             
          301    N1IPI                                                                                             
 0000857    1  S555    0759370605201112976         0605201100000000000230323000000000000000000000000000000000000000
          101  00000000000000000000000009443000000000000000000000000000003549300000000000275259                    
          201                         00000000000000000          0000000000000000000000000000000000CIF             
          301    N1IPI                                                                                             
 0000858    1  S555    075938060520114641          0605201100000000003461909000000000000000000000000000000000000000
          101  00000000000000000000000000000000000000000000000000000000051247700000000003974386                    
          201                         00000000000000000          0000000000000000000000000000000000CIF             
          301    N1IPI                                                                                             
 0000859    1  S555    075939060520114641          0605201100000000000241446000000000000000000000000000000000000000
          101  00000000000000000000000000000000000000000000000000000000003574200000000000277188                    
          201                         00000000000000000          0000000000000000000000000000000000CIF             
          301    N1IPI                                                                                             
 0000860    1  S555    0759400605201112729         0605201100000000000216317000000000000000000000000000000000000000
          101  00000000000000000000000008869000000000000000000000000000003333600000000000258522                    
          201                         00000000000000000          0000000000000000000000000000000000CIF             
          301    N1IPI                                                                                             
 0000861    1  S555    0759410605201157878         0605201100000000000005400000000000000000000000000000000000000000
          101  00000000000000000000000000000000000000000000000000000000000000000000000000005400                    
          201                         00000000000000000          0000000000000000000000000000000000CIF             
          301    N1REM. MATL. PROP/PUBL                                                                            
 0000862    1  S555    0759420605201118394         0605201100000000000240624000000000000000000000000000000000000000
------------------------------------------------------------------------------DATASUL - OBRIGAÇÕES FISCAIS - OF0739A - V:0.00.00.000
------------------------------------------------------------------------------------------------------------------------------------
                                                 Dump 30 ult.reg. Arq. Mestre Mercadorias/Servicos                     Página:     2
-------------------------------------------------------------------------------------------------------------- TODAY - 00:00:00

SEQUENCIA POS. ++++.++++1++++.++++2++++.++++3++++.++++4++++.++++5++++.++++6++++.++++7++++.++++8++++.++++9++++.+++10

          101  00000000000000000000000000000000000000000000000000000000003562100000000000276245                    
          201                         00000000000000000          0000000000000000000000000000000000CIF             
          301    N1IPI                                                                                             
 0000863    1  S555    0759430605201116002         0605201100000000000184670000000000000000000000000000000000000000
          101  00000000000000000000000000000000000000000000000000000000002733800000000000212008                    
          201                         00000000000000000          0000000000000000000000000000000000CIF             
          301    N1IPI                                                                                             
 0000864    1  S555    0759440605201116241         0605201100000000000899220000000000000000000000000000000000000000
          101  00000000000000000000000000000000000000000000000000000000013311400000000001032334                    
          201                         00000000000000000          0000000000000000000000000000000000CIF             
          301    N1IPI                                                                                             
 0000865    1  S555    0759450605201118735         0605201100000000000194682000000000000000000000000000000000000000
          101  00000000000000000000000000000000000000000000000000000000002881900000000000223501                    
          201                         00000000000000000          0000000000000000000000000000000000CIF             
          301    N1IPI                                                                                             
 0000866    1  S015    1532110605201112995         0605201100000000000171004000000000000000000000000000000000000000
          101  00000000000000000000000000000000000000000000000000000000000000000000000000000000438010070113        
          201                         00000000000000000          0000000000000000000000000000000000CIF             
          301    S1IPI                                                                                             
 0000867    1  S551    000827200520111             2005201100000000000010000000000000000000000000000000000000000000
          101  00000000000000000000000000000000000000000000000000000000000000000000000000010000438010070113        
          201                         00000000000000000          0000000000000000000000000000000000CIF             
          301    N1                                                                                                
 0000868    1  S551    000852200520111             2005201100000000000025000000000000000000000000000000000000000000
          101  00000000000000000000000000000000000000000000000000000000000000000000000000025000438010070113        
          201                         00000000000000000          0000000000000000000000000000000000CIF             
          301    N1VENDA ATIVO                                                                                     
 0000869    1  S011    000904200520111             2005201100000000000019000000000000000000000000000000000000000000
          101  00000000000000000000000000000000000000000000000000000000000000000000000000019000438010070113        
          201                         00000000000000000          0000000000000000000000000000000000CIF             
          301    N1IPI                                                                                             
 0000870    1  S011    0009072005201114            2005201100000000000030000000000000000000000000000000000000000000
          101  00000000000000000000000000000000000000000000000000000000000000000000000000030000                    
          201                         00000000000000000          0000000000000000000000000000000000CIF             
          301    N1IPI                                                                                             
 0000871    1  S551    000950200520111             2005201100000000000012500000000000000000000000000000000000000000
          101  00000000000000000000000000000000000000000000000000000000000000000000000000012500438010070113        
          201                         00000000000000000          0000000000000000000000000000000000CIF             
          301    N1IPI                                                                                             
 0000872    1  S551    000957200520111             2005201100000000000050000000000000000000000000000000000000000000
          101  00000000000000000000000000000000000000000000000000000000000000000000000000050000438010070113        
          201                         00000000000000000          0000000000000000000000000000000000CIF             
          301    N1IPI                                                                                             
 0000873    1  S011    001035200520111             2005201100000000000150000000000000000000000000000000000000000000
          101  00000000000000000000000000000000000000000150000000000000000000000000000000165000438010070113        
          201                         00000000000000000          0000000000000000000000000000000000CIF             
          301    N1ALC-AC                                                                                          
 0000874    1  S551    001338200520111             2005201100000000000017500000000000000000000000000000000000000000
          101  00000000000000000000000000000000000000000000000000000000000000000000000000017500438010070113        
          201                         00000000000000000          0000000000000000000000000000000000CIF             
          301    N1                                                                                                
 0000875    1  S551    001502200520111             2005201100000000000013500000000000000000000000000000000000000000
          101  00000000000000000000000000000000000000000000000000000000000000000000000000013500438010070113        
          201                         00000000000000000          0000000000000000000000000000000000CIF             
          301    N1VENDA ATIVO                                                                                     
 0000876    1  S551    001600200520111             2005201100000000000022000000000000000000000000000000000000000000
          101  00000000000000000000000000000000000000000000000000000000000000000000000000022000438010070113        
------------------------------------------------------------------------------DATASUL - OBRIGAÇÕES FISCAIS - OF0739A - V:0.00.00.000
------------------------------------------------------------------------------------------------------------------------------------
                                                 Dump 30 ult.reg. Arq. Mestre Mercadorias/Servicos                     Página:     3
-------------------------------------------------------------------------------------------------------------- TODAY - 00:00:00

SEQUENCIA POS. ++++.++++1++++.++++2++++.++++3++++.++++4++++.++++5++++.++++6++++.++++7++++.++++8++++.++++9++++.+++10

          201                         00000000000000000          0000000000000000000000000000000000CIF             
          301    N1                                                                                                
 0000877    1  S011    144521200520111             2005201100000000000025000000000000000000000000000000000000000000
          101  00000000000000000000000000000000000000000000000000000000000000000000000000025000438010070113        
          201                         00000000000000000          0000000000000000000000000000000000CIF             
          301    N1VENDA ATIVO                                                                                     



















































------------------------------------------------------------------------------DATASUL - OBRIGAÇÕES FISCAIS - OF0739A - V:0.00.00.000
