------------------------------------------------------------------------------------------------------------------------------------
                                                 Dump 30 ult.reg. Arq. Itens Mercadorias/Servicos                      Página:     1
-------------------------------------------------------------------------------------------------------------- TODAY - 00:00:00

SEQUENCIA POS. ++++.++++1++++.++++2++++.++++3++++.++++4++++.++++5++++.++++6++++.++++7++++.++++8++++.++++9++++.+++10

 0003299    1  S555    0759380605201102066.51.245-2         PAABE-217X087X08-1 APACZA                    6401611RJ 
          101  7308300000000000000002000pc 000000000034040000000000000000000000000000000000000300000000000000000000
          201  000000000000000000000010120000000000000068080000000000000081700000000000009604000000000000010078N   
 0003300    1  S555    0759380605201102166.81.506-4         PAQ2 -217X140X08-2 APACZA                    6401611RJ 
          101  7308300000000000000003000pc 000000000060536000000000000000000000000000000000000300000000000000000000
          201  000000000000000000000010120000000000000181608000000000000217930000000000025619400000000000026884N   
 0003301    1  S555    0759390605201100122.12.112-0         JCSSSG120X150X12-4 APDBRA VLS                6401611RJ 
          101  7308300000000000000002000pc 000000000034831000000000000000000000000000000000000300000000000000000000
          201  000000000000000000000010120000000000000069662000000000000083600000000000009827200000000000010312N   
 0003302    1  S555    0759390605201100226.32.161-1         PCCE -217X160X12-2 APDBRA VLS                6401611RJ 
          101  7308300000000000000002000pc 000000000085892000000000000000000000000000000000000300000000000000000000
          201  000000000000000000000010120000000000000171784000000000000206140000000000024233600000000000025430N   
 0003303    1  S555    0759400605201100122.12.202-9         JCSSGEI-100X150X12 APDBRA VLS                6401611RJ 
          101  7308300000000000000001000pc 000000000036125000000000000000000000000000000000000300000000000000000000
          201  000000000000000000000010120000000000000037606000000000000045130000000000005305100000000000005567N   
 0003304    1  S555    0759400605201100224.16.341-5         JMGQ -040X060X08-1 APDBRA VMB                6401611RJ 
          101  7308300000000000000008000pc 000000000010504000000000000000000000000000000000000300000000000000000000
          201  000000000000000000000010120000000000000087477000000000000104970000000000012340400000000000012950N   
 0003305    1  S555    0759400605201100324.22.201-2         PSAPGED-217X087X08 APDBRA VMB                6401611RJ 
          101  7308300000000000000002000pc 000000000048080000000000000000000000000000000000000300000000000000000000
          201  000000000000000000000010120000000000000100103000000000000120120000000000014121500000000000014819N   
 0003306    1  S555    07594106052011001DD                  FOLDER PORTA PIVOTANTE                       6949699171
          101  4911109000000000000100000pc 000000000000054000000000000000000000000000000000000200000000000000000000
          201  000000000000000000004120000000000000000000000000000000000000000000000000000000000000000000000000N   
 0003307    1  S555    0759420605201100121.22.401-4         JVCGQ-100X120X12-6 APDBRA VLS                6401611RJ 
          101  7308300000000000000004000pc 000000000038645000000000000000000000000000000000000300000000000000000000
          201  000000000000000000000010120000000000000154580000000000000185500000000000021806600000000000022883N   
 0003308    1  S555    0759420605201100221.22.402-2         JVCGQ-100X150X12-6 APDBRA VLS                6401611RJ 
          101  7308300000000000000002000pc 000000000043022000000000000000000000000000000000000300000000000000000000
          201  000000000000000000000010120000000000000086044000000000000103250000000000012138200000000000012738N   
 0003309    1  S555    0759430605201100124.16.243-5         JMGE -060X060X08-1 APDBRA VMB                6401611RJ 
          101  7308300000000000000010000pc 000000000013676000000000000000000000000000000000000300000000000000000000
          201  000000000000000000000010120000000000000136760000000000000164110000000000019292700000000000020245N   
 0003310    1  S555    0759430605201100266.31.175-9         PAVBE-217X87X6,5-1 APACZA                    6401611RJ 
          101  7308300000000000000002000pc 000000000023955000000000000000000000000000000000000300000000000000000000
          201  000000000000000000000010120000000000000047910000000000000057490000000000006758700000000000007093N   
 0003311    1  S555    0759440605201100124.15.244-8         JMGE -060X080X08-1 APDPRA VMB                6401611RJ 
          101  7308300000000000000010000pc 000000000014302000000000000000000000000000000000000300000000000000000000
          201  000000000000000000000010120000000000000143020000000000000171620000000000020175800000000000021172N   
 0003312    1  S555    0759440605201100269.51.202-0         PCBQ4-217X200X12-4 APACZA                    6401611RJ 
          101  7308300000000000000010000pc 000000000075620000000000000000000000000000000000000300000000000000000000
          201  000000000000000000000010120000000000000756200000000000000907440000000000106677100000000000111942N   
 0003313    1  S555    0759450605201100124.16.243-5         JMGE -060X060X08-1 APDBRA VMB                6401611RJ 
          101  7308300000000000000004000pc 000000000013676000000000000000000000000000000000000300000000000000000000
          201  000000000000000000000010120000000000000054704000000000000065650000000000007717100000000000008097N   
 0003314    1  S555    0759450605201100266.61.451-4         PSABGEE-217X087X08 APACZA                    6401611RJ 
          101  7308300000000000000002000pc 000000000032179000000000000000000000000000000000000300000000000000000000
          201  000000000000000000000010120000000000000064358000000000000077230000000000009079000000000000009527N   
 0003315    1  S555    0759450605201100369.51.202-0         PCBQ4-217X200X12-4 APACZA                    6401611RJ 
          101  7308300000000000000001000pc 000000000075620000000000000000000000000000000000000300000000000000000000
          201  000000000000000000000010120000000000000075620000000000000090740000000000010667700000000000011195N   
 0003316    1  S015    ??????0605201100170.22.104-7         JVC6GC -100X150X12 ALANAC VLS                54015118ST
          101  7610100000000000000002000pc 000000000085502000000000000017100400000000000000000300000000000000000000
          201  000000000000000000000010250000000000000171004000000000000307810000000000022572500000000000009850N   
 0003317    1  S551    0008272005201100140T                 ITEM CONTROLE TOTAL                          510251212 
          101  7308300000000000000010000KG 000000000001000000000000000001000000000000000000000100000000000000000100
          201  000000000000000000010010250000000000000010000000000000000025000000000000000000000000000000000000N   
------------------------------------------------------------------------------DATASUL - OBRIGAÇÕES FISCAIS - OF0739A - V:0.00.00.000
------------------------------------------------------------------------------------------------------------------------------------
                                                 Dump 30 ult.reg. Arq. Itens Mercadorias/Servicos                      Página:     2
-------------------------------------------------------------------------------------------------------------- TODAY - 00:00:00

SEQUENCIA POS. ++++.++++1++++.++++2++++.++++3++++.++++4++++.++++5++++.++++6++++.++++7++++.++++8++++.++++9++++.+++10

 0003318    1  S551    0008522005201100140T                 ITEM CONTROLE TOTAL                          55515912  
          101  7308300000000000000010000KG 000000000002500000000000000002500000000000000000000200000000000000000000
          201  000000000000000000014020250000000000000000000000000000000000000000000000000000000000000000000000N   
 0003319    1  S011    0009042005201100140T                 ITEM CONTROLE TOTAL                          61016116  
          101  7308300000000000000002000KG 000000000009500000000000000001900000000000000000000100000000000000000190
          201  000000000000000000010010250000000000000019000000000000000047500000000000000000000000000000000000N   
 0003320    1  S011    0009072005201100140T                 ITEM CONTROLE TOTAL                          7101711A  
          101  7308300000000000000003000KG 000000000010000000000000000003000000000000000000000100000000000000000300
          201  000000000000000000014120000000000000000000000000000000000000000000000000000000000000000000000000N   
 0003321    1  S551    0009502005201100140T                 ITEM CONTROLE TOTAL                          6101611OUT
          101  7308300000000000000001000KG 000000000012500000000000000001250000000000000000000100000000000000000125
          201  000000000000000000019030250000000000000000000000000000000000000000000000000000000000000000000000N   
 0003322    1  S551    0009572005201100140T                 ITEM CONTROLE TOTAL                          6101611RB 
          101  7308300000000000000005000KG 000000000010000000000000000005000000000000000000000100000000000000000500
          201  000000000000000000010010250000000000000050000000000000000125000000000000000000000000000000000000N   
 0003323    1  S011    0010352005201100140T                 ITEM CONTROLE TOTAL                          6109611-13
          101  7308300000000000000005000KG 000000000010000000000000000005000000000000000000000101000000000000000500
          201  000000000000000500010010250000000000000050000000000000000125000000000000000000000000000000000000N   
 0003324    1  S011    0010352005201100240T                 ITEM CONTROLE TOTAL                          6109611-13
          101  7308300000000000000010000KG 000000000010000000000000000010000000000000000000000101000000000000001000
          201  000000000000001000010010250000000000000100000000000000000250000000000000000000000000000000000000N   
 0003325    1  S551    0013382005201100140T                 ITEM CONTROLE TOTAL                          6118611FA 
          101  7308300000000000000010000KG 000000000001750000000000000001750000000000000000000100000000000000000175
          201  000000000000000000010010250000000000000017500000000000000043750000000000000000000000000000000000N   
 0003326    1  S551    0015022005201100140T                 ITEM CONTROLE TOTAL                          65516912  
          101  7308300000000000000001000KG 000000000013500000000000000001350000000000000000000200000000000000000000
          201  000000000000000000014020250000000000000000000000000000000000000000000000000000000000000000000000N   
 0003327    1  S551    0016002005201100140T                 ITEM CONTROLE TOTAL                          5553595401
          101  7308300000000000000010000KG 000000000002200000000000000002200000000000000000000300000000000000000000
          201  000000000000000000010010250000000000000022000000000000000055000000000000000000000000000000000000N   
 0003328    1  S011    ??????2005201100140T                 ITEM CONTROLE TOTAL                          555159122 
          101  7308300000000000000010000KG 000000000002500000000000000002500000000000000000000200000000000000000000
          201  000000000000000000014020250000000000000000000000000000000000000000000000000000000000000000000000N   
























------------------------------------------------------------------------------DATASUL - OBRIGAÇÕES FISCAIS - OF0739A - V:0.00.00.000
