------------------------------------------------------------------------------------------------------------------------------------
                                                 Dump 30 ult.reg. Arq. Naturezas de Operacao                           Página:     1
-------------------------------------------------------------------------------------------------------------- TODAY - 00:00:00

SEQUENCIA POS. ++++.++++1++++.++++2++++.++++3++++.++++4++++.++++5++++.++++6++++.++++7++++.++++8++++.++++9++++.+++10

 0000102    1  01012000611RJ VENDA DE PRODUTOS-ST                                                                  
 0000103    1  01012000611RS VENDA DE PRODUTOS-ST                                                                  
 0000104    1  01012000611SC VENDA DE PRODUTOS-ST                                                                  
 0000105    1  01012000611SE1SERVIÇO Sem Reter ISS na Fonte                                                        
 0000106    1  01012000611SERSERVIÇO                                                                               
 0000107    1  01012000611SS serviço                                                                               
 0000108    1  01012000611ST VENDA - ICMS ST                                                                       
 0000109    1  01012000611ZFMVENDA DE PRODUTOS / Z F M                                                             
 0000110    1  010120006123  VENDA DE MERCADORIAS                                                                  
 0000111    1  010120006126  VENDA MAT. PRIMA                                                                      
 0000112    1  010120006181  VENDA DE PRODUTOS                                                                     
 0000113    1  0101200061818 VENDA DE PRODUTOS                                                                     
 0000114    1  01012000686131VENDA DE PRODUTOS  EXPORTACAO                                                         
 0000115    1  010120006912  VENDA DE ATIVO IMOBILIZADO                                                            
 0000116    1  010120006933  Serviços                                                                              
 0000117    1  010120006949  Serviços 6.949                                                                        
 0000118    1  0101200069910 BONIFICACAO DE PRODUTOS                                                               
 0000119    1  0101200069911 BONIFICACAO DE PRODUTOS                                                               
 0000120    1  01012000699117MATERIAL UTILIZADO NA ASSIST TECN                                                     
 0000121    1  01012000699131DOACAO DE EXPOSITOR                                                                   
 0000122    1  01012000699132DOACAO DE EXPOSITOR                                                                   
 0000123    1  01012000699171REMESSA MATL PROPAGANDA PUBLICIDADE                                                   
 0000124    1  01012000699901COMODATO                                                                              
 0000125    1  01012000699925REMESSA CONSERTO                                                                      
 0000126    1  01012000699943RETORNO DE EMBALAGEM                                                                  
 0000127    1  01012000699MS BONIFICACAO DE PRODUTOS                                                               
 0000128    1  01012000699MT BONIFICACAO DE PRODUTOS                                                               
 0000129    1  010120006SERC Serviço                                                                               
 0000130    1  010120007111  VENDAS EXTERIOR                                                                       
 0000131    1  01012000711A  VENDA - EXPORTAÇÃO                                                                    



























------------------------------------------------------------------------------DATASUL - OBRIGAÇÕES FISCAIS - OF0739A - V:0.00.00.000
