------------------------------------------------------------------------------------------------------------------------------------
                                                 Importacao de Notas para OF                                            Página:    1
-------------------------------------------------------------------------------------------------------------- TODAY - 00:00:00


Linha      Mensagem
--------   --------------------------------------------------------------------------------
0000001     Importação Obrigações Fiscais realizada com sucesso                             

Arquivo                                                       Lidos  Aceitos  Com Erros
-----------------------------------------------------------   -----  -------  ---------
C:/solution/CT_OF0312_Importacao_Docto_Fiscais/bin/Debug/arq      1      1        0



















































-----------------------------------------------------------------------------DATASUL - Obrigacoes Fiscais - OF0312RB - V:0.00.00.000
------------------------------------------------------------------------------------------------------------------------------------
                                                 Importacao de Notas para OF                                            Página:    2
-------------------------------------------------------------------------------------------------------------- TODAY - 00:00:00


Linha      Mensagem
--------   --------------------------------------------------------------------------------
                   Parâmetros:

               Testa valores de Entrada: Sim

                    Impressão:

                                Destino: Arquivo         C:/Automacao/Relatorios/OF0312

                                Usuário: super















































-----------------------------------------------------------------------------DATASUL - Obrigacoes Fiscais - OF0312RB - V:0.00.00.000
