------------------------------------------------------------------------------------------------------------------------------------
                                                 Geração INOVAR-AUTO                                                    Página:    1
-------------------------------------------------------------------------------------------------------------- TODAY - 00:00:00




    Estabelecimento     Emitente                                                 Valor Total      Valor Parcela Dedutível
    ---------------     ---------------------------------------- ---------------------------  ---------------------------
    1                   TREZA SA                                                   33.173,00                        15,25
                        TESTE ESTRANGEIRO                                             238,65                         0,00
                        EDI MERCANTIL MONTADORAS LTDA                                 203,52                     1.425,19
                        LOJA DO PINTOR E CONSTRUTOR LTDA                                0,00                       669,09
                        ANTONIO CARLOS NASCIMENTO                                 653.005,13                       948,33
                        INCOESME IND COM ESQS LTDA                                 28.880,39                   103.599,37

                                                                  --------------------------   --------------------------
    TOTAL:                                                                        715.500,69                   106.657,22













































-----------------------------------------------------------------------------------------------DATASUL -  - OF0963RP - V:0.00.00.000
------------------------------------------------------------------------------------------------------------------------------------
                                                 Geração INOVAR-AUTO                                                    Página:    2
-------------------------------------------------------------------------------------------------------------- TODAY - 00:00:00


PARÂMETROS


     Seleção:

         Estabelecimento Centralizador: 1
                               Período: 01/09/2011 |<>| 30/09/2011
     Parâmetros:

                               Geração: Gera Relatório de Conferência
                   Relatório Detalhado Produto: Não
                   Relatório Detalhado: Não
                    Relatório Resumido: Sim
                         Retificadora?: Não
                 Considera Devoluções?: Não

     Impressão:

                               Destino: Arquivo
                  Diretório de Geração: C:\Automacao\Relatorios\Relatórios_INOVAR-AUTO-FORN






































-----------------------------------------------------------------------------------------------DATASUL -  - OF0963RP - V:0.00.00.000
