------------------------------------------------------------------------------------------------------------------------------------
                                                 Cálculo de Parcela Dedutível INOVAR-AUTO                               Página:    1
-------------------------------------------------------------------------------------------------------------- TODAY - 00:00:00



  ================================================================================================================================
  ESTABELECIMENTO:   1       DEMONSTRAÇÃO DE CÁLCULO DE FATOR POR PRODUTO VENDIDO NO PERÍODO
  ================================================================================================================================


    PRODUTO: 13c              ITEM CONTROLE CONSIGNADO

         INSUMO                  FATOR UNITÁRIO    QTD CONSUMIDA    PARC DEDUT INSUMO
         ----------------  --------------------  --------------- --------------------
         13c                           112,1152           1,0000             112,1152

    FATOR PARCELA DEDUTÍVEL PRODUTO: 13c                                     112,1152

    PRODUTO: 13d              ITEM D¿BITO DIRETO

         INSUMO                  FATOR UNITÁRIO    QTD CONSUMIDA    PARC DEDUT INSUMO
         ----------------  --------------------  --------------- --------------------
         13d                           338,8889           1,0000             338,8889

    FATOR PARCELA DEDUTÍVEL PRODUTO: 13d                                     338,8889

    PRODUTO: 13F              ITEM CONTROLE TOTAL

         INSUMO                  FATOR UNITÁRIO    QTD CONSUMIDA    PARC DEDUT INSUMO
         ----------------  --------------------  --------------- --------------------
         13F                           118,0151           1,0000             118,0151

    FATOR PARCELA DEDUTÍVEL PRODUTO: 13F                                     118,0151

    PRODUTO: 13FF             ITEM CONTROLE FÍSICO

         INSUMO                  FATOR UNITÁRIO    QTD CONSUMIDA    PARC DEDUT INSUMO
         ----------------  --------------------  --------------- --------------------
         13FF                            5,2500           1,0000               5,2500

    FATOR PARCELA DEDUTÍVEL PRODUTO: 13FF                                      5,2500

    PRODUTO: 13T              ITEM CONTROLE TOTAL

         INSUMO                  FATOR UNITÁRIO    QTD CONSUMIDA    PARC DEDUT INSUMO
         ----------------  --------------------  --------------- --------------------
         13T                             4,5800           1,0000               4,5800

    FATOR PARCELA DEDUTÍVEL PRODUTO: 13T                                       4,5800

    PRODUTO: 40T              ITEM CONTROLE TOTAL

         INSUMO                  FATOR UNITÁRIO    QTD CONSUMIDA    PARC DEDUT INSUMO
         ----------------  --------------------  --------------- --------------------
         40T                           107,3641           1,0000             107,3641

    FATOR PARCELA DEDUTÍVEL PRODUTO: 40T                                     107,3641

    PRODUTO: ABJC-100         ALAVANCA COM BOTAO MONTADO



----------------------------------------------------------------------------------------------DATASUL -  - OF0963ARP - V:0.00.00.000
------------------------------------------------------------------------------------------------------------------------------------
                                                 Cálculo de Parcela Dedutível INOVAR-AUTO                               Página:    2
-------------------------------------------------------------------------------------------------------------- TODAY - 00:00:00


         INSUMO                  FATOR UNITÁRIO    QTD CONSUMIDA    PARC DEDUT INSUMO
         ----------------  --------------------  --------------- --------------------
         CH REC-089                      0,0000           0,0294               0,0000
         81.65.017-9                     0,0000           1,0000               0,0000
         80.75.004-8                     0,0000           0,0042               0,0000
         80.75.004-8                     0,0000           0,0010               0,0000

    FATOR PARCELA DEDUTÍVEL PRODUTO: ABJC-100                                  0,0000

    PRODUTO: CONF             ITEM CONTROLE CONFIGURADO

         INSUMO                  FATOR UNITÁRIO    QTD CONSUMIDA    PARC DEDUT INSUMO
         ----------------  --------------------  --------------- --------------------
         80.03.019-3                     0,0000           1,6667               0,0000
         80.03.102-5                     0,0000           0,5000               0,0000
         80.03.001-0                     0,0000           2,6667               0,0000
         80.03.019-3                     0,0000           1,6667               0,0000
         80.03.102-5                     0,0000           0,5000               0,0000

    FATOR PARCELA DEDUTÍVEL PRODUTO: CONF                                      0,0000

    PRODUTO: Filho1-Benefic   Filho1-Benefic - Teste Bloco - K

         INSUMO                  FATOR UNITÁRIO    QTD CONSUMIDA    PARC DEDUT INSUMO
         ----------------  --------------------  --------------- --------------------
         Filho1-Benefic                  0,0000           1,0000               0,0000

    FATOR PARCELA DEDUTÍVEL PRODUTO: Filho1-Benefic                            0,0000

    PRODUTO: Filho2-Benefic   Filho2-Benefic - Teste Bloco - K

         INSUMO                  FATOR UNITÁRIO    QTD CONSUMIDA    PARC DEDUT INSUMO
         ----------------  --------------------  --------------- --------------------
         Filho2-Benefic                  0,0000           1,0000               0,0000

    FATOR PARCELA DEDUTÍVEL PRODUTO: Filho2-Benefic                            0,0000

    PRODUTO: P2               ITEM COMPOSTO - PAI N?O BAIXA ESTOQU

         INSUMO                  FATOR UNITÁRIO    QTD CONSUMIDA    PARC DEDUT INSUMO
         ----------------  --------------------  --------------- --------------------
         P2                              0,0000           1,0000               0,0000

    FATOR PARCELA DEDUTÍVEL PRODUTO: P2                                        0,0000

    PRODUTO: REF              ITEM CONTROLE POR REFERÊNCIA

         INSUMO                  FATOR UNITÁRIO    QTD CONSUMIDA    PARC DEDUT INSUMO
         ----------------  --------------------  --------------- --------------------
         REF                             0,0000           1,0000               0,0000

    FATOR PARCELA DEDUTÍVEL PRODUTO: REF                                       0,0000

    PRODUTO: SOJA             SOJA EM GRÃOS A GRANEL - ORIGINAÇÃO

         INSUMO                  FATOR UNITÁRIO    QTD CONSUMIDA    PARC DEDUT INSUMO
         ----------------  --------------------  --------------- --------------------
         SOJA                            0,0000           1,0000               0,0000
----------------------------------------------------------------------------------------------DATASUL -  - OF0963ARP - V:0.00.00.000
------------------------------------------------------------------------------------------------------------------------------------
                                                 Cálculo de Parcela Dedutível INOVAR-AUTO                               Página:    3
-------------------------------------------------------------------------------------------------------------- TODAY - 00:00:00


    FATOR PARCELA DEDUTÍVEL PRODUTO: SOJA                                      0,0000


  ================================================================================================================================
  ESTABELECIMENTO:   1       INSUMOS NÃO ENCONTRADOS EM NFs DE ENTRADA PARA CÁLCULO DO FATOR DA PARCELA DEDUTÍVEL
  ================================================================================================================================


  Produto               Insumo
  ----------------      ----------------
  ABJC-100              80.75.004-8
  ABJC-100              81.65.017-9
  ABJC-100              CH REC-089
  CONF                  80.03.001-0
  CONF                  80.03.019-3
  CONF                  80.03.102-5
  REF                   REF









































----------------------------------------------------------------------------------------------DATASUL -  - OF0963ARP - V:0.00.00.000
