------------------------------------------------------------------------------------------------------------------------------------
                                                 Geração INOVAR-AUTO                                                    Página:    1
-------------------------------------------------------------------------------------------------------------- TODAY - 00:00:00




    Estabelecimento     Emitente                                                 Valor Total      Valor Parcela Dedutível
    ---------------     ---------------------------------------- ---------------------------  ---------------------------
    1                   TREZA SA                                                   33.173,00                       117,37
                        TESTE ESTRANGEIRO                                             238,65                         0,00
                        EDI MERCANTIL MONTADORAS LTDA                                 203,52                     1.410,52
                        LOJA DO PINTOR E CONSTRUTOR LTDA                                0,00                     1.173,55
                        ANTONIO CARLOS NASCIMENTO                                 653.005,13                     1.652,13
                        INCOESME IND COM ESQS LTDA                                 28.880,39                   203.058,08

                                                                  --------------------------   --------------------------
    TOTAL:                                                                        715.500,69                   207.411,64













































-----------------------------------------------------------------------------------------------DATASUL -  - OF0963RP - V:0.00.00.000
------------------------------------------------------------------------------------------------------------------------------------
                                                 Geração INOVAR-AUTO                                                    Página:    2
-------------------------------------------------------------------------------------------------------------- TODAY - 00:00:00


PARÂMETROS


     Seleção:

         Estabelecimento Centralizador: 1
                               Período: 01/09/2011 |<>| 30/09/2011
     Parâmetros:

                               Geração: Gera XML
                   Relatório Detalhado Produto: Não
                   Relatório Detalhado: Não
                    Relatório Resumido: Não
                         Retificadora?: Sim
                 Considera Devoluções?: Não

     Impressão:

                               Destino: Arquivo
                  Diretório de Geração: C:\Automacao\Relatorios\XML_INOVAR-AUTO-FORN_TODAY_170822






































-----------------------------------------------------------------------------------------------DATASUL -  - OF0963RP - V:0.00.00.000
