------------------------------------------------------------------------------------------------------------------------------------
                                                 Geração Bloco K                                                        Página:    1
-------------------------------------------------------------------------------------------------------------- TODAY - 00:00:00


----------------------------------------------------------------------------------------------------------------------------------
  Estabelecimento: Estabelecimento TOTVS - Ñ ALTERAR CONTAS                                             CNPJ: 53113791001790
----------------------------------------------------------------------------------------------------------------------------------

  Período Referência: 10/2011

----------------------------------------------------------------------------------------------------------------------------------
  Origem Estrutura:   Origem Estrutura: ENF - Engenharia do Produto com Fictício
  Estrutura Filtrada: Não
----------------------------------------------------------------------------------------------------------------------------------

  Unidade de Negócio:                           01

    Item: Semi-2-A

        Cod Insumo                 Qtd Insumo    Fator Perda
        ---------------- -------------------- --------------
        Filho-Semi-A                 0,002997         0,0000
        Filho-Semi-A1                0,004995         0,0000

    Item: Semi-2-B-Filho_#F000001

        Cod Insumo                 Qtd Insumo    Fator Perda
        ---------------- -------------------- --------------
        Semi-2C -C                   2,000000         0,0000

































-----------------------------------------------------------------------------------------------DATASUL -  - LF0228RP - V:0.00.00.000
------------------------------------------------------------------------------------------------------------------------------------
                                                 Geração Bloco K                                                        Página:    2
-------------------------------------------------------------------------------------------------------------- TODAY - 00:00:00


       PARÂMETROS


              Seleção:

                Estabelecimento: 1
                        Período: 01/10/11 |<>| 31/10/11


           Parâmetros:

                         Gravar: Sobrepor Estrutura com dados do período atual e MANTER períodos anteriores gerados
    Demonstra Cálculo Estrutura: Sim
    Gerar Correção Apontamentos: Não
    Gerar Somente Registro K200: Não


            Impressão:

                        Destino: Arquivo






































-----------------------------------------------------------------------------------------------DATASUL -  - LF0228RP - V:0.00.00.000
