------------------------------------------------------------------------------------------------------------------------------------
                                                 Geração Bloco K                                                        Página:    1
-------------------------------------------------------------------------------------------------------------- TODAY - 00:00:00


----------------------------------------------------------------------------------------------------------------------------------
  Estabelecimento: Estabelecimento TOTVS - Ñ ALTERAR CONTAS                                             CNPJ: 53113791001790
----------------------------------------------------------------------------------------------------------------------------------

  Período Referência: 10/2013

----------------------------------------------------------------------------------------------------------------------------------
  Origem Estrutura:   Origem Estrutura: OPF - Movimentação da Ordem de Produção com Fictício
  Estrutura Filtrada: Não
----------------------------------------------------------------------------------------------------------------------------------

  Unidade de Negócio:                           123

    Item: MBK-CONF-01

        Cod Insumo                 Qtd Insumo    Fator Perda
        ---------------- -------------------- --------------
        MBK-CONF-F-01               10,000000         0,0000
        MBK-CONF-F-02               10,000000         0,0000
        MBK-CONF-F-04               10,000000         0,0000

    Item: MBK-CONF-01_#F000001

        Cod Insumo                 Qtd Insumo    Fator Perda
        ---------------- -------------------- --------------
        MBK-CONF-F-01               10,000000         0,0000
        MBK-CONF-F-02               10,000000         0,0000
        MBK-CONF-F-03               10,000000         0,0000

    Item: MBK-CONF-01_#F000002

        Cod Insumo                 Qtd Insumo    Fator Perda
        ---------------- -------------------- --------------
        MBK-CONF-F-01               10,000000         0,0000
        MBK-CONF-F-02               10,000000         0,0000
        MBK-CONF-F-05               10,000000         0,0000

    Item: MBK-COPROD-F-01

        Cod Insumo                 Qtd Insumo    Fator Perda
        ---------------- -------------------- --------------
        MBK-COPROD-01                0,388676         0,0000

    Item: MBK-COPROD-F-02

        Cod Insumo                 Qtd Insumo    Fator Perda
        ---------------- -------------------- --------------
        MBK-COPROD-01                0,999097         0,0000

    Item: MBK-COPROD-F-03

        Cod Insumo                 Qtd Insumo    Fator Perda
        ---------------- -------------------- --------------
        MBK-COPROD-01                1,248871         0,0000

    Item: MBK-DT-VAL-01


-----------------------------------------------------------------------------------------------DATASUL -  - LF0228RP - V:0.00.00.000
------------------------------------------------------------------------------------------------------------------------------------
                                                 Geração Bloco K                                                        Página:    2
-------------------------------------------------------------------------------------------------------------- TODAY - 00:00:00


        Cod Insumo                 Qtd Insumo    Fator Perda
        ---------------- -------------------- --------------
        MBK-DT-VAL-F-01             10,000000         0,0000
        MBK-DT-VAL-F-02             12,000000         0,0000
        MBK-DT-VAL-F-04             20,000000         0,0000
        MBK-DT-VAL-F-05              6,000000         0,0000

    Item: MBK-DT-VAL-01_#F000001

        Cod Insumo                 Qtd Insumo    Fator Perda
        ---------------- -------------------- --------------
        MBK-DT-VAL-F-01             10,000000         0,0000
        MBK-DT-VAL-F-02             12,000000         0,0000
        MBK-DT-VAL-F-03             12,000000         0,0000

    Item: MBK-DT-VAL-01_#F000002

        Cod Insumo                 Qtd Insumo    Fator Perda
        ---------------- -------------------- --------------
        MBK-DT-VAL-F-01             10,000000         0,0000
        MBK-DT-VAL-F-02             12,000000         0,0000

    Item: MBK-DT-VAL-01_#F000003

        Cod Insumo                 Qtd Insumo    Fator Perda
        ---------------- -------------------- --------------
        MBK-DT-VAL-F-01             10,000000         0,0000
        MBK-DT-VAL-F-02             12,000000         0,0000
        MBK-DT-VAL-F-04             20,000000         0,0000

    Item: MBK-DT-VAL-02

        Cod Insumo                 Qtd Insumo    Fator Perda
        ---------------- -------------------- --------------
        MBK-DT-VAL-F-03             12,000000         0,0000
        MBK-DT-VAL-F-04             20,000000         0,0000
        MBK-DT-VAL-F-05              6,000000         0,0000

    Item: MBK-DT-VAL-02_#F000001

        Cod Insumo                 Qtd Insumo    Fator Perda
        ---------------- -------------------- --------------
        MBK-DT-VAL-01                1,000000         0,0000
        MBK-DT-VAL-F-05              5,000000         0,0000

    Item: MBK-INT-EXT-01_#F000002

        Cod Insumo                 Qtd Insumo    Fator Perda
        ---------------- -------------------- --------------
        MBK-INT-EXT-01_#             0,080000         0,0000
        MBK-INT-EXT-F-01             1,000000         0,0000
        MBK-INT-EXT-F-03             1,000000         0,0000

    Item: MBK-LIST-01

        Cod Insumo                 Qtd Insumo    Fator Perda
        ---------------- -------------------- --------------
        MBK-LIST-F-01               10,000000         0,0000
-----------------------------------------------------------------------------------------------DATASUL -  - LF0228RP - V:0.00.00.000
------------------------------------------------------------------------------------------------------------------------------------
                                                 Geração Bloco K                                                        Página:    3
-------------------------------------------------------------------------------------------------------------- TODAY - 00:00:00


        Cod Insumo                 Qtd Insumo    Fator Perda
        ---------------- -------------------- --------------
        MBK-LIST-F-02               10,000000         0,0000
        MBK-LIST-F-03               20,000000         0,0000

    Item: MBK-LIST-01_#F000001

        Cod Insumo                 Qtd Insumo    Fator Perda
        ---------------- -------------------- --------------
        MBK-LIST-F-01               15,000000         0,0000
        MBK-LIST-F-02               13,000000         0,0000
        MBK-LIST-F-04               13,000000         0,0000

    Item: MBK-LIST-01_#F000002

        Cod Insumo                 Qtd Insumo    Fator Perda
        ---------------- -------------------- --------------
        MBK-LIST-F-01               12,000000         0,0000
        MBK-LIST-F-02               20,000000         0,0000
        MBK-LIST-F-05                8,000000         0,0000

    Item: MBK-REFER-01

        Cod Insumo                 Qtd Insumo    Fator Perda
        ---------------- -------------------- --------------
        MBK-REFER-F-01              25,000000         0,0000
        MBK-REFER-F-02               3,000000         0,0000
        MBK-REFER-F-03               5,000000         0,0000

    Item: MBK-REFER-01_#F000001

        Cod Insumo                 Qtd Insumo    Fator Perda
        ---------------- -------------------- --------------
        MBK-REFER-F-01              25,000000         0,0000
        MBK-REFER-F-02               3,000000         0,0000
        MBK-REFER-F-04               2,000000         0,0000

    Item: MBK-REFER-01_#F000002

        Cod Insumo                 Qtd Insumo    Fator Perda
        ---------------- -------------------- --------------
        MBK-REFER-F-01              25,000000         0,0000
        MBK-REFER-F-02               3,000000         0,0000
        MBK-REFER-F-05               2,000000         0,0000














-----------------------------------------------------------------------------------------------DATASUL -  - LF0228RP - V:0.00.00.000
------------------------------------------------------------------------------------------------------------------------------------
                                                 Geração Bloco K                                                        Página:    4
-------------------------------------------------------------------------------------------------------------- TODAY - 00:00:00


       PARÂMETROS


              Seleção:

                Estabelecimento: 1
                        Período: 01/10/13 |<>| 31/10/13


           Parâmetros:

                         Gravar: Sobrepor Estrutura com dados do período atual e MANTER períodos anteriores gerados
    Demonstra Cálculo Estrutura: Sim
    Gerar Correção Apontamentos: Não
    Gerar Somente Registro K200: Não


            Impressão:

                        Destino: Arquivo






































-----------------------------------------------------------------------------------------------DATASUL -  - LF0228RP - V:0.00.00.000
