------------------------------------------------------------------------------------------------------------------------------------
                                                 Geração Bloco K                                                        Página:    1
-------------------------------------------------------------------------------------------------------------- TODAY - 00:00:00


----------------------------------------------------------------------------------------------------------------------------------
  Estabelecimento: Estabelecimento TOTVS - Ñ ALTERAR CONTAS                                             CNPJ: 53113791001790
----------------------------------------------------------------------------------------------------------------------------------

  Período Referência: 01/2014

----------------------------------------------------------------------------------------------------------------------------------
  Origem Estrutura:   Origem Estrutura: OPF - Movimentação da Ordem de Produção com Fictício
  Estrutura Filtrada: Não
----------------------------------------------------------------------------------------------------------------------------------


  --------------------------------------------------------------------------------------------------------------------------------


  ATENÇÃO: Preço médio não calculado para o período.                                                                              
  A geração da estrutura poderá sofrer alterações após o cálculo e deverá ser gerada novamente.                                   


  --------------------------------------------------------------------------------------------------------------------------------

  Unidade de Negócio:                           123

    Item: MBK-LIST-01

        Cod Insumo                 Qtd Insumo    Fator Perda
        ---------------- -------------------- --------------
        MBK-LIST-F-01               10,000000         0,0700
        MBK-LIST-F-02               10,000000         0,0600
        MBK-LIST-F-03               20,000000         0,0400




























-----------------------------------------------------------------------------------------------DATASUL -  - LF0228RP - V:0.00.00.000
------------------------------------------------------------------------------------------------------------------------------------
                                                 Geração Bloco K                                                        Página:    2
-------------------------------------------------------------------------------------------------------------- TODAY - 00:00:00


       PARÂMETROS


              Seleção:

                Estabelecimento: 1
                        Período: 01/01/14 |<>| 31/01/14


           Parâmetros:

                         Gravar: Sobrepor Estrutura com dados do período atual e MANTER períodos anteriores gerados
    Demonstra Cálculo Estrutura: Sim
    Gerar Correção Apontamentos: Não
    Gerar Somente Registro K200: Não


            Impressão:

                        Destino: Arquivo






































-----------------------------------------------------------------------------------------------DATASUL -  - LF0228RP - V:0.00.00.000
