------------------------------------------------------------------------------------------------------------------------------------
                                                 Geração Bloco K                                                        Página:    1
-------------------------------------------------------------------------------------------------------------- TODAY - 00:00:00


----------------------------------------------------------------------------------------------------------------------------------
  Estabelecimento: Estabelecimento TOTVS - Ñ ALTERAR CONTAS                                             CNPJ: 53113791001790
----------------------------------------------------------------------------------------------------------------------------------

  Período Referência: 09/2011

----------------------------------------------------------------------------------------------------------------------------------
  Origem Estrutura:   Origem Estrutura: ENF - Engenharia do Produto com Fictício
  Estrutura Filtrada: Não
----------------------------------------------------------------------------------------------------------------------------------

  Unidade de Negócio:                           01

    Item: ABJC-100

        Cod Insumo                 Qtd Insumo    Fator Perda
        ---------------- -------------------- --------------
        81.65.017-9                  1,000000         0,0000
        BT-001-01                    1,000000         0,0000
        BT-001-02                    1,000000         0,0000
        JC-100-30                    1,000000         0,0000

    Item: BT-001-01

        Cod Insumo                 Qtd Insumo    Fator Perda
        ---------------- -------------------- --------------
        80.75.004-8                  0,004200         0,0000

    Item: Item-pai-2

        Cod Insumo                 Qtd Insumo    Fator Perda
        ---------------- -------------------- --------------
        Semi-2-A                     0,003992         0,0000
        Semi-2-B                     0,005988         0,0000

    Item: Item-pai-3

        Cod Insumo                 Qtd Insumo    Fator Perda
        ---------------- -------------------- --------------
        Filho-Semi-A                 0,181818         0,0000
        Semi-2-B                     0,272727         0,0000

    Item: Pai-Benefic

        Cod Insumo                 Qtd Insumo    Fator Perda
        ---------------- -------------------- --------------
        Filho1-Benefic               2,000000         0,0000
        Filho2-Benefic               5,000000         0,0000

    Item: Semi-2-A

        Cod Insumo                 Qtd Insumo    Fator Perda
        ---------------- -------------------- --------------
        Filho-Semi-A                 0,001200         0,0000
        Filho-Semi-A1                0,001999         0,0000

    Item: Semi-2-B

-----------------------------------------------------------------------------------------------DATASUL -  - LF0228RP - V:0.00.00.000
------------------------------------------------------------------------------------------------------------------------------------
                                                 Geração Bloco K                                                        Página:    2
-------------------------------------------------------------------------------------------------------------- TODAY - 00:00:00


        Cod Insumo                 Qtd Insumo    Fator Perda
        ---------------- -------------------- --------------
        Semi-2-B-Filho               0,000444         0,0000

    Item: Semi-2-B-Filho
    *Calculado por Movimentação da Ordem de Produção            

        Cod Insumo                 Qtd Insumo    Fator Perda
        ---------------- -------------------- --------------
        Semi-2B - B                  3,000000         0,0000

    Item: Semi-2-B-Filho_#F000001
    *Calculado por Movimentação da Ordem de Produção            

        Cod Insumo                 Qtd Insumo    Fator Perda
        ---------------- -------------------- --------------
        Semi-2C -C                   2,000000         0,0000









































-----------------------------------------------------------------------------------------------DATASUL -  - LF0228RP - V:0.00.00.000
------------------------------------------------------------------------------------------------------------------------------------
                                                 Geração Bloco K                                                        Página:    3
-------------------------------------------------------------------------------------------------------------- TODAY - 00:00:00


       PARÂMETROS


              Seleção:

                Estabelecimento: 1
                        Período: 01/09/11 |<>| 30/09/11


           Parâmetros:

                         Gravar: Sobrepor Estrutura com dados do período atual e MANTER períodos anteriores gerados
    Demonstra Cálculo Estrutura: Sim
    Gerar Correção Apontamentos: Não
    Gerar Somente Registro K200: Não


            Impressão:

                        Destino: Arquivo






































-----------------------------------------------------------------------------------------------DATASUL -  - LF0228RP - V:0.00.00.000
