------------------------------------------------------------------------------------------------------------------------------------
SASAZAKI IND. E COM. LTDA                        DIPI-Dados das Saidas de 01/07/2011 a 31/07/2011                       Página:    1
-------------------------------------------------------------------------------------------------------------- TODAY - 00:00:00

 FIRMA: Estabelecimento TOTVS - Ñ ALTERAR CONTAS             INS. ESTADUAL: 255721161              CNPJ    : 53113791001790

 Class. Fiscal EX Descricao                                        Valor       %           Vl. Acumulado       %
 ------------- -- ------------------------------    --------------------   ------   --------------------   ------
 3403.19.00       OLEO                                  4.691.438.117,46   100,00       4.691.438.117,46   100,00
 0000.00.00       VIDRO                                        11.200,00     0,00       4.691.449.317,46   100,00
 7308.90.90       OUTROS DE AÇO                                 2.285,64     0,00       4.691.451.603,10   100,00
 7308.30.00       PORTAS, JANELAS E SUAS PARTES                 2.200,00     0,00       4.691.453.803,10   100,00
 1108.12.00       PAPEIS PARA EMBALAGEM                           952,55     0,00       4.691.454.755,65   100,00


















































-----------------------------------------------------------------------------DATASUL - OBRIGACOES FISCAIS - OF0725RP - V:0.00.00.000
------------------------------------------------------------------------------------------------------------------------------------
SASAZAKI IND. E COM. LTDA                        DIPI-Dados das Saidas de 01/07/2011 a 31/07/2011                       Página:    2
-------------------------------------------------------------------------------------------------------------- TODAY - 00:00:00


                        Seleção

                    Estabelecimento: 1
                            Período: 01/07/2011  |<         >| 31/07/2011



                        Parâmetros

           Perc Máximo do Relatório: 100,00
        Natureza do Estabelecimento: Equiparado a Industrial
Considera Nat Oper com Cod Vinc IPI: Sim
              Apropriar Valores por: Valor Contábil
              Sumarizar Valores por: Classificação Fiscal

---------------------- CFOP's Excluidas -----------------




                        Impressão

                            Destino: Impressora
                            Arquivo: C:/automacao/relatorios


































-----------------------------------------------------------------------------DATASUL - OBRIGACOES FISCAIS - OF0725RP - V:0.00.00.000
