FIRMA: Estabelecimento TOTVS - Ñ ALTERAR CONTAS
                                              INSCR.EST.: 255721161            CNPJ   : 53.113.791/0017-90  Folha:          1

PERÍODO: 01/05/11 A 30/08/11

                                                SAIDAS DE MERCADORIA E/OU PRESTAÇÕES DE SERVIÇO

                    *-----------VALOR CONTÁBIL----------*   *-----------BASE DE CÁLCULO----------*
  COD. UNIDADE DA                       NÃO                                 NÃO                                        SUBSTITUIÇÃO
SINIEF  FEDERAÇÃO              CONTRIBUINTE      CONTRIBUINTE      CONTRIBUINTE      CONTRIBUINTE           OUTRAS       TRIBUTÁRIA
22     RIO DE JANEIRO                668,00         112797,81            668,00          98311,60             0,00         14486,21
20     RIO GRANDE DO NORTE             0,00           4331,43              0,00           4331,43             0,00             0,00
21     RIO GRANDE DO SUL               0,00          68418,05              0,00          61006,52             0,00          7411,53
25     SANTA CATARINA                  0,00          47493,21              0,00          42886,37           125,00           138,95
00     São Paulo                   30584,65    13164066621,50          29977,59     7600036148,48     860315075,55     361634665,80

TOTAL GE                           31252,65    13164299662,00          30645,59     7600242684,40     860315200,55     361656702,49














































--------------------------------------------------------------------------------------DATASUL - OBRIGACÕES FISCAIS - OF/0605 - V:0
FIRMA: Estabelecimento TOTVS - Ñ ALTERAR CONTAS  INSCR. EST.: 255721161               CGC(MF): 53.113.791/0017-90  Folha:          2

PERIODO: 01/05/11 A 30/08/11

                                                SAIDAS DE MERCADORIA E/OU PRESTACOES DE SERVICOS (POR PAIS)

                      *-------- VALOR CONTABIL -----------**--------- BASE DE CALCULO ---------*
PAIS                           NAO                                 NAO                                                 SUBSTITUICAO
                          CONTRIBUINTE      CONTRIBUINTE      CONTRIBUINTE       CONTRIBUINTE      ISENTAS/OUTRAS        TRIBUTARIA

Argentina                        0,00           1805,80              0,00               0,00               0,00               0,00
Brasil                       33930,40    13165530628,78          30898,66      7601238353,40       860315200,55       361717015,59
ESTADOS UNIDOS                   0,00           3400,00              0,00               0,00               0,00               0,00
TOTAL GERAL                  33930,40    13165535834,58          30898,66      7601238353,40       860315200,55       361717015,59

















































--------------------------------------------------------------------------------------DATASUL - OBRIGACÕES FISCAIS - OF/0605 - V:0
