FIRMA: Estabelecimento TOTVS - Ñ ALTERAR CONTAS
                                              INSCR.EST.: 255721161            CNPJ   : 53.113.791/0017-90  Folha:          1

PERÍODO: 01/05/11 A 30/08/11

                                                SAIDAS DE MERCADORIA E/OU PRESTAÇÕES DE SERVIÇO

                    *-----------VALOR CONTÁBIL----------*   *-----------BASE DE CÁLCULO----------*
  COD. UNIDADE DA                       NÃO                                 NÃO                                        SUBSTITUIÇÃO
SINIEF  FEDERAÇÃO              CONTRIBUINTE      CONTRIBUINTE      CONTRIBUINTE      CONTRIBUINTE           OUTRAS       TRIBUTÁRIA
04     AMAZONAS                        0,00          99367,43              0,00              0,00         99367,43             0,00
00     DISTRITO FEDERAL                0,00          72276,47              0,00          72276,47             0,00             0,00
08     ESPIRITO SANTO                603,50          70554,81              0,00          70554,81           603,50             0,00
10     GOIAS                         607,06          84769,36              0,00          84769,36           607,06             0,00
14     MINAS GERAIS                  860,13         346875,22            253,07         304840,11           607,06         42035,11
28     MATO GROSSO DO SUL              0,00          61725,88              0,00          55122,38             0,00          6603,50
13     MATO GROSSO                     0,00         172421,28              0,00         114316,79         46200,00         11604,49
17     PARANA                        607,06         313928,88              0,00         286889,08         27717,66             0,00
22     RIO DE JANEIRO                668,00         112759,16            668,00          98311,60             0,00         14486,21
20     RIO GRANDE DO NORTE             0,00           4303,93              0,00           4331,43             0,00             0,00
21     RIO GRANDE DO SUL               0,00          68418,05              0,00          61006,52             0,00          7411,53
25     SANTA CATARINA                  0,00          42375,38              0,00          37886,37          4325,05           138,95
00     São Paulo                   30581,29    12728026525,30          29977,59     7599973494,05    4759421343,57     361632341,03

TOTAL GE                           33927,04    12729476301,15          30898,66     7601163798,97    4759600771,33     361714620,82






































--------------------------------------------------------------------------------------DATASUL - OBRIGACÕES FISCAIS - OF/0605 - V:0
FIRMA: Estabelecimento TOTVS - Ñ ALTERAR CONTAS  INSCR. EST.: 255721161               CGC(MF): 53.113.791/0017-90  Folha:          2

PERIODO: 01/05/11 A 30/08/11

                                                SAIDAS DE MERCADORIA E/OU PRESTACOES DE SERVICOS (POR PAIS)

                      *-------- VALOR CONTABIL -----------**--------- BASE DE CALCULO ---------*
PAIS                           NAO                                 NAO                                                 SUBSTITUICAO
                          CONTRIBUINTE      CONTRIBUINTE      CONTRIBUINTE       CONTRIBUINTE              OUTRAS        TRIBUTARIA

Argentina                        0,00           1805,80              0,00               0,00            1805,80               0,00
Brasil                       33927,04    12729478101,15          30898,66      7601163798,97      4759602571,33       361714620,82
ESTADOS UNIDOS                   0,00           3300,00              0,00               0,00            3300,00               0,00
TOTAL GERAL                  33927,04    12729483206,95          30898,66      7601163798,97      4759607677,13       361714620,82

















































--------------------------------------------------------------------------------------DATASUL - OBRIGACÕES FISCAIS - OF/0605 - V:0
