------------------------------------------------------------------------------------------------------------------------------------
                                                 Geração Ajustes de Apuração e Documentos de Ajuste                     Página:    1
-------------------------------------------------------------------------------------------------------------- TODAY - 00:00:00

  Estabelecimento:       1       
  Período:         05/2011 


  Ajustes de apuração gerados:  

    Dt Apur Ini Dt Apur Fim Cod Ajuste    Num Seq          Val Ajuste
    ----------- ----------- ---------- ---------- -------------------
    01/05/2011  31/05/2011  SC020008            1              154,50


--------------------------------------------------------------------------------------------------------------------------------


  Documentos de ajustes de apuração gerados:        


  Código de Ajuste: SC020008



    Dat Docto  Série Num Docto        Emitente      Num Seq Item             Cod Ajuste           Val Impto
    ---------- ----- ---------------- ---------- ---------- ---------------- ---------- -------------------
    03/05/2011 1     0008272          74237               1                  SC020008                 74,02
    03/05/2011 1     0027970          75315               2                  SC020008                 80,48


































----------------------------------------------------------------------------DATASUL - OBRIGACOES FISCAIS - OF0313PRP - V:0.00.00.000
------------------------------------------------------------------------------------------------------------------------------------
                                                 Geração Ajustes de Apuração e Documentos de Ajuste                     Página:    2
-------------------------------------------------------------------------------------------------------------- TODAY - 00:00:00



                                                               PARÂMETROS

                                 Estabelecimento: 1
                                         Período: 01/05/2011  |< >|  31/05/2011
           Código Ajuste Diferencial de Alíquota: SC000009
                  Código Ajuste Simples Nacional: SC020008
                                                               IMPRESSÃO

                                         Destino: Arquivo - c:/automacao/relatorios/CN01_OF0313P_E111_E113.lst
                                         Usuário: super















































----------------------------------------------------------------------------DATASUL - OBRIGACOES FISCAIS - OF0313PRP - V:0.00.00.000
