------------------------------------------------------------------------------------------------------------------------------------
                                                 Extrator de informações do EMS2                                        Página:    1
-------------------------------------------------------------------------------------------------------------- TODAY - 00:00:00


Documentos Fiscais



Dt Docto   Est   Ser   Doc Fisc         Cliente/Fornec Nome Abreviado Nat Oper UF
---------- ----- ----- ---------------- -------------- -------------- -------- ----
01/05/2011 d04   1     0001402                       1 SASAZAKI       515223   SP



















































----------------------------------------------------------------------------------DATASUL - Layout Fiscal - LF0202RP - V:0.00.00.000
------------------------------------------------------------------------------------------------------------------------------------
                                                 Extrator de informações do EMS2                                        Página:    2
-------------------------------------------------------------------------------------------------------------- TODAY - 00:00:00

            Seleção

            Estabelecimento:   D04          |< >|  D04
                       Data:   01/05/2011   |< >|  31/05/2011


            Parâmetros

                                            Entrada:  Sim
                                              Saída:  Sim
                                            Serviço:  Sim
                    Atualiza Documento Já Integrado:  Sim
                   Extrair Documentos de Exportação:  Não
                     Atualiza Dados CIAP no Período:  Não
            Primeira Entrega Bloco G do Sped Fiscal:  Não
                    Extrair Automaticamente Bloco P:  Não
           Considerar no Valor da Mercadoria (C170):  Não
                        Notas Fiscais de Exportação:


            Destino:  Arquivo          -   c:/Automacao/Relatorios/CN03_LF0202_Extr
            Usuário:  super


            Inventário

            Motivo                            Dt Fechamento  Preço Base ICMS  %Margem  Estab x Item
            --------------------------------  -------------  ---------------  -------  ------------
            Final do Período...........: Não
            Mudança Forma Tributação...: Não
            Solicitação Baixa Cadastral: Não
            Alteração Regime Pagamento.: Não
            Solicitação da Fiscalização: Não

            Período para Média das Entradas

            Data Transação Inicial:
              Data Transação Final:

            Inventário em Processo

            Considera Produtos em Fabricação: Não

            Arquivos de Acompanhamento

            Itens Selecionados Inventário:
                Documentos Média Entradas:












----------------------------------------------------------------------------------DATASUL - Layout Fiscal - LF0202RP - V:0.00.00.000
