------------------------------------------------------------------------------------------------------------------------------------
TOTVS S.A.                                       EFD Contribuições - Relatório Auxiliar                                 Página:    1
-------------------------------------------------------------------------------------------------------------- TODAY - 00:00:00

OPERAÇÃO SERVIÇO  

RELAÇÃO DOS DOCUMENTOS DE ENTRADA  

Estabelecimento: 1     - Estabelecimento TOTVS - Ñ ALTERAR CONTAS                    

Série Documento        Natur  Emitente     ModItem             CFOP CST      Valor Contábil    Valor Mercadoria          Base PIS  Aliq PIS         Valor PIS       Base PIS ST Aliq PIS ST      Valor PIS ST       Base COFINS    Aliq COF      Valor COFINS    Base COFINS ST Ali COF ST   Valor COFINS ST
----- ---------------- ------ ------------ ------------------- ---- --- ------------------- ------------------- ----------------- --------- ----------------- ----------------- ----------- ----------------- -----------------   --------- ----------------- ----------------- ---------- -----------------
5     7052011          1933   18           01 13f              1933 99          1.000,00000         1.000,00000              0,00   0,00000              0,00              0,00     0,00000              0,00              0,00     0,00000              0,00              0,00    0,00000              0,00
5     9152011          2933   13           01 DD               2933 99          1.000,00000         1.000,00000              0,00   0,00000              0,00              0,00     0,00000              0,00              0,00     0,00000              0,00              0,00    0,00000              0,00


                                                                        ------------------- ------------------- -----------------           ----------------- -----------------             ----------------- -----------------             ----------------- -----------------            -----------------
                                                             Subtotal:          2.000,00000         2.000,00000              0,00                        0,00              0,00                          0,00              0,00                          0,00              0,00                         0,00


                                                                        ------------------- ------------------- -----------------           ----------------- -----------------             ----------------- -----------------             ----------------- -----------------            -----------------
                                           Total Estabelecimento 1    :         2.000,00000         2.000,00000              0,00                        0,00              0,00                          0,00              0,00                          0,00              0,00                         0,00



                                                                        ------------------- ------------------- -----------------           ----------------- -----------------             ----------------- -----------------             ----------------- -----------------            -----------------

                                           Total Entrada Empresa 10   :         2.000,00000         2.000,00000              0,00                        0,00              0,00                          0,00              0,00                          0,00              0,00                         0,00



































--------------------------------------------------------------------------------------------------------------------------------------------------------------------------------------------------------
------------------------------------------------------------------------------------------------------------------------------------
TOTVS S.A.                                       EFD Contribuições - Relatório Auxiliar                                 Página:    2
-------------------------------------------------------------------------------------------------------------- TODAY - 00:00:00


PARÂMETROS


                          Seleção

            Data Docto Inicial: 01/05/2011
              Data Docto Final: 31/05/2011

                          Parâmetro

                       Empresa: 10
                 Tipo Operação: Operação Serviço
                Tipo Documento: Docto Entrada
                 Classificação: Por Documento Fiscal
 Docto Exportação pela Data de: Emissão

                          Impressão

                       Destino: Arquivo - C:/Automacao/Relatorios/CN01_LF0216_Servico_Doc_Fiscal_Entrada_Emissao.LST







































--------------------------------------------------------------------------------------------------------------------------------------------------------------------------------------------------------
